<?xml version="1.0" encoding="UTF-8"?>
<testsuite xmlns:xsi="http://www.w3.org/2001/XMLSchema-instance" xsi:noNamespaceSchemaLocation="https://maven.apache.org/surefire/maven-surefire-plugin/xsd/surefire-test-report.xsd" name="TestSuite" time="78.769" tests="7" errors="0" skipped="0" failures="1">
  <properties>
    <property name="java.specification.version" value="15"/>
    <property name="sun.jnu.encoding" value="UTF-8"/>
    <property name="java.class.path" value="/Users/arjunmac/Downloads/Cucumber-TestNg/target/test-classes:/Users/arjunmac/Downloads/Cucumber-TestNg/target/classes:/Users/arjunmac/.m2/repository/io/cucumber/cucumber-java/6.10.2/cucumber-java-6.10.2.jar:/Users/arjunmac/.m2/repository/io/cucumber/cucumber-core/6.10.2/cucumber-core-6.10.2.jar:/Users/arjunmac/.m2/repository/io/cucumber/cucumber-gherkin/6.10.2/cucumber-gherkin-6.10.2.jar:/Users/arjunmac/.m2/repository/io/cucumber/cucumber-gherkin-messages/6.10.2/cucumber-gherkin-messages-6.10.2.jar:/Users/arjunmac/.m2/repository/io/cucumber/messages/14.0.1/messages-14.0.1.jar:/Users/arjunmac/.m2/repository/io/cucumber/tag-expressions/3.0.0/tag-expressions-3.0.0.jar:/Users/arjunmac/.m2/repository/io/cucumber/cucumber-expressions/10.3.0/cucumber-expressions-10.3.0.jar:/Users/arjunmac/.m2/repository/io/cucumber/datatable/3.5.0/datatable-3.5.0.jar:/Users/arjunmac/.m2/repository/io/cucumber/cucumber-plugin/6.10.2/cucumber-plugin-6.10.2.jar:/Users/arjunmac/.m2/repository/io/cucumber/docstring/6.10.2/docstring-6.10.2.jar:/Users/arjunmac/.m2/repository/io/cucumber/html-formatter/12.0.0/html-formatter-12.0.0.jar:/Users/arjunmac/.m2/repository/io/cucumber/create-meta/3.0.0/create-meta-3.0.0.jar:/Users/arjunmac/.m2/repository/org/apiguardian/apiguardian-api/1.1.1/apiguardian-api-1.1.1.jar:/Users/arjunmac/.m2/repository/io/cucumber/cucumber-junit/6.10.2/cucumber-junit-6.10.2.jar:/Users/arjunmac/.m2/repository/junit/junit/4.13.2/junit-4.13.2.jar:/Users/arjunmac/.m2/repository/org/hamcrest/hamcrest-core/1.3/hamcrest-core-1.3.jar:/Users/arjunmac/.m2/repository/io/appium/java-client/7.5.1/java-client-7.5.1.jar:/Users/arjunmac/.m2/repository/org/seleniumhq/selenium/selenium-java/3.141.59/selenium-java-3.141.59.jar:/Users/arjunmac/.m2/repository/org/seleniumhq/selenium/selenium-chrome-driver/3.141.59/selenium-chrome-driver-3.141.59.jar:/Users/arjunmac/.m2/repository/org/seleniumhq/selenium/selenium-edge-driver/3.141.59/selenium-edge-driver-3.141.59.jar:/Users/arjunmac/.m2/repository/org/seleniumhq/selenium/selenium-firefox-driver/3.141.59/selenium-firefox-driver-3.141.59.jar:/Users/arjunmac/.m2/repository/org/seleniumhq/selenium/selenium-ie-driver/3.141.59/selenium-ie-driver-3.141.59.jar:/Users/arjunmac/.m2/repository/org/seleniumhq/selenium/selenium-opera-driver/3.141.59/selenium-opera-driver-3.141.59.jar:/Users/arjunmac/.m2/repository/org/seleniumhq/selenium/selenium-remote-driver/3.141.59/selenium-remote-driver-3.141.59.jar:/Users/arjunmac/.m2/repository/org/seleniumhq/selenium/selenium-safari-driver/3.141.59/selenium-safari-driver-3.141.59.jar:/Users/arjunmac/.m2/repository/net/bytebuddy/byte-buddy/1.8.15/byte-buddy-1.8.15.jar:/Users/arjunmac/.m2/repository/org/apache/commons/commons-exec/1.3/commons-exec-1.3.jar:/Users/arjunmac/.m2/repository/com/google/guava/guava/25.0-jre/guava-25.0-jre.jar:/Users/arjunmac/.m2/repository/com/google/code/findbugs/jsr305/1.3.9/jsr305-1.3.9.jar:/Users/arjunmac/.m2/repository/org/checkerframework/checker-compat-qual/2.0.0/checker-compat-qual-2.0.0.jar:/Users/arjunmac/.m2/repository/com/google/errorprone/error_prone_annotations/2.1.3/error_prone_annotations-2.1.3.jar:/Users/arjunmac/.m2/repository/com/google/j2objc/j2objc-annotations/1.1/j2objc-annotations-1.1.jar:/Users/arjunmac/.m2/repository/org/codehaus/mojo/animal-sniffer-annotations/1.14/animal-sniffer-annotations-1.14.jar:/Users/arjunmac/.m2/repository/com/squareup/okhttp3/okhttp/3.11.0/okhttp-3.11.0.jar:/Users/arjunmac/.m2/repository/com/squareup/okio/okio/1.14.0/okio-1.14.0.jar:/Users/arjunmac/.m2/repository/org/seleniumhq/selenium/selenium-support/3.141.59/selenium-support-3.141.59.jar:/Users/arjunmac/.m2/repository/org/seleniumhq/selenium/selenium-api/3.141.59/selenium-api-3.141.59.jar:/Users/arjunmac/.m2/repository/com/google/code/gson/gson/2.8.6/gson-2.8.6.jar:/Users/arjunmac/.m2/repository/org/apache/httpcomponents/httpclient/4.5.13/httpclient-4.5.13.jar:/Users/arjunmac/.m2/repository/org/apache/httpcomponents/httpcore/4.4.13/httpcore-4.4.13.jar:/Users/arjunmac/.m2/repository/commons-logging/commons-logging/1.2/commons-logging-1.2.jar:/Users/arjunmac/.m2/repository/cglib/cglib/3.3.0/cglib-3.3.0.jar:/Users/arjunmac/.m2/repository/org/ow2/asm/asm/7.1/asm-7.1.jar:/Users/arjunmac/.m2/repository/commons-validator/commons-validator/1.7/commons-validator-1.7.jar:/Users/arjunmac/.m2/repository/commons-beanutils/commons-beanutils/1.9.4/commons-beanutils-1.9.4.jar:/Users/arjunmac/.m2/repository/commons-digester/commons-digester/2.1/commons-digester-2.1.jar:/Users/arjunmac/.m2/repository/commons-collections/commons-collections/3.2.2/commons-collections-3.2.2.jar:/Users/arjunmac/.m2/repository/org/apache/commons/commons-lang3/3.12.0/commons-lang3-3.12.0.jar:/Users/arjunmac/.m2/repository/commons-io/commons-io/2.8.0/commons-io-2.8.0.jar:/Users/arjunmac/.m2/repository/org/springframework/spring-context/5.3.4/spring-context-5.3.4.jar:/Users/arjunmac/.m2/repository/org/springframework/spring-aop/5.3.4/spring-aop-5.3.4.jar:/Users/arjunmac/.m2/repository/org/springframework/spring-beans/5.3.4/spring-beans-5.3.4.jar:/Users/arjunmac/.m2/repository/org/springframework/spring-core/5.3.4/spring-core-5.3.4.jar:/Users/arjunmac/.m2/repository/org/springframework/spring-jcl/5.3.4/spring-jcl-5.3.4.jar:/Users/arjunmac/.m2/repository/org/springframework/spring-expression/5.3.4/spring-expression-5.3.4.jar:/Users/arjunmac/.m2/repository/org/aspectj/aspectjweaver/1.9.6/aspectjweaver-1.9.6.jar:/Users/arjunmac/.m2/repository/org/json/json/20210307/json-20210307.jar:/Users/arjunmac/.m2/repository/org/apache/logging/log4j/log4j-core/2.14.1/log4j-core-2.14.1.jar:/Users/arjunmac/.m2/repository/org/apache/logging/log4j/log4j-api/2.14.1/log4j-api-2.14.1.jar:/Users/arjunmac/.m2/repository/de/monochromata/cucumber/reporting-plugin/4.0.101/reporting-plugin-4.0.101.jar:/Users/arjunmac/.m2/repository/io/cucumber/gherkin/17.0.2/gherkin-17.0.2.jar:/Users/arjunmac/.m2/repository/net/masterthought/cucumber-reporting/5.5.2/cucumber-reporting-5.5.2.jar:/Users/arjunmac/.m2/repository/com/fasterxml/jackson/core/jackson-databind/2.12.1/jackson-databind-2.12.1.jar:/Users/arjunmac/.m2/repository/com/fasterxml/jackson/core/jackson-annotations/2.12.1/jackson-annotations-2.12.1.jar:/Users/arjunmac/.m2/repository/com/fasterxml/jackson/core/jackson-core/2.12.1/jackson-core-2.12.1.jar:/Users/arjunmac/.m2/repository/com/fasterxml/jackson/datatype/jackson-datatype-jsr310/2.12.1/jackson-datatype-jsr310-2.12.1.jar:/Users/arjunmac/.m2/repository/org/apache/velocity/velocity-engine-core/2.2/velocity-engine-core-2.2.jar:/Users/arjunmac/.m2/repository/joda-time/joda-time/2.10.9/joda-time-2.10.9.jar:/Users/arjunmac/.m2/repository/org/codehaus/plexus/plexus-utils/3.3.0/plexus-utils-3.3.0.jar:/Users/arjunmac/.m2/repository/org/jsoup/jsoup/1.13.1/jsoup-1.13.1.jar:/Users/arjunmac/.m2/repository/com/googlecode/owasp-java-html-sanitizer/owasp-java-html-sanitizer/20200713.1/owasp-java-html-sanitizer-20200713.1.jar:/Users/arjunmac/.m2/repository/commons-configuration/commons-configuration/1.10/commons-configuration-1.10.jar:/Users/arjunmac/.m2/repository/commons-lang/commons-lang/2.6/commons-lang-2.6.jar:/Users/arjunmac/.m2/repository/commons-codec/commons-codec/1.15/commons-codec-1.15.jar:/Users/arjunmac/.m2/repository/org/slf4j/slf4j-api/1.7.30/slf4j-api-1.7.30.jar:/Users/arjunmac/.m2/repository/org/slf4j/slf4j-simple/1.7.30/slf4j-simple-1.7.30.jar:/Users/arjunmac/.m2/repository/io/cucumber/cucumber-testng/6.10.2/cucumber-testng-6.10.2.jar:/Users/arjunmac/.m2/repository/org/testng/testng/7.4.0/testng-7.4.0.jar:/Users/arjunmac/.m2/repository/com/beust/jcommander/1.78/jcommander-1.78.jar:/Users/arjunmac/.m2/repository/org/webjars/jquery/3.5.1/jquery-3.5.1.jar:"/>
    <property name="java.vm.vendor" value="Oracle Corporation"/>
    <property name="sun.arch.data.model" value="64"/>
    <property name="java.vendor.url" value="https://java.oracle.com/"/>
    <property name="os.name" value="Mac OS X"/>
    <property name="java.vm.specification.version" value="15"/>
    <property name="sun.java.launcher" value="SUN_STANDARD"/>
    <property name="user.country" value="KW"/>
    <property name="sun.boot.library.path" value="/Library/Java/JavaVirtualMachines/jdk-15.0.2.jdk/Contents/Home/lib"/>
    <property name="sun.java.command" value="/Users/arjunmac/Downloads/Cucumber-TestNg/target/surefire/surefirebooter152758967484159129.jar /Users/arjunmac/Downloads/Cucumber-TestNg/target/surefire 2021-09-02T12-18-22_430-jvmRun1 surefire1623089096234119557tmp surefire_010983026159906999190tmp"/>
    <property name="http.nonProxyHosts" value="local|*.local|169.254/16|*.169.254/16"/>
    <property name="jdk.debug" value="release"/>
    <property name="surefire.test.class.path" value="/Users/arjunmac/Downloads/Cucumber-TestNg/target/test-classes:/Users/arjunmac/Downloads/Cucumber-TestNg/target/classes:/Users/arjunmac/.m2/repository/io/cucumber/cucumber-java/6.10.2/cucumber-java-6.10.2.jar:/Users/arjunmac/.m2/repository/io/cucumber/cucumber-core/6.10.2/cucumber-core-6.10.2.jar:/Users/arjunmac/.m2/repository/io/cucumber/cucumber-gherkin/6.10.2/cucumber-gherkin-6.10.2.jar:/Users/arjunmac/.m2/repository/io/cucumber/cucumber-gherkin-messages/6.10.2/cucumber-gherkin-messages-6.10.2.jar:/Users/arjunmac/.m2/repository/io/cucumber/messages/14.0.1/messages-14.0.1.jar:/Users/arjunmac/.m2/repository/io/cucumber/tag-expressions/3.0.0/tag-expressions-3.0.0.jar:/Users/arjunmac/.m2/repository/io/cucumber/cucumber-expressions/10.3.0/cucumber-expressions-10.3.0.jar:/Users/arjunmac/.m2/repository/io/cucumber/datatable/3.5.0/datatable-3.5.0.jar:/Users/arjunmac/.m2/repository/io/cucumber/cucumber-plugin/6.10.2/cucumber-plugin-6.10.2.jar:/Users/arjunmac/.m2/repository/io/cucumber/docstring/6.10.2/docstring-6.10.2.jar:/Users/arjunmac/.m2/repository/io/cucumber/html-formatter/12.0.0/html-formatter-12.0.0.jar:/Users/arjunmac/.m2/repository/io/cucumber/create-meta/3.0.0/create-meta-3.0.0.jar:/Users/arjunmac/.m2/repository/org/apiguardian/apiguardian-api/1.1.1/apiguardian-api-1.1.1.jar:/Users/arjunmac/.m2/repository/io/cucumber/cucumber-junit/6.10.2/cucumber-junit-6.10.2.jar:/Users/arjunmac/.m2/repository/junit/junit/4.13.2/junit-4.13.2.jar:/Users/arjunmac/.m2/repository/org/hamcrest/hamcrest-core/1.3/hamcrest-core-1.3.jar:/Users/arjunmac/.m2/repository/io/appium/java-client/7.5.1/java-client-7.5.1.jar:/Users/arjunmac/.m2/repository/org/seleniumhq/selenium/selenium-java/3.141.59/selenium-java-3.141.59.jar:/Users/arjunmac/.m2/repository/org/seleniumhq/selenium/selenium-chrome-driver/3.141.59/selenium-chrome-driver-3.141.59.jar:/Users/arjunmac/.m2/repository/org/seleniumhq/selenium/selenium-edge-driver/3.141.59/selenium-edge-driver-3.141.59.jar:/Users/arjunmac/.m2/repository/org/seleniumhq/selenium/selenium-firefox-driver/3.141.59/selenium-firefox-driver-3.141.59.jar:/Users/arjunmac/.m2/repository/org/seleniumhq/selenium/selenium-ie-driver/3.141.59/selenium-ie-driver-3.141.59.jar:/Users/arjunmac/.m2/repository/org/seleniumhq/selenium/selenium-opera-driver/3.141.59/selenium-opera-driver-3.141.59.jar:/Users/arjunmac/.m2/repository/org/seleniumhq/selenium/selenium-remote-driver/3.141.59/selenium-remote-driver-3.141.59.jar:/Users/arjunmac/.m2/repository/org/seleniumhq/selenium/selenium-safari-driver/3.141.59/selenium-safari-driver-3.141.59.jar:/Users/arjunmac/.m2/repository/net/bytebuddy/byte-buddy/1.8.15/byte-buddy-1.8.15.jar:/Users/arjunmac/.m2/repository/org/apache/commons/commons-exec/1.3/commons-exec-1.3.jar:/Users/arjunmac/.m2/repository/com/google/guava/guava/25.0-jre/guava-25.0-jre.jar:/Users/arjunmac/.m2/repository/com/google/code/findbugs/jsr305/1.3.9/jsr305-1.3.9.jar:/Users/arjunmac/.m2/repository/org/checkerframework/checker-compat-qual/2.0.0/checker-compat-qual-2.0.0.jar:/Users/arjunmac/.m2/repository/com/google/errorprone/error_prone_annotations/2.1.3/error_prone_annotations-2.1.3.jar:/Users/arjunmac/.m2/repository/com/google/j2objc/j2objc-annotations/1.1/j2objc-annotations-1.1.jar:/Users/arjunmac/.m2/repository/org/codehaus/mojo/animal-sniffer-annotations/1.14/animal-sniffer-annotations-1.14.jar:/Users/arjunmac/.m2/repository/com/squareup/okhttp3/okhttp/3.11.0/okhttp-3.11.0.jar:/Users/arjunmac/.m2/repository/com/squareup/okio/okio/1.14.0/okio-1.14.0.jar:/Users/arjunmac/.m2/repository/org/seleniumhq/selenium/selenium-support/3.141.59/selenium-support-3.141.59.jar:/Users/arjunmac/.m2/repository/org/seleniumhq/selenium/selenium-api/3.141.59/selenium-api-3.141.59.jar:/Users/arjunmac/.m2/repository/com/google/code/gson/gson/2.8.6/gson-2.8.6.jar:/Users/arjunmac/.m2/repository/org/apache/httpcomponents/httpclient/4.5.13/httpclient-4.5.13.jar:/Users/arjunmac/.m2/repository/org/apache/httpcomponents/httpcore/4.4.13/httpcore-4.4.13.jar:/Users/arjunmac/.m2/repository/commons-logging/commons-logging/1.2/commons-logging-1.2.jar:/Users/arjunmac/.m2/repository/cglib/cglib/3.3.0/cglib-3.3.0.jar:/Users/arjunmac/.m2/repository/org/ow2/asm/asm/7.1/asm-7.1.jar:/Users/arjunmac/.m2/repository/commons-validator/commons-validator/1.7/commons-validator-1.7.jar:/Users/arjunmac/.m2/repository/commons-beanutils/commons-beanutils/1.9.4/commons-beanutils-1.9.4.jar:/Users/arjunmac/.m2/repository/commons-digester/commons-digester/2.1/commons-digester-2.1.jar:/Users/arjunmac/.m2/repository/commons-collections/commons-collections/3.2.2/commons-collections-3.2.2.jar:/Users/arjunmac/.m2/repository/org/apache/commons/commons-lang3/3.12.0/commons-lang3-3.12.0.jar:/Users/arjunmac/.m2/repository/commons-io/commons-io/2.8.0/commons-io-2.8.0.jar:/Users/arjunmac/.m2/repository/org/springframework/spring-context/5.3.4/spring-context-5.3.4.jar:/Users/arjunmac/.m2/repository/org/springframework/spring-aop/5.3.4/spring-aop-5.3.4.jar:/Users/arjunmac/.m2/repository/org/springframework/spring-beans/5.3.4/spring-beans-5.3.4.jar:/Users/arjunmac/.m2/repository/org/springframework/spring-core/5.3.4/spring-core-5.3.4.jar:/Users/arjunmac/.m2/repository/org/springframework/spring-jcl/5.3.4/spring-jcl-5.3.4.jar:/Users/arjunmac/.m2/repository/org/springframework/spring-expression/5.3.4/spring-expression-5.3.4.jar:/Users/arjunmac/.m2/repository/org/aspectj/aspectjweaver/1.9.6/aspectjweaver-1.9.6.jar:/Users/arjunmac/.m2/repository/org/json/json/20210307/json-20210307.jar:/Users/arjunmac/.m2/repository/org/apache/logging/log4j/log4j-core/2.14.1/log4j-core-2.14.1.jar:/Users/arjunmac/.m2/repository/org/apache/logging/log4j/log4j-api/2.14.1/log4j-api-2.14.1.jar:/Users/arjunmac/.m2/repository/de/monochromata/cucumber/reporting-plugin/4.0.101/reporting-plugin-4.0.101.jar:/Users/arjunmac/.m2/repository/io/cucumber/gherkin/17.0.2/gherkin-17.0.2.jar:/Users/arjunmac/.m2/repository/net/masterthought/cucumber-reporting/5.5.2/cucumber-reporting-5.5.2.jar:/Users/arjunmac/.m2/repository/com/fasterxml/jackson/core/jackson-databind/2.12.1/jackson-databind-2.12.1.jar:/Users/arjunmac/.m2/repository/com/fasterxml/jackson/core/jackson-annotations/2.12.1/jackson-annotations-2.12.1.jar:/Users/arjunmac/.m2/repository/com/fasterxml/jackson/core/jackson-core/2.12.1/jackson-core-2.12.1.jar:/Users/arjunmac/.m2/repository/com/fasterxml/jackson/datatype/jackson-datatype-jsr310/2.12.1/jackson-datatype-jsr310-2.12.1.jar:/Users/arjunmac/.m2/repository/org/apache/velocity/velocity-engine-core/2.2/velocity-engine-core-2.2.jar:/Users/arjunmac/.m2/repository/joda-time/joda-time/2.10.9/joda-time-2.10.9.jar:/Users/arjunmac/.m2/repository/org/codehaus/plexus/plexus-utils/3.3.0/plexus-utils-3.3.0.jar:/Users/arjunmac/.m2/repository/org/jsoup/jsoup/1.13.1/jsoup-1.13.1.jar:/Users/arjunmac/.m2/repository/com/googlecode/owasp-java-html-sanitizer/owasp-java-html-sanitizer/20200713.1/owasp-java-html-sanitizer-20200713.1.jar:/Users/arjunmac/.m2/repository/commons-configuration/commons-configuration/1.10/commons-configuration-1.10.jar:/Users/arjunmac/.m2/repository/commons-lang/commons-lang/2.6/commons-lang-2.6.jar:/Users/arjunmac/.m2/repository/commons-codec/commons-codec/1.15/commons-codec-1.15.jar:/Users/arjunmac/.m2/repository/org/slf4j/slf4j-api/1.7.30/slf4j-api-1.7.30.jar:/Users/arjunmac/.m2/repository/org/slf4j/slf4j-simple/1.7.30/slf4j-simple-1.7.30.jar:/Users/arjunmac/.m2/repository/io/cucumber/cucumber-testng/6.10.2/cucumber-testng-6.10.2.jar:/Users/arjunmac/.m2/repository/org/testng/testng/7.4.0/testng-7.4.0.jar:/Users/arjunmac/.m2/repository/com/beust/jcommander/1.78/jcommander-1.78.jar:/Users/arjunmac/.m2/repository/org/webjars/jquery/3.5.1/jquery-3.5.1.jar:"/>
    <property name="sun.cpu.endian" value="little"/>
    <property name="user.home" value="/Users/arjunmac"/>
    <property name="user.language" value="en"/>
    <property name="java.specification.vendor" value="Oracle Corporation"/>
    <property name="java.version.date" value="2021-01-19"/>
    <property name="java.home" value="/Library/Java/JavaVirtualMachines/jdk-15.0.2.jdk/Contents/Home"/>
    <property name="file.separator" value="/"/>
    <property name="basedir" value="/Users/arjunmac/Downloads/Cucumber-TestNg"/>
    <property name="java.vm.compressedOopsMode" value="Zero based"/>
    <property name="line.separator" value="&#10;"/>
    <property name="java.specification.name" value="Java Platform API Specification"/>
    <property name="java.vm.specification.vendor" value="Oracle Corporation"/>
    <property name="suitefire.suiteXmlFile" value="testNg.xml"/>
    <property name="surefire.real.class.path" value="/Users/arjunmac/Downloads/Cucumber-TestNg/target/surefire/surefirebooter152758967484159129.jar"/>
    <property name="sun.management.compiler" value="HotSpot 64-Bit Tiered Compilers"/>
    <property name="ftp.nonProxyHosts" value="local|*.local|169.254/16|*.169.254/16"/>
    <property name="java.runtime.version" value="15.0.2+7-27"/>
    <property name="user.name" value="arjunmac"/>
    <property name="path.separator" value=":"/>
    <property name="os.version" value="10.16"/>
    <property name="java.runtime.name" value="Java(TM) SE Runtime Environment"/>
    <property name="file.encoding" value="UTF-8"/>
    <property name="java.vm.name" value="Java HotSpot(TM) 64-Bit Server VM"/>
    <property name="localRepository" value="/Users/arjunmac/.m2/repository"/>
    <property name="java.vendor.url.bug" value="https://bugreport.java.com/bugreport/"/>
    <property name="java.io.tmpdir" value="/var/folders/0m/2272719s5hj2ry3p1cjhc7k00000gn/T/"/>
    <property name="java.version" value="15.0.2"/>
    <property name="user.dir" value="/Users/arjunmac/Downloads/Cucumber-TestNg"/>
    <property name="os.arch" value="x86_64"/>
    <property name="java.vm.specification.name" value="Java Virtual Machine Specification"/>
    <property name="java.library.path" value="/Users/arjunmac/Library/Java/Extensions:/Library/Java/Extensions:/Network/Library/Java/Extensions:/System/Library/Java/Extensions:/usr/lib/java:."/>
    <property name="java.vm.info" value="mixed mode, sharing"/>
    <property name="java.vendor" value="Oracle Corporation"/>
    <property name="java.vm.version" value="15.0.2+7-27"/>
    <property name="sun.io.unicode.encoding" value="UnicodeBig"/>
    <property name="socksNonProxyHosts" value="local|*.local|169.254/16|*.169.254/16"/>
    <property name="java.class.version" value="59.0"/>
  </properties>
  <testcase name="scenario" classname="com.qa.runners.Pixel4ATestNGRunner" time="6.518"/>
  <testcase name="scenario" classname="com.qa.runners.Pixel4ATestNGRunner" time="5.846"/>
  <testcase name="scenario" classname="com.qa.runners.Pixel4ATestNGRunner" time="7.939"/>
  <testcase name="scenario" classname="com.qa.runners.Pixel4ATestNGRunner" time="7.053"/>
  <testcase name="scenario" classname="com.qa.runners.Pixel4ATestNGRunner" time="7.531"/>
  <testcase name="scenario" classname="com.qa.runners.Pixel4ATestNGRunner" time="21.942">
    <failure message="Expected condition failed: waiting for visibility of Located by By.chained({By.xpath: /hierarchy/android.widget.FrameLayout/android.widget.FrameLayout/android.view.ViewGroup/android.widget.LinearLayout/android.widget.LinearLayout/android.widget.TextView[2]}) (tried for 10 second(s) with 500 milliseconds interval)" type="org.openqa.selenium.TimeoutException">org.openqa.selenium.TimeoutException: Expected condition failed: waiting for visibility of Located by By.chained({By.xpath: /hierarchy/android.widget.FrameLayout/android.widget.FrameLayout/android.view.ViewGroup/android.widget.LinearLayout/android.widget.LinearLayout/android.widget.TextView[2]}) (tried for 10 second(s) with 500 milliseconds interval)
Caused by: org.openqa.selenium.NoSuchElementException: Can't locate an element by this strategy: By.chained({By.xpath: /hierarchy/android.widget.FrameLayout/android.widget.FrameLayout/android.view.ViewGroup/android.widget.LinearLayout/android.widget.LinearLayout/android.widget.TextView[2]})
Caused by: org.openqa.selenium.TimeoutException: Expected condition failed: waiting for io.appium.java_client.pagefactory.AppiumElementLocator$WaitingFunction@7f4596d0 (tried for 1 second(s) with 500 milliseconds interval)
Caused by: org.openqa.selenium.NoSuchElementException: 
Cannot locate an element using By.chained({By.xpath: /hierarchy/android.widget.FrameLayout/android.widget.FrameLayout/android.view.ViewGroup/android.widget.LinearLayout/android.widget.LinearLayout/android.widget.TextView[2]})
For documentation on this error, please visit: https://www.seleniumhq.org/exceptions/no_such_element.html
Build info: version: '3.141.59', revision: 'e82be7d358', time: '2018-11-14T08:17:03'
System info: host: 'Arjuns-MBP.net', ip: 'fe80:0:0:0:18e2:43a6:e1e2:6f01%en0', os.name: 'Mac OS X', os.arch: 'x86_64', os.version: '10.16', java.version: '15.0.2'
Driver info: driver.version: AndroidDriver
</failure>
    <system-out><![CDATA[
@test
Scenario Outline: Login with invalid password                               # src/test/resources/Login.feature:67
&amp#27;[35m[HTTP]&amp#27;[39m &amp#27;[37m-->&amp#27;[39m &amp#27;[37mPOST&amp#27;[39m &amp#27;[37m/wd/hub/session/17876c65-bd2d-4377-b322-9c9653165383/appium/start_recording_screen&amp#27;[39m
&amp#27;[35m[HTTP]&amp#27;[39m &amp#27;[90m{}&amp#27;[39m
[debug] &amp#27;[35m[W3C (17876c65)]&amp#27;[39m Calling AppiumDriver.startRecordingScreen() with args: [null,"17876c65-bd2d-4377-b322-9c9653165383"]
[debug] &amp#27;[35m[ADB]&amp#27;[39m Getting IDs of all 'screenrecord' processes
[debug] &amp#27;[35m[ADB]&amp#27;[39m Running '/Users/arjunmac/Library/Android/sdk/platform-tools/adb -P 5037 -s emulator-5554 shell pgrep -f \(\[\[:blank:\]\]\|\^\)screenrecord\(\[\[:blank:\]\]\|\$\)'
&amp#27;[35m[AndroidDriver]&amp#27;[39m Screen recording has not been previously started by Appium. There is nothing to stop
[debug] &amp#27;[35m[ADB]&amp#27;[39m Getting IDs of all 'screenrecord' processes
[debug] &amp#27;[35m[ADB]&amp#27;[39m Running '/Users/arjunmac/Library/Android/sdk/platform-tools/adb -P 5037 -s emulator-5554 shell pgrep -f \(\[\[:blank:\]\]\|\^\)screenrecord\(\[\[:blank:\]\]\|\$\)'
[debug] &amp#27;[35m[ADB]&amp#27;[39m Building screenrecord process with the command line: adb -P 5037 -s emulator-5554 shell screenrecord --time-limit 180 /sdcard/5fb1c9cd.mp4
[debug] &amp#27;[35m[ADB]&amp#27;[39m Running '/Users/arjunmac/Library/Android/sdk/platform-tools/adb -P 5037 -s emulator-5554 shell "[ -e '/sdcard/5fb1c9cd.mp4' ] && echo __PASS__"'
[debug] &amp#27;[35m[AndroidDriver]&amp#27;[39m The overall screen recording duration is 0s so far
[debug] &amp#27;[35m[AndroidDriver]&amp#27;[39m Starting the next 180s-chunk of screen recording in order to achieve 180s total duration
[debug] &amp#27;[35m[ADB]&amp#27;[39m Building screenrecord process with the command line: adb -P 5037 -s emulator-5554 shell screenrecord --time-limit 180 /sdcard/5721aa51.mp4
[debug] &amp#27;[35m[ADB]&amp#27;[39m Running '/Users/arjunmac/Library/Android/sdk/platform-tools/adb -P 5037 -s emulator-5554 shell "[ -e '/sdcard/5721aa51.mp4' ] && echo __PASS__"'
[debug] &amp#27;[35m[AndroidDriver]&amp#27;[39m The overall screen recording duration is 0s so far
[debug] &amp#27;[35m[AndroidDriver]&amp#27;[39m Starting the next 180s-chunk of screen recording in order to achieve 180s total duration
[debug] &amp#27;[35m[ADB]&amp#27;[39m Building screenrecord process with the command line: adb -P 5037 -s emulator-5554 shell screenrecord --time-limit 180 /sdcard/b97ba194.mp4
[debug] &amp#27;[35m[ADB]&amp#27;[39m Running '/Users/arjunmac/Library/Android/sdk/platform-tools/adb -P 5037 -s emulator-5554 shell "[ -e '/sdcard/b97ba194.mp4' ] && echo __PASS__"'
[debug] &amp#27;[35m[AndroidDriver]&amp#27;[39m The overall screen recording duration is 0s so far
[debug] &amp#27;[35m[AndroidDriver]&amp#27;[39m Starting the next 180s-chunk of screen recording in order to achieve 180s total duration
[debug] &amp#27;[35m[ADB]&amp#27;[39m Building screenrecord process with the command line: adb -P 5037 -s emulator-5554 shell screenrecord --time-limit 180 /sdcard/93554a94.mp4
[debug] &amp#27;[35m[ADB]&amp#27;[39m Running '/Users/arjunmac/Library/Android/sdk/platform-tools/adb -P 5037 -s emulator-5554 shell "[ -e '/sdcard/93554a94.mp4' ] && echo __PASS__"'
[debug] &amp#27;[35m[AndroidDriver]&amp#27;[39m The overall screen recording duration is 0s so far
[debug] &amp#27;[35m[AndroidDriver]&amp#27;[39m Starting the next 180s-chunk of screen recording in order to achieve 180s total duration
[debug] &amp#27;[35m[ADB]&amp#27;[39m Building screenrecord process with the command line: adb -P 5037 -s emulator-5554 shell screenrecord --time-limit 180 /sdcard/238ca0da.mp4
[debug] &amp#27;[35m[ADB]&amp#27;[39m Running '/Users/arjunmac/Library/Android/sdk/platform-tools/adb -P 5037 -s emulator-5554 shell "[ -e '/sdcard/238ca0da.mp4' ] && echo __PASS__"'
[debug] &amp#27;[35m[ADB]&amp#27;[39m Running '/Users/arjunmac/Library/Android/sdk/platform-tools/adb -P 5037 -s emulator-5554 shell "[ -e '/sdcard/5fb1c9cd.mp4' ] && echo __PASS__"'
[debug] &amp#27;[35m[W3C (17876c65)]&amp#27;[39m Responding to client with driver.startRecordingScreen() result: ""
&amp#27;[35m[HTTP]&amp#27;[39m &amp#27;[37m<-- POST /wd/hub/session/17876c65-bd2d-4377-b322-9c9653165383/appium/start_recording_screen &amp#27;[39m&amp#27;[32m200&amp#27;[39m &amp#27;[90m398 ms - 12&amp#27;[39m
&amp#27;[35m[HTTP]&amp#27;[39m &amp#27;[90m&amp#27;[39m
&amp#27;[35m[HTTP]&amp#27;[39m &amp#27;[37m-->&amp#27;[39m &amp#27;[37mGET&amp#27;[39m &amp#27;[37m/wd/hub/session/17876c65-bd2d-4377-b322-9c9653165383/context&amp#27;[39m
&amp#27;[35m[HTTP]&amp#27;[39m &amp#27;[90m{}&amp#27;[39m
[debug] &amp#27;[35m[W3C (17876c65)]&amp#27;[39m Calling AppiumDriver.getCurrentContext() with args: ["17876c65-bd2d-4377-b322-9c9653165383"]
[debug] &amp#27;[35m[W3C (17876c65)]&amp#27;[39m Responding to client with driver.getCurrentContext() result: "NATIVE_APP"
&amp#27;[35m[HTTP]&amp#27;[39m &amp#27;[37m<-- GET /wd/hub/session/17876c65-bd2d-4377-b322-9c9653165383/context &amp#27;[39m&amp#27;[32m200&amp#27;[39m &amp#27;[90m1 ms - 22&amp#27;[39m
&amp#27;[35m[HTTP]&amp#27;[39m &amp#27;[90m&amp#27;[39m
&amp#27;[35m[HTTP]&amp#27;[39m &amp#27;[37m-->&amp#27;[39m &amp#27;[37mPOST&amp#27;[39m &amp#27;[37m/wd/hub/session/17876c65-bd2d-4377-b322-9c9653165383/element&amp#27;[39m
&amp#27;[35m[HTTP]&amp#27;[39m &amp#27;[90m{"using":"id","value":"com.becon.ecom:id/email"}&amp#27;[39m
[debug] &amp#27;[35m[W3C (17876c65)]&amp#27;[39m Calling AppiumDriver.findElement() with args: ["id","com.becon.ecom:id/email","17876c65-bd2d-4377-b322-9c9653165383"]
[debug] &amp#27;[35m[BaseDriver]&amp#27;[39m Valid locator strategies for this request: xpath, id, class name, accessibility id, css selector, -android uiautomator
[debug] &amp#27;[35m[BaseDriver]&amp#27;[39m Waiting up to 0 ms for condition
[debug] &amp#27;[35m[WD Proxy]&amp#27;[39m Matched '/element' to command name 'findElement'
[debug] &amp#27;[35m[WD Proxy]&amp#27;[39m Proxying [POST /element] to [POST http://127.0.0.1:10000/wd/hub/session/b6b613ea-c9d6-4373-8504-6b49cca35dae/element] with body: {"strategy":"id","selector":"com.becon.ecom:id/email","context":"","multiple":false}
[debug] &amp#27;[35m[AndroidDriver]&amp#27;[39m The overall screen recording duration is 0s so far
[debug] &amp#27;[35m[AndroidDriver]&amp#27;[39m Starting the next 180s-chunk of screen recording in order to achieve 180s total duration
[debug] &amp#27;[35m[ADB]&amp#27;[39m Building screenrecord process with the command line: adb -P 5037 -s emulator-5554 shell screenrecord --time-limit 180 /sdcard/6c51f94d.mp4
[debug] &amp#27;[35m[ADB]&amp#27;[39m Running '/Users/arjunmac/Library/Android/sdk/platform-tools/adb -P 5037 -s emulator-5554 shell "[ -e '/sdcard/6c51f94d.mp4' ] && echo __PASS__"'
[debug] &amp#27;[35m[ADB]&amp#27;[39m Running '/Users/arjunmac/Library/Android/sdk/platform-tools/adb -P 5037 -s emulator-5554 shell "[ -e '/sdcard/5721aa51.mp4' ] && echo __PASS__"'
[debug] &amp#27;[35m[AndroidDriver]&amp#27;[39m The overall screen recording duration is 0s so far
[debug] &amp#27;[35m[AndroidDriver]&amp#27;[39m Starting the next 180s-chunk of screen recording in order to achieve 180s total duration
[debug] &amp#27;[35m[ADB]&amp#27;[39m Building screenrecord process with the command line: adb -P 5037 -s emulator-5554 shell screenrecord --time-limit 180 /sdcard/5f784448.mp4
[debug] &amp#27;[35m[ADB]&amp#27;[39m Running '/Users/arjunmac/Library/Android/sdk/platform-tools/adb -P 5037 -s emulator-5554 shell "[ -e '/sdcard/5f784448.mp4' ] && echo __PASS__"'
[debug] &amp#27;[35m[ADB]&amp#27;[39m Running '/Users/arjunmac/Library/Android/sdk/platform-tools/adb -P 5037 -s emulator-5554 shell "[ -e '/sdcard/b97ba194.mp4' ] && echo __PASS__"'
[debug] &amp#27;[35m[AndroidDriver]&amp#27;[39m The overall screen recording duration is 1s so far
[debug] &amp#27;[35m[AndroidDriver]&amp#27;[39m Starting the next 179s-chunk of screen recording in order to achieve 180s total duration
[debug] &amp#27;[35m[ADB]&amp#27;[39m Building screenrecord process with the command line: adb -P 5037 -s emulator-5554 shell screenrecord --time-limit 179 /sdcard/dd62e6fd.mp4
[debug] &amp#27;[35m[ADB]&amp#27;[39m Running '/Users/arjunmac/Library/Android/sdk/platform-tools/adb -P 5037 -s emulator-5554 shell "[ -e '/sdcard/dd62e6fd.mp4' ] && echo __PASS__"'
[debug] &amp#27;[35m[ADB]&amp#27;[39m Running '/Users/arjunmac/Library/Android/sdk/platform-tools/adb -P 5037 -s emulator-5554 shell "[ -e '/sdcard/93554a94.mp4' ] && echo __PASS__"'
[debug] &amp#27;[35m[WD Proxy]&amp#27;[39m Got response with status 200: {"sessionId":"b6b613ea-c9d6-4373-8504-6b49cca35dae","value":{"ELEMENT":"a01a9b05-f891-41a4-a89a-0343a50d6181","element-6066-11e4-a52e-4f735466cecf":"a01a9b05-f891-41a4-a89a-0343a50d6181"}}
[debug] &amp#27;[35m[W3C (17876c65)]&amp#27;[39m Responding to client with driver.findElement() result: {"element-6066-11e4-a52e-4f735466cecf":"a01a9b05-f891-41a4-a89a-0343a50d6181","ELEMENT":"a01a9b05-f891-41a4-a89a-0343a50d6181"}
&amp#27;[35m[HTTP]&amp#27;[39m &amp#27;[37m<-- POST /wd/hub/session/17876c65-bd2d-4377-b322-9c9653165383/element &amp#27;[39m&amp#27;[32m200&amp#27;[39m &amp#27;[90m237 ms - 137&amp#27;[39m
&amp#27;[35m[HTTP]&amp#27;[39m &amp#27;[90m&amp#27;[39m
[debug] &amp#27;[35m[AndroidDriver]&amp#27;[39m The overall screen recording duration is 1s so far
[debug] &amp#27;[35m[AndroidDriver]&amp#27;[39m Starting the next 179s-chunk of screen recording in order to achieve 180s total duration
[debug] &amp#27;[35m[ADB]&amp#27;[39m Building screenrecord process with the command line: adb -P 5037 -s emulator-5554 shell screenrecord --time-limit 179 /sdcard/b4c53133.mp4
[debug] &amp#27;[35m[ADB]&amp#27;[39m Running '/Users/arjunmac/Library/Android/sdk/platform-tools/adb -P 5037 -s emulator-5554 shell "[ -e '/sdcard/b4c53133.mp4' ] && echo __PASS__"'
&amp#27;[35m[HTTP]&amp#27;[39m &amp#27;[37m-->&amp#27;[39m &amp#27;[37mGET&amp#27;[39m &amp#27;[37m/wd/hub/session/17876c65-bd2d-4377-b322-9c9653165383/element/a01a9b05-f891-41a4-a89a-0343a50d6181/displayed&amp#27;[39m
&amp#27;[35m[HTTP]&amp#27;[39m &amp#27;[90m{}&amp#27;[39m
[debug] &amp#27;[35m[W3C (17876c65)]&amp#27;[39m Calling AppiumDriver.elementDisplayed() with args: ["a01a9b05-f891-41a4-a89a-0343a50d6181","17876c65-bd2d-4377-b322-9c9653165383"]
[debug] &amp#27;[35m[WD Proxy]&amp#27;[39m Matched '/element/a01a9b05-f891-41a4-a89a-0343a50d6181/attribute/displayed' to command name 'getAttribute'
[debug] &amp#27;[35m[WD Proxy]&amp#27;[39m Proxying [GET /element/a01a9b05-f891-41a4-a89a-0343a50d6181/attribute/displayed] to [GET http://127.0.0.1:10000/wd/hub/session/b6b613ea-c9d6-4373-8504-6b49cca35dae/element/a01a9b05-f891-41a4-a89a-0343a50d6181/attribute/displayed] with no body
[debug] &amp#27;[35m[WD Proxy]&amp#27;[39m Got response with status 200: {"sessionId":"b6b613ea-c9d6-4373-8504-6b49cca35dae","value":"true"}
[debug] &amp#27;[35m[W3C (17876c65)]&amp#27;[39m Responding to client with driver.elementDisplayed() result: true
&amp#27;[35m[HTTP]&amp#27;[39m &amp#27;[37m<-- GET /wd/hub/session/17876c65-bd2d-4377-b322-9c9653165383/element/a01a9b05-f891-41a4-a89a-0343a50d6181/displayed &amp#27;[39m&amp#27;[32m200&amp#27;[39m &amp#27;[90m13 ms - 14&amp#27;[39m
&amp#27;[35m[HTTP]&amp#27;[39m &amp#27;[90m&amp#27;[39m
&amp#27;[35m[HTTP]&amp#27;[39m &amp#27;[37m-->&amp#27;[39m &amp#27;[37mGET&amp#27;[39m &amp#27;[37m/wd/hub/session/17876c65-bd2d-4377-b322-9c9653165383/context&amp#27;[39m
&amp#27;[35m[HTTP]&amp#27;[39m &amp#27;[90m{}&amp#27;[39m
[debug] &amp#27;[35m[W3C (17876c65)]&amp#27;[39m Calling AppiumDriver.getCurrentContext() with args: ["17876c65-bd2d-4377-b322-9c9653165383"]
[debug] &amp#27;[35m[W3C (17876c65)]&amp#27;[39m Responding to client with driver.getCurrentContext() result: "NATIVE_APP"
&amp#27;[35m[HTTP]&amp#27;[39m &amp#27;[37m<-- GET /wd/hub/session/17876c65-bd2d-4377-b322-9c9653165383/context &amp#27;[39m&amp#27;[32m200&amp#27;[39m &amp#27;[90m1 ms - 22&amp#27;[39m
&amp#27;[35m[HTTP]&amp#27;[39m &amp#27;[90m&amp#27;[39m
&amp#27;[35m[HTTP]&amp#27;[39m &amp#27;[37m-->&amp#27;[39m &amp#27;[37mPOST&amp#27;[39m &amp#27;[37m/wd/hub/session/17876c65-bd2d-4377-b322-9c9653165383/element&amp#27;[39m
&amp#27;[35m[HTTP]&amp#27;[39m &amp#27;[90m{"using":"id","value":"com.becon.ecom:id/email"}&amp#27;[39m
[debug] &amp#27;[35m[W3C (17876c65)]&amp#27;[39m Calling AppiumDriver.findElement() with args: ["id","com.becon.ecom:id/email","17876c65-bd2d-4377-b322-9c9653165383"]
[debug] &amp#27;[35m[BaseDriver]&amp#27;[39m Valid locator strategies for this request: xpath, id, class name, accessibility id, css selector, -android uiautomator
[debug] &amp#27;[35m[BaseDriver]&amp#27;[39m Waiting up to 0 ms for condition
[debug] &amp#27;[35m[WD Proxy]&amp#27;[39m Matched '/element' to command name 'findElement'
[debug] &amp#27;[35m[WD Proxy]&amp#27;[39m Proxying [POST /element] to [POST http://127.0.0.1:10000/wd/hub/session/b6b613ea-c9d6-4373-8504-6b49cca35dae/element] with body: {"strategy":"id","selector":"com.becon.ecom:id/email","context":"","multiple":false}
[debug] &amp#27;[35m[WD Proxy]&amp#27;[39m Got response with status 200: {"sessionId":"b6b613ea-c9d6-4373-8504-6b49cca35dae","value":{"ELEMENT":"1f51c87e-1e80-4ae4-b92f-67a3e405988f","element-6066-11e4-a52e-4f735466cecf":"1f51c87e-1e80-4ae4-b92f-67a3e405988f"}}
[debug] &amp#27;[35m[W3C (17876c65)]&amp#27;[39m Responding to client with driver.findElement() result: {"element-6066-11e4-a52e-4f735466cecf":"1f51c87e-1e80-4ae4-b92f-67a3e405988f","ELEMENT":"1f51c87e-1e80-4ae4-b92f-67a3e405988f"}
&amp#27;[35m[HTTP]&amp#27;[39m &amp#27;[37m<-- POST /wd/hub/session/17876c65-bd2d-4377-b322-9c9653165383/element &amp#27;[39m&amp#27;[32m200&amp#27;[39m &amp#27;[90m15 ms - 137&amp#27;[39m
&amp#27;[35m[HTTP]&amp#27;[39m &amp#27;[90m&amp#27;[39m
&amp#27;[35m[HTTP]&amp#27;[39m &amp#27;[37m-->&amp#27;[39m &amp#27;[37mPOST&amp#27;[39m &amp#27;[37m/wd/hub/session/17876c65-bd2d-4377-b322-9c9653165383/element/1f51c87e-1e80-4ae4-b92f-67a3e405988f/clear&amp#27;[39m
&amp#27;[35m[HTTP]&amp#27;[39m &amp#27;[90m{"id":"1f51c87e-1e80-4ae4-b92f-67a3e405988f"}&amp#27;[39m
[debug] &amp#27;[35m[W3C (17876c65)]&amp#27;[39m Calling AppiumDriver.clear() with args: ["1f51c87e-1e80-4ae4-b92f-67a3e405988f","17876c65-bd2d-4377-b322-9c9653165383"]
[debug] &amp#27;[35m[WD Proxy]&amp#27;[39m Matched '/element/1f51c87e-1e80-4ae4-b92f-67a3e405988f/clear' to command name 'clear'
[debug] &amp#27;[35m[WD Proxy]&amp#27;[39m Proxying [POST /element/1f51c87e-1e80-4ae4-b92f-67a3e405988f/clear] to [POST http://127.0.0.1:10000/wd/hub/session/b6b613ea-c9d6-4373-8504-6b49cca35dae/element/1f51c87e-1e80-4ae4-b92f-67a3e405988f/clear] with body: {"elementId":"1f51c87e-1e80-4ae4-b92f-67a3e405988f"}
[debug] &amp#27;[35m[ADB]&amp#27;[39m Running '/Users/arjunmac/Library/Android/sdk/platform-tools/adb -P 5037 -s emulator-5554 shell "[ -e '/sdcard/238ca0da.mp4' ] && echo __PASS__"'
[debug] &amp#27;[35m[WD Proxy]&amp#27;[39m Got response with status 200: {"sessionId":"b6b613ea-c9d6-4373-8504-6b49cca35dae","value":null}
[debug] &amp#27;[35m[W3C (17876c65)]&amp#27;[39m Responding to client with driver.clear() result: null
&amp#27;[35m[HTTP]&amp#27;[39m &amp#27;[37m<-- POST /wd/hub/session/17876c65-bd2d-4377-b322-9c9653165383/element/1f51c87e-1e80-4ae4-b92f-67a3e405988f/clear &amp#27;[39m&amp#27;[32m200&amp#27;[39m &amp#27;[90m22 ms - 14&amp#27;[39m
&amp#27;[35m[HTTP]&amp#27;[39m &amp#27;[90m&amp#27;[39m
&amp#27;[35m[HTTP]&amp#27;[39m &amp#27;[37m-->&amp#27;[39m &amp#27;[37mGET&amp#27;[39m &amp#27;[37m/wd/hub/session/17876c65-bd2d-4377-b322-9c9653165383/context&amp#27;[39m
&amp#27;[35m[HTTP]&amp#27;[39m &amp#27;[90m{}&amp#27;[39m
[debug] &amp#27;[35m[W3C (17876c65)]&amp#27;[39m Calling AppiumDriver.getCurrentContext() with args: ["17876c65-bd2d-4377-b322-9c9653165383"]
[debug] &amp#27;[35m[W3C (17876c65)]&amp#27;[39m Responding to client with driver.getCurrentContext() result: "NATIVE_APP"
&amp#27;[35m[HTTP]&amp#27;[39m &amp#27;[37m<-- GET /wd/hub/session/17876c65-bd2d-4377-b322-9c9653165383/context &amp#27;[39m&amp#27;[32m200&amp#27;[39m &amp#27;[90m1 ms - 22&amp#27;[39m
&amp#27;[35m[HTTP]&amp#27;[39m &amp#27;[90m&amp#27;[39m
&amp#27;[35m[HTTP]&amp#27;[39m &amp#27;[37m-->&amp#27;[39m &amp#27;[37mPOST&amp#27;[39m &amp#27;[37m/wd/hub/session/17876c65-bd2d-4377-b322-9c9653165383/element&amp#27;[39m
&amp#27;[35m[HTTP]&amp#27;[39m &amp#27;[90m{"using":"id","value":"com.becon.ecom:id/email"}&amp#27;[39m
[debug] &amp#27;[35m[W3C (17876c65)]&amp#27;[39m Calling AppiumDriver.findElement() with args: ["id","com.becon.ecom:id/email","17876c65-bd2d-4377-b322-9c9653165383"]
[debug] &amp#27;[35m[BaseDriver]&amp#27;[39m Valid locator strategies for this request: xpath, id, class name, accessibility id, css selector, -android uiautomator
[debug] &amp#27;[35m[BaseDriver]&amp#27;[39m Waiting up to 0 ms for condition
[debug] &amp#27;[35m[WD Proxy]&amp#27;[39m Matched '/element' to command name 'findElement'
[debug] &amp#27;[35m[WD Proxy]&amp#27;[39m Proxying [POST /element] to [POST http://127.0.0.1:10000/wd/hub/session/b6b613ea-c9d6-4373-8504-6b49cca35dae/element] with body: {"strategy":"id","selector":"com.becon.ecom:id/email","context":"","multiple":false}
[debug] &amp#27;[35m[AndroidDriver]&amp#27;[39m The overall screen recording duration is 1s so far
[debug] &amp#27;[35m[AndroidDriver]&amp#27;[39m Starting the next 179s-chunk of screen recording in order to achieve 180s total duration
[debug] &amp#27;[35m[ADB]&amp#27;[39m Building screenrecord process with the command line: adb -P 5037 -s emulator-5554 shell screenrecord --time-limit 179 /sdcard/4ac3fb2e.mp4
[debug] &amp#27;[35m[ADB]&amp#27;[39m Running '/Users/arjunmac/Library/Android/sdk/platform-tools/adb -P 5037 -s emulator-5554 shell "[ -e '/sdcard/4ac3fb2e.mp4' ] && echo __PASS__"'
[debug] &amp#27;[35m[ADB]&amp#27;[39m Running '/Users/arjunmac/Library/Android/sdk/platform-tools/adb -P 5037 -s emulator-5554 shell "[ -e '/sdcard/6c51f94d.mp4' ] && echo __PASS__"'
[debug] &amp#27;[35m[ADB]&amp#27;[39m Running '/Users/arjunmac/Library/Android/sdk/platform-tools/adb -P 5037 -s emulator-5554 shell "[ -e '/sdcard/5f784448.mp4' ] && echo __PASS__"'
[debug] &amp#27;[35m[AndroidDriver]&amp#27;[39m The overall screen recording duration is 1s so far
[debug] &amp#27;[35m[AndroidDriver]&amp#27;[39m Starting the next 179s-chunk of screen recording in order to achieve 180s total duration
[debug] &amp#27;[35m[ADB]&amp#27;[39m Building screenrecord process with the command line: adb -P 5037 -s emulator-5554 shell screenrecord --time-limit 179 /sdcard/0ac0e737.mp4
[debug] &amp#27;[35m[ADB]&amp#27;[39m Running '/Users/arjunmac/Library/Android/sdk/platform-tools/adb -P 5037 -s emulator-5554 shell "[ -e '/sdcard/0ac0e737.mp4' ] && echo __PASS__"'
[debug] &amp#27;[35m[ADB]&amp#27;[39m Running '/Users/arjunmac/Library/Android/sdk/platform-tools/adb -P 5037 -s emulator-5554 shell "[ -e '/sdcard/dd62e6fd.mp4' ] && echo __PASS__"'
[debug] &amp#27;[35m[AndroidDriver]&amp#27;[39m The overall screen recording duration is 1s so far
[debug] &amp#27;[35m[AndroidDriver]&amp#27;[39m Starting the next 179s-chunk of screen recording in order to achieve 180s total duration
[debug] &amp#27;[35m[ADB]&amp#27;[39m Building screenrecord process with the command line: adb -P 5037 -s emulator-5554 shell screenrecord --time-limit 179 /sdcard/3b6b8883.mp4
[debug] &amp#27;[35m[ADB]&amp#27;[39m Running '/Users/arjunmac/Library/Android/sdk/platform-tools/adb -P 5037 -s emulator-5554 shell "[ -e '/sdcard/3b6b8883.mp4' ] && echo __PASS__"'
[debug] &amp#27;[35m[AndroidDriver]&amp#27;[39m The overall screen recording duration is 1s so far
[debug] &amp#27;[35m[AndroidDriver]&amp#27;[39m Starting the next 179s-chunk of screen recording in order to achieve 180s total duration
[debug] &amp#27;[35m[ADB]&amp#27;[39m Building screenrecord process with the command line: adb -P 5037 -s emulator-5554 shell screenrecord --time-limit 179 /sdcard/5c7fb44a.mp4
[debug] &amp#27;[35m[ADB]&amp#27;[39m Running '/Users/arjunmac/Library/Android/sdk/platform-tools/adb -P 5037 -s emulator-5554 shell "[ -e '/sdcard/b4c53133.mp4' ] && echo __PASS__"'
[debug] &amp#27;[35m[ADB]&amp#27;[39m Running '/Users/arjunmac/Library/Android/sdk/platform-tools/adb -P 5037 -s emulator-5554 shell "[ -e '/sdcard/5c7fb44a.mp4' ] && echo __PASS__"'
[debug] &amp#27;[35m[AndroidDriver]&amp#27;[39m The overall screen recording duration is 1s so far
[debug] &amp#27;[35m[AndroidDriver]&amp#27;[39m Starting the next 179s-chunk of screen recording in order to achieve 180s total duration
[debug] &amp#27;[35m[ADB]&amp#27;[39m Building screenrecord process with the command line: adb -P 5037 -s emulator-5554 shell screenrecord --time-limit 179 /sdcard/b8313f33.mp4
[debug] &amp#27;[35m[ADB]&amp#27;[39m Running '/Users/arjunmac/Library/Android/sdk/platform-tools/adb -P 5037 -s emulator-5554 shell "[ -e '/sdcard/b8313f33.mp4' ] && echo __PASS__"'
[debug] &amp#27;[35m[ADB]&amp#27;[39m Running '/Users/arjunmac/Library/Android/sdk/platform-tools/adb -P 5037 -s emulator-5554 shell "[ -e '/sdcard/4ac3fb2e.mp4' ] && echo __PASS__"'
[debug] &amp#27;[35m[AndroidDriver]&amp#27;[39m The overall screen recording duration is 1s so far
[debug] &amp#27;[35m[AndroidDriver]&amp#27;[39m Starting the next 179s-chunk of screen recording in order to achieve 180s total duration
[debug] &amp#27;[35m[ADB]&amp#27;[39m Building screenrecord process with the command line: adb -P 5037 -s emulator-5554 shell screenrecord --time-limit 179 /sdcard/3fc22c6c.mp4
[debug] &amp#27;[35m[ADB]&amp#27;[39m Running '/Users/arjunmac/Library/Android/sdk/platform-tools/adb -P 5037 -s emulator-5554 shell "[ -e '/sdcard/3fc22c6c.mp4' ] && echo __PASS__"'
[debug] &amp#27;[35m[ADB]&amp#27;[39m Running '/Users/arjunmac/Library/Android/sdk/platform-tools/adb -P 5037 -s emulator-5554 shell "[ -e '/sdcard/0ac0e737.mp4' ] && echo __PASS__"'
[debug] &amp#27;[35m[AndroidDriver]&amp#27;[39m The overall screen recording duration is 1s so far
[debug] &amp#27;[35m[AndroidDriver]&amp#27;[39m Starting the next 179s-chunk of screen recording in order to achieve 180s total duration
[debug] &amp#27;[35m[ADB]&amp#27;[39m Building screenrecord process with the command line: adb -P 5037 -s emulator-5554 shell screenrecord --time-limit 179 /sdcard/d3d230c9.mp4
[debug] &amp#27;[35m[ADB]&amp#27;[39m Running '/Users/arjunmac/Library/Android/sdk/platform-tools/adb -P 5037 -s emulator-5554 shell "[ -e '/sdcard/d3d230c9.mp4' ] && echo __PASS__"'
[debug] &amp#27;[35m[ADB]&amp#27;[39m Running '/Users/arjunmac/Library/Android/sdk/platform-tools/adb -P 5037 -s emulator-5554 shell "[ -e '/sdcard/3b6b8883.mp4' ] && echo __PASS__"'
[debug] &amp#27;[35m[AndroidDriver]&amp#27;[39m The overall screen recording duration is 1s so far
[debug] &amp#27;[35m[AndroidDriver]&amp#27;[39m Starting the next 179s-chunk of screen recording in order to achieve 180s total duration
[debug] &amp#27;[35m[ADB]&amp#27;[39m Building screenrecord process with the command line: adb -P 5037 -s emulator-5554 shell screenrecord --time-limit 179 /sdcard/da4904ab.mp4
[debug] &amp#27;[35m[ADB]&amp#27;[39m Running '/Users/arjunmac/Library/Android/sdk/platform-tools/adb -P 5037 -s emulator-5554 shell "[ -e '/sdcard/da4904ab.mp4' ] && echo __PASS__"'
[debug] &amp#27;[35m[ADB]&amp#27;[39m Running '/Users/arjunmac/Library/Android/sdk/platform-tools/adb -P 5037 -s emulator-5554 shell "[ -e '/sdcard/5c7fb44a.mp4' ] && echo __PASS__"'
[debug] &amp#27;[35m[WD Proxy]&amp#27;[39m Got response with status 200: {"sessionId":"b6b613ea-c9d6-4373-8504-6b49cca35dae","value":{"ELEMENT":"bbe250d3-c86b-46d5-986a-3aad9aba5d7c","element-6066-11e4-a52e-4f735466cecf":"bbe250d3-c86b-46d5-986a-3aad9aba5d7c"}}
[debug] &amp#27;[35m[W3C (17876c65)]&amp#27;[39m Responding to client with driver.findElement() result: {"element-6066-11e4-a52e-4f735466cecf":"bbe250d3-c86b-46d5-986a-3aad9aba5d7c","ELEMENT":"bbe250d3-c86b-46d5-986a-3aad9aba5d7c"}
&amp#27;[35m[HTTP]&amp#27;[39m &amp#27;[37m<-- POST /wd/hub/session/17876c65-bd2d-4377-b322-9c9653165383/element &amp#27;[39m&amp#27;[32m200&amp#27;[39m &amp#27;[90m595 ms - 137&amp#27;[39m
&amp#27;[35m[HTTP]&amp#27;[39m &amp#27;[90m&amp#27;[39m
&amp#27;[35m[HTTP]&amp#27;[39m &amp#27;[37m-->&amp#27;[39m &amp#27;[37mGET&amp#27;[39m &amp#27;[37m/wd/hub/session/17876c65-bd2d-4377-b322-9c9653165383/element/bbe250d3-c86b-46d5-986a-3aad9aba5d7c/displayed&amp#27;[39m
&amp#27;[35m[HTTP]&amp#27;[39m &amp#27;[90m{}&amp#27;[39m
[debug] &amp#27;[35m[W3C (17876c65)]&amp#27;[39m Calling AppiumDriver.elementDisplayed() with args: ["bbe250d3-c86b-46d5-986a-3aad9aba5d7c","17876c65-bd2d-4377-b322-9c9653165383"]
[debug] &amp#27;[35m[WD Proxy]&amp#27;[39m Matched '/element/bbe250d3-c86b-46d5-986a-3aad9aba5d7c/attribute/displayed' to command name 'getAttribute'
[debug] &amp#27;[35m[WD Proxy]&amp#27;[39m Proxying [GET /element/bbe250d3-c86b-46d5-986a-3aad9aba5d7c/attribute/displayed] to [GET http://127.0.0.1:10000/wd/hub/session/b6b613ea-c9d6-4373-8504-6b49cca35dae/element/bbe250d3-c86b-46d5-986a-3aad9aba5d7c/attribute/displayed] with no body
[debug] &amp#27;[35m[WD Proxy]&amp#27;[39m Got response with status 200: {"sessionId":"b6b613ea-c9d6-4373-8504-6b49cca35dae","value":"true"}
[debug] &amp#27;[35m[W3C (17876c65)]&amp#27;[39m Responding to client with driver.elementDisplayed() result: true
&amp#27;[35m[HTTP]&amp#27;[39m &amp#27;[37m<-- GET /wd/hub/session/17876c65-bd2d-4377-b322-9c9653165383/element/bbe250d3-c86b-46d5-986a-3aad9aba5d7c/displayed &amp#27;[39m&amp#27;[32m200&amp#27;[39m &amp#27;[90m8 ms - 14&amp#27;[39m
&amp#27;[35m[HTTP]&amp#27;[39m &amp#27;[90m&amp#27;[39m
[INFO ] 2021-09-02 12:19:13.399 com.qa.pages.BaseTest:72 - login with nagarjunam@becon.co
&amp#27;[35m[HTTP]&amp#27;[39m &amp#27;[37m-->&amp#27;[39m &amp#27;[37mGET&amp#27;[39m &amp#27;[37m/wd/hub/session/17876c65-bd2d-4377-b322-9c9653165383/context&amp#27;[39m
&amp#27;[35m[HTTP]&amp#27;[39m &amp#27;[90m{}&amp#27;[39m
[debug] &amp#27;[35m[W3C (17876c65)]&amp#27;[39m Calling AppiumDriver.getCurrentContext() with args: ["17876c65-bd2d-4377-b322-9c9653165383"]
[debug] &amp#27;[35m[W3C (17876c65)]&amp#27;[39m Responding to client with driver.getCurrentContext() result: "NATIVE_APP"
&amp#27;[35m[HTTP]&amp#27;[39m &amp#27;[37m<-- GET /wd/hub/session/17876c65-bd2d-4377-b322-9c9653165383/context &amp#27;[39m&amp#27;[32m200&amp#27;[39m &amp#27;[90m1 ms - 22&amp#27;[39m
&amp#27;[35m[HTTP]&amp#27;[39m &amp#27;[90m&amp#27;[39m
[debug] &amp#27;[35m[AndroidDriver]&amp#27;[39m The overall screen recording duration is 1s so far
[debug] &amp#27;[35m[AndroidDriver]&amp#27;[39m Starting the next 179s-chunk of screen recording in order to achieve 180s total duration
[debug] &amp#27;[35m[ADB]&amp#27;[39m Building screenrecord process with the command line: adb -P 5037 -s emulator-5554 shell screenrecord --time-limit 179 /sdcard/5c0881e3.mp4
&amp#27;[35m[HTTP]&amp#27;[39m &amp#27;[37m-->&amp#27;[39m &amp#27;[37mPOST&amp#27;[39m &amp#27;[37m/wd/hub/session/17876c65-bd2d-4377-b322-9c9653165383/element&amp#27;[39m
&amp#27;[35m[HTTP]&amp#27;[39m &amp#27;[90m{"using":"id","value":"com.becon.ecom:id/email"}&amp#27;[39m
[debug] &amp#27;[35m[W3C (17876c65)]&amp#27;[39m Calling AppiumDriver.findElement() with args: ["id","com.becon.ecom:id/email","17876c65-bd2d-4377-b322-9c9653165383"]
[debug] &amp#27;[35m[BaseDriver]&amp#27;[39m Valid locator strategies for this request: xpath, id, class name, accessibility id, css selector, -android uiautomator
[debug] &amp#27;[35m[BaseDriver]&amp#27;[39m Waiting up to 0 ms for condition
[debug] &amp#27;[35m[WD Proxy]&amp#27;[39m Matched '/element' to command name 'findElement'
[debug] &amp#27;[35m[WD Proxy]&amp#27;[39m Proxying [POST /element] to [POST http://127.0.0.1:10000/wd/hub/session/b6b613ea-c9d6-4373-8504-6b49cca35dae/element] with body: {"strategy":"id","selector":"com.becon.ecom:id/email","context":"","multiple":false}
[debug] &amp#27;[35m[ADB]&amp#27;[39m Running '/Users/arjunmac/Library/Android/sdk/platform-tools/adb -P 5037 -s emulator-5554 shell "[ -e '/sdcard/5c0881e3.mp4' ] && echo __PASS__"'
[debug] &amp#27;[35m[WD Proxy]&amp#27;[39m Got response with status 200: {"sessionId":"b6b613ea-c9d6-4373-8504-6b49cca35dae","value":{"ELEMENT":"b3c7f031-552d-41dc-b76a-8c66304fa61b","element-6066-11e4-a52e-4f735466cecf":"b3c7f031-552d-41dc-b76a-8c66304fa61b"}}
[debug] &amp#27;[35m[W3C (17876c65)]&amp#27;[39m Responding to client with driver.findElement() result: {"element-6066-11e4-a52e-4f735466cecf":"b3c7f031-552d-41dc-b76a-8c66304fa61b","ELEMENT":"b3c7f031-552d-41dc-b76a-8c66304fa61b"}
&amp#27;[35m[HTTP]&amp#27;[39m &amp#27;[37m<-- POST /wd/hub/session/17876c65-bd2d-4377-b322-9c9653165383/element &amp#27;[39m&amp#27;[32m200&amp#27;[39m &amp#27;[90m18 ms - 137&amp#27;[39m
&amp#27;[35m[HTTP]&amp#27;[39m &amp#27;[90m&amp#27;[39m
[debug] &amp#27;[35m[ADB]&amp#27;[39m Running '/Users/arjunmac/Library/Android/sdk/platform-tools/adb -P 5037 -s emulator-5554 shell "[ -e '/sdcard/b8313f33.mp4' ] && echo __PASS__"'
&amp#27;[35m[HTTP]&amp#27;[39m &amp#27;[37m-->&amp#27;[39m &amp#27;[37mPOST&amp#27;[39m &amp#27;[37m/wd/hub/session/17876c65-bd2d-4377-b322-9c9653165383/element/b3c7f031-552d-41dc-b76a-8c66304fa61b/value&amp#27;[39m
&amp#27;[35m[HTTP]&amp#27;[39m &amp#27;[90m{"id":"b3c7f031-552d-41dc-b76a-8c66304fa61b","text":"nagarjunam@becon.co","value":["n","a","g","a","r","j","u","n","a","m","@","b","e","c","o","n",".","c","o"]}&amp#27;[39m
[debug] &amp#27;[35m[W3C (17876c65)]&amp#27;[39m Calling AppiumDriver.setValue() with args: [["n","a","g","a","r","j","u","n","a","m","@","b","e","c","o","n",".","c","o"],"b3c7f031-552d-41dc-b76a-8c66304fa61b","17876c65-bd2d-4377-b322-9c9653165383"]
[debug] &amp#27;[35m[WD Proxy]&amp#27;[39m Matched '/element/b3c7f031-552d-41dc-b76a-8c66304fa61b/value' to command name 'setValue'
[debug] &amp#27;[35m[Protocol Converter]&amp#27;[39m Added 'value' property ["n","a","g","a","r","j","u","n","a","m","@","b","e","c","o","n",".","c","o"] to 'setValue' request body
[debug] &amp#27;[35m[WD Proxy]&amp#27;[39m Proxying [POST /element/b3c7f031-552d-41dc-b76a-8c66304fa61b/value] to [POST http://127.0.0.1:10000/wd/hub/session/b6b613ea-c9d6-4373-8504-6b49cca35dae/element/b3c7f031-552d-41dc-b76a-8c66304fa61b/value] with body: {"elementId":"b3c7f031-552d-41dc-b76a-8c66304fa61b","text":"nagarjunam@becon.co","replace":false,"value":["n","a","g","a","r","j","u","n","a","m","@","b","e","c","o","n",".","c","o"]}
[debug] &amp#27;[35m[WD Proxy]&amp#27;[39m Got response with status 200: {"sessionId":"b6b613ea-c9d6-4373-8504-6b49cca35dae","value":null}
[debug] &amp#27;[35m[W3C (17876c65)]&amp#27;[39m Responding to client with driver.setValue() result: null
&amp#27;[35m[HTTP]&amp#27;[39m &amp#27;[37m<-- POST /wd/hub/session/17876c65-bd2d-4377-b322-9c9653165383/element/b3c7f031-552d-41dc-b76a-8c66304fa61b/value &amp#27;[39m&amp#27;[32m200&amp#27;[39m &amp#27;[90m35 ms - 14&amp#27;[39m
&amp#27;[35m[HTTP]&amp#27;[39m &amp#27;[90m&amp#27;[39m
  When I enter username as "nagarjunam@becon.co"                            # com.qa.stepdef.LoginStepDef.iEnterUsernameAs(java.lang.String)
&amp#27;[35m[HTTP]&amp#27;[39m &amp#27;[37m-->&amp#27;[39m &amp#27;[37mGET&amp#27;[39m &amp#27;[37m/wd/hub/session/17876c65-bd2d-4377-b322-9c9653165383/context&amp#27;[39m
&amp#27;[35m[HTTP]&amp#27;[39m &amp#27;[90m{}&amp#27;[39m
[debug] &amp#27;[35m[W3C (17876c65)]&amp#27;[39m Calling AppiumDriver.getCurrentContext() with args: ["17876c65-bd2d-4377-b322-9c9653165383"]
[debug] &amp#27;[35m[W3C (17876c65)]&amp#27;[39m Responding to client with driver.getCurrentContext() result: "NATIVE_APP"
&amp#27;[35m[HTTP]&amp#27;[39m &amp#27;[37m<-- GET /wd/hub/session/17876c65-bd2d-4377-b322-9c9653165383/context &amp#27;[39m&amp#27;[32m200&amp#27;[39m &amp#27;[90m1 ms - 22&amp#27;[39m
&amp#27;[35m[HTTP]&amp#27;[39m &amp#27;[90m&amp#27;[39m
&amp#27;[35m[HTTP]&amp#27;[39m &amp#27;[37m-->&amp#27;[39m &amp#27;[37mPOST&amp#27;[39m &amp#27;[37m/wd/hub/session/17876c65-bd2d-4377-b322-9c9653165383/element&amp#27;[39m
&amp#27;[35m[HTTP]&amp#27;[39m &amp#27;[90m{"using":"id","value":"com.becon.ecom:id/password"}&amp#27;[39m
[debug] &amp#27;[35m[W3C (17876c65)]&amp#27;[39m Calling AppiumDriver.findElement() with args: ["id","com.becon.ecom:id/password","17876c65-bd2d-4377-b322-9c9653165383"]
[debug] &amp#27;[35m[BaseDriver]&amp#27;[39m Valid locator strategies for this request: xpath, id, class name, accessibility id, css selector, -android uiautomator
[debug] &amp#27;[35m[BaseDriver]&amp#27;[39m Waiting up to 0 ms for condition
[debug] &amp#27;[35m[WD Proxy]&amp#27;[39m Matched '/element' to command name 'findElement'
[debug] &amp#27;[35m[WD Proxy]&amp#27;[39m Proxying [POST /element] to [POST http://127.0.0.1:10000/wd/hub/session/b6b613ea-c9d6-4373-8504-6b49cca35dae/element] with body: {"strategy":"id","selector":"com.becon.ecom:id/password","context":"","multiple":false}
[debug] &amp#27;[35m[ADB]&amp#27;[39m Running '/Users/arjunmac/Library/Android/sdk/platform-tools/adb -P 5037 -s emulator-5554 shell "[ -e '/sdcard/3fc22c6c.mp4' ] && echo __PASS__"'
[debug] &amp#27;[35m[AndroidDriver]&amp#27;[39m The overall screen recording duration is 1s so far
[debug] &amp#27;[35m[AndroidDriver]&amp#27;[39m Starting the next 179s-chunk of screen recording in order to achieve 180s total duration
[debug] &amp#27;[35m[ADB]&amp#27;[39m Building screenrecord process with the command line: adb -P 5037 -s emulator-5554 shell screenrecord --time-limit 179 /sdcard/0c721aad.mp4
[debug] &amp#27;[35m[ADB]&amp#27;[39m Running '/Users/arjunmac/Library/Android/sdk/platform-tools/adb -P 5037 -s emulator-5554 shell "[ -e '/sdcard/0c721aad.mp4' ] && echo __PASS__"'
[debug] &amp#27;[35m[ADB]&amp#27;[39m Running '/Users/arjunmac/Library/Android/sdk/platform-tools/adb -P 5037 -s emulator-5554 shell "[ -e '/sdcard/d3d230c9.mp4' ] && echo __PASS__"'
[debug] &amp#27;[35m[AndroidDriver]&amp#27;[39m The overall screen recording duration is 1s so far
[debug] &amp#27;[35m[AndroidDriver]&amp#27;[39m Starting the next 179s-chunk of screen recording in order to achieve 180s total duration
[debug] &amp#27;[35m[ADB]&amp#27;[39m Building screenrecord process with the command line: adb -P 5037 -s emulator-5554 shell screenrecord --time-limit 179 /sdcard/46941aa0.mp4
[debug] &amp#27;[35m[ADB]&amp#27;[39m Running '/Users/arjunmac/Library/Android/sdk/platform-tools/adb -P 5037 -s emulator-5554 shell "[ -e '/sdcard/46941aa0.mp4' ] && echo __PASS__"'
[debug] &amp#27;[35m[ADB]&amp#27;[39m Running '/Users/arjunmac/Library/Android/sdk/platform-tools/adb -P 5037 -s emulator-5554 shell "[ -e '/sdcard/da4904ab.mp4' ] && echo __PASS__"'
[debug] &amp#27;[35m[AndroidDriver]&amp#27;[39m The overall screen recording duration is 2s so far
[debug] &amp#27;[35m[AndroidDriver]&amp#27;[39m Starting the next 178s-chunk of screen recording in order to achieve 180s total duration
[debug] &amp#27;[35m[ADB]&amp#27;[39m Building screenrecord process with the command line: adb -P 5037 -s emulator-5554 shell screenrecord --time-limit 178 /sdcard/c035a7da.mp4
[debug] &amp#27;[35m[ADB]&amp#27;[39m Running '/Users/arjunmac/Library/Android/sdk/platform-tools/adb -P 5037 -s emulator-5554 shell "[ -e '/sdcard/c035a7da.mp4' ] && echo __PASS__"'
[debug] &amp#27;[35m[ADB]&amp#27;[39m Running '/Users/arjunmac/Library/Android/sdk/platform-tools/adb -P 5037 -s emulator-5554 shell "[ -e '/sdcard/5c0881e3.mp4' ] && echo __PASS__"'
[debug] &amp#27;[35m[AndroidDriver]&amp#27;[39m The overall screen recording duration is 2s so far
[debug] &amp#27;[35m[AndroidDriver]&amp#27;[39m Starting the next 178s-chunk of screen recording in order to achieve 180s total duration
[debug] &amp#27;[35m[ADB]&amp#27;[39m Building screenrecord process with the command line: adb -P 5037 -s emulator-5554 shell screenrecord --time-limit 178 /sdcard/59e53790.mp4
[debug] &amp#27;[35m[ADB]&amp#27;[39m Running '/Users/arjunmac/Library/Android/sdk/platform-tools/adb -P 5037 -s emulator-5554 shell "[ -e '/sdcard/59e53790.mp4' ] && echo __PASS__"'
[debug] &amp#27;[35m[AndroidDriver]&amp#27;[39m The overall screen recording duration is 2s so far
[debug] &amp#27;[35m[AndroidDriver]&amp#27;[39m Starting the next 178s-chunk of screen recording in order to achieve 180s total duration
[debug] &amp#27;[35m[ADB]&amp#27;[39m Building screenrecord process with the command line: adb -P 5037 -s emulator-5554 shell screenrecord --time-limit 178 /sdcard/d47168ec.mp4
[debug] &amp#27;[35m[ADB]&amp#27;[39m Running '/Users/arjunmac/Library/Android/sdk/platform-tools/adb -P 5037 -s emulator-5554 shell "[ -e '/sdcard/d47168ec.mp4' ] && echo __PASS__"'
[debug] &amp#27;[35m[ADB]&amp#27;[39m Running '/Users/arjunmac/Library/Android/sdk/platform-tools/adb -P 5037 -s emulator-5554 shell "[ -e '/sdcard/0c721aad.mp4' ] && echo __PASS__"'
[debug] &amp#27;[35m[AndroidDriver]&amp#27;[39m The overall screen recording duration is 2s so far
[debug] &amp#27;[35m[AndroidDriver]&amp#27;[39m Starting the next 178s-chunk of screen recording in order to achieve 180s total duration
[debug] &amp#27;[35m[ADB]&amp#27;[39m Building screenrecord process with the command line: adb -P 5037 -s emulator-5554 shell screenrecord --time-limit 178 /sdcard/bf81a426.mp4
[debug] &amp#27;[35m[ADB]&amp#27;[39m Running '/Users/arjunmac/Library/Android/sdk/platform-tools/adb -P 5037 -s emulator-5554 shell "[ -e '/sdcard/bf81a426.mp4' ] && echo __PASS__"'
[debug] &amp#27;[35m[ADB]&amp#27;[39m Running '/Users/arjunmac/Library/Android/sdk/platform-tools/adb -P 5037 -s emulator-5554 shell "[ -e '/sdcard/46941aa0.mp4' ] && echo __PASS__"'
[debug] &amp#27;[35m[AndroidDriver]&amp#27;[39m The overall screen recording duration is 2s so far
[debug] &amp#27;[35m[AndroidDriver]&amp#27;[39m Starting the next 178s-chunk of screen recording in order to achieve 180s total duration
[debug] &amp#27;[35m[ADB]&amp#27;[39m Building screenrecord process with the command line: adb -P 5037 -s emulator-5554 shell screenrecord --time-limit 178 /sdcard/97bc2f05.mp4
[debug] &amp#27;[35m[ADB]&amp#27;[39m Running '/Users/arjunmac/Library/Android/sdk/platform-tools/adb -P 5037 -s emulator-5554 shell "[ -e '/sdcard/97bc2f05.mp4' ] && echo __PASS__"'
[debug] &amp#27;[35m[WD Proxy]&amp#27;[39m Got response with status 200: {"sessionId":"b6b613ea-c9d6-4373-8504-6b49cca35dae","value":{"ELEMENT":"cf6deefc-592f-4abc-aafa-90cbd5e4ec03","element-6066-11e4-a52e-4f735466cecf":"cf6deefc-592f-4abc-aafa-90cbd5e4ec03"}}
[debug] &amp#27;[35m[W3C (17876c65)]&amp#27;[39m Responding to client with driver.findElement() result: {"element-6066-11e4-a52e-4f735466cecf":"cf6deefc-592f-4abc-aafa-90cbd5e4ec03","ELEMENT":"cf6deefc-592f-4abc-aafa-90cbd5e4ec03"}
&amp#27;[35m[HTTP]&amp#27;[39m &amp#27;[37m<-- POST /wd/hub/session/17876c65-bd2d-4377-b322-9c9653165383/element &amp#27;[39m&amp#27;[32m200&amp#27;[39m &amp#27;[90m503 ms - 137&amp#27;[39m
&amp#27;[35m[HTTP]&amp#27;[39m &amp#27;[90m&amp#27;[39m
&amp#27;[35m[HTTP]&amp#27;[39m &amp#27;[37m-->&amp#27;[39m &amp#27;[37mGET&amp#27;[39m &amp#27;[37m/wd/hub/session/17876c65-bd2d-4377-b322-9c9653165383/element/cf6deefc-592f-4abc-aafa-90cbd5e4ec03/displayed&amp#27;[39m
&amp#27;[35m[HTTP]&amp#27;[39m &amp#27;[90m{}&amp#27;[39m
[debug] &amp#27;[35m[W3C (17876c65)]&amp#27;[39m Calling AppiumDriver.elementDisplayed() with args: ["cf6deefc-592f-4abc-aafa-90cbd5e4ec03","17876c65-bd2d-4377-b322-9c9653165383"]
[debug] &amp#27;[35m[WD Proxy]&amp#27;[39m Matched '/element/cf6deefc-592f-4abc-aafa-90cbd5e4ec03/attribute/displayed' to command name 'getAttribute'
[debug] &amp#27;[35m[WD Proxy]&amp#27;[39m Proxying [GET /element/cf6deefc-592f-4abc-aafa-90cbd5e4ec03/attribute/displayed] to [GET http://127.0.0.1:10000/wd/hub/session/b6b613ea-c9d6-4373-8504-6b49cca35dae/element/cf6deefc-592f-4abc-aafa-90cbd5e4ec03/attribute/displayed] with no body
[debug] &amp#27;[35m[ADB]&amp#27;[39m Running '/Users/arjunmac/Library/Android/sdk/platform-tools/adb -P 5037 -s emulator-5554 shell "[ -e '/sdcard/c035a7da.mp4' ] && echo __PASS__"'
[debug] &amp#27;[35m[WD Proxy]&amp#27;[39m Got response with status 200: {"sessionId":"b6b613ea-c9d6-4373-8504-6b49cca35dae","value":"true"}
[debug] &amp#27;[35m[W3C (17876c65)]&amp#27;[39m Responding to client with driver.elementDisplayed() result: true
&amp#27;[35m[HTTP]&amp#27;[39m &amp#27;[37m<-- GET /wd/hub/session/17876c65-bd2d-4377-b322-9c9653165383/element/cf6deefc-592f-4abc-aafa-90cbd5e4ec03/displayed &amp#27;[39m&amp#27;[32m200&amp#27;[39m &amp#27;[90m10 ms - 14&amp#27;[39m
&amp#27;[35m[HTTP]&amp#27;[39m &amp#27;[90m&amp#27;[39m
&amp#27;[35m[HTTP]&amp#27;[39m &amp#27;[37m-->&amp#27;[39m &amp#27;[37mGET&amp#27;[39m &amp#27;[37m/wd/hub/session/17876c65-bd2d-4377-b322-9c9653165383/context&amp#27;[39m
&amp#27;[35m[HTTP]&amp#27;[39m &amp#27;[90m{}&amp#27;[39m
[debug] &amp#27;[35m[W3C (17876c65)]&amp#27;[39m Calling AppiumDriver.getCurrentContext() with args: ["17876c65-bd2d-4377-b322-9c9653165383"]
[debug] &amp#27;[35m[W3C (17876c65)]&amp#27;[39m Responding to client with driver.getCurrentContext() result: "NATIVE_APP"
&amp#27;[35m[HTTP]&amp#27;[39m &amp#27;[37m<-- GET /wd/hub/session/17876c65-bd2d-4377-b322-9c9653165383/context &amp#27;[39m&amp#27;[32m200&amp#27;[39m &amp#27;[90m1 ms - 22&amp#27;[39m
&amp#27;[35m[HTTP]&amp#27;[39m &amp#27;[90m&amp#27;[39m
&amp#27;[35m[HTTP]&amp#27;[39m &amp#27;[37m-->&amp#27;[39m &amp#27;[37mPOST&amp#27;[39m &amp#27;[37m/wd/hub/session/17876c65-bd2d-4377-b322-9c9653165383/element&amp#27;[39m
&amp#27;[35m[HTTP]&amp#27;[39m &amp#27;[90m{"using":"id","value":"com.becon.ecom:id/password"}&amp#27;[39m
[debug] &amp#27;[35m[W3C (17876c65)]&amp#27;[39m Calling AppiumDriver.findElement() with args: ["id","com.becon.ecom:id/password","17876c65-bd2d-4377-b322-9c9653165383"]
[debug] &amp#27;[35m[BaseDriver]&amp#27;[39m Valid locator strategies for this request: xpath, id, class name, accessibility id, css selector, -android uiautomator
[debug] &amp#27;[35m[BaseDriver]&amp#27;[39m Waiting up to 0 ms for condition
[debug] &amp#27;[35m[WD Proxy]&amp#27;[39m Matched '/element' to command name 'findElement'
[debug] &amp#27;[35m[WD Proxy]&amp#27;[39m Proxying [POST /element] to [POST http://127.0.0.1:10000/wd/hub/session/b6b613ea-c9d6-4373-8504-6b49cca35dae/element] with body: {"strategy":"id","selector":"com.becon.ecom:id/password","context":"","multiple":false}
[debug] &amp#27;[35m[WD Proxy]&amp#27;[39m Got response with status 200: {"sessionId":"b6b613ea-c9d6-4373-8504-6b49cca35dae","value":{"ELEMENT":"3c3d7049-4028-44ff-aedd-acde14a50d2c","element-6066-11e4-a52e-4f735466cecf":"3c3d7049-4028-44ff-aedd-acde14a50d2c"}}
[debug] &amp#27;[35m[W3C (17876c65)]&amp#27;[39m Responding to client with driver.findElement() result: {"element-6066-11e4-a52e-4f735466cecf":"3c3d7049-4028-44ff-aedd-acde14a50d2c","ELEMENT":"3c3d7049-4028-44ff-aedd-acde14a50d2c"}
&amp#27;[35m[HTTP]&amp#27;[39m &amp#27;[37m<-- POST /wd/hub/session/17876c65-bd2d-4377-b322-9c9653165383/element &amp#27;[39m&amp#27;[32m200&amp#27;[39m &amp#27;[90m15 ms - 137&amp#27;[39m
&amp#27;[35m[HTTP]&amp#27;[39m &amp#27;[90m&amp#27;[39m
&amp#27;[35m[HTTP]&amp#27;[39m &amp#27;[37m-->&amp#27;[39m &amp#27;[37mPOST&amp#27;[39m &amp#27;[37m/wd/hub/session/17876c65-bd2d-4377-b322-9c9653165383/element/3c3d7049-4028-44ff-aedd-acde14a50d2c/clear&amp#27;[39m
&amp#27;[35m[HTTP]&amp#27;[39m &amp#27;[90m{"id":"3c3d7049-4028-44ff-aedd-acde14a50d2c"}&amp#27;[39m
[debug] &amp#27;[35m[W3C (17876c65)]&amp#27;[39m Calling AppiumDriver.clear() with args: ["3c3d7049-4028-44ff-aedd-acde14a50d2c","17876c65-bd2d-4377-b322-9c9653165383"]
[debug] &amp#27;[35m[WD Proxy]&amp#27;[39m Matched '/element/3c3d7049-4028-44ff-aedd-acde14a50d2c/clear' to command name 'clear'
[debug] &amp#27;[35m[WD Proxy]&amp#27;[39m Proxying [POST /element/3c3d7049-4028-44ff-aedd-acde14a50d2c/clear] to [POST http://127.0.0.1:10000/wd/hub/session/b6b613ea-c9d6-4373-8504-6b49cca35dae/element/3c3d7049-4028-44ff-aedd-acde14a50d2c/clear] with body: {"elementId":"3c3d7049-4028-44ff-aedd-acde14a50d2c"}
[debug] &amp#27;[35m[AndroidDriver]&amp#27;[39m The overall screen recording duration is 2s so far
[debug] &amp#27;[35m[AndroidDriver]&amp#27;[39m Starting the next 178s-chunk of screen recording in order to achieve 180s total duration
[debug] &amp#27;[35m[ADB]&amp#27;[39m Building screenrecord process with the command line: adb -P 5037 -s emulator-5554 shell screenrecord --time-limit 178 /sdcard/520370d7.mp4
[debug] &amp#27;[35m[ADB]&amp#27;[39m Running '/Users/arjunmac/Library/Android/sdk/platform-tools/adb -P 5037 -s emulator-5554 shell "[ -e '/sdcard/520370d7.mp4' ] && echo __PASS__"'
[debug] &amp#27;[35m[WD Proxy]&amp#27;[39m Got response with status 200: {"sessionId":"b6b613ea-c9d6-4373-8504-6b49cca35dae","value":null}
[debug] &amp#27;[35m[W3C (17876c65)]&amp#27;[39m Responding to client with driver.clear() result: null
&amp#27;[35m[HTTP]&amp#27;[39m &amp#27;[37m<-- POST /wd/hub/session/17876c65-bd2d-4377-b322-9c9653165383/element/3c3d7049-4028-44ff-aedd-acde14a50d2c/clear &amp#27;[39m&amp#27;[32m200&amp#27;[39m &amp#27;[90m18 ms - 14&amp#27;[39m
&amp#27;[35m[HTTP]&amp#27;[39m &amp#27;[90m&amp#27;[39m
&amp#27;[35m[HTTP]&amp#27;[39m &amp#27;[37m-->&amp#27;[39m &amp#27;[37mGET&amp#27;[39m &amp#27;[37m/wd/hub/session/17876c65-bd2d-4377-b322-9c9653165383/context&amp#27;[39m
&amp#27;[35m[HTTP]&amp#27;[39m &amp#27;[90m{}&amp#27;[39m
[debug] &amp#27;[35m[W3C (17876c65)]&amp#27;[39m Calling AppiumDriver.getCurrentContext() with args: ["17876c65-bd2d-4377-b322-9c9653165383"]
[debug] &amp#27;[35m[W3C (17876c65)]&amp#27;[39m Responding to client with driver.getCurrentContext() result: "NATIVE_APP"
&amp#27;[35m[HTTP]&amp#27;[39m &amp#27;[37m<-- GET /wd/hub/session/17876c65-bd2d-4377-b322-9c9653165383/context &amp#27;[39m&amp#27;[32m200&amp#27;[39m &amp#27;[90m1 ms - 22&amp#27;[39m
&amp#27;[35m[HTTP]&amp#27;[39m &amp#27;[90m&amp#27;[39m
&amp#27;[35m[HTTP]&amp#27;[39m &amp#27;[37m-->&amp#27;[39m &amp#27;[37mPOST&amp#27;[39m &amp#27;[37m/wd/hub/session/17876c65-bd2d-4377-b322-9c9653165383/element&amp#27;[39m
&amp#27;[35m[HTTP]&amp#27;[39m &amp#27;[90m{"using":"id","value":"com.becon.ecom:id/password"}&amp#27;[39m
[debug] &amp#27;[35m[W3C (17876c65)]&amp#27;[39m Calling AppiumDriver.findElement() with args: ["id","com.becon.ecom:id/password","17876c65-bd2d-4377-b322-9c9653165383"]
[debug] &amp#27;[35m[BaseDriver]&amp#27;[39m Valid locator strategies for this request: xpath, id, class name, accessibility id, css selector, -android uiautomator
[debug] &amp#27;[35m[BaseDriver]&amp#27;[39m Waiting up to 0 ms for condition
[debug] &amp#27;[35m[WD Proxy]&amp#27;[39m Matched '/element' to command name 'findElement'
[debug] &amp#27;[35m[WD Proxy]&amp#27;[39m Proxying [POST /element] to [POST http://127.0.0.1:10000/wd/hub/session/b6b613ea-c9d6-4373-8504-6b49cca35dae/element] with body: {"strategy":"id","selector":"com.becon.ecom:id/password","context":"","multiple":false}
[debug] &amp#27;[35m[WD Proxy]&amp#27;[39m Got response with status 200: {"sessionId":"b6b613ea-c9d6-4373-8504-6b49cca35dae","value":{"ELEMENT":"eaf21953-ee67-42c9-8530-8d4c1d024b6c","element-6066-11e4-a52e-4f735466cecf":"eaf21953-ee67-42c9-8530-8d4c1d024b6c"}}
[debug] &amp#27;[35m[W3C (17876c65)]&amp#27;[39m Responding to client with driver.findElement() result: {"element-6066-11e4-a52e-4f735466cecf":"eaf21953-ee67-42c9-8530-8d4c1d024b6c","ELEMENT":"eaf21953-ee67-42c9-8530-8d4c1d024b6c"}
&amp#27;[35m[HTTP]&amp#27;[39m &amp#27;[37m<-- POST /wd/hub/session/17876c65-bd2d-4377-b322-9c9653165383/element &amp#27;[39m&amp#27;[32m200&amp#27;[39m &amp#27;[90m19 ms - 137&amp#27;[39m
&amp#27;[35m[HTTP]&amp#27;[39m &amp#27;[90m&amp#27;[39m
&amp#27;[35m[HTTP]&amp#27;[39m &amp#27;[37m-->&amp#27;[39m &amp#27;[37mGET&amp#27;[39m &amp#27;[37m/wd/hub/session/17876c65-bd2d-4377-b322-9c9653165383/element/eaf21953-ee67-42c9-8530-8d4c1d024b6c/displayed&amp#27;[39m
&amp#27;[35m[HTTP]&amp#27;[39m &amp#27;[90m{}&amp#27;[39m
[debug] &amp#27;[35m[W3C (17876c65)]&amp#27;[39m Calling AppiumDriver.elementDisplayed() with args: ["eaf21953-ee67-42c9-8530-8d4c1d024b6c","17876c65-bd2d-4377-b322-9c9653165383"]
[debug] &amp#27;[35m[WD Proxy]&amp#27;[39m Matched '/element/eaf21953-ee67-42c9-8530-8d4c1d024b6c/attribute/displayed' to command name 'getAttribute'
[debug] &amp#27;[35m[WD Proxy]&amp#27;[39m Proxying [GET /element/eaf21953-ee67-42c9-8530-8d4c1d024b6c/attribute/displayed] to [GET http://127.0.0.1:10000/wd/hub/session/b6b613ea-c9d6-4373-8504-6b49cca35dae/element/eaf21953-ee67-42c9-8530-8d4c1d024b6c/attribute/displayed] with no body
[debug] &amp#27;[35m[ADB]&amp#27;[39m Running '/Users/arjunmac/Library/Android/sdk/platform-tools/adb -P 5037 -s emulator-5554 shell "[ -e '/sdcard/59e53790.mp4' ] && echo __PASS__"'
[debug] &amp#27;[35m[AndroidDriver]&amp#27;[39m The overall screen recording duration is 2s so far
[debug] &amp#27;[35m[AndroidDriver]&amp#27;[39m Starting the next 178s-chunk of screen recording in order to achieve 180s total duration
[debug] &amp#27;[35m[ADB]&amp#27;[39m Building screenrecord process with the command line: adb -P 5037 -s emulator-5554 shell screenrecord --time-limit 178 /sdcard/9a1c9660.mp4
[debug] &amp#27;[35m[ADB]&amp#27;[39m Running '/Users/arjunmac/Library/Android/sdk/platform-tools/adb -P 5037 -s emulator-5554 shell "[ -e '/sdcard/9a1c9660.mp4' ] && echo __PASS__"'
[debug] &amp#27;[35m[ADB]&amp#27;[39m Running '/Users/arjunmac/Library/Android/sdk/platform-tools/adb -P 5037 -s emulator-5554 shell "[ -e '/sdcard/d47168ec.mp4' ] && echo __PASS__"'
[debug] &amp#27;[35m[AndroidDriver]&amp#27;[39m The overall screen recording duration is 2s so far
[debug] &amp#27;[35m[AndroidDriver]&amp#27;[39m Starting the next 178s-chunk of screen recording in order to achieve 180s total duration
[debug] &amp#27;[35m[ADB]&amp#27;[39m Building screenrecord process with the command line: adb -P 5037 -s emulator-5554 shell screenrecord --time-limit 178 /sdcard/0801416d.mp4
[debug] &amp#27;[35m[ADB]&amp#27;[39m Running '/Users/arjunmac/Library/Android/sdk/platform-tools/adb -P 5037 -s emulator-5554 shell "[ -e '/sdcard/0801416d.mp4' ] && echo __PASS__"'
[debug] &amp#27;[35m[ADB]&amp#27;[39m Running '/Users/arjunmac/Library/Android/sdk/platform-tools/adb -P 5037 -s emulator-5554 shell "[ -e '/sdcard/bf81a426.mp4' ] && echo __PASS__"'
[debug] &amp#27;[35m[AndroidDriver]&amp#27;[39m The overall screen recording duration is 2s so far
[debug] &amp#27;[35m[AndroidDriver]&amp#27;[39m Starting the next 178s-chunk of screen recording in order to achieve 180s total duration
[debug] &amp#27;[35m[ADB]&amp#27;[39m Building screenrecord process with the command line: adb -P 5037 -s emulator-5554 shell screenrecord --time-limit 178 /sdcard/37a363a1.mp4
[debug] &amp#27;[35m[ADB]&amp#27;[39m Running '/Users/arjunmac/Library/Android/sdk/platform-tools/adb -P 5037 -s emulator-5554 shell "[ -e '/sdcard/37a363a1.mp4' ] && echo __PASS__"'
[debug] &amp#27;[35m[ADB]&amp#27;[39m Running '/Users/arjunmac/Library/Android/sdk/platform-tools/adb -P 5037 -s emulator-5554 shell "[ -e '/sdcard/97bc2f05.mp4' ] && echo __PASS__"'
[debug] &amp#27;[35m[AndroidDriver]&amp#27;[39m The overall screen recording duration is 2s so far
[debug] &amp#27;[35m[AndroidDriver]&amp#27;[39m Starting the next 178s-chunk of screen recording in order to achieve 180s total duration
[debug] &amp#27;[35m[ADB]&amp#27;[39m Building screenrecord process with the command line: adb -P 5037 -s emulator-5554 shell screenrecord --time-limit 178 /sdcard/8be36b0e.mp4
[debug] &amp#27;[35m[ADB]&amp#27;[39m Running '/Users/arjunmac/Library/Android/sdk/platform-tools/adb -P 5037 -s emulator-5554 shell "[ -e '/sdcard/8be36b0e.mp4' ] && echo __PASS__"'
[debug] &amp#27;[35m[ADB]&amp#27;[39m Running '/Users/arjunmac/Library/Android/sdk/platform-tools/adb -P 5037 -s emulator-5554 shell "[ -e '/sdcard/520370d7.mp4' ] && echo __PASS__"'
[debug] &amp#27;[35m[AndroidDriver]&amp#27;[39m The overall screen recording duration is 2s so far
[debug] &amp#27;[35m[AndroidDriver]&amp#27;[39m Starting the next 178s-chunk of screen recording in order to achieve 180s total duration
[debug] &amp#27;[35m[ADB]&amp#27;[39m Building screenrecord process with the command line: adb -P 5037 -s emulator-5554 shell screenrecord --time-limit 178 /sdcard/e070eb42.mp4
[debug] &amp#27;[35m[ADB]&amp#27;[39m Running '/Users/arjunmac/Library/Android/sdk/platform-tools/adb -P 5037 -s emulator-5554 shell "[ -e '/sdcard/e070eb42.mp4' ] && echo __PASS__"'
[debug] &amp#27;[35m[ADB]&amp#27;[39m Running '/Users/arjunmac/Library/Android/sdk/platform-tools/adb -P 5037 -s emulator-5554 shell "[ -e '/sdcard/9a1c9660.mp4' ] && echo __PASS__"'
[debug] &amp#27;[35m[AndroidDriver]&amp#27;[39m The overall screen recording duration is 2s so far
[debug] &amp#27;[35m[AndroidDriver]&amp#27;[39m Starting the next 178s-chunk of screen recording in order to achieve 180s total duration
[debug] &amp#27;[35m[ADB]&amp#27;[39m Building screenrecord process with the command line: adb -P 5037 -s emulator-5554 shell screenrecord --time-limit 178 /sdcard/37ab1cbe.mp4
[debug] &amp#27;[35m[ADB]&amp#27;[39m Running '/Users/arjunmac/Library/Android/sdk/platform-tools/adb -P 5037 -s emulator-5554 shell "[ -e '/sdcard/37ab1cbe.mp4' ] && echo __PASS__"'
[debug] &amp#27;[35m[ADB]&amp#27;[39m Running '/Users/arjunmac/Library/Android/sdk/platform-tools/adb -P 5037 -s emulator-5554 shell "[ -e '/sdcard/0801416d.mp4' ] && echo __PASS__"'
[debug] &amp#27;[35m[AndroidDriver]&amp#27;[39m The overall screen recording duration is 2s so far
[debug] &amp#27;[35m[AndroidDriver]&amp#27;[39m Starting the next 178s-chunk of screen recording in order to achieve 180s total duration
[debug] &amp#27;[35m[ADB]&amp#27;[39m Building screenrecord process with the command line: adb -P 5037 -s emulator-5554 shell screenrecord --time-limit 178 /sdcard/3c162ddc.mp4
[debug] &amp#27;[35m[ADB]&amp#27;[39m Running '/Users/arjunmac/Library/Android/sdk/platform-tools/adb -P 5037 -s emulator-5554 shell "[ -e '/sdcard/3c162ddc.mp4' ] && echo __PASS__"'
[debug] &amp#27;[35m[ADB]&amp#27;[39m Running '/Users/arjunmac/Library/Android/sdk/platform-tools/adb -P 5037 -s emulator-5554 shell "[ -e '/sdcard/37a363a1.mp4' ] && echo __PASS__"'
[debug] &amp#27;[35m[AndroidDriver]&amp#27;[39m The overall screen recording duration is 2s so far
[debug] &amp#27;[35m[AndroidDriver]&amp#27;[39m Starting the next 178s-chunk of screen recording in order to achieve 180s total duration
[debug] &amp#27;[35m[ADB]&amp#27;[39m Building screenrecord process with the command line: adb -P 5037 -s emulator-5554 shell screenrecord --time-limit 178 /sdcard/aa75feeb.mp4
[debug] &amp#27;[35m[ADB]&amp#27;[39m Running '/Users/arjunmac/Library/Android/sdk/platform-tools/adb -P 5037 -s emulator-5554 shell "[ -e '/sdcard/aa75feeb.mp4' ] && echo __PASS__"'
[debug] &amp#27;[35m[ADB]&amp#27;[39m Running '/Users/arjunmac/Library/Android/sdk/platform-tools/adb -P 5037 -s emulator-5554 shell "[ -e '/sdcard/8be36b0e.mp4' ] && echo __PASS__"'
[debug] &amp#27;[35m[WD Proxy]&amp#27;[39m Got response with status 200: {"sessionId":"b6b613ea-c9d6-4373-8504-6b49cca35dae","value":"true"}
[debug] &amp#27;[35m[W3C (17876c65)]&amp#27;[39m Responding to client with driver.elementDisplayed() result: true
&amp#27;[35m[HTTP]&amp#27;[39m &amp#27;[37m<-- GET /wd/hub/session/17876c65-bd2d-4377-b322-9c9653165383/element/eaf21953-ee67-42c9-8530-8d4c1d024b6c/displayed &amp#27;[39m&amp#27;[32m200&amp#27;[39m &amp#27;[90m574 ms - 14&amp#27;[39m
&amp#27;[35m[HTTP]&amp#27;[39m &amp#27;[90m&amp#27;[39m
[INFO ] 2021-09-02 12:19:14.632 com.qa.pages.BaseTest:72 - password is 1234567890
&amp#27;[35m[HTTP]&amp#27;[39m &amp#27;[37m-->&amp#27;[39m &amp#27;[37mGET&amp#27;[39m &amp#27;[37m/wd/hub/session/17876c65-bd2d-4377-b322-9c9653165383/context&amp#27;[39m
&amp#27;[35m[HTTP]&amp#27;[39m &amp#27;[90m{}&amp#27;[39m
[debug] &amp#27;[35m[W3C (17876c65)]&amp#27;[39m Calling AppiumDriver.getCurrentContext() with args: ["17876c65-bd2d-4377-b322-9c9653165383"]
[debug] &amp#27;[35m[W3C (17876c65)]&amp#27;[39m Responding to client with driver.getCurrentContext() result: "NATIVE_APP"
&amp#27;[35m[HTTP]&amp#27;[39m &amp#27;[37m<-- GET /wd/hub/session/17876c65-bd2d-4377-b322-9c9653165383/context &amp#27;[39m&amp#27;[32m200&amp#27;[39m &amp#27;[90m1 ms - 22&amp#27;[39m
&amp#27;[35m[HTTP]&amp#27;[39m &amp#27;[90m&amp#27;[39m
&amp#27;[35m[HTTP]&amp#27;[39m &amp#27;[37m-->&amp#27;[39m &amp#27;[37mPOST&amp#27;[39m &amp#27;[37m/wd/hub/session/17876c65-bd2d-4377-b322-9c9653165383/element&amp#27;[39m
&amp#27;[35m[HTTP]&amp#27;[39m &amp#27;[90m{"using":"id","value":"com.becon.ecom:id/password"}&amp#27;[39m
[debug] &amp#27;[35m[W3C (17876c65)]&amp#27;[39m Calling AppiumDriver.findElement() with args: ["id","com.becon.ecom:id/password","17876c65-bd2d-4377-b322-9c9653165383"]
[debug] &amp#27;[35m[BaseDriver]&amp#27;[39m Valid locator strategies for this request: xpath, id, class name, accessibility id, css selector, -android uiautomator
[debug] &amp#27;[35m[BaseDriver]&amp#27;[39m Waiting up to 0 ms for condition
[debug] &amp#27;[35m[WD Proxy]&amp#27;[39m Matched '/element' to command name 'findElement'
[debug] &amp#27;[35m[WD Proxy]&amp#27;[39m Proxying [POST /element] to [POST http://127.0.0.1:10000/wd/hub/session/b6b613ea-c9d6-4373-8504-6b49cca35dae/element] with body: {"strategy":"id","selector":"com.becon.ecom:id/password","context":"","multiple":false}
[debug] &amp#27;[35m[WD Proxy]&amp#27;[39m Got response with status 200: {"sessionId":"b6b613ea-c9d6-4373-8504-6b49cca35dae","value":{"ELEMENT":"cdada976-7c40-4605-876b-a895c69cfa6a","element-6066-11e4-a52e-4f735466cecf":"cdada976-7c40-4605-876b-a895c69cfa6a"}}
[debug] &amp#27;[35m[W3C (17876c65)]&amp#27;[39m Responding to client with driver.findElement() result: {"element-6066-11e4-a52e-4f735466cecf":"cdada976-7c40-4605-876b-a895c69cfa6a","ELEMENT":"cdada976-7c40-4605-876b-a895c69cfa6a"}
&amp#27;[35m[HTTP]&amp#27;[39m &amp#27;[37m<-- POST /wd/hub/session/17876c65-bd2d-4377-b322-9c9653165383/element &amp#27;[39m&amp#27;[32m200&amp#27;[39m &amp#27;[90m16 ms - 137&amp#27;[39m
&amp#27;[35m[HTTP]&amp#27;[39m &amp#27;[90m&amp#27;[39m
&amp#27;[35m[HTTP]&amp#27;[39m &amp#27;[37m-->&amp#27;[39m &amp#27;[37mPOST&amp#27;[39m &amp#27;[37m/wd/hub/session/17876c65-bd2d-4377-b322-9c9653165383/element/cdada976-7c40-4605-876b-a895c69cfa6a/value&amp#27;[39m
&amp#27;[35m[HTTP]&amp#27;[39m &amp#27;[90m{"id":"cdada976-7c40-4605-876b-a895c69cfa6a","text":"1234567890","value":["1","2","3","4","5","6","7","8","9","0"]}&amp#27;[39m
[debug] &amp#27;[35m[W3C (17876c65)]&amp#27;[39m Calling AppiumDriver.setValue() with args: [["1","2","3","4","5","6","7","8","9","0"],"cdada976-7c40-4605-876b-a895c69cfa6a","17876c65-bd2d-4377-b322-9c9653165383"]
[debug] &amp#27;[35m[WD Proxy]&amp#27;[39m Matched '/element/cdada976-7c40-4605-876b-a895c69cfa6a/value' to command name 'setValue'
[debug] &amp#27;[35m[Protocol Converter]&amp#27;[39m Added 'value' property ["1","2","3","4","5","6","7","8","9","0"] to 'setValue' request body
[debug] &amp#27;[35m[WD Proxy]&amp#27;[39m Proxying [POST /element/cdada976-7c40-4605-876b-a895c69cfa6a/value] to [POST http://127.0.0.1:10000/wd/hub/session/b6b613ea-c9d6-4373-8504-6b49cca35dae/element/cdada976-7c40-4605-876b-a895c69cfa6a/value] with body: {"elementId":"cdada976-7c40-4605-876b-a895c69cfa6a","text":"1234567890","replace":false,"value":["1","2","3","4","5","6","7","8","9","0"]}
[debug] &amp#27;[35m[AndroidDriver]&amp#27;[39m The overall screen recording duration is 3s so far
[debug] &amp#27;[35m[AndroidDriver]&amp#27;[39m Starting the next 177s-chunk of screen recording in order to achieve 180s total duration
[debug] &amp#27;[35m[ADB]&amp#27;[39m Building screenrecord process with the command line: adb -P 5037 -s emulator-5554 shell screenrecord --time-limit 177 /sdcard/c3ffe987.mp4
[debug] &amp#27;[35m[ADB]&amp#27;[39m Running '/Users/arjunmac/Library/Android/sdk/platform-tools/adb -P 5037 -s emulator-5554 shell "[ -e '/sdcard/c3ffe987.mp4' ] && echo __PASS__"'
[debug] &amp#27;[35m[ADB]&amp#27;[39m Running '/Users/arjunmac/Library/Android/sdk/platform-tools/adb -P 5037 -s emulator-5554 shell "[ -e '/sdcard/e070eb42.mp4' ] && echo __PASS__"'
[debug] &amp#27;[35m[AndroidDriver]&amp#27;[39m The overall screen recording duration is 3s so far
[debug] &amp#27;[35m[AndroidDriver]&amp#27;[39m Starting the next 177s-chunk of screen recording in order to achieve 180s total duration
[debug] &amp#27;[35m[ADB]&amp#27;[39m Building screenrecord process with the command line: adb -P 5037 -s emulator-5554 shell screenrecord --time-limit 177 /sdcard/64bc7339.mp4
[debug] &amp#27;[35m[ADB]&amp#27;[39m Running '/Users/arjunmac/Library/Android/sdk/platform-tools/adb -P 5037 -s emulator-5554 shell "[ -e '/sdcard/64bc7339.mp4' ] && echo __PASS__"'
[debug] &amp#27;[35m[ADB]&amp#27;[39m Running '/Users/arjunmac/Library/Android/sdk/platform-tools/adb -P 5037 -s emulator-5554 shell "[ -e '/sdcard/37ab1cbe.mp4' ] && echo __PASS__"'
[debug] &amp#27;[35m[AndroidDriver]&amp#27;[39m The overall screen recording duration is 3s so far
[debug] &amp#27;[35m[AndroidDriver]&amp#27;[39m Starting the next 177s-chunk of screen recording in order to achieve 180s total duration
[debug] &amp#27;[35m[ADB]&amp#27;[39m Building screenrecord process with the command line: adb -P 5037 -s emulator-5554 shell screenrecord --time-limit 177 /sdcard/1261f053.mp4
[debug] &amp#27;[35m[ADB]&amp#27;[39m Running '/Users/arjunmac/Library/Android/sdk/platform-tools/adb -P 5037 -s emulator-5554 shell "[ -e '/sdcard/3c162ddc.mp4' ] && echo __PASS__"'
[debug] &amp#27;[35m[ADB]&amp#27;[39m Running '/Users/arjunmac/Library/Android/sdk/platform-tools/adb -P 5037 -s emulator-5554 shell "[ -e '/sdcard/1261f053.mp4' ] && echo __PASS__"'
[debug] &amp#27;[35m[AndroidDriver]&amp#27;[39m The overall screen recording duration is 3s so far
[debug] &amp#27;[35m[AndroidDriver]&amp#27;[39m Starting the next 177s-chunk of screen recording in order to achieve 180s total duration
[debug] &amp#27;[35m[ADB]&amp#27;[39m Building screenrecord process with the command line: adb -P 5037 -s emulator-5554 shell screenrecord --time-limit 177 /sdcard/c3a5259a.mp4
[debug] &amp#27;[35m[ADB]&amp#27;[39m Running '/Users/arjunmac/Library/Android/sdk/platform-tools/adb -P 5037 -s emulator-5554 shell "[ -e '/sdcard/c3a5259a.mp4' ] && echo __PASS__"'
[debug] &amp#27;[35m[ADB]&amp#27;[39m Running '/Users/arjunmac/Library/Android/sdk/platform-tools/adb -P 5037 -s emulator-5554 shell "[ -e '/sdcard/aa75feeb.mp4' ] && echo __PASS__"'
[debug] &amp#27;[35m[AndroidDriver]&amp#27;[39m The overall screen recording duration is 3s so far
[debug] &amp#27;[35m[AndroidDriver]&amp#27;[39m Starting the next 177s-chunk of screen recording in order to achieve 180s total duration
[debug] &amp#27;[35m[ADB]&amp#27;[39m Building screenrecord process with the command line: adb -P 5037 -s emulator-5554 shell screenrecord --time-limit 177 /sdcard/6f1d4d3e.mp4
[debug] &amp#27;[35m[ADB]&amp#27;[39m Running '/Users/arjunmac/Library/Android/sdk/platform-tools/adb -P 5037 -s emulator-5554 shell "[ -e '/sdcard/6f1d4d3e.mp4' ] && echo __PASS__"'
[debug] &amp#27;[35m[ADB]&amp#27;[39m Running '/Users/arjunmac/Library/Android/sdk/platform-tools/adb -P 5037 -s emulator-5554 shell "[ -e '/sdcard/c3ffe987.mp4' ] && echo __PASS__"'
[debug] &amp#27;[35m[AndroidDriver]&amp#27;[39m The overall screen recording duration is 3s so far
[debug] &amp#27;[35m[AndroidDriver]&amp#27;[39m Starting the next 177s-chunk of screen recording in order to achieve 180s total duration
[debug] &amp#27;[35m[ADB]&amp#27;[39m Building screenrecord process with the command line: adb -P 5037 -s emulator-5554 shell screenrecord --time-limit 177 /sdcard/27e5fa1f.mp4
[debug] &amp#27;[35m[ADB]&amp#27;[39m Running '/Users/arjunmac/Library/Android/sdk/platform-tools/adb -P 5037 -s emulator-5554 shell "[ -e '/sdcard/27e5fa1f.mp4' ] && echo __PASS__"'
[debug] &amp#27;[35m[ADB]&amp#27;[39m Running '/Users/arjunmac/Library/Android/sdk/platform-tools/adb -P 5037 -s emulator-5554 shell "[ -e '/sdcard/64bc7339.mp4' ] && echo __PASS__"'
[debug] &amp#27;[35m[AndroidDriver]&amp#27;[39m The overall screen recording duration is 3s so far
[debug] &amp#27;[35m[AndroidDriver]&amp#27;[39m Starting the next 177s-chunk of screen recording in order to achieve 180s total duration
[debug] &amp#27;[35m[ADB]&amp#27;[39m Building screenrecord process with the command line: adb -P 5037 -s emulator-5554 shell screenrecord --time-limit 177 /sdcard/028993b7.mp4
[debug] &amp#27;[35m[ADB]&amp#27;[39m Running '/Users/arjunmac/Library/Android/sdk/platform-tools/adb -P 5037 -s emulator-5554 shell "[ -e '/sdcard/028993b7.mp4' ] && echo __PASS__"'
[debug] &amp#27;[35m[AndroidDriver]&amp#27;[39m The overall screen recording duration is 3s so far
[debug] &amp#27;[35m[AndroidDriver]&amp#27;[39m Starting the next 177s-chunk of screen recording in order to achieve 180s total duration
[debug] &amp#27;[35m[ADB]&amp#27;[39m Building screenrecord process with the command line: adb -P 5037 -s emulator-5554 shell screenrecord --time-limit 177 /sdcard/5a4879a9.mp4
[debug] &amp#27;[35m[ADB]&amp#27;[39m Running '/Users/arjunmac/Library/Android/sdk/platform-tools/adb -P 5037 -s emulator-5554 shell "[ -e '/sdcard/5a4879a9.mp4' ] && echo __PASS__"'
[debug] &amp#27;[35m[ADB]&amp#27;[39m Running '/Users/arjunmac/Library/Android/sdk/platform-tools/adb -P 5037 -s emulator-5554 shell "[ -e '/sdcard/1261f053.mp4' ] && echo __PASS__"'
[debug] &amp#27;[35m[AndroidDriver]&amp#27;[39m The overall screen recording duration is 3s so far
[debug] &amp#27;[35m[AndroidDriver]&amp#27;[39m Starting the next 177s-chunk of screen recording in order to achieve 180s total duration
[debug] &amp#27;[35m[ADB]&amp#27;[39m Building screenrecord process with the command line: adb -P 5037 -s emulator-5554 shell screenrecord --time-limit 177 /sdcard/89877c28.mp4
[debug] &amp#27;[35m[ADB]&amp#27;[39m Running '/Users/arjunmac/Library/Android/sdk/platform-tools/adb -P 5037 -s emulator-5554 shell "[ -e '/sdcard/89877c28.mp4' ] && echo __PASS__"'
[debug] &amp#27;[35m[ADB]&amp#27;[39m Running '/Users/arjunmac/Library/Android/sdk/platform-tools/adb -P 5037 -s emulator-5554 shell "[ -e '/sdcard/c3a5259a.mp4' ] && echo __PASS__"'
[debug] &amp#27;[35m[ADB]&amp#27;[39m Running '/Users/arjunmac/Library/Android/sdk/platform-tools/adb -P 5037 -s emulator-5554 shell "[ -e '/sdcard/6f1d4d3e.mp4' ] && echo __PASS__"'
[debug] &amp#27;[35m[WD Proxy]&amp#27;[39m Got response with status 200: {"sessionId":"b6b613ea-c9d6-4373-8504-6b49cca35dae","value":null}
[debug] &amp#27;[35m[W3C (17876c65)]&amp#27;[39m Responding to client with driver.setValue() result: null
  And I enter password as "1234567890"                                      # com.qa.stepdef.LoginStepDef.iEnterPasswordAs(java.lang.String)
&amp#27;[35m[HTTP]&amp#27;[39m &amp#27;[37m<-- POST /wd/hub/session/17876c65-bd2d-4377-b322-9c9653165383/element/cdada976-7c40-4605-876b-a895c69cfa6a/value &amp#27;[39m&amp#27;[32m200&amp#27;[39m &amp#27;[90m627 ms - 14&amp#27;[39m
&amp#27;[35m[HTTP]&amp#27;[39m &amp#27;[90m&amp#27;[39m
[debug] &amp#27;[35m[AndroidDriver]&amp#27;[39m The overall screen recording duration is 3s so far
[debug] &amp#27;[35m[AndroidDriver]&amp#27;[39m Starting the next 177s-chunk of screen recording in order to achieve 180s total duration
[debug] &amp#27;[35m[ADB]&amp#27;[39m Building screenrecord process with the command line: adb -P 5037 -s emulator-5554 shell screenrecord --time-limit 177 /sdcard/342b4aad.mp4
[debug] &amp#27;[35m[ADB]&amp#27;[39m Running '/Users/arjunmac/Library/Android/sdk/platform-tools/adb -P 5037 -s emulator-5554 shell "[ -e '/sdcard/342b4aad.mp4' ] && echo __PASS__"'
&amp#27;[35m[HTTP]&amp#27;[39m &amp#27;[37m-->&amp#27;[39m &amp#27;[37mGET&amp#27;[39m &amp#27;[37m/wd/hub/session/17876c65-bd2d-4377-b322-9c9653165383/context&amp#27;[39m
&amp#27;[35m[HTTP]&amp#27;[39m &amp#27;[90m{}&amp#27;[39m
[debug] &amp#27;[35m[W3C (17876c65)]&amp#27;[39m Calling AppiumDriver.getCurrentContext() with args: ["17876c65-bd2d-4377-b322-9c9653165383"]
[debug] &amp#27;[35m[W3C (17876c65)]&amp#27;[39m Responding to client with driver.getCurrentContext() result: "NATIVE_APP"
&amp#27;[35m[HTTP]&amp#27;[39m &amp#27;[37m<-- GET /wd/hub/session/17876c65-bd2d-4377-b322-9c9653165383/context &amp#27;[39m&amp#27;[32m200&amp#27;[39m &amp#27;[90m2 ms - 22&amp#27;[39m
&amp#27;[35m[HTTP]&amp#27;[39m &amp#27;[90m&amp#27;[39m
&amp#27;[35m[HTTP]&amp#27;[39m &amp#27;[37m-->&amp#27;[39m &amp#27;[37mPOST&amp#27;[39m &amp#27;[37m/wd/hub/session/17876c65-bd2d-4377-b322-9c9653165383/element&amp#27;[39m
&amp#27;[35m[HTTP]&amp#27;[39m &amp#27;[90m{"using":"id","value":"com.becon.ecom:id/btn_login"}&amp#27;[39m
[debug] &amp#27;[35m[W3C (17876c65)]&amp#27;[39m Calling AppiumDriver.findElement() with args: ["id","com.becon.ecom:id/btn_login","17876c65-bd2d-4377-b322-9c9653165383"]
[debug] &amp#27;[35m[BaseDriver]&amp#27;[39m Valid locator strategies for this request: xpath, id, class name, accessibility id, css selector, -android uiautomator
[debug] &amp#27;[35m[BaseDriver]&amp#27;[39m Waiting up to 0 ms for condition
[debug] &amp#27;[35m[WD Proxy]&amp#27;[39m Matched '/element' to command name 'findElement'
[debug] &amp#27;[35m[WD Proxy]&amp#27;[39m Proxying [POST /element] to [POST http://127.0.0.1:10000/wd/hub/session/b6b613ea-c9d6-4373-8504-6b49cca35dae/element] with body: {"strategy":"id","selector":"com.becon.ecom:id/btn_login","context":"","multiple":false}
[debug] &amp#27;[35m[ADB]&amp#27;[39m Running '/Users/arjunmac/Library/Android/sdk/platform-tools/adb -P 5037 -s emulator-5554 shell "[ -e '/sdcard/27e5fa1f.mp4' ] && echo __PASS__"'
[debug] &amp#27;[35m[AndroidDriver]&amp#27;[39m The overall screen recording duration is 3s so far
[debug] &amp#27;[35m[AndroidDriver]&amp#27;[39m Starting the next 177s-chunk of screen recording in order to achieve 180s total duration
[debug] &amp#27;[35m[ADB]&amp#27;[39m Building screenrecord process with the command line: adb -P 5037 -s emulator-5554 shell screenrecord --time-limit 177 /sdcard/a2b72aa7.mp4
[debug] &amp#27;[35m[ADB]&amp#27;[39m Running '/Users/arjunmac/Library/Android/sdk/platform-tools/adb -P 5037 -s emulator-5554 shell "[ -e '/sdcard/a2b72aa7.mp4' ] && echo __PASS__"'
[debug] &amp#27;[35m[ADB]&amp#27;[39m Running '/Users/arjunmac/Library/Android/sdk/platform-tools/adb -P 5037 -s emulator-5554 shell "[ -e '/sdcard/028993b7.mp4' ] && echo __PASS__"'
[debug] &amp#27;[35m[AndroidDriver]&amp#27;[39m The overall screen recording duration is 3s so far
[debug] &amp#27;[35m[AndroidDriver]&amp#27;[39m Starting the next 177s-chunk of screen recording in order to achieve 180s total duration
[debug] &amp#27;[35m[ADB]&amp#27;[39m Building screenrecord process with the command line: adb -P 5037 -s emulator-5554 shell screenrecord --time-limit 177 /sdcard/97ee59d9.mp4
[debug] &amp#27;[35m[ADB]&amp#27;[39m Running '/Users/arjunmac/Library/Android/sdk/platform-tools/adb -P 5037 -s emulator-5554 shell "[ -e '/sdcard/97ee59d9.mp4' ] && echo __PASS__"'
[debug] &amp#27;[35m[ADB]&amp#27;[39m Running '/Users/arjunmac/Library/Android/sdk/platform-tools/adb -P 5037 -s emulator-5554 shell "[ -e '/sdcard/5a4879a9.mp4' ] && echo __PASS__"'
[debug] &amp#27;[35m[ADB]&amp#27;[39m Running '/Users/arjunmac/Library/Android/sdk/platform-tools/adb -P 5037 -s emulator-5554 shell "[ -e '/sdcard/89877c28.mp4' ] && echo __PASS__"'
[debug] &amp#27;[35m[AndroidDriver]&amp#27;[39m The overall screen recording duration is 3s so far
[debug] &amp#27;[35m[AndroidDriver]&amp#27;[39m Starting the next 177s-chunk of screen recording in order to achieve 180s total duration
[debug] &amp#27;[35m[ADB]&amp#27;[39m Building screenrecord process with the command line: adb -P 5037 -s emulator-5554 shell screenrecord --time-limit 177 /sdcard/37c1af9f.mp4
[debug] &amp#27;[35m[ADB]&amp#27;[39m Running '/Users/arjunmac/Library/Android/sdk/platform-tools/adb -P 5037 -s emulator-5554 shell "[ -e '/sdcard/37c1af9f.mp4' ] && echo __PASS__"'
[debug] &amp#27;[35m[AndroidDriver]&amp#27;[39m The overall screen recording duration is 3s so far
[debug] &amp#27;[35m[AndroidDriver]&amp#27;[39m Starting the next 177s-chunk of screen recording in order to achieve 180s total duration
[debug] &amp#27;[35m[ADB]&amp#27;[39m Building screenrecord process with the command line: adb -P 5037 -s emulator-5554 shell screenrecord --time-limit 177 /sdcard/d5d74177.mp4
[debug] &amp#27;[35m[ADB]&amp#27;[39m Running '/Users/arjunmac/Library/Android/sdk/platform-tools/adb -P 5037 -s emulator-5554 shell "[ -e '/sdcard/d5d74177.mp4' ] && echo __PASS__"'
[debug] &amp#27;[35m[ADB]&amp#27;[39m Running '/Users/arjunmac/Library/Android/sdk/platform-tools/adb -P 5037 -s emulator-5554 shell "[ -e '/sdcard/342b4aad.mp4' ] && echo __PASS__"'
[debug] &amp#27;[35m[ADB]&amp#27;[39m Running '/Users/arjunmac/Library/Android/sdk/platform-tools/adb -P 5037 -s emulator-5554 shell "[ -e '/sdcard/a2b72aa7.mp4' ] && echo __PASS__"'
[debug] &amp#27;[35m[AndroidDriver]&amp#27;[39m The overall screen recording duration is 4s so far
[debug] &amp#27;[35m[AndroidDriver]&amp#27;[39m Starting the next 176s-chunk of screen recording in order to achieve 180s total duration
[debug] &amp#27;[35m[ADB]&amp#27;[39m Building screenrecord process with the command line: adb -P 5037 -s emulator-5554 shell screenrecord --time-limit 176 /sdcard/4bb91fe3.mp4
[debug] &amp#27;[35m[ADB]&amp#27;[39m Running '/Users/arjunmac/Library/Android/sdk/platform-tools/adb -P 5037 -s emulator-5554 shell "[ -e '/sdcard/4bb91fe3.mp4' ] && echo __PASS__"'
[debug] &amp#27;[35m[ADB]&amp#27;[39m Running '/Users/arjunmac/Library/Android/sdk/platform-tools/adb -P 5037 -s emulator-5554 shell "[ -e '/sdcard/97ee59d9.mp4' ] && echo __PASS__"'
[debug] &amp#27;[35m[WD Proxy]&amp#27;[39m Got response with status 200: {"sessionId":"b6b613ea-c9d6-4373-8504-6b49cca35dae","value":{"ELEMENT":"a3af148d-607f-4d9d-9c0e-d5334280d55c","element-6066-11e4-a52e-4f735466cecf":"a3af148d-607f-4d9d-9c0e-d5334280d55c"}}
[debug] &amp#27;[35m[W3C (17876c65)]&amp#27;[39m Responding to client with driver.findElement() result: {"element-6066-11e4-a52e-4f735466cecf":"a3af148d-607f-4d9d-9c0e-d5334280d55c","ELEMENT":"a3af148d-607f-4d9d-9c0e-d5334280d55c"}
&amp#27;[35m[HTTP]&amp#27;[39m &amp#27;[37m<-- POST /wd/hub/session/17876c65-bd2d-4377-b322-9c9653165383/element &amp#27;[39m&amp#27;[32m200&amp#27;[39m &amp#27;[90m488 ms - 137&amp#27;[39m
&amp#27;[35m[HTTP]&amp#27;[39m &amp#27;[90m&amp#27;[39m
&amp#27;[35m[HTTP]&amp#27;[39m &amp#27;[37m-->&amp#27;[39m &amp#27;[37mGET&amp#27;[39m &amp#27;[37m/wd/hub/session/17876c65-bd2d-4377-b322-9c9653165383/element/a3af148d-607f-4d9d-9c0e-d5334280d55c/displayed&amp#27;[39m
&amp#27;[35m[HTTP]&amp#27;[39m &amp#27;[90m{}&amp#27;[39m
[debug] &amp#27;[35m[W3C (17876c65)]&amp#27;[39m Calling AppiumDriver.elementDisplayed() with args: ["a3af148d-607f-4d9d-9c0e-d5334280d55c","17876c65-bd2d-4377-b322-9c9653165383"]
[debug] &amp#27;[35m[WD Proxy]&amp#27;[39m Matched '/element/a3af148d-607f-4d9d-9c0e-d5334280d55c/attribute/displayed' to command name 'getAttribute'
[debug] &amp#27;[35m[WD Proxy]&amp#27;[39m Proxying [GET /element/a3af148d-607f-4d9d-9c0e-d5334280d55c/attribute/displayed] to [GET http://127.0.0.1:10000/wd/hub/session/b6b613ea-c9d6-4373-8504-6b49cca35dae/element/a3af148d-607f-4d9d-9c0e-d5334280d55c/attribute/displayed] with no body
[debug] &amp#27;[35m[WD Proxy]&amp#27;[39m Got response with status 200: {"sessionId":"b6b613ea-c9d6-4373-8504-6b49cca35dae","value":"true"}
[debug] &amp#27;[35m[W3C (17876c65)]&amp#27;[39m Responding to client with driver.elementDisplayed() result: true
&amp#27;[35m[HTTP]&amp#27;[39m &amp#27;[37m<-- GET /wd/hub/session/17876c65-bd2d-4377-b322-9c9653165383/element/a3af148d-607f-4d9d-9c0e-d5334280d55c/displayed &amp#27;[39m&amp#27;[32m200&amp#27;[39m &amp#27;[90m10 ms - 14&amp#27;[39m
&amp#27;[35m[HTTP]&amp#27;[39m &amp#27;[90m&amp#27;[39m
[debug] &amp#27;[35m[AndroidDriver]&amp#27;[39m The overall screen recording[INFO ] 2021-09-02 12:19:15.803 com.qa.pages.BaseTest:55 - press login button
 duration is 4s so far
[debug] &amp#27;[35m[AndroidDriver]&amp#27;[39m Starting the next 176s-chunk of screen recording in order to achieve 180s total duration
[debug] &amp#27;[35m[ADB]&amp#27;[39m Building screenrecord process with the command line: adb -P 5037 -s emulator-5554 shell screenrecord --time-limit 176 /sdcard/a2782f5a.mp4
&amp#27;[35m[HTTP]&amp#27;[39m &amp#27;[37m-->&amp#27;[39m &amp#27;[37mGET&amp#27;[39m &amp#27;[37m/wd/hub/session/17876c65-bd2d-4377-b322-9c9653165383/context&amp#27;[39m
&amp#27;[35m[HTTP]&amp#27;[39m &amp#27;[90m{}&amp#27;[39m
[debug] &amp#27;[35m[W3C (17876c65)]&amp#27;[39m Calling AppiumDriver.getCurrentContext() with args: ["17876c65-bd2d-4377-b322-9c9653165383"]
[debug] &amp#27;[35m[ADB]&amp#27;[39m Running '/Users/arjunmac/Library/Android/sdk/platform-tools/adb -P 5037 -s emulator-5554 shell "[ -e '/sdcard/a2782f5a.mp4' ] && echo __PASS__"'
[debug] &amp#27;[35m[W3C (17876c65)]&amp#27;[39m Responding to client with driver.getCurrentContext() result: "NATIVE_APP"
&amp#27;[35m[HTTP]&amp#27;[39m &amp#27;[37m<-- GET /wd/hub/session/17876c65-bd2d-4377-b322-9c9653165383/context &amp#27;[39m&amp#27;[32m200&amp#27;[39m &amp#27;[90m7 ms - 22&amp#27;[39m
&amp#27;[35m[HTTP]&amp#27;[39m &amp#27;[90m&amp#27;[39m
&amp#27;[35m[HTTP]&amp#27;[39m &amp#27;[37m-->&amp#27;[39m &amp#27;[37mPOST&amp#27;[39m &amp#27;[37m/wd/hub/session/17876c65-bd2d-4377-b322-9c9653165383/element&amp#27;[39m
&amp#27;[35m[HTTP]&amp#27;[39m &amp#27;[90m{"using":"id","value":"com.becon.ecom:id/btn_login"}&amp#27;[39m
[debug] &amp#27;[35m[W3C (17876c65)]&amp#27;[39m Calling AppiumDriver.findElement() with args: ["id","com.becon.ecom:id/btn_login","17876c65-bd2d-4377-b322-9c9653165383"]
[debug] &amp#27;[35m[BaseDriver]&amp#27;[39m Valid locator strategies for this request: xpath, id, class name, accessibility id, css selector, -android uiautomator
[debug] &amp#27;[35m[BaseDriver]&amp#27;[39m Waiting up to 0 ms for condition
[debug] &amp#27;[35m[WD Proxy]&amp#27;[39m Matched '/element' to command name 'findElement'
[debug] &amp#27;[35m[WD Proxy]&amp#27;[39m Proxying [POST /element] to [POST http://127.0.0.1:10000/wd/hub/session/b6b613ea-c9d6-4373-8504-6b49cca35dae/element] with body: {"strategy":"id","selector":"com.becon.ecom:id/btn_login","context":"","multiple":false}
[debug] &amp#27;[35m[WD Proxy]&amp#27;[39m Got response with status 200: {"sessionId":"b6b613ea-c9d6-4373-8504-6b49cca35dae","value":{"ELEMENT":"676b642d-f503-4175-887e-763fe418543d","element-6066-11e4-a52e-4f735466cecf":"676b642d-f503-4175-887e-763fe418543d"}}
[debug] &amp#27;[35m[W3C (17876c65)]&amp#27;[39m Responding to client with driver.findElement() result: {"element-6066-11e4-a52e-4f735466cecf":"676b642d-f503-4175-887e-763fe418543d","ELEMENT":"676b642d-f503-4175-887e-763fe418543d"}
&amp#27;[35m[HTTP]&amp#27;[39m &amp#27;[37m<-- POST /wd/hub/session/17876c65-bd2d-4377-b322-9c9653165383/element &amp#27;[39m&amp#27;[32m200&amp#27;[39m &amp#27;[90m18 ms - 137&amp#27;[39m
&amp#27;[35m[HTTP]&amp#27;[39m &amp#27;[90m&amp#27;[39m
&amp#27;[35m[HTTP]&amp#27;[39m &amp#27;[37m-->&amp#27;[39m &amp#27;[37mPOST&amp#27;[39m &amp#27;[37m/wd/hub/session/17876c65-bd2d-4377-b322-9c9653165383/element/676b642d-f503-4175-887e-763fe418543d/click&amp#27;[39m
&amp#27;[35m[HTTP]&amp#27;[39m &amp#27;[90m{"id":"676b642d-f503-4175-887e-763fe418543d"}&amp#27;[39m
[debug] &amp#27;[35m[W3C (17876c65)]&amp#27;[39m Calling AppiumDriver.click() with args: ["676b642d-f503-4175-887e-763fe418543d","17876c65-bd2d-4377-b322-9c9653165383"]
[debug] &amp#27;[35m[WD Proxy]&amp#27;[39m Matched '/element/676b642d-f503-4175-887e-763fe418543d/click' to command name 'click'
[debug] &amp#27;[35m[WD Proxy]&amp#27;[39m Proxying [POST /element/676b642d-f503-4175-887e-763fe418543d/click] to [POST http://127.0.0.1:10000/wd/hub/session/b6b613ea-c9d6-4373-8504-6b49cca35dae/element/676b642d-f503-4175-887e-763fe418543d/click] with body: {"element":"676b642d-f503-4175-887e-763fe418543d"}
[debug] &amp#27;[35m[ADB]&amp#27;[39m Running '/Users/arjunmac/Library/Android/sdk/platform-tools/adb -P 5037 -s emulator-5554 shell "[ -e '/sdcard/37c1af9f.mp4' ] && echo __PASS__"'
[debug] &amp#27;[35m[ADB]&amp#27;[39m Running '/Users/arjunmac/Library/Android/sdk/platform-tools/adb -P 5037 -s emulator-5554 shell "[ -e '/sdcard/d5d74177.mp4' ] && echo __PASS__"'
[debug] &amp#27;[35m[WD Proxy]&amp#27;[39m Got response with status 200: {"sessionId":"b6b613ea-c9d6-4373-8504-6b49cca35dae","value":null}
[debug] &amp#27;[35m[W3C (17876c65)]&amp#27;[39m Responding to client with driver.click() result: null
&amp#27;[35m[HTTP]&amp#27;[39m &amp#27;[37m<-- POST /wd/hub/session/17876c65-bd2d-4377-b322-9c9653165383/element/676b642d-f503-4175-887e-763fe418543d/click &amp#27;[39m&amp#27;[32m200&amp#27;[39m &amp#27;[90m110 ms - 14&amp#27;[39m
&amp#27;[35m[HTTP]&amp#27;[39m &amp#27;[90m&amp#27;[39m
  And I login                                                               # com.qa.stepdef.LoginStepDef.iLogin()
&amp#27;[35m[HTTP]&amp#27;[39m &amp#27;[37m-->&amp#27;[39m &amp#27;[37mGET&amp#27;[39m &amp#27;[37m/wd/hub/session/17876c65-bd2d-4377-b322-9c9653165383/context&amp#27;[39m
&amp#27;[35m[HTTP]&amp#27;[39m &amp#27;[90m{}&amp#27;[39m
[debug] &amp#27;[35m[W3C (17876c65)]&amp#27;[39m Calling AppiumDriver.getCurrentContext() with args: ["17876c65-bd2d-4377-b322-9c9653165383"]
[debug] &amp#27;[35m[W3C (17876c65)]&amp#27;[39m Responding to client with driver.getCurrentContext() result: "NATIVE_APP"
&amp#27;[35m[HTTP]&amp#27;[39m &amp#27;[37m<-- GET /wd/hub/session/17876c65-bd2d-4377-b322-9c9653165383/context &amp#27;[39m&amp#27;[32m200&amp#27;[39m &amp#27;[90m1 ms - 22&amp#27;[39m
&amp#27;[35m[HTTP]&amp#27;[39m &amp#27;[90m&amp#27;[39m
[debug] &amp#27;[35m[AndroidDriver]&amp#27;[39m The overall screen recording duration is 4s so far
[debug] &amp#27;[35m[AndroidDriver]&amp#27;[39m Starting the next 176s-chunk of screen recording in order to achieve 180s total duration
[debug] &amp#27;[35m[ADB]&amp#27;[39m Building screenrecord process with the command line: adb -P 5037 -s emulator-5554 shell screenrecord --time-limit 176 /sdcard/54d37e8a.mp4
&amp#27;[35m[HTTP]&amp#27;[39m &amp#27;[37m-->&amp#27;[39m &amp#27;[37mPOST&amp#27;[39m &amp#27;[37m/wd/hub/session/17876c65-bd2d-4377-b322-9c9653165383/element&amp#27;[39m
&amp#27;[35m[HTTP]&amp#27;[39m &amp#27;[90m{"using":"xpath","value":"/hierarchy/android.widget.FrameLayout/android.widget.FrameLayout/android.view.ViewGroup/android.widget.LinearLayout/android.widget.LinearLayout/android.widget.TextView[2]"}&amp#27;[39m
[debug] &amp#27;[35m[W3C (17876c65)]&amp#27;[39m Calling AppiumDriver.findElement() with args: ["xpath","/hierarchy/android.widget.FrameLayout/android.widget.FrameLayout/android.view.ViewGroup/android.widget.LinearLayout/android.widget.LinearLayout/android.widget.TextView[2]","17876c65-bd2d-4377-b322-9c9653165383"]
[debug] &amp#27;[35m[BaseDriver]&amp#27;[39m Valid locator strategies for this request: xpath, id, class name, accessibility id, css selector, -android uiautomator
[debug] &amp#27;[35m[BaseDriver]&amp#27;[39m Waiting up to 0 ms for condition
[debug] &amp#27;[35m[WD Proxy]&amp#27;[39m Matched '/element' to command name 'findElement'
[debug] &amp#27;[35m[WD Proxy]&amp#27;[39m Proxying [POST /element] to [POST http://127.0.0.1:10000/wd/hub/session/b6b613ea-c9d6-4373-8504-6b49cca35dae/element] with body: {"strategy":"xpath","selector":"/hierarchy/android.widget.FrameLayout/android.widget.FrameLayout/android.view.ViewGroup/android.widget.LinearLayout/android.widget.LinearLayout/android.widget.TextView[2]","context":"","multiple":false}
[debug] &amp#27;[35m[ADB]&amp#27;[39m Running '/Users/arjunmac/Library/Android/sdk/platform-tools/adb -P 5037 -s emulator-5554 shell "[ -e '/sdcard/54d37e8a.mp4' ] && echo __PASS__"'
[debug] &amp#27;[35m[ADB]&amp#27;[39m Running '/Users/arjunmac/Library/Android/sdk/platform-tools/adb -P 5037 -s emulator-5554 shell "[ -e '/sdcard/4bb91fe3.mp4' ] && echo __PASS__"'
[debug] &amp#27;[35m[AndroidDriver]&amp#27;[39m The overall screen recording duration is 4s so far
[debug] &amp#27;[35m[AndroidDriver]&amp#27;[39m Starting the next 176s-chunk of screen recording in order to achieve 180s total duration
[debug] &amp#27;[35m[ADB]&amp#27;[39m Building screenrecord process with the command line: adb -P 5037 -s emulator-5554 shell screenrecord --time-limit 176 /sdcard/88481143.mp4
[debug] &amp#27;[35m[ADB]&amp#27;[39m Running '/Users/arjunmac/Library/Android/sdk/platform-tools/adb -P 5037 -s emulator-5554 shell "[ -e '/sdcard/88481143.mp4' ] && echo __PASS__"'
[debug] &amp#27;[35m[ADB]&amp#27;[39m Running '/Users/arjunmac/Library/Android/sdk/platform-tools/adb -P 5037 -s emulator-5554 shell "[ -e '/sdcard/a2782f5a.mp4' ] && echo __PASS__"'
[debug] &amp#27;[35m[AndroidDriver]&amp#27;[39m The overall screen recording duration is 4s so far
[debug] &amp#27;[35m[AndroidDriver]&amp#27;[39m Starting the next 176s-chunk of screen recording in order to achieve 180s total duration
[debug] &amp#27;[35m[ADB]&amp#27;[39m Building screenrecord process with the command line: adb -P 5037 -s emulator-5554 shell screenrecord --time-limit 176 /sdcard/d78c1d6f.mp4
[debug] &amp#27;[35m[ADB]&amp#27;[39m Running '/Users/arjunmac/Library/Android/sdk/platform-tools/adb -P 5037 -s emulator-5554 shell "[ -e '/sdcard/d78c1d6f.mp4' ] && echo __PASS__"'
[debug] &amp#27;[35m[AndroidDriver]&amp#27;[39m The overall screen recording duration is 4s so far
[debug] &amp#27;[35m[AndroidDriver]&amp#27;[39m Starting the next 176s-chunk of screen recording in order to achieve 180s total duration
[debug] &amp#27;[35m[ADB]&amp#27;[39m Building screenrecord process with the command line: adb -P 5037 -s emulator-5554 shell screenrecord --time-limit 176 /sdcard/2c075daa.mp4
[debug] &amp#27;[35m[ADB]&amp#27;[39m Running '/Users/arjunmac/Library/Android/sdk/platform-tools/adb -P 5037 -s emulator-5554 shell "[ -e '/sdcard/2c075daa.mp4' ] && echo __PASS__"'
[debug] &amp#27;[35m[ADB]&amp#27;[39m Running '/Users/arjunmac/Library/Android/sdk/platform-tools/adb -P 5037 -s emulator-5554 shell "[ -e '/sdcard/54d37e8a.mp4' ] && echo __PASS__"'
[debug] &amp#27;[35m[AndroidDriver]&amp#27;[39m The overall screen recording duration is 4s so far
[debug] &amp#27;[35m[AndroidDriver]&amp#27;[39m Starting the next 176s-chunk of screen recording in order to achieve 180s total duration
[debug] &amp#27;[35m[ADB]&amp#27;[39m Building screenrecord process with the command line: adb -P 5037 -s emulator-5554 shell screenrecord --time-limit 176 /sdcard/c066d680.mp4
[debug] &amp#27;[35m[ADB]&amp#27;[39m Running '/Users/arjunmac/Library/Android/sdk/platform-tools/adb -P 5037 -s emulator-5554 shell "[ -e '/sdcard/c066d680.mp4' ] && echo __PASS__"'
[debug] &amp#27;[35m[ADB]&amp#27;[39m Running '/Users/arjunmac/Library/Android/sdk/platform-tools/adb -P 5037 -s emulator-5554 shell "[ -e '/sdcard/88481143.mp4' ] && echo __PASS__"'
[debug] &amp#27;[35m[AndroidDriver]&amp#27;[39m The overall screen recording duration is 4s so far
[debug] &amp#27;[35m[AndroidDriver]&amp#27;[39m Starting the next 176s-chunk of screen recording in order to achieve 180s total duration
[debug] &amp#27;[35m[ADB]&amp#27;[39m Building screenrecord process with the command line: adb -P 5037 -s emulator-5554 shell screenrecord --time-limit 176 /sdcard/0cfc4503.mp4
[debug] &amp#27;[35m[ADB]&amp#27;[39m Running '/Users/arjunmac/Library/Android/sdk/platform-tools/adb -P 5037 -s emulator-5554 shell "[ -e '/sdcard/0cfc4503.mp4' ] && echo __PASS__"'
[debug] &amp#27;[35m[ADB]&amp#27;[39m Running '/Users/arjunmac/Library/Android/sdk/platform-tools/adb -P 5037 -s emulator-5554 shell "[ -e '/sdcard/d78c1d6f.mp4' ] && echo __PASS__"'
[debug] &amp#27;[35m[AndroidDriver]&amp#27;[39m The overall screen recording duration is 4s so far
[debug] &amp#27;[35m[AndroidDriver]&amp#27;[39m Starting the next 176s-chunk of screen recording in order to achieve 180s total duration
[debug] &amp#27;[35m[ADB]&amp#27;[39m Building screenrecord process with the command line: adb -P 5037 -s emulator-5554 shell screenrecord --time-limit 176 /sdcard/01753e37.mp4
[debug] &amp#27;[35m[ADB]&amp#27;[39m Running '/Users/arjunmac/Library/Android/sdk/platform-tools/adb -P 5037 -s emulator-5554 shell "[ -e '/sdcard/01753e37.mp4' ] && echo __PASS__"'
[debug] &amp#27;[35m[ADB]&amp#27;[39m Running '/Users/arjunmac/Library/Android/sdk/platform-tools/adb -P 5037 -s emulator-5554 shell "[ -e '/sdcard/2c075daa.mp4' ] && echo __PASS__"'
[debug] &amp#27;[35m[AndroidDriver]&amp#27;[39m The overall screen recording duration is 4s so far
[debug] &amp#27;[35m[AndroidDriver]&amp#27;[39m Starting the next 176s-chunk of screen recording in order to achieve 180s total duration
[debug] &amp#27;[35m[ADB]&amp#27;[39m Building screenrecord process with the command line: adb -P 5037 -s emulator-5554 shell screenrecord --time-limit 176 /sdcard/a3a2cb36.mp4
[debug] &amp#27;[35m[ADB]&amp#27;[39m Running '/Users/arjunmac/Library/Android/sdk/platform-tools/adb -P 5037 -s emulator-5554 shell "[ -e '/sdcard/a3a2cb36.mp4' ] && echo __PASS__"'
&amp#27;[35m[WD Proxy]&amp#27;[39m Got response with status 404: {"sessionId":"b6b613ea-c9d6-4373-8504-6b49cca35dae","value":{"error":"no such element","message":"An element could not be located on the page using the given search parameters","stacktrace":"io.appium.uiautomator2.common.exceptions.ElementNotFoundException: An element could not be located on the page using the given search parameters\n\tat io.appium.uiautomator2.handler.FindElement.findElement(FindElement.java:89)\n\tat io.appium.uiautomator2.handler.FindElement.safeHandle(FindElement.java:66)\n\tat io.appium.uiautomator2.handler.request.SafeRequestHandler.handle(SafeRequestHandler.java:41)\n\tat io.appium.uiautomator2.server.AppiumServlet.handleRequest(AppiumServlet.java:262)\n\tat io.appium.uiautomator2.server.AppiumServlet.handleHttpRequest(AppiumServlet.java:256)\n\tat io.appium.uiautomator2.http.ServerHandler.channelRead(ServerHandler.java:68)\n\tat io.netty.channel.AbstractChannelHandlerContext.invokeChannelRead(AbstractChannelHandlerContext.java:366)\n\tat io.netty.channel.AbstractChannelHandlerCont...
[debug] &amp#27;[35m[W3C]&amp#27;[39m Matched W3C error code 'no such element' to NoSuchElementError
[debug] &amp#27;[35m[W3C (17876c65)]&amp#27;[39m Encountered internal error running command: NoSuchElementError: An element could not be located on the page using the given search parameters.
[debug] &amp#27;[35m[W3C (17876c65)]&amp#27;[39m     at AndroidUiautomator2Driver.findElOrEls (/usr/local/lib/node_modules/appium/node_modules/appium-android-driver/lib/commands/find.js:75:11)
[debug] &amp#27;[35m[W3C (17876c65)]&amp#27;[39m     at runMicrotasks (<anonymous>)
[debug] &amp#27;[35m[W3C (17876c65)]&amp#27;[39m     at processTicksAndRejections (node:internal/process/task_queues:96:5)
[debug] &amp#27;[35m[W3C (17876c65)]&amp#27;[39m     at AndroidUiautomator2Driver.findElOrElsWithProcessing (/usr/local/lib/node_modules/appium/node_modules/appium-base-driver/lib/basedriver/commands/find.js:33:12)
[debug] &amp#27;[35m[W3C (17876c65)]&amp#27;[39m     at AndroidUiautomator2Driver.findElement (/usr/local/lib/node_modules/appium/node_modules/appium-base-driver/lib/basedriver/commands/find.js:53:10)
&amp#27;[35m[HTTP]&amp#27;[39m &amp#27;[37m<-- POST /wd/hub/session/17876c65-bd2d-4377-b322-9c9653165383/element &amp#27;[39m&amp#27;[33m404&amp#27;[39m &amp#27;[90m634 ms - 818&amp#27;[39m
&amp#27;[35m[HTTP]&amp#27;[39m &amp#27;[90m&amp#27;[39m
[debug] &amp#27;[35m[ADB]&amp#27;[39m Running '/Users/arjunmac/Library/Android/sdk/platform-tools/adb -P 5037 -s emulator-5554 shell "[ -e '/sdcard/c066d680.mp4' ] && echo __PASS__"'
[debug] &amp#27;[35m[AndroidDriver]&amp#27;[39m The overall screen recording duration is 5s so far
[debug] &amp#27;[35m[AndroidDriver]&amp#27;[39m Starting the next 175s-chunk of screen recording in order to achieve 180s total duration
[debug] &amp#27;[35m[ADB]&amp#27;[39m Building screenrecord process with the command line: adb -P 5037 -s emulator-5554 shell screenrecord --time-limit 175 /sdcard/82bc588e.mp4
[debug] &amp#27;[35m[ADB]&amp#27;[39m Running '/Users/arjunmac/Library/Android/sdk/platform-tools/adb -P 5037 -s emulator-5554 shell "[ -e '/sdcard/82bc588e.mp4' ] && echo __PASS__"'
[debug] &amp#27;[35m[ADB]&amp#27;[39m Running '/Users/arjunmac/Library/Android/sdk/platform-tools/adb -P 5037 -s emulator-5554 shell "[ -e '/sdcard/0cfc4503.mp4' ] && echo __PASS__"'
[debug] &amp#27;[35m[AndroidDriver]&amp#27;[39m The overall screen recording duration is 5s so far
[debug] &amp#27;[35m[AndroidDriver]&amp#27;[39m Starting the next 175s-chunk of screen recording in order to achieve 180s total duration
[debug] &amp#27;[35m[ADB]&amp#27;[39m Building screenrecord process with the command line: adb -P 5037 -s emulator-5554 shell screenrecord --time-limit 175 /sdcard/a54c582a.mp4
[debug] &amp#27;[35m[ADB]&amp#27;[39m Running '/Users/arjunmac/Library/Android/sdk/platform-tools/adb -P 5037 -s emulator-5554 shell "[ -e '/sdcard/a54c582a.mp4' ] && echo __PASS__"'
[debug] &amp#27;[35m[ADB]&amp#27;[39m Running '/Users/arjunmac/Library/Android/sdk/platform-tools/adb -P 5037 -s emulator-5554 shell "[ -e '/sdcard/01753e37.mp4' ] && echo __PASS__"'
[debug] &amp#27;[35m[AndroidDriver]&amp#27;[39m The overall screen recording duration is 5s so far
[debug] &amp#27;[35m[AndroidDriver]&amp#27;[39m Starting the next 175s-chunk of screen recording in order to achieve 180s total duration
[debug] &amp#27;[35m[ADB]&amp#27;[39m Building screenrecord process with the command line: adb -P 5037 -s emulator-5554 shell screenrecord --time-limit 175 /sdcard/5fff9c00.mp4
[debug] &amp#27;[35m[ADB]&amp#27;[39m Running '/Users/arjunmac/Library/Android/sdk/platform-tools/adb -P 5037 -s emulator-5554 shell "[ -e '/sdcard/5fff9c00.mp4' ] && echo __PASS__"'
[debug] &amp#27;[35m[ADB]&amp#27;[39m Running '/Users/arjunmac/Library/Android/sdk/platform-tools/adb -P 5037 -s emulator-5554 shell "[ -e '/sdcard/a3a2cb36.mp4' ] && echo __PASS__"'
[debug] &amp#27;[35m[AndroidDriver]&amp#27;[39m The overall screen recording duration is 5s so far
[debug] &amp#27;[35m[AndroidDriver]&amp#27;[39m Starting the next 175s-chunk of screen recording in order to achieve 180s total duration
[debug] &amp#27;[35m[ADB]&amp#27;[39m Building screenrecord process with the command line: adb -P 5037 -s emulator-5554 shell screenrecord --time-limit 175 /sdcard/8c26253d.mp4
[debug] &amp#27;[35m[ADB]&amp#27;[39m Running '/Users/arjunmac/Library/Android/sdk/platform-tools/adb -P 5037 -s emulator-5554 shell "[ -e '/sdcard/8c26253d.mp4' ] && echo __PASS__"'
[debug] &amp#27;[35m[AndroidDriver]&amp#27;[39m The overall screen recording duration is 5s so far
[debug] &amp#27;[35m[AndroidDriver]&amp#27;[39m Starting the next 175s-chunk of screen recording in order to achieve 180s total duration
[debug] &amp#27;[35m[ADB]&amp#27;[39m Building screenrecord process with the command line: adb -P 5037 -s emulator-5554 shell screenrecord --time-limit 175 /sdcard/9fd70cb2.mp4
[debug] &amp#27;[35m[ADB]&amp#27;[39m Running '/Users/arjunmac/Library/Android/sdk/platform-tools/adb -P 5037 -s emulator-5554 shell "[ -e '/sdcard/9fd70cb2.mp4' ] && echo __PASS__"'
[debug] &amp#27;[35m[ADB]&amp#27;[39m Running '/Users/arjunmac/Library/Android/sdk/platform-tools/adb -P 5037 -s emulator-5554 shell "[ -e '/sdcard/82bc588e.mp4' ] && echo __PASS__"'
[debug] &amp#27;[35m[AndroidDriver]&amp#27;[39m The overall screen recording duration is 5s so far
[debug] &amp#27;[35m[AndroidDriver]&amp#27;[39m Starting the next 175s-chunk of screen recording in order to achieve 180s total duration
[debug] &amp#27;[35m[ADB]&amp#27;[39m Building screenrecord process with the command line: adb -P 5037 -s emulator-5554 shell screenrecord --time-limit 175 /sdcard/708090a3.mp4
[debug] &amp#27;[35m[ADB]&amp#27;[39m Running '/Users/arjunmac/Library/Android/sdk/platform-tools/adb -P 5037 -s emulator-5554 shell "[ -e '/sdcard/708090a3.mp4' ] && echo __PASS__"'
[debug] &amp#27;[35m[ADB]&amp#27;[39m Running '/Users/arjunmac/Library/Android/sdk/platform-tools/adb -P 5037 -s emulator-5554 shell "[ -e '/sdcard/a54c582a.mp4' ] && echo __PASS__"'
&amp#27;[35m[HTTP]&amp#27;[39m &amp#27;[37m-->&amp#27;[39m &amp#27;[37mPOST&amp#27;[39m &amp#27;[37m/wd/hub/session/17876c65-bd2d-4377-b322-9c9653165383/element&amp#27;[39m
&amp#27;[35m[HTTP]&amp#27;[39m &amp#27;[90m{"using":"xpath","value":"/hierarchy/android.widget.FrameLayout/android.widget.FrameLayout/android.view.ViewGroup/android.widget.LinearLayout/android.widget.LinearLayout/android.widget.TextView[2]"}&amp#27;[39m
[debug] &amp#27;[35m[W3C (17876c65)]&amp#27;[39m Calling AppiumDriver.findElement() with args: ["xpath","/hierarchy/android.widget.FrameLayout/android.widget.FrameLayout/android.view.ViewGroup/android.widget.LinearLayout/android.widget.LinearLayout/android.widget.TextView[2]","17876c65-bd2d-4377-b322-9c9653165383"]
[debug] &amp#27;[35m[BaseDriver]&amp#27;[39m Valid locator strategies for this request: xpath, id, class name, accessibility id, css selector, -android uiautomator
[debug] &amp#27;[35m[BaseDriver]&amp#27;[39m Waiting up to 0 ms for condition
[debug] &amp#27;[35m[WD Proxy]&amp#27;[39m Matched '/element' to command name 'findElement'
[debug] &amp#27;[35m[WD Proxy]&amp#27;[39m Proxying [POST /element] to [POST http://127.0.0.1:10000/wd/hub/session/b6b613ea-c9d6-4373-8504-6b49cca35dae/element] with body: {"strategy":"xpath","selector":"/hierarchy/android.widget.FrameLayout/android.widget.FrameLayout/android.view.ViewGroup/android.widget.LinearLayout/android.widget.LinearLayout/android.widget.TextView[2]","context":"","multiple":false}
&amp#27;[35m[WD Proxy]&amp#27;[39m Got response with status 404: {"sessionId":"b6b613ea-c9d6-4373-8504-6b49cca35dae","value":{"error":"no such element","message":"An element could not be located on the page using the given search parameters","stacktrace":"io.appium.uiautomator2.common.exceptions.ElementNotFoundException: An element could not be located on the page using the given search parameters\n\tat io.appium.uiautomator2.handler.FindElement.findElement(FindElement.java:89)\n\tat io.appium.uiautomator2.handler.FindElement.safeHandle(FindElement.java:66)\n\tat io.appium.uiautomator2.handler.request.SafeRequestHandler.handle(SafeRequestHandler.java:41)\n\tat io.appium.uiautomator2.server.AppiumServlet.handleRequest(AppiumServlet.java:262)\n\tat io.appium.uiautomator2.server.AppiumServlet.handleHttpRequest(AppiumServlet.java:256)\n\tat io.appium.uiautomator2.http.ServerHandler.channelRead(ServerHandler.java:68)\n\tat io.netty.channel.AbstractChannelHandlerContext.invokeChannelRead(AbstractChannelHandlerContext.java:366)\n\tat io.netty.channel.AbstractChannelHandlerCont...
[debug] &amp#27;[35m[W3C]&amp#27;[39m Matched W3C error code 'no such element' to NoSuchElementError
[debug] &amp#27;[35m[W3C (17876c65)]&amp#27;[39m Encountered internal error running command: NoSuchElementError: An element could not be located on the page using the given search parameters.
[debug] &amp#27;[35m[W3C (17876c65)]&amp#27;[39m     at AndroidUiautomator2Driver.findElOrEls (/usr/local/lib/node_modules/appium/node_modules/appium-android-driver/lib/commands/find.js:75:11)
[debug] &amp#27;[35m[W3C (17876c65)]&amp#27;[39m     at runMicrotasks (<anonymous>)
[debug] &amp#27;[35m[W3C (17876c65)]&amp#27;[39m     at processTicksAndRejections (node:internal/process/task_queues:96:5)
[debug] &amp#27;[35m[W3C (17876c65)]&amp#27;[39m     at AndroidUiautomator2Driver.findElOrElsWithProcessing (/usr/local/lib/node_modules/appium/node_modules/appium-base-driver/lib/basedriver/commands/find.js:33:12)
[debug] &amp#27;[35m[W3C (17876c65)]&amp#27;[39m     at AndroidUiautomator2Driver.findElement (/usr/local/lib/node_modules/appium/node_modules/appium-base-driver/lib/basedriver/commands/find.js:53:10)
&amp#27;[35m[HTTP]&amp#27;[39m &amp#27;[37m<-- POST /wd/hub/session/17876c65-bd2d-4377-b322-9c9653165383/element &amp#27;[39m&amp#27;[33m404&amp#27;[39m &amp#27;[90m33 ms - 818&amp#27;[39m
&amp#27;[35m[HTTP]&amp#27;[39m &amp#27;[90m&amp#27;[39m
[debug] &amp#27;[35m[ADB]&amp#27;[39m Running '/Users/arjunmac/Library/Android/sdk/platform-tools/adb -P 5037 -s emulator-5554 shell "[ -e '/sdcard/5fff9c00.mp4' ] && echo __PASS__"'
[debug] &amp#27;[35m[AndroidDriver]&amp#27;[39m The overall screen recording duration is 5s so far
[debug] &amp#27;[35m[AndroidDriver]&amp#27;[39m Starting the next 175s-chunk of screen recording in order to achieve 180s total duration
[debug] &amp#27;[35m[ADB]&amp#27;[39m Building screenrecord process with the command line: adb -P 5037 -s emulator-5554 shell screenrecord --time-limit 175 /sdcard/1cd9c409.mp4
[debug] &amp#27;[35m[ADB]&amp#27;[39m Running '/Users/arjunmac/Library/Android/sdk/platform-tools/adb -P 5037 -s emulator-5554 shell "[ -e '/sdcard/1cd9c409.mp4' ] && echo __PASS__"'
[debug] &amp#27;[35m[ADB]&amp#27;[39m Running '/Users/arjunmac/Library/Android/sdk/platform-tools/adb -P 5037 -s emulator-5554 shell "[ -e '/sdcard/8c26253d.mp4' ] && echo __PASS__"'
[debug] &amp#27;[35m[AndroidDriver]&amp#27;[39m The overall screen recording duration is 5s so far
[debug] &amp#27;[35m[AndroidDriver]&amp#27;[39m Starting the next 175s-chunk of screen recording in order to achieve 180s total duration
[debug] &amp#27;[35m[ADB]&amp#27;[39m Building screenrecord process with the command line: adb -P 5037 -s emulator-5554 shell screenrecord --time-limit 175 /sdcard/c9aaff86.mp4
[debug] &amp#27;[35m[ADB]&amp#27;[39m Running '/Users/arjunmac/Library/Android/sdk/platform-tools/adb -P 5037 -s emulator-5554 shell "[ -e '/sdcard/c9aaff86.mp4' ] && echo __PASS__"'
[debug] &amp#27;[35m[ADB]&amp#27;[39m Running '/Users/arjunmac/Library/Android/sdk/platform-tools/adb -P 5037 -s emulator-5554 shell "[ -e '/sdcard/9fd70cb2.mp4' ] && echo __PASS__"'
[debug] &amp#27;[35m[AndroidDriver]&amp#27;[39m The overall screen recording duration is 5s so far
[debug] &amp#27;[35m[AndroidDriver]&amp#27;[39m Starting the next 175s-chunk of screen recording in order to achieve 180s total duration
[debug] &amp#27;[35m[ADB]&amp#27;[39m Building screenrecord process with the command line: adb -P 5037 -s emulator-5554 shell screenrecord --time-limit 175 /sdcard/df2b72e8.mp4
[debug] &amp#27;[35m[ADB]&amp#27;[39m Running '/Users/arjunmac/Library/Android/sdk/platform-tools/adb -P 5037 -s emulator-5554 shell "[ -e '/sdcard/df2b72e8.mp4' ] && echo __PASS__"'
[debug] &amp#27;[35m[ADB]&amp#27;[39m Running '/Users/arjunmac/Library/Android/sdk/platform-tools/adb -P 5037 -s emulator-5554 shell "[ -e '/sdcard/708090a3.mp4' ] && echo __PASS__"'
[debug] &amp#27;[35m[AndroidDriver]&amp#27;[39m The overall screen recording duration is 5s so far
[debug] &amp#27;[35m[AndroidDriver]&amp#27;[39m Starting the next 175s-chunk of screen recording in order to achieve 180s total duration
[debug] &amp#27;[35m[ADB]&amp#27;[39m Building screenrecord process with the command line: adb -P 5037 -s emulator-5554 shell screenrecord --time-limit 175 /sdcard/37656af6.mp4
[debug] &amp#27;[35m[ADB]&amp#27;[39m Running '/Users/arjunmac/Library/Android/sdk/platform-tools/adb -P 5037 -s emulator-5554 shell "[ -e '/sdcard/37656af6.mp4' ] && echo __PASS__"'
[debug] &amp#27;[35m[AndroidDriver]&amp#27;[39m The overall screen recording duration is 5s so far
[debug] &amp#27;[35m[AndroidDriver]&amp#27;[39m Starting the next 175s-chunk of screen recording in order to achieve 180s total duration
[debug] &amp#27;[35m[ADB]&amp#27;[39m Building screenrecord process with the command line: adb -P 5037 -s emulator-5554 shell screenrecord --time-limit 175 /sdcard/c87a288f.mp4
[debug] &amp#27;[35m[ADB]&amp#27;[39m Running '/Users/arjunmac/Library/Android/sdk/platform-tools/adb -P 5037 -s emulator-5554 shell "[ -e '/sdcard/c87a288f.mp4' ] && echo __PASS__"'
[debug] &amp#27;[35m[ADB]&amp#27;[39m Running '/Users/arjunmac/Library/Android/sdk/platform-tools/adb -P 5037 -s emulator-5554 shell "[ -e '/sdcard/1cd9c409.mp4' ] && echo __PASS__"'
[debug] &amp#27;[35m[AndroidDriver]&amp#27;[39m The overall screen recording duration is 5s so far
[debug] &amp#27;[35m[AndroidDriver]&amp#27;[39m Starting the next 175s-chunk of screen recording in order to achieve 180s total duration
[debug] &amp#27;[35m[ADB]&amp#27;[39m Building screenrecord process with the command line: adb -P 5037 -s emulator-5554 shell screenrecord --time-limit 175 /sdcard/630d1a2d.mp4
[debug] &amp#27;[35m[ADB]&amp#27;[39m Running '/Users/arjunmac/Library/Android/sdk/platform-tools/adb -P 5037 -s emulator-5554 shell "[ -e '/sdcard/630d1a2d.mp4' ] && echo __PASS__"'
[debug] &amp#27;[35m[ADB]&amp#27;[39m Running '/Users/arjunmac/Library/Android/sdk/platform-tools/adb -P 5037 -s emulator-5554 shell "[ -e '/sdcard/c9aaff86.mp4' ] && echo __PASS__"'
[debug] &amp#27;[35m[AndroidDriver]&amp#27;[39m The overall screen recording duration is 5s so far
[debug] &amp#27;[35m[AndroidDriver]&amp#27;[39m Starting the next 175s-chunk of screen recording in order to achieve 180s total duration
[debug] &amp#27;[35m[ADB]&amp#27;[39m Building screenrecord process with the command line: adb -P 5037 -s emulator-5554 shell screenrecord --time-limit 175 /sdcard/9d03c86b.mp4
[debug] &amp#27;[35m[ADB]&amp#27;[39m Running '/Users/arjunmac/Library/Android/sdk/platform-tools/adb -P 5037 -s emulator-5554 shell "[ -e '/sdcard/9d03c86b.mp4' ] && echo __PASS__"'
[debug] &amp#27;[35m[ADB]&amp#27;[39m Running '/Users/arjunmac/Library/Android/sdk/platform-tools/adb -P 5037 -s emulator-5554 shell "[ -e '/sdcard/df2b72e8.mp4' ] && echo __PASS__"'
&amp#27;[35m[HTTP]&amp#27;[39m &amp#27;[37m-->&amp#27;[39m &amp#27;[37mPOST&amp#27;[39m &amp#27;[37m/wd/hub/session/17876c65-bd2d-4377-b322-9c9653165383/element&amp#27;[39m
&amp#27;[35m[HTTP]&amp#27;[39m &amp#27;[90m{"using":"xpath","value":"/hierarchy/android.widget.FrameLayout/android.widget.FrameLayout/android.view.ViewGroup/android.widget.LinearLayout/android.widget.LinearLayout/android.widget.TextView[2]"}&amp#27;[39m
[debug] &amp#27;[35m[W3C (17876c65)]&amp#27;[39m Calling AppiumDriver.findElement() with args: ["xpath","/hierarchy/android.widget.FrameLayout/android.widget.FrameLayout/android.view.ViewGroup/android.widget.LinearLayout/android.widget.LinearLayout/android.widget.TextView[2]","17876c65-bd2d-4377-b322-9c9653165383"]
[debug] &amp#27;[35m[BaseDriver]&amp#27;[39m Valid locator strategies for this request: xpath, id, class name, accessibility id, css selector, -android uiautomator
[debug] &amp#27;[35m[BaseDriver]&amp#27;[39m Waiting up to 0 ms for condition
[debug] &amp#27;[35m[WD Proxy]&amp#27;[39m Matched '/element' to command name 'findElement'
[debug] &amp#27;[35m[WD Proxy]&amp#27;[39m Proxying [POST /element] to [POST http://127.0.0.1:10000/wd/hub/session/b6b613ea-c9d6-4373-8504-6b49cca35dae/element] with body: {"strategy":"xpath","selector":"/hierarchy/android.widget.FrameLayout/android.widget.FrameLayout/android.view.ViewGroup/android.widget.LinearLayout/android.widget.LinearLayout/android.widget.TextView[2]","context":"","multiple":false}
[debug] &amp#27;[35m[AndroidDriver]&amp#27;[39m The overall screen recording duration is 6s so far
[debug] &amp#27;[35m[AndroidDriver]&amp#27;[39m Starting the next 174s-chunk of screen recording in order to achieve 180s total duration
[debug] &amp#27;[35m[ADB]&amp#27;[39m Building screenrecord process with the command line: adb -P 5037 -s emulator-5554 shell screenrecord --time-limit 174 /sdcard/37073481.mp4
[debug] &amp#27;[35m[ADB]&amp#27;[39m Running '/Users/arjunmac/Library/Android/sdk/platform-tools/adb -P 5037 -s emulator-5554 shell "[ -e '/sdcard/37073481.mp4' ] && echo __PASS__"'
&amp#27;[35m[WD Proxy]&amp#27;[39m Got response with status 404: {"sessionId":"b6b613ea-c9d6-4373-8504-6b49cca35dae","value":{"error":"no such element","message":"An element could not be located on the page using the given search parameters","stacktrace":"io.appium.uiautomator2.common.exceptions.ElementNotFoundException: An element could not be located on the page using the given search parameters\n\tat io.appium.uiautomator2.handler.FindElement.findElement(FindElement.java:89)\n\tat io.appium.uiautomator2.handler.FindElement.safeHandle(FindElement.java:66)\n\tat io.appium.uiautomator2.handler.request.SafeRequestHandler.handle(SafeRequestHandler.java:41)\n\tat io.appium.uiautomator2.server.AppiumServlet.handleRequest(AppiumServlet.java:262)\n\tat io.appium.uiautomator2.server.AppiumServlet.handleHttpRequest(AppiumServlet.java:256)\n\tat io.appium.uiautomator2.http.ServerHandler.channelRead(ServerHandler.java:68)\n\tat io.netty.channel.AbstractChannelHandlerContext.invokeChannelRead(AbstractChannelHandlerContext.java:366)\n\tat io.netty.channel.AbstractChannelHandlerCont...
[debug] &amp#27;[35m[W3C]&amp#27;[39m Matched W3C error code 'no such element' to NoSuchElementError
[debug] &amp#27;[35m[W3C (17876c65)]&amp#27;[39m Encountered internal error running command: NoSuchElementError: An element could not be located on the page using the given search parameters.
[debug] &amp#27;[35m[W3C (17876c65)]&amp#27;[39m     at AndroidUiautomator2Driver.findElOrEls (/usr/local/lib/node_modules/appium/node_modules/appium-android-driver/lib/commands/find.js:75:11)
[debug] &amp#27;[35m[W3C (17876c65)]&amp#27;[39m     at runMicrotasks (<anonymous>)
[debug] &amp#27;[35m[W3C (17876c65)]&amp#27;[39m     at processTicksAndRejections (node:internal/process/task_queues:96:5)
[debug] &amp#27;[35m[W3C (17876c65)]&amp#27;[39m     at AndroidUiautomator2Driver.findElOrElsWithProcessing (/usr/local/lib/node_modules/appium/node_modules/appium-base-driver/lib/basedriver/commands/find.js:33:12)
[debug] &amp#27;[35m[W3C (17876c65)]&amp#27;[39m     at AndroidUiautomator2Driver.findElement (/usr/local/lib/node_modules/appium/node_modules/appium-base-driver/lib/basedriver/commands/find.js:53:10)
&amp#27;[35m[HTTP]&amp#27;[39m &amp#27;[37m<-- POST /wd/hub/session/17876c65-bd2d-4377-b322-9c9653165383/element &amp#27;[39m&amp#27;[33m404&amp#27;[39m &amp#27;[90m58 ms - 818&amp#27;[39m
&amp#27;[35m[HTTP]&amp#27;[39m &amp#27;[90m&amp#27;[39m
[debug] &amp#27;[35m[ADB]&amp#27;[39m Running '/Users/arjunmac/Library/Android/sdk/platform-tools/adb -P 5037 -s emulator-5554 shell "[ -e '/sdcard/37656af6.mp4' ] && echo __PASS__"'
[debug] &amp#27;[35m[AndroidDriver]&amp#27;[39m The overall screen recording duration is 6s so far
[debug] &amp#27;[35m[AndroidDriver]&amp#27;[39m Starting the next 174s-chunk of screen recording in order to achieve 180s total duration
[debug] &amp#27;[35m[ADB]&amp#27;[39m Building screenrecord process with the command line: adb -P 5037 -s emulator-5554 shell screenrecord --time-limit 174 /sdcard/5f5f9c1f.mp4
[debug] &amp#27;[35m[ADB]&amp#27;[39m Running '/Users/arjunmac/Library/Android/sdk/platform-tools/adb -P 5037 -s emulator-5554 shell "[ -e '/sdcard/5f5f9c1f.mp4' ] && echo __PASS__"'
[debug] &amp#27;[35m[ADB]&amp#27;[39m Running '/Users/arjunmac/Library/Android/sdk/platform-tools/adb -P 5037 -s emulator-5554 shell "[ -e '/sdcard/c87a288f.mp4' ] && echo __PASS__"'
[debug] &amp#27;[35m[AndroidDriver]&amp#27;[39m The overall screen recording duration is 6s so far
[debug] &amp#27;[35m[AndroidDriver]&amp#27;[39m Starting the next 174s-chunk of screen recording in order to achieve 180s total duration
[debug] &amp#27;[35m[ADB]&amp#27;[39m Building screenrecord process with the command line: adb -P 5037 -s emulator-5554 shell screenrecord --time-limit 174 /sdcard/cecda3d7.mp4
[debug] &amp#27;[35m[ADB]&amp#27;[39m Running '/Users/arjunmac/Library/Android/sdk/platform-tools/adb -P 5037 -s emulator-5554 shell "[ -e '/sdcard/630d1a2d.mp4' ] && echo __PASS__"'
[debug] &amp#27;[35m[ADB]&amp#27;[39m Running '/Users/arjunmac/Library/Android/sdk/platform-tools/adb -P 5037 -s emulator-5554 shell "[ -e '/sdcard/cecda3d7.mp4' ] && echo __PASS__"'
[debug] &amp#27;[35m[AndroidDriver]&amp#27;[39m The overall screen recording duration is 6s so far
[debug] &amp#27;[35m[AndroidDriver]&amp#27;[39m Starting the next 174s-chunk of screen recording in order to achieve 180s total duration
[debug] &amp#27;[35m[ADB]&amp#27;[39m Building screenrecord process with the command line: adb -P 5037 -s emulator-5554 shell screenrecord --time-limit 174 /sdcard/7a30d507.mp4
[debug] &amp#27;[35m[ADB]&amp#27;[39m Running '/Users/arjunmac/Library/Android/sdk/platform-tools/adb -P 5037 -s emulator-5554 shell "[ -e '/sdcard/7a30d507.mp4' ] && echo __PASS__"'
[debug] &amp#27;[35m[ADB]&amp#27;[39m Running '/Users/arjunmac/Library/Android/sdk/platform-tools/adb -P 5037 -s emulator-5554 shell "[ -e '/sdcard/9d03c86b.mp4' ] && echo __PASS__"'
[debug] &amp#27;[35m[AndroidDriver]&amp#27;[39m The overall screen recording duration is 6s so far
[debug] &amp#27;[35m[AndroidDriver]&amp#27;[39m Starting the next 174s-chunk of screen recording in order to achieve 180s total duration
[debug] &amp#27;[35m[ADB]&amp#27;[39m Building screenrecord process with the command line: adb -P 5037 -s emulator-5554 shell screenrecord --time-limit 174 /sdcard/14ecf175.mp4
[debug] &amp#27;[35m[ADB]&amp#27;[39m Running '/Users/arjunmac/Library/Android/sdk/platform-tools/adb -P 5037 -s emulator-5554 shell "[ -e '/sdcard/14ecf175.mp4' ] && echo __PASS__"'
[debug] &amp#27;[35m[ADB]&amp#27;[39m Running '/Users/arjunmac/Library/Android/sdk/platform-tools/adb -P 5037 -s emulator-5554 shell "[ -e '/sdcard/37073481.mp4' ] && echo __PASS__"'
[debug] &amp#27;[35m[AndroidDriver]&amp#27;[39m The overall screen recording duration is 6s so far
[debug] &amp#27;[35m[AndroidDriver]&amp#27;[39m Starting the next 174s-chunk of screen recording in order to achieve 180s total duration
[debug] &amp#27;[35m[ADB]&amp#27;[39m Building screenrecord process with the command line: adb -P 5037 -s emulator-5554 shell screenrecord --time-limit 174 /sdcard/2303a629.mp4
[debug] &amp#27;[35m[ADB]&amp#27;[39m Running '/Users/arjunmac/Library/Android/sdk/platform-tools/adb -P 5037 -s emulator-5554 shell "[ -e '/sdcard/2303a629.mp4' ] && echo __PASS__"'
[debug] &amp#27;[35m[ADB]&amp#27;[39m Running '/Users/arjunmac/Library/Android/sdk/platform-tools/adb -P 5037 -s emulator-5554 shell "[ -e '/sdcard/5f5f9c1f.mp4' ] && echo __PASS__"'
[debug] &amp#27;[35m[AndroidDriver]&amp#27;[39m The overall screen recording duration is 6s so far
[debug] &amp#27;[35m[AndroidDriver]&amp#27;[39m Starting the next 174s-chunk of screen recording in order to achieve 180s total duration
[debug] &amp#27;[35m[ADB]&amp#27;[39m Building screenrecord process with the command line: adb -P 5037 -s emulator-5554 shell screenrecord --time-limit 174 /sdcard/e59049cc.mp4
[debug] &amp#27;[35m[ADB]&amp#27;[39m Running '/Users/arjunmac/Library/Android/sdk/platform-tools/adb -P 5037 -s emulator-5554 shell "[ -e '/sdcard/e59049cc.mp4' ] && echo __PASS__"'
[debug] &amp#27;[35m[ADB]&amp#27;[39m Running '/Users/arjunmac/Library/Android/sdk/platform-tools/adb -P 5037 -s emulator-5554 shell "[ -e '/sdcard/cecda3d7.mp4' ] && echo __PASS__"'
&amp#27;[35m[HTTP]&amp#27;[39m &amp#27;[37m-->&amp#27;[39m &amp#27;[37mGET&amp#27;[39m &amp#27;[37m/wd/hub/session/17876c65-bd2d-4377-b322-9c9653165383/context&amp#27;[39m
&amp#27;[35m[HTTP]&amp#27;[39m &amp#27;[90m{}&amp#27;[39m
[debug] &amp#27;[35m[W3C (17876c65)]&amp#27;[39m Calling AppiumDriver.getCurrentContext() with args: ["17876c65-bd2d-4377-b322-9c9653165383"]
[debug] &amp#27;[35m[W3C (17876c65)]&amp#27;[39m Responding to client with driver.getCurrentContext() result: "NATIVE_APP"
&amp#27;[35m[HTTP]&amp#27;[39m &amp#27;[37m<-- GET /wd/hub/session/17876c65-bd2d-4377-b322-9c9653165383/context &amp#27;[39m&amp#27;[32m200&amp#27;[39m &amp#27;[90m2 ms - 22&amp#27;[39m
&amp#27;[35m[HTTP]&amp#27;[39m &amp#27;[90m&amp#27;[39m
&amp#27;[35m[HTTP]&amp#27;[39m &amp#27;[37m-->&amp#27;[39m &amp#27;[37mPOST&amp#27;[39m &amp#27;[37m/wd/hub/session/17876c65-bd2d-4377-b322-9c9653165383/element&amp#27;[39m
&amp#27;[35m[HTTP]&amp#27;[39m &amp#27;[90m{"using":"xpath","value":"/hierarchy/android.widget.FrameLayout/android.widget.FrameLayout/android.view.ViewGroup/android.widget.LinearLayout/android.widget.LinearLayout/android.widget.TextView[2]"}&amp#27;[39m
[debug] &amp#27;[35m[W3C (17876c65)]&amp#27;[39m Calling AppiumDriver.findElement() with args: ["xpath","/hierarchy/android.widget.FrameLayout/android.widget.FrameLayout/android.view.ViewGroup/android.widget.LinearLayout/android.widget.LinearLayout/android.widget.TextView[2]","17876c65-bd2d-4377-b322-9c9653165383"]
[debug] &amp#27;[35m[BaseDriver]&amp#27;[39m Valid locator strategies for this request: xpath, id, class name, accessibility id, css selector, -android uiautomator
[debug] &amp#27;[35m[BaseDriver]&amp#27;[39m Waiting up to 0 ms for condition
[debug] &amp#27;[35m[WD Proxy]&amp#27;[39m Matched '/element' to command name 'findElement'
[debug] &amp#27;[35m[WD Proxy]&amp#27;[39m Proxying [POST /element] to [POST http://127.0.0.1:10000/wd/hub/session/b6b613ea-c9d6-4373-8504-6b49cca35dae/element] with body: {"strategy":"xpath","selector":"/hierarchy/android.widget.FrameLayout/android.widget.FrameLayout/android.view.ViewGroup/android.widget.LinearLayout/android.widget.LinearLayout/android.widget.TextView[2]","context":"","multiple":false}
[debug] &amp#27;[35m[AndroidDriver]&amp#27;[39m The overall screen recording duration is 6s so far
[debug] &amp#27;[35m[AndroidDriver]&amp#27;[39m Starting the next 174s-chunk of screen recording in order to achieve 180s total duration
[debug] &amp#27;[35m[ADB]&amp#27;[39m Building screenrecord process with the command line: adb -P 5037 -s emulator-5554 shell screenrecord --time-limit 174 /sdcard/fc837620.mp4
&amp#27;[35m[WD Proxy]&amp#27;[39m Got response with status 404: {"sessionId":"b6b613ea-c9d6-4373-8504-6b49cca35dae","value":{"error":"no such element","message":"An element could not be located on the page using the given search parameters","stacktrace":"io.appium.uiautomator2.common.exceptions.ElementNotFoundException: An element could not be located on the page using the given search parameters\n\tat io.appium.uiautomator2.handler.FindElement.findElement(FindElement.java:89)\n\tat io.appium.uiautomator2.handler.FindElement.safeHandle(FindElement.java:66)\n\tat io.appium.uiautomator2.handler.request.SafeRequestHandler.handle(SafeRequestHandler.java:41)\n\tat io.appium.uiautomator2.server.AppiumServlet.handleRequest(AppiumServlet.java:262)\n\tat io.appium.uiautomator2.server.AppiumServlet.handleHttpRequest(AppiumServlet.java:256)\n\tat io.appium.uiautomator2.http.ServerHandler.channelRead(ServerHandler.java:68)\n\tat io.netty.channel.AbstractChannelHandlerContext.invokeChannelRead(AbstractChannelHandlerContext.java:366)\n\tat io.netty.channel.AbstractChannelHandlerCont...
[debug] &amp#27;[35m[W3C]&amp#27;[39m Matched W3C error code 'no such element' to NoSuchElementError
[debug] &amp#27;[35m[ADB]&amp#27;[39m Running '/Users/arjunmac/Library/Android/sdk/platform-tools/adb -P 5037 -s emulator-5554 shell "[ -e '/sdcard/fc837620.mp4' ] && echo __PASS__"'
[debug] &amp#27;[35m[W3C (17876c65)]&amp#27;[39m Encountered internal error running command: NoSuchElementError: An element could not be located on the page using the given search parameters.
[debug] &amp#27;[35m[W3C (17876c65)]&amp#27;[39m     at AndroidUiautomator2Driver.findElOrEls (/usr/local/lib/node_modules/appium/node_modules/appium-android-driver/lib/commands/find.js:75:11)
[debug] &amp#27;[35m[W3C (17876c65)]&amp#27;[39m     at runMicrotasks (<anonymous>)
[debug] &amp#27;[35m[W3C (17876c65)]&amp#27;[39m     at processTicksAndRejections (node:internal/process/task_queues:96:5)
[debug] &amp#27;[35m[W3C (17876c65)]&amp#27;[39m     at AndroidUiautomator2Driver.findElOrElsWithProcessing (/usr/local/lib/node_modules/appium/node_modules/appium-base-driver/lib/basedriver/commands/find.js:33:12)
[debug] &amp#27;[35m[W3C (17876c65)]&amp#27;[39m     at AndroidUiautomator2Driver.findElement (/usr/local/lib/node_modules/appium/node_modules/appium-base-driver/lib/basedriver/commands/find.js:53:10)
&amp#27;[35m[HTTP]&amp#27;[39m &amp#27;[37m<-- POST /wd/hub/session/17876c65-bd2d-4377-b322-9c9653165383/element &amp#27;[39m&amp#27;[33m404&amp#27;[39m &amp#27;[90m50 ms - 818&amp#27;[39m
&amp#27;[35m[HTTP]&amp#27;[39m &amp#27;[90m&amp#27;[39m
[debug] &amp#27;[35m[ADB]&amp#27;[39m Running '/Users/arjunmac/Library/Android/sdk/platform-tools/adb -P 5037 -s emulator-5554 shell "[ -e '/sdcard/7a30d507.mp4' ] && echo __PASS__"'
[debug] &amp#27;[35m[ADB]&amp#27;[39m Running '/Users/arjunmac/Library/Android/sdk/platform-tools/adb -P 5037 -s emulator-5554 shell "[ -e '/sdcard/14ecf175.mp4' ] && echo __PASS__"'
[debug] &amp#27;[35m[AndroidDriver]&amp#27;[39m The overall screen recording duration is 6s so far
[debug] &amp#27;[35m[AndroidDriver]&amp#27;[39m Starting the next 174s-chunk of screen recording in order to achieve 180s total duration
[debug] &amp#27;[35m[ADB]&amp#27;[39m Building screenrecord process with the command line: adb -P 5037 -s emulator-5554 shell screenrecord --time-limit 174 /sdcard/91a82097.mp4
[debug] &amp#27;[35m[ADB]&amp#27;[39m Running '/Users/arjunmac/Library/Android/sdk/platform-tools/adb -P 5037 -s emulator-5554 shell "[ -e '/sdcard/91a82097.mp4' ] && echo __PASS__"'
[debug] &amp#27;[35m[ADB]&amp#27;[39m Running '/Users/arjunmac/Library/Android/sdk/platform-tools/adb -P 5037 -s emulator-5554 shell "[ -e '/sdcard/2303a629.mp4' ] && echo __PASS__"'
[debug] &amp#27;[35m[AndroidDriver]&amp#27;[39m The overall screen recording duration is 6s so far
[debug] &amp#27;[35m[AndroidDriver]&amp#27;[39m Starting the next 174s-chunk of screen recording in order to achieve 180s total duration
[debug] &amp#27;[35m[ADB]&amp#27;[39m Building screenrecord process with the command line: adb -P 5037 -s emulator-5554 shell screenrecord --time-limit 174 /sdcard/4620712f.mp4
[debug] &amp#27;[35m[ADB]&amp#27;[39m Running '/Users/arjunmac/Library/Android/sdk/platform-tools/adb -P 5037 -s emulator-5554 shell "[ -e '/sdcard/4620712f.mp4' ] && echo __PASS__"'
[debug] &amp#27;[35m[ADB]&amp#27;[39m Running '/Users/arjunmac/Library/Android/sdk/platform-tools/adb -P 5037 -s emulator-5554 shell "[ -e '/sdcard/e59049cc.mp4' ] && echo __PASS__"'
[debug] &amp#27;[35m[AndroidDriver]&amp#27;[39m The overall screen recording duration is 6s so far
[debug] &amp#27;[35m[AndroidDriver]&amp#27;[39m Starting the next 174s-chunk of screen recording in order to achieve 180s total duration
[debug] &amp#27;[35m[ADB]&amp#27;[39m Building screenrecord process with the command line: adb -P 5037 -s emulator-5554 shell screenrecord --time-limit 174 /sdcard/9e2d33d3.mp4
[debug] &amp#27;[35m[ADB]&amp#27;[39m Running '/Users/arjunmac/Library/Android/sdk/platform-tools/adb -P 5037 -s emulator-5554 shell "[ -e '/sdcard/9e2d33d3.mp4' ] && echo __PASS__"'
[debug] &amp#27;[35m[ADB]&amp#27;[39m Running '/Users/arjunmac/Library/Android/sdk/platform-tools/adb -P 5037 -s emulator-5554 shell "[ -e '/sdcard/fc837620.mp4' ] && echo __PASS__"'
[debug] &amp#27;[35m[AndroidDriver]&amp#27;[39m The overall screen recording duration is 6s so far
[debug] &amp#27;[35m[AndroidDriver]&amp#27;[39m Starting the next 174s-chunk of screen recording in order to achieve 180s total duration
[debug] &amp#27;[35m[ADB]&amp#27;[39m Building screenrecord process with the command line: adb -P 5037 -s emulator-5554 shell screenrecord --time-limit 174 /sdcard/02bd4081.mp4
[debug] &amp#27;[35m[ADB]&amp#27;[39m Running '/Users/arjunmac/Library/Android/sdk/platform-tools/adb -P 5037 -s emulator-5554 shell "[ -e '/sdcard/02bd4081.mp4' ] && echo __PASS__"'
[debug] &amp#27;[35m[AndroidDriver]&amp#27;[39m The overall screen recording duration is 7s so far
[debug] &amp#27;[35m[AndroidDriver]&amp#27;[39m Starting the next 173s-chunk of screen recording in order to achieve 180s total duration
[debug] &amp#27;[35m[ADB]&amp#27;[39m Building screenrecord process with the command line: adb -P 5037 -s emulator-5554 shell screenrecord --time-limit 173 /sdcard/9207d8b6.mp4
[debug] &amp#27;[35m[ADB]&amp#27;[39m Running '/Users/arjunmac/Library/Android/sdk/platform-tools/adb -P 5037 -s emulator-5554 shell "[ -e '/sdcard/9207d8b6.mp4' ] && echo __PASS__"'
[debug] &amp#27;[35m[ADB]&amp#27;[39m Running '/Users/arjunmac/Library/Android/sdk/platform-tools/adb -P 5037 -s emulator-5554 shell "[ -e '/sdcard/91a82097.mp4' ] && echo __PASS__"'
[debug] &amp#27;[35m[ADB]&amp#27;[39m Running '/Users/arjunmac/Library/Android/sdk/platform-tools/adb -P 5037 -s emulator-5554 shell "[ -e '/sdcard/4620712f.mp4' ] && echo __PASS__"'
[debug] &amp#27;[35m[AndroidDriver]&amp#27;[39m The overall screen recording duration is 7s so far
[debug] &amp#27;[35m[AndroidDriver]&amp#27;[39m Starting the next 173s-chunk of screen recording in order to achieve 180s total duration
[debug] &amp#27;[35m[ADB]&amp#27;[39m Building screenrecord process with the command line: adb -P 5037 -s emulator-5554 shell screenrecord --time-limit 173 /sdcard/ce29e0e5.mp4
[debug] &amp#27;[35m[ADB]&amp#27;[39m Running '/Users/arjunmac/Library/Android/sdk/platform-tools/adb -P 5037 -s emulator-5554 shell "[ -e '/sdcard/ce29e0e5.mp4' ] && echo __PASS__"'
&amp#27;[35m[HTTP]&amp#27;[39m &amp#27;[37m-->&amp#27;[39m &amp#27;[37mPOST&amp#27;[39m &amp#27;[37m/wd/hub/session/17876c65-bd2d-4377-b322-9c9653165383/element&amp#27;[39m
&amp#27;[35m[HTTP]&amp#27;[39m &amp#27;[90m{"using":"xpath","value":"/hierarchy/android.widget.FrameLayout/android.widget.FrameLayout/android.view.ViewGroup/android.widget.LinearLayout/android.widget.LinearLayout/android.widget.TextView[2]"}&amp#27;[39m
[debug] &amp#27;[35m[W3C (17876c65)]&amp#27;[39m Calling AppiumDriver.findElement() with args: ["xpath","/hierarchy/android.widget.FrameLayout/android.widget.FrameLayout/android.view.ViewGroup/android.widget.LinearLayout/android.widget.LinearLayout/android.widget.TextView[2]","17876c65-bd2d-4377-b322-9c9653165383"]
[debug] &amp#27;[35m[BaseDriver]&amp#27;[39m Valid locator strategies for this request: xpath, id, class name, accessibility id, css selector, -android uiautomator
[debug] &amp#27;[35m[BaseDriver]&amp#27;[39m Waiting up to 0 ms for condition
[debug] &amp#27;[35m[WD Proxy]&amp#27;[39m Matched '/element' to command name 'findElement'
[debug] &amp#27;[35m[WD Proxy]&amp#27;[39m Proxying [POST /element] to [POST http://127.0.0.1:10000/wd/hub/session/b6b613ea-c9d6-4373-8504-6b49cca35dae/element] with body: {"strategy":"xpath","selector":"/hierarchy/android.widget.FrameLayout/android.widget.FrameLayout/android.view.ViewGroup/android.widget.LinearLayout/android.widget.LinearLayout/android.widget.TextView[2]","context":"","multiple":false}
&amp#27;[35m[WD Proxy]&amp#27;[39m Got response with status 404: {"sessionId":"b6b613ea-c9d6-4373-8504-6b49cca35dae","value":{"error":"no such element","message":"An element could not be located on the page using the given search parameters","stacktrace":"io.appium.uiautomator2.common.exceptions.ElementNotFoundException: An element could not be located on the page using the given search parameters\n\tat io.appium.uiautomator2.handler.FindElement.findElement(FindElement.java:89)\n\tat io.appium.uiautomator2.handler.FindElement.safeHandle(FindElement.java:66)\n\tat io.appium.uiautomator2.handler.request.SafeRequestHandler.handle(SafeRequestHandler.java:41)\n\tat io.appium.uiautomator2.server.AppiumServlet.handleRequest(AppiumServlet.java:262)\n\tat io.appium.uiautomator2.server.AppiumServlet.handleHttpRequest(AppiumServlet.java:256)\n\tat io.appium.uiautomator2.http.ServerHandler.channelRead(ServerHandler.java:68)\n\tat io.netty.channel.AbstractChannelHandlerContext.invokeChannelRead(AbstractChannelHandlerContext.java:366)\n\tat io.netty.channel.AbstractChannelHandlerCont...
[debug] &amp#27;[35m[W3C]&amp#27;[39m Matched W3C error code 'no such element' to NoSuchElementError
[debug] &amp#27;[35m[W3C (17876c65)]&amp#27;[39m Encountered internal error running command: NoSuchElementError: An element could not be located on the page using the given search parameters.
[debug] &amp#27;[35m[W3C (17876c65)]&amp#27;[39m     at AndroidUiautomator2Driver.findElOrEls (/usr/local/lib/node_modules/appium/node_modules/appium-android-driver/lib/commands/find.js:75:11)
[debug] &amp#27;[35m[W3C (17876c65)]&amp#27;[39m     at runMicrotasks (<anonymous>)
[debug] &amp#27;[35m[W3C (17876c65)]&amp#27;[39m     at processTicksAndRejections (node:internal/process/task_queues:96:5)
[debug] &amp#27;[35m[W3C (17876c65)]&amp#27;[39m     at AndroidUiautomator2Driver.findElOrElsWithProcessing (/usr/local/lib/node_modules/appium/node_modules/appium-base-driver/lib/basedriver/commands/find.js:33:12)
[debug] &amp#27;[35m[W3C (17876c65)]&amp#27;[39m     at AndroidUiautomator2Driver.findElement (/usr/local/lib/node_modules/appium/node_modules/appium-base-driver/lib/basedriver/commands/find.js:53:10)
&amp#27;[35m[HTTP]&amp#27;[39m &amp#27;[37m<-- POST /wd/hub/session/17876c65-bd2d-4377-b322-9c9653165383/element &amp#27;[39m&amp#27;[33m404&amp#27;[39m &amp#27;[90m40 ms - 818&amp#27;[39m
&amp#27;[35m[HTTP]&amp#27;[39m &amp#27;[90m&amp#27;[39m
[debug] &amp#27;[35m[ADB]&amp#27;[39m Running '/Users/arjunmac/Library/Android/sdk/platform-tools/adb -P 5037 -s emulator-5554 shell "[ -e '/sdcard/9e2d33d3.mp4' ] && echo __PASS__"'
[debug] &amp#27;[35m[AndroidDriver]&amp#27;[39m The overall screen recording duration is 7s so far
[debug] &amp#27;[35m[AndroidDriver]&amp#27;[39m Starting the next 173s-chunk of screen recording in order to achieve 180s total duration
[debug] &amp#27;[35m[ADB]&amp#27;[39m Building screenrecord process with the command line: adb -P 5037 -s emulator-5554 shell screenrecord --time-limit 173 /sdcard/b48e18e2.mp4
[debug] &amp#27;[35m[ADB]&amp#27;[39m Running '/Users/arjunmac/Library/Android/sdk/platform-tools/adb -P 5037 -s emulator-5554 shell "[ -e '/sdcard/b48e18e2.mp4' ] && echo __PASS__"'
[debug] &amp#27;[35m[ADB]&amp#27;[39m Running '/Users/arjunmac/Library/Android/sdk/platform-tools/adb -P 5037 -s emulator-5554 shell "[ -e '/sdcard/02bd4081.mp4' ] && echo __PASS__"'
[debug] &amp#27;[35m[AndroidDriver]&amp#27;[39m The overall screen recording duration is 7s so far
[debug] &amp#27;[35m[AndroidDriver]&amp#27;[39m Starting the next 173s-chunk of screen recording in order to achieve 180s total duration
[debug] &amp#27;[35m[ADB]&amp#27;[39m Building screenrecord process with the command line: adb -P 5037 -s emulator-5554 shell screenrecord --time-limit 173 /sdcard/decbda53.mp4
[debug] &amp#27;[35m[ADB]&amp#27;[39m Running '/Users/arjunmac/Library/Android/sdk/platform-tools/adb -P 5037 -s emulator-5554 shell "[ -e '/sdcard/decbda53.mp4' ] && echo __PASS__"'
[debug] &amp#27;[35m[ADB]&amp#27;[39m Running '/Users/arjunmac/Library/Android/sdk/platform-tools/adb -P 5037 -s emulator-5554 shell "[ -e '/sdcard/9207d8b6.mp4' ] && echo __PASS__"'
[debug] &amp#27;[35m[AndroidDriver]&amp#27;[39m The overall screen recording duration is 7s so far
[debug] &amp#27;[35m[AndroidDriver]&amp#27;[39m Starting the next 173s-chunk of screen recording in order to achieve 180s total duration
[debug] &amp#27;[35m[ADB]&amp#27;[39m Building screenrecord process with the command line: adb -P 5037 -s emulator-5554 shell screenrecord --time-limit 173 /sdcard/06479d03.mp4
[debug] &amp#27;[35m[ADB]&amp#27;[39m Running '/Users/arjunmac/Library/Android/sdk/platform-tools/adb -P 5037 -s emulator-5554 shell "[ -e '/sdcard/06479d03.mp4' ] && echo __PASS__"'
[debug] &amp#27;[35m[ADB]&amp#27;[39m Running '/Users/arjunmac/Library/Android/sdk/platform-tools/adb -P 5037 -s emulator-5554 shell "[ -e '/sdcard/ce29e0e5.mp4' ] && echo __PASS__"'
[debug] &amp#27;[35m[AndroidDriver]&amp#27;[39m The overall screen recording duration is 7s so far
[debug] &amp#27;[35m[AndroidDriver]&amp#27;[39m Starting the next 173s-chunk of screen recording in order to achieve 180s total duration
[debug] &amp#27;[35m[ADB]&amp#27;[39m Building screenrecord process with the command line: adb -P 5037 -s emulator-5554 shell screenrecord --time-limit 173 /sdcard/25972b69.mp4
[debug] &amp#27;[35m[ADB]&amp#27;[39m Running '/Users/arjunmac/Library/Android/sdk/platform-tools/adb -P 5037 -s emulator-5554 shell "[ -e '/sdcard/25972b69.mp4' ] && echo __PASS__"'
[debug] &amp#27;[35m[ADB]&amp#27;[39m Running '/Users/arjunmac/Library/Android/sdk/platform-tools/adb -P 5037 -s emulator-5554 shell "[ -e '/sdcard/b48e18e2.mp4' ] && echo __PASS__"'
[debug] &amp#27;[35m[AndroidDriver]&amp#27;[39m The overall screen recording duration is 7s so far
[debug] &amp#27;[35m[AndroidDriver]&amp#27;[39m Starting the next 173s-chunk of screen recording in order to achieve 180s total duration
[debug] &amp#27;[35m[ADB]&amp#27;[39m Building screenrecord process with the command line: adb -P 5037 -s emulator-5554 shell screenrecord --time-limit 173 /sdcard/ea1bc365.mp4
[debug] &amp#27;[35m[ADB]&amp#27;[39m Running '/Users/arjunmac/Library/Android/sdk/platform-tools/adb -P 5037 -s emulator-5554 shell "[ -e '/sdcard/decbda53.mp4' ] && echo __PASS__"'
[debug] &amp#27;[35m[ADB]&amp#27;[39m Running '/Users/arjunmac/Library/Android/sdk/platform-tools/adb -P 5037 -s emulator-5554 shell "[ -e '/sdcard/ea1bc365.mp4' ] && echo __PASS__"'
&amp#27;[35m[HTTP]&amp#27;[39m &amp#27;[37m-->&amp#27;[39m &amp#27;[37mPOST&amp#27;[39m &amp#27;[37m/wd/hub/session/17876c65-bd2d-4377-b322-9c9653165383/element&amp#27;[39m
&amp#27;[35m[HTTP]&amp#27;[39m &amp#27;[90m{"using":"xpath","value":"/hierarchy/android.widget.FrameLayout/android.widget.FrameLayout/android.view.ViewGroup/android.widget.LinearLayout/android.widget.LinearLayout/android.widget.TextView[2]"}&amp#27;[39m
[debug] &amp#27;[35m[W3C (17876c65)]&amp#27;[39m Calling AppiumDriver.findElement() with args: ["xpath","/hierarchy/android.widget.FrameLayout/android.widget.FrameLayout/android.view.ViewGroup/android.widget.LinearLayout/android.widget.LinearLayout/android.widget.TextView[2]","17876c65-bd2d-4377-b322-9c9653165383"]
[debug] &amp#27;[35m[BaseDriver]&amp#27;[39m Valid locator strategies for this request: xpath, id, class name, accessibility id, css selector, -android uiautomator
[debug] &amp#27;[35m[BaseDriver]&amp#27;[39m Waiting up to 0 ms for condition
[debug] &amp#27;[35m[WD Proxy]&amp#27;[39m Matched '/element' to command name 'findElement'
[debug] &amp#27;[35m[WD Proxy]&amp#27;[39m Proxying [POST /element] to [POST http://127.0.0.1:10000/wd/hub/session/b6b613ea-c9d6-4373-8504-6b49cca35dae/element] with body: {"strategy":"xpath","selector":"/hierarchy/android.widget.FrameLayout/android.widget.FrameLayout/android.view.ViewGroup/android.widget.LinearLayout/android.widget.LinearLayout/android.widget.TextView[2]","context":"","multiple":false}
[debug] &amp#27;[35m[AndroidDriver]&amp#27;[39m The overall screen recording duration is 7s so far
[debug] &amp#27;[35m[AndroidDriver]&amp#27;[39m Starting the next 173s-chunk of screen recording in order to achieve 180s total duration
[debug] &amp#27;[35m[ADB]&amp#27;[39m Building screenrecord process with the command line: adb -P 5037 -s emulator-5554 shell screenrecord --time-limit 173 /sdcard/61c6ac02.mp4
[debug] &amp#27;[35m[ADB]&amp#27;[39m Running '/Users/arjunmac/Library/Android/sdk/platform-tools/adb -P 5037 -s emulator-5554 shell "[ -e '/sdcard/61c6ac02.mp4' ] && echo __PASS__"'
[debug] &amp#27;[35m[ADB]&amp#27;[39m Running '/Users/arjunmac/Library/Android/sdk/platform-tools/adb -P 5037 -s emulator-5554 shell "[ -e '/sdcard/06479d03.mp4' ] && echo __PASS__"'
&amp#27;[35m[WD Proxy]&amp#27;[39m Got response with status 404: {"sessionId":"b6b613ea-c9d6-4373-8504-6b49cca35dae","value":{"error":"no such element","message":"An element could not be located on the page using the given search parameters","stacktrace":"io.appium.uiautomator2.common.exceptions.ElementNotFoundException: An element could not be located on the page using the given search parameters\n\tat io.appium.uiautomator2.handler.FindElement.findElement(FindElement.java:89)\n\tat io.appium.uiautomator2.handler.FindElement.safeHandle(FindElement.java:66)\n\tat io.appium.uiautomator2.handler.request.SafeRequestHandler.handle(SafeRequestHandler.java:41)\n\tat io.appium.uiautomator2.server.AppiumServlet.handleRequest(AppiumServlet.java:262)\n\tat io.appium.uiautomator2.server.AppiumServlet.handleHttpRequest(AppiumServlet.java:256)\n\tat io.appium.uiautomator2.http.ServerHandler.channelRead(ServerHandler.java:68)\n\tat io.netty.channel.AbstractChannelHandlerContext.invokeChannelRead(AbstractChannelHandlerContext.java:366)\n\tat io.netty.channel.AbstractChannelHandlerCont...
[debug] &amp#27;[35m[W3C]&amp#27;[39m Matched W3C error code 'no such element' to NoSuchElementError
[debug] &amp#27;[35m[W3C (17876c65)]&amp#27;[39m Encountered internal error running command: NoSuchElementError: An element could not be located on the page using the given search parameters.
[debug] &amp#27;[35m[W3C (17876c65)]&amp#27;[39m     at AndroidUiautomator2Driver.findElOrEls (/usr/local/lib/node_modules/appium/node_modules/appium-android-driver/lib/commands/find.js:75:11)
[debug] &amp#27;[35m[W3C (17876c65)]&amp#27;[39m     at runMicrotasks (<anonymous>)
[debug] &amp#27;[35m[W3C (17876c65)]&amp#27;[39m     at processTicksAndRejections (node:internal/process/task_queues:96:5)
[debug] &amp#27;[35m[W3C (17876c65)]&amp#27;[39m     at AndroidUiautomator2Driver.findElOrElsWithProcessing (/usr/local/lib/node_modules/appium/node_modules/appium-base-driver/lib/basedriver/commands/find.js:33:12)
[debug] &amp#27;[35m[W3C (17876c65)]&amp#27;[39m     at AndroidUiautomator2Driver.findElement (/usr/local/lib/node_modules/appium/node_modules/appium-base-driver/lib/basedriver/commands/find.js:53:10)
&amp#27;[35m[HTTP]&amp#27;[39m &amp#27;[37m<-- POST /wd/hub/session/17876c65-bd2d-4377-b322-9c9653165383/element &amp#27;[39m&amp#27;[33m404&amp#27;[39m &amp#27;[90m56 ms - 818&amp#27;[39m
&amp#27;[35m[HTTP]&amp#27;[39m &amp#27;[90m&amp#27;[39m
[debug] &amp#27;[35m[AndroidDriver]&amp#27;[39m The overall screen recording duration is 7s so far
[debug] &amp#27;[35m[AndroidDriver]&amp#27;[39m Starting the next 173s-chunk of screen recording in order to achieve 180s total duration
[debug] &amp#27;[35m[ADB]&amp#27;[39m Building screenrecord process with the command line: adb -P 5037 -s emulator-5554 shell screenrecord --time-limit 173 /sdcard/44d5e7b8.mp4
[debug] &amp#27;[35m[ADB]&amp#27;[39m Running '/Users/arjunmac/Library/Android/sdk/platform-tools/adb -P 5037 -s emulator-5554 shell "[ -e '/sdcard/44d5e7b8.mp4' ] && echo __PASS__"'
[debug] &amp#27;[35m[ADB]&amp#27;[39m Running '/Users/arjunmac/Library/Android/sdk/platform-tools/adb -P 5037 -s emulator-5554 shell "[ -e '/sdcard/25972b69.mp4' ] && echo __PASS__"'
[debug] &amp#27;[35m[AndroidDriver]&amp#27;[39m The overall screen recording duration is 7s so far
[debug] &amp#27;[35m[AndroidDriver]&amp#27;[39m Starting the next 173s-chunk of screen recording in order to achieve 180s total duration
[debug] &amp#27;[35m[ADB]&amp#27;[39m Building screenrecord process with the command line: adb -P 5037 -s emulator-5554 shell screenrecord --time-limit 173 /sdcard/e93d47cf.mp4
[debug] &amp#27;[35m[ADB]&amp#27;[39m Running '/Users/arjunmac/Library/Android/sdk/platform-tools/adb -P 5037 -s emulator-5554 shell "[ -e '/sdcard/e93d47cf.mp4' ] && echo __PASS__"'
[debug] &amp#27;[35m[ADB]&amp#27;[39m Running '/Users/arjunmac/Library/Android/sdk/platform-tools/adb -P 5037 -s emulator-5554 shell "[ -e '/sdcard/ea1bc365.mp4' ] && echo __PASS__"'
[debug] &amp#27;[35m[AndroidDriver]&amp#27;[39m The overall screen recording duration is 8s so far
[debug] &amp#27;[35m[AndroidDriver]&amp#27;[39m Starting the next 172s-chunk of screen recording in order to achieve 180s total duration
[debug] &amp#27;[35m[ADB]&amp#27;[39m Building screenrecord process with the command line: adb -P 5037 -s emulator-5554 shell screenrecord --time-limit 172 /sdcard/a9b1a4af.mp4
[debug] &amp#27;[35m[ADB]&amp#27;[39m Running '/Users/arjunmac/Library/Android/sdk/platform-tools/adb -P 5037 -s emulator-5554 shell "[ -e '/sdcard/a9b1a4af.mp4' ] && echo __PASS__"'
[debug] &amp#27;[35m[ADB]&amp#27;[39m Running '/Users/arjunmac/Library/Android/sdk/platform-tools/adb -P 5037 -s emulator-5554 shell "[ -e '/sdcard/61c6ac02.mp4' ] && echo __PASS__"'
[debug] &amp#27;[35m[AndroidDriver]&amp#27;[39m The overall screen recording duration is 8s so far
[debug] &amp#27;[35m[AndroidDriver]&amp#27;[39m Starting the next 172s-chunk of screen recording in order to achieve 180s total duration
[debug] &amp#27;[35m[ADB]&amp#27;[39m Building screenrecord process with the command line: adb -P 5037 -s emulator-5554 shell screenrecord --time-limit 172 /sdcard/73814797.mp4
[debug] &amp#27;[35m[ADB]&amp#27;[39m Running '/Users/arjunmac/Library/Android/sdk/platform-tools/adb -P 5037 -s emulator-5554 shell "[ -e '/sdcard/73814797.mp4' ] && echo __PASS__"'
[debug] &amp#27;[35m[ADB]&amp#27;[39m Running '/Users/arjunmac/Library/Android/sdk/platform-tools/adb -P 5037 -s emulator-5554 shell "[ -e '/sdcard/44d5e7b8.mp4' ] && echo __PASS__"'
[debug] &amp#27;[35m[AndroidDriver]&amp#27;[39m The overall screen recording duration is 8s so far
[debug] &amp#27;[35m[AndroidDriver]&amp#27;[39m Starting the next 172s-chunk of screen recording in order to achieve 180s total duration
[debug] &amp#27;[35m[ADB]&amp#27;[39m Building screenrecord process with the command line: adb -P 5037 -s emulator-5554 shell screenrecord --time-limit 172 /sdcard/ae2d04bb.mp4
[debug] &amp#27;[35m[ADB]&amp#27;[39m Running '/Users/arjunmac/Library/Android/sdk/platform-tools/adb -P 5037 -s emulator-5554 shell "[ -e '/sdcard/ae2d04bb.mp4' ] && echo __PASS__"'
&amp#27;[35m[HTTP]&amp#27;[39m &amp#27;[37m-->&amp#27;[39m &amp#27;[37mPOST&amp#27;[39m &amp#27;[37m/wd/hub/session/17876c65-bd2d-4377-b322-9c9653165383/element&amp#27;[39m
&amp#27;[35m[HTTP]&amp#27;[39m &amp#27;[90m{"using":"xpath","value":"/hierarchy/android.widget.FrameLayout/android.widget.FrameLayout/android.view.ViewGroup/android.widget.LinearLayout/android.widget.LinearLayout/android.widget.TextView[2]"}&amp#27;[39m
[debug] &amp#27;[35m[W3C (17876c65)]&amp#27;[39m Calling AppiumDriver.findElement() with args: ["xpath","/hierarchy/android.widget.FrameLayout/android.widget.FrameLayout/android.view.ViewGroup/android.widget.LinearLayout/android.widget.LinearLayout/android.widget.TextView[2]","17876c65-bd2d-4377-b322-9c9653165383"]
[debug] &amp#27;[35m[BaseDriver]&amp#27;[39m Valid locator strategies for this request: xpath, id, class name, accessibility id, css selector, -android uiautomator
[debug] &amp#27;[35m[BaseDriver]&amp#27;[39m Waiting up to 0 ms for condition
[debug] &amp#27;[35m[WD Proxy]&amp#27;[39m Matched '/element' to command name 'findElement'
[debug] &amp#27;[35m[WD Proxy]&amp#27;[39m Proxying [POST /element] to [POST http://127.0.0.1:10000/wd/hub/session/b6b613ea-c9d6-4373-8504-6b49cca35dae/element] with body: {"strategy":"xpath","selector":"/hierarchy/android.widget.FrameLayout/android.widget.FrameLayout/android.view.ViewGroup/android.widget.LinearLayout/android.widget.LinearLayout/android.widget.TextView[2]","context":"","multiple":false}
[debug] &amp#27;[35m[ADB]&amp#27;[39m Running '/Users/arjunmac/Library/Android/sdk/platform-tools/adb -P 5037 -s emulator-5554 shell "[ -e '/sdcard/e93d47cf.mp4' ] && echo __PASS__"'
&amp#27;[35m[WD Proxy]&amp#27;[39m Got response with status 404: {"sessionId":"b6b613ea-c9d6-4373-8504-6b49cca35dae","value":{"error":"no such element","message":"An element could not be located on the page using the given search parameters","stacktrace":"io.appium.uiautomator2.common.exceptions.ElementNotFoundException: An element could not be located on the page using the given search parameters\n\tat io.appium.uiautomator2.handler.FindElement.findElement(FindElement.java:89)\n\tat io.appium.uiautomator2.handler.FindElement.safeHandle(FindElement.java:66)\n\tat io.appium.uiautomator2.handler.request.SafeRequestHandler.handle(SafeRequestHandler.java:41)\n\tat io.appium.uiautomator2.server.AppiumServlet.handleRequest(AppiumServlet.java:262)\n\tat io.appium.uiautomator2.server.AppiumServlet.handleHttpRequest(AppiumServlet.java:256)\n\tat io.appium.uiautomator2.http.ServerHandler.channelRead(ServerHandler.java:68)\n\tat io.netty.channel.AbstractChannelHandlerContext.invokeChannelRead(AbstractChannelHandlerContext.java:366)\n\tat io.netty.channel.AbstractChannelHandlerCont...
[debug] &amp#27;[35m[W3C]&amp#27;[39m Matched W3C error code 'no such element' to NoSuchElementError
[debug] &amp#27;[35m[W3C (17876c65)]&amp#27;[39m Encountered internal error running command: NoSuchElementError: An element could not be located on the page using the given search parameters.
[debug] &amp#27;[35m[W3C (17876c65)]&amp#27;[39m     at AndroidUiautomator2Driver.findElOrEls (/usr/local/lib/node_modules/appium/node_modules/appium-android-driver/lib/commands/find.js:75:11)
[debug] &amp#27;[35m[W3C (17876c65)]&amp#27;[39m     at runMicrotasks (<anonymous>)
[debug] &amp#27;[35m[W3C (17876c65)]&amp#27;[39m     at processTicksAndRejections (node:internal/process/task_queues:96:5)
[debug] &amp#27;[35m[W3C (17876c65)]&amp#27;[39m     at AndroidUiautomator2Driver.findElOrElsWithProcessing (/usr/local/lib/node_modules/appium/node_modules/appium-base-driver/lib/basedriver/commands/find.js:33:12)
[debug] &amp#27;[35m[W3C (17876c65)]&amp#27;[39m     at AndroidUiautomator2Driver.findElement (/usr/local/lib/node_modules/appium/node_modules/appium-base-driver/lib/basedriver/commands/find.js:53:10)
&amp#27;[35m[HTTP]&amp#27;[39m &amp#27;[37m<-- POST /wd/hub/session/17876c65-bd2d-4377-b322-9c9653165383/element &amp#27;[39m&amp#27;[33m404&amp#27;[39m &amp#27;[90m47 ms - 818&amp#27;[39m
&amp#27;[35m[HTTP]&amp#27;[39m &amp#27;[90m&amp#27;[39m
[debug] &amp#27;[35m[AndroidDriver]&amp#27;[39m The overall screen recording duration is 8s so far
[debug] &amp#27;[35m[AndroidDriver]&amp#27;[39m Starting the next 172s-chunk of screen recording in order to achieve 180s total duration
[debug] &amp#27;[35m[ADB]&amp#27;[39m Building screenrecord process with the command line: adb -P 5037 -s emulator-5554 shell screenrecord --time-limit 172 /sdcard/a61aff3e.mp4
[debug] &amp#27;[35m[ADB]&amp#27;[39m Running '/Users/arjunmac/Library/Android/sdk/platform-tools/adb -P 5037 -s emulator-5554 shell "[ -e '/sdcard/a61aff3e.mp4' ] && echo __PASS__"'
[debug] &amp#27;[35m[ADB]&amp#27;[39m Running '/Users/arjunmac/Library/Android/sdk/platform-tools/adb -P 5037 -s emulator-5554 shell "[ -e '/sdcard/a9b1a4af.mp4' ] && echo __PASS__"'
[debug] &amp#27;[35m[AndroidDriver]&amp#27;[39m The overall screen recording duration is 8s so far
[debug] &amp#27;[35m[AndroidDriver]&amp#27;[39m Starting the next 172s-chunk of screen recording in order to achieve 180s total duration
[debug] &amp#27;[35m[ADB]&amp#27;[39m Building screenrecord process with the command line: adb -P 5037 -s emulator-5554 shell screenrecord --time-limit 172 /sdcard/5a6a7ae0.mp4
[debug] &amp#27;[35m[ADB]&amp#27;[39m Running '/Users/arjunmac/Library/Android/sdk/platform-tools/adb -P 5037 -s emulator-5554 shell "[ -e '/sdcard/5a6a7ae0.mp4' ] && echo __PASS__"'
[debug] &amp#27;[35m[ADB]&amp#27;[39m Running '/Users/arjunmac/Library/Android/sdk/platform-tools/adb -P 5037 -s emulator-5554 shell "[ -e '/sdcard/73814797.mp4' ] && echo __PASS__"'
[debug] &amp#27;[35m[AndroidDriver]&amp#27;[39m The overall screen recording duration is 8s so far
[debug] &amp#27;[35m[AndroidDriver]&amp#27;[39m Starting the next 172s-chunk of screen recording in order to achieve 180s total duration
[debug] &amp#27;[35m[ADB]&amp#27;[39m Building screenrecord process with the command line: adb -P 5037 -s emulator-5554 shell screenrecord --time-limit 172 /sdcard/da2e409f.mp4
[debug] &amp#27;[35m[ADB]&amp#27;[39m Running '/Users/arjunmac/Library/Android/sdk/platform-tools/adb -P 5037 -s emulator-5554 shell "[ -e '/sdcard/da2e409f.mp4' ] && echo __PASS__"'
[debug] &amp#27;[35m[ADB]&amp#27;[39m Running '/Users/arjunmac/Library/Android/sdk/platform-tools/adb -P 5037 -s emulator-5554 shell "[ -e '/sdcard/ae2d04bb.mp4' ] && echo __PASS__"'
[debug] &amp#27;[35m[AndroidDriver]&amp#27;[39m The overall screen recording duration is 8s so far
[debug] &amp#27;[35m[AndroidDriver]&amp#27;[39m Starting the next 172s-chunk of screen recording in order to achieve 180s total duration
[debug] &amp#27;[35m[ADB]&amp#27;[39m Building screenrecord process with the command line: adb -P 5037 -s emulator-5554 shell screenrecord --time-limit 172 /sdcard/1272b925.mp4
[debug] &amp#27;[35m[ADB]&amp#27;[39m Running '/Users/arjunmac/Library/Android/sdk/platform-tools/adb -P 5037 -s emulator-5554 shell "[ -e '/sdcard/1272b925.mp4' ] && echo __PASS__"'
[debug] &amp#27;[35m[ADB]&amp#27;[39m Running '/Users/arjunmac/Library/Android/sdk/platform-tools/adb -P 5037 -s emulator-5554 shell "[ -e '/sdcard/a61aff3e.mp4' ] && echo __PASS__"'
[debug] &amp#27;[35m[AndroidDriver]&amp#27;[39m The overall screen recording duration is 8s so far
[debug] &amp#27;[35m[AndroidDriver]&amp#27;[39m Starting the next 172s-chunk of screen recording in order to achieve 180s total duration
[debug] &amp#27;[35m[ADB]&amp#27;[39m Building screenrecord process with the command line: adb -P 5037 -s emulator-5554 shell screenrecord --time-limit 172 /sdcard/2a7b1cf6.mp4
[debug] &amp#27;[35m[ADB]&amp#27;[39m Running '/Users/arjunmac/Library/Android/sdk/platform-tools/adb -P 5037 -s emulator-5554 shell "[ -e '/sdcard/2a7b1cf6.mp4' ] && echo __PASS__"'
[debug] &amp#27;[35m[AndroidDriver]&amp#27;[39m The overall screen recording duration is 8s so far
[debug] &amp#27;[35m[AndroidDriver]&amp#27;[39m Starting the next 172s-chunk of screen recording in order to achieve 180s total duration
[debug] &amp#27;[35m[ADB]&amp#27;[39m Building screenrecord process with the command line: adb -P 5037 -s emulator-5554 shell screenrecord --time-limit 172 /sdcard/bcba62a4.mp4
[debug] &amp#27;[35m[ADB]&amp#27;[39m Running '/Users/arjunmac/Library/Android/sdk/platform-tools/adb -P 5037 -s emulator-5554 shell "[ -e '/sdcard/bcba62a4.mp4' ] && echo __PASS__"'
[debug] &amp#27;[35m[ADB]&amp#27;[39m Running '/Users/arjunmac/Library/Android/sdk/platform-tools/adb -P 5037 -s emulator-5554 shell "[ -e '/sdcard/5a6a7ae0.mp4' ] && echo __PASS__"'
&amp#27;[35m[HTTP]&amp#27;[39m &amp#27;[37m-->&amp#27;[39m &amp#27;[37mGET&amp#27;[39m &amp#27;[37m/wd/hub/session/17876c65-bd2d-4377-b322-9c9653165383/context&amp#27;[39m
&amp#27;[35m[HTTP]&amp#27;[39m &amp#27;[90m{}&amp#27;[39m
[debug] &amp#27;[35m[W3C (17876c65)]&amp#27;[39m Calling AppiumDriver.getCurrentContext() with args: ["17876c65-bd2d-4377-b322-9c9653165383"]
[debug] &amp#27;[35m[W3C (17876c65)]&amp#27;[39m Responding to client with driver.getCurrentContext() result: "NATIVE_APP"
&amp#27;[35m[HTTP]&amp#27;[39m &amp#27;[37m<-- GET /wd/hub/session/17876c65-bd2d-4377-b322-9c9653165383/context &amp#27;[39m&amp#27;[32m200&amp#27;[39m &amp#27;[90m1 ms - 22&amp#27;[39m
&amp#27;[35m[HTTP]&amp#27;[39m &amp#27;[90m&amp#27;[39m
&amp#27;[35m[HTTP]&amp#27;[39m &amp#27;[37m-->&amp#27;[39m &amp#27;[37mPOST&amp#27;[39m &amp#27;[37m/wd/hub/session/17876c65-bd2d-4377-b322-9c9653165383/element&amp#27;[39m
&amp#27;[35m[HTTP]&amp#27;[39m &amp#27;[90m{"using":"xpath","value":"/hierarchy/android.widget.FrameLayout/android.widget.FrameLayout/android.view.ViewGroup/android.widget.LinearLayout/android.widget.LinearLayout/android.widget.TextView[2]"}&amp#27;[39m
[debug] &amp#27;[35m[W3C (17876c65)]&amp#27;[39m Calling AppiumDriver.findElement() with args: ["xpath","/hierarchy/android.widget.FrameLayout/android.widget.FrameLayout/android.view.ViewGroup/android.widget.LinearLayout/android.widget.LinearLayout/android.widget.TextView[2]","17876c65-bd2d-4377-b322-9c9653165383"]
[debug] &amp#27;[35m[BaseDriver]&amp#27;[39m Valid locator strategies for this request: xpath, id, class name, accessibility id, css selector, -android uiautomator
[debug] &amp#27;[35m[BaseDriver]&amp#27;[39m Waiting up to 0 ms for condition
[debug] &amp#27;[35m[WD Proxy]&amp#27;[39m Matched '/element' to command name 'findElement'
[debug] &amp#27;[35m[WD Proxy]&amp#27;[39m Proxying [POST /element] to [POST http://127.0.0.1:10000/wd/hub/session/b6b613ea-c9d6-4373-8504-6b49cca35dae/element] with body: {"strategy":"xpath","selector":"/hierarchy/android.widget.FrameLayout/android.widget.FrameLayout/android.view.ViewGroup/android.widget.LinearLayout/android.widget.LinearLayout/android.widget.TextView[2]","context":"","multiple":false}
[debug] &amp#27;[35m[AndroidDriver]&amp#27;[39m The overall screen recording duration is 8s so far
[debug] &amp#27;[35m[AndroidDriver]&amp#27;[39m Starting the next 172s-chunk of screen recording in order to achieve 180s total duration
[debug] &amp#27;[35m[ADB]&amp#27;[39m Building screenrecord process with the command line: adb -P 5037 -s emulator-5554 shell screenrecord --time-limit 172 /sdcard/1d43c73e.mp4
[debug] &amp#27;[35m[ADB]&amp#27;[39m Running '/Users/arjunmac/Library/Android/sdk/platform-tools/adb -P 5037 -s emulator-5554 shell "[ -e '/sdcard/da2e409f.mp4' ] && echo __PASS__"'
[debug] &amp#27;[35m[ADB]&amp#27;[39m Running '/Users/arjunmac/Library/Android/sdk/platform-tools/adb -P 5037 -s emulator-5554 shell "[ -e '/sdcard/1d43c73e.mp4' ] && echo __PASS__"'
&amp#27;[35m[WD Proxy]&amp#27;[39m Got response with status 404: {"sessionId":"b6b613ea-c9d6-4373-8504-6b49cca35dae","value":{"error":"no such element","message":"An element could not be located on the page using the given search parameters","stacktrace":"io.appium.uiautomator2.common.exceptions.ElementNotFoundException: An element could not be located on the page using the given search parameters\n\tat io.appium.uiautomator2.handler.FindElement.findElement(FindElement.java:89)\n\tat io.appium.uiautomator2.handler.FindElement.safeHandle(FindElement.java:66)\n\tat io.appium.uiautomator2.handler.request.SafeRequestHandler.handle(SafeRequestHandler.java:41)\n\tat io.appium.uiautomator2.server.AppiumServlet.handleRequest(AppiumServlet.java:262)\n\tat io.appium.uiautomator2.server.AppiumServlet.handleHttpRequest(AppiumServlet.java:256)\n\tat io.appium.uiautomator2.http.ServerHandler.channelRead(ServerHandler.java:68)\n\tat io.netty.channel.AbstractChannelHandlerContext.invokeChannelRead(AbstractChannelHandlerContext.java:366)\n\tat io.netty.channel.AbstractChannelHandlerCont...
[debug] &amp#27;[35m[W3C]&amp#27;[39m Matched W3C error code 'no such element' to NoSuchElementError
[debug] &amp#27;[35m[W3C (17876c65)]&amp#27;[39m Encountered internal error running command: NoSuchElementError: An element could not be located on the page using the given search parameters.
[debug] &amp#27;[35m[W3C (17876c65)]&amp#27;[39m     at AndroidUiautomator2Driver.findElOrEls (/usr/local/lib/node_modules/appium/node_modules/appium-android-driver/lib/commands/find.js:75:11)
[debug] &amp#27;[35m[W3C (17876c65)]&amp#27;[39m     at runMicrotasks (<anonymous>)
[debug] &amp#27;[35m[W3C (17876c65)]&amp#27;[39m     at processTicksAndRejections (node:internal/process/task_queues:96:5)
[debug] &amp#27;[35m[W3C (17876c65)]&amp#27;[39m     at AndroidUiautomator2Driver.findElOrElsWithProcessing (/usr/local/lib/node_modules/appium/node_modules/appium-base-driver/lib/basedriver/commands/find.js:33:12)
[debug] &amp#27;[35m[W3C (17876c65)]&amp#27;[39m     at AndroidUiautomator2Driver.findElement (/usr/local/lib/node_modules/appium/node_modules/appium-base-driver/lib/basedriver/commands/find.js:53:10)
&amp#27;[35m[HTTP]&amp#27;[39m &amp#27;[37m<-- POST /wd/hub/session/17876c65-bd2d-4377-b322-9c9653165383/element &amp#27;[39m&amp#27;[33m404&amp#27;[39m &amp#27;[90m45 ms - 818&amp#27;[39m
&amp#27;[35m[HTTP]&amp#27;[39m &amp#27;[90m&amp#27;[39m
[debug] &amp#27;[35m[ADB]&amp#27;[39m Running '/Users/arjunmac/Library/Android/sdk/platform-tools/adb -P 5037 -s emulator-5554 shell "[ -e '/sdcard/1272b925.mp4' ] && echo __PASS__"'
[debug] &amp#27;[35m[AndroidDriver]&amp#27;[39m The overall screen recording duration is 8s so far
[debug] &amp#27;[35m[AndroidDriver]&amp#27;[39m Starting the next 172s-chunk of screen recording in order to achieve 180s total duration
[debug] &amp#27;[35m[ADB]&amp#27;[39m Building screenrecord process with the command line: adb -P 5037 -s emulator-5554 shell screenrecord --time-limit 172 /sdcard/4199912e.mp4
[debug] &amp#27;[35m[ADB]&amp#27;[39m Running '/Users/arjunmac/Library/Android/sdk/platform-tools/adb -P 5037 -s emulator-5554 shell "[ -e '/sdcard/4199912e.mp4' ] && echo __PASS__"'
[debug] &amp#27;[35m[ADB]&amp#27;[39m Running '/Users/arjunmac/Library/Android/sdk/platform-tools/adb -P 5037 -s emulator-5554 shell "[ -e '/sdcard/2a7b1cf6.mp4' ] && echo __PASS__"'
[debug] &amp#27;[35m[AndroidDriver]&amp#27;[39m The overall screen recording duration is 9s so far
[debug] &amp#27;[35m[AndroidDriver]&amp#27;[39m Starting the next 171s-chunk of screen recording in order to achieve 180s total duration
[debug] &amp#27;[35m[ADB]&amp#27;[39m Building screenrecord process with the command line: adb -P 5037 -s emulator-5554 shell screenrecord --time-limit 171 /sdcard/e2012481.mp4
[debug] &amp#27;[35m[ADB]&amp#27;[39m Running '/Users/arjunmac/Library/Android/sdk/platform-tools/adb -P 5037 -s emulator-5554 shell "[ -e '/sdcard/e2012481.mp4' ] && echo __PASS__"'
[debug] &amp#27;[35m[ADB]&amp#27;[39m Running '/Users/arjunmac/Library/Android/sdk/platform-tools/adb -P 5037 -s emulator-5554 shell "[ -e '/sdcard/bcba62a4.mp4' ] && echo __PASS__"'
[debug] &amp#27;[35m[AndroidDriver]&amp#27;[39m The overall screen recording duration is 9s so far
[debug] &amp#27;[35m[AndroidDriver]&amp#27;[39m Starting the next 171s-chunk of screen recording in order to achieve 180s total duration
[debug] &amp#27;[35m[ADB]&amp#27;[39m Building screenrecord process with the command line: adb -P 5037 -s emulator-5554 shell screenrecord --time-limit 171 /sdcard/86cd9c92.mp4
[debug] &amp#27;[35m[ADB]&amp#27;[39m Running '/Users/arjunmac/Library/Android/sdk/platform-tools/adb -P 5037 -s emulator-5554 shell "[ -e '/sdcard/86cd9c92.mp4' ] && echo __PASS__"'
[debug] &amp#27;[35m[ADB]&amp#27;[39m Running '/Users/arjunmac/Library/Android/sdk/platform-tools/adb -P 5037 -s emulator-5554 shell "[ -e '/sdcard/1d43c73e.mp4' ] && echo __PASS__"'
[debug] &amp#27;[35m[AndroidDriver]&amp#27;[39m The overall screen recording duration is 9s so far
[debug] &amp#27;[35m[AndroidDriver]&amp#27;[39m Starting the next 171s-chunk of screen recording in order to achieve 180s total duration
[debug] &amp#27;[35m[ADB]&amp#27;[39m Building screenrecord process with the command line: adb -P 5037 -s emulator-5554 shell screenrecord --time-limit 171 /sdcard/ccefdcae.mp4
[debug] &amp#27;[35m[ADB]&amp#27;[39m Running '/Users/arjunmac/Library/Android/sdk/platform-tools/adb -P 5037 -s emulator-5554 shell "[ -e '/sdcard/ccefdcae.mp4' ] && echo __PASS__"'
[debug] &amp#27;[35m[ADB]&amp#27;[39m Running '/Users/arjunmac/Library/Android/sdk/platform-tools/adb -P 5037 -s emulator-5554 shell "[ -e '/sdcard/4199912e.mp4' ] && echo __PASS__"'
[debug] &amp#27;[35m[AndroidDriver]&amp#27;[39m The overall screen recording duration is 9s so far
[debug] &amp#27;[35m[AndroidDriver]&amp#27;[39m Starting the next 171s-chunk of screen recording in order to achieve 180s total duration
[debug] &amp#27;[35m[ADB]&amp#27;[39m Building screenrecord process with the command line: adb -P 5037 -s emulator-5554 shell screenrecord --time-limit 171 /sdcard/3d0a59f0.mp4
[debug] &amp#27;[35m[ADB]&amp#27;[39m Running '/Users/arjunmac/Library/Android/sdk/platform-tools/adb -P 5037 -s emulator-5554 shell "[ -e '/sdcard/3d0a59f0.mp4' ] && echo __PASS__"'
&amp#27;[35m[HTTP]&amp#27;[39m &amp#27;[37m-->&amp#27;[39m &amp#27;[37mPOST&amp#27;[39m &amp#27;[37m/wd/hub/session/17876c65-bd2d-4377-b322-9c9653165383/element&amp#27;[39m
&amp#27;[35m[HTTP]&amp#27;[39m &amp#27;[90m{"using":"xpath","value":"/hierarchy/android.widget.FrameLayout/android.widget.FrameLayout/android.view.ViewGroup/android.widget.LinearLayout/android.widget.LinearLayout/android.widget.TextView[2]"}&amp#27;[39m
[debug] &amp#27;[35m[W3C (17876c65)]&amp#27;[39m Calling AppiumDriver.findElement() with args: ["xpath","/hierarchy/android.widget.FrameLayout/android.widget.FrameLayout/android.view.ViewGroup/android.widget.LinearLayout/android.widget.LinearLayout/android.widget.TextView[2]","17876c65-bd2d-4377-b322-9c9653165383"]
[debug] &amp#27;[35m[BaseDriver]&amp#27;[39m Valid locator strategies for this request: xpath, id, class name, accessibility id, css selector, -android uiautomator
[debug] &amp#27;[35m[BaseDriver]&amp#27;[39m Waiting up to 0 ms for condition
[debug] &amp#27;[35m[WD Proxy]&amp#27;[39m Matched '/element' to command name 'findElement'
[debug] &amp#27;[35m[WD Proxy]&amp#27;[39m Proxying [POST /element] to [POST http://127.0.0.1:10000/wd/hub/session/b6b613ea-c9d6-4373-8504-6b49cca35dae/element] with body: {"strategy":"xpath","selector":"/hierarchy/android.widget.FrameLayout/android.widget.FrameLayout/android.view.ViewGroup/android.widget.LinearLayout/android.widget.LinearLayout/android.widget.TextView[2]","context":"","multiple":false}
[debug] &amp#27;[35m[ADB]&amp#27;[39m Running '/Users/arjunmac/Library/Android/sdk/platform-tools/adb -P 5037 -s emulator-5554 shell "[ -e '/sdcard/e2012481.mp4' ] && echo __PASS__"'
[debug] &amp#27;[35m[AndroidDriver]&amp#27;[39m The overall screen recording duration is 9s so far
[debug] &amp#27;[35m[AndroidDriver]&amp#27;[39m Starting the next 171s-chunk of screen recording in order to achieve 180s total duration
[debug] &amp#27;[35m[ADB]&amp#27;[39m Building screenrecord process with the command line: adb -P 5037 -s emulator-5554 shell screenrecord --time-limit 171 /sdcard/a9dd94fe.mp4
[debug] &amp#27;[35m[ADB]&amp#27;[39m Running '/Users/arjunmac/Library/Android/sdk/platform-tools/adb -P 5037 -s emulator-5554 shell "[ -e '/sdcard/a9dd94fe.mp4' ] && echo __PASS__"'
&amp#27;[35m[WD Proxy]&amp#27;[39m Got response with status 404: {"sessionId":"b6b613ea-c9d6-4373-8504-6b49cca35dae","value":{"error":"no such element","message":"An element could not be located on the page using the given search parameters","stacktrace":"io.appium.uiautomator2.common.exceptions.ElementNotFoundException: An element could not be located on the page using the given search parameters\n\tat io.appium.uiautomator2.handler.FindElement.findElement(FindElement.java:89)\n\tat io.appium.uiautomator2.handler.FindElement.safeHandle(FindElement.java:66)\n\tat io.appium.uiautomator2.handler.request.SafeRequestHandler.handle(SafeRequestHandler.java:41)\n\tat io.appium.uiautomator2.server.AppiumServlet.handleRequest(AppiumServlet.java:262)\n\tat io.appium.uiautomator2.server.AppiumServlet.handleHttpRequest(AppiumServlet.java:256)\n\tat io.appium.uiautomator2.http.ServerHandler.channelRead(ServerHandler.java:68)\n\tat io.netty.channel.AbstractChannelHandlerContext.invokeChannelRead(AbstractChannelHandlerContext.java:366)\n\tat io.netty.channel.AbstractChannelHandlerCont...
[debug] &amp#27;[35m[W3C]&amp#27;[39m Matched W3C error code 'no such element' to NoSuchElementError
[debug] &amp#27;[35m[W3C (17876c65)]&amp#27;[39m Encountered internal error running command: NoSuchElementError: An element could not be located on the page using the given search parameters.
[debug] &amp#27;[35m[W3C (17876c65)]&amp#27;[39m     at AndroidUiautomator2Driver.findElOrEls (/usr/local/lib/node_modules/appium/node_modules/appium-android-driver/lib/commands/find.js:75:11)
[debug] &amp#27;[35m[W3C (17876c65)]&amp#27;[39m     at runMicrotasks (<anonymous>)
[debug] &amp#27;[35m[W3C (17876c65)]&amp#27;[39m     at processTicksAndRejections (node:internal/process/task_queues:96:5)
[debug] &amp#27;[35m[W3C (17876c65)]&amp#27;[39m     at AndroidUiautomator2Driver.findElOrElsWithProcessing (/usr/local/lib/node_modules/appium/node_modules/appium-base-driver/lib/basedriver/commands/find.js:33:12)
[debug] &amp#27;[35m[W3C (17876c65)]&amp#27;[39m     at AndroidUiautomator2Driver.findElement (/usr/local/lib/node_modules/appium/node_modules/appium-base-driver/lib/basedriver/commands/find.js:53:10)
&amp#27;[35m[HTTP]&amp#27;[39m &amp#27;[37m<-- POST /wd/hub/session/17876c65-bd2d-4377-b322-9c9653165383/element &amp#27;[39m&amp#27;[33m404&amp#27;[39m &amp#27;[90m42 ms - 818&amp#27;[39m
&amp#27;[35m[HTTP]&amp#27;[39m &amp#27;[90m&amp#27;[39m
[debug] &amp#27;[35m[ADB]&amp#27;[39m Running '/Users/arjunmac/Library/Android/sdk/platform-tools/adb -P 5037 -s emulator-5554 shell "[ -e '/sdcard/86cd9c92.mp4' ] && echo __PASS__"'
[debug] &amp#27;[35m[AndroidDriver]&amp#27;[39m The overall screen recording duration is 9s so far
[debug] &amp#27;[35m[AndroidDriver]&amp#27;[39m Starting the next 171s-chunk of screen recording in order to achieve 180s total duration
[debug] &amp#27;[35m[ADB]&amp#27;[39m Building screenrecord process with the command line: adb -P 5037 -s emulator-5554 shell screenrecord --time-limit 171 /sdcard/3237419f.mp4
[debug] &amp#27;[35m[ADB]&amp#27;[39m Running '/Users/arjunmac/Library/Android/sdk/platform-tools/adb -P 5037 -s emulator-5554 shell "[ -e '/sdcard/3237419f.mp4' ] && echo __PASS__"'
[debug] &amp#27;[35m[ADB]&amp#27;[39m Running '/Users/arjunmac/Library/Android/sdk/platform-tools/adb -P 5037 -s emulator-5554 shell "[ -e '/sdcard/ccefdcae.mp4' ] && echo __PASS__"'
[debug] &amp#27;[35m[AndroidDriver]&amp#27;[39m The overall screen recording duration is 9s so far
[debug] &amp#27;[35m[AndroidDriver]&amp#27;[39m Starting the next 171s-chunk of screen recording in order to achieve 180s total duration
[debug] &amp#27;[35m[ADB]&amp#27;[39m Building screenrecord process with the command line: adb -P 5037 -s emulator-5554 shell screenrecord --time-limit 171 /sdcard/e51ca65b.mp4
[debug] &amp#27;[35m[ADB]&amp#27;[39m Running '/Users/arjunmac/Library/Android/sdk/platform-tools/adb -P 5037 -s emulator-5554 shell "[ -e '/sdcard/e51ca65b.mp4' ] && echo __PASS__"'
[debug] &amp#27;[35m[ADB]&amp#27;[39m Running '/Users/arjunmac/Library/Android/sdk/platform-tools/adb -P 5037 -s emulator-5554 shell "[ -e '/sdcard/3d0a59f0.mp4' ] && echo __PASS__"'
[debug] &amp#27;[35m[AndroidDriver]&amp#27;[39m The overall screen recording duration is 9s so far
[debug] &amp#27;[35m[AndroidDriver]&amp#27;[39m Starting the next 171s-chunk of screen recording in order to achieve 180s total duration
[debug] &amp#27;[35m[ADB]&amp#27;[39m Building screenrecord process with the command line: adb -P 5037 -s emulator-5554 shell screenrecord --time-limit 171 /sdcard/37a1c11c.mp4
[debug] &amp#27;[35m[ADB]&amp#27;[39m Running '/Users/arjunmac/Library/Android/sdk/platform-tools/adb -P 5037 -s emulator-5554 shell "[ -e '/sdcard/37a1c11c.mp4' ] && echo __PASS__"'
[debug] &amp#27;[35m[ADB]&amp#27;[39m Running '/Users/arjunmac/Library/Android/sdk/platform-tools/adb -P 5037 -s emulator-5554 shell "[ -e '/sdcard/a9dd94fe.mp4' ] && echo __PASS__"'
[debug] &amp#27;[35m[AndroidDriver]&amp#27;[39m The overall screen recording duration is 9s so far
[debug] &amp#27;[35m[AndroidDriver]&amp#27;[39m Starting the next 171s-chunk of screen recording in order to achieve 180s total duration
[debug] &amp#27;[35m[ADB]&amp#27;[39m Building screenrecord process with the command line: adb -P 5037 -s emulator-5554 shell screenrecord --time-limit 171 /sdcard/d10b2685.mp4
[debug] &amp#27;[35m[ADB]&amp#27;[39m Running '/Users/arjunmac/Library/Android/sdk/platform-tools/adb -P 5037 -s emulator-5554 shell "[ -e '/sdcard/d10b2685.mp4' ] && echo __PASS__"'
[debug] &amp#27;[35m[ADB]&amp#27;[39m Running '/Users/arjunmac/Library/Android/sdk/platform-tools/adb -P 5037 -s emulator-5554 shell "[ -e '/sdcard/3237419f.mp4' ] && echo __PASS__"'
[debug] &amp#27;[35m[AndroidDriver]&amp#27;[39m The overall screen recording duration is 9s so far
[debug] &amp#27;[35m[AndroidDriver]&amp#27;[39m Starting the next 171s-chunk of screen recording in order to achieve 180s total duration
[debug] &amp#27;[35m[ADB]&amp#27;[39m Building screenrecord process with the command line: adb -P 5037 -s emulator-5554 shell screenrecord --time-limit 171 /sdcard/c4785a48.mp4
[debug] &amp#27;[35m[ADB]&amp#27;[39m Running '/Users/arjunmac/Library/Android/sdk/platform-tools/adb -P 5037 -s emulator-5554 shell "[ -e '/sdcard/c4785a48.mp4' ] && echo __PASS__"'
[debug] &amp#27;[35m[ADB]&amp#27;[39m Running '/Users/arjunmac/Library/Android/sdk/platform-tools/adb -P 5037 -s emulator-5554 shell "[ -e '/sdcard/e51ca65b.mp4' ] && echo __PASS__"'
&amp#27;[35m[HTTP]&amp#27;[39m &amp#27;[37m-->&amp#27;[39m &amp#27;[37mPOST&amp#27;[39m &amp#27;[37m/wd/hub/session/17876c65-bd2d-4377-b322-9c9653165383/element&amp#27;[39m
&amp#27;[35m[HTTP]&amp#27;[39m &amp#27;[90m{"using":"xpath","value":"/hierarchy/android.widget.FrameLayout/android.widget.FrameLayout/android.view.ViewGroup/android.widget.LinearLayout/android.widget.LinearLayout/android.widget.TextView[2]"}&amp#27;[39m
[debug] &amp#27;[35m[W3C (17876c65)]&amp#27;[39m Calling AppiumDriver.findElement() with args: ["xpath","/hierarchy/android.widget.FrameLayout/android.widget.FrameLayout/android.view.ViewGroup/android.widget.LinearLayout/android.widget.LinearLayout/android.widget.TextView[2]","17876c65-bd2d-4377-b322-9c9653165383"]
[debug] &amp#27;[35m[BaseDriver]&amp#27;[39m Valid locator strategies for this request: xpath, id, class name, accessibility id, css selector, -android uiautomator
[debug] &amp#27;[35m[BaseDriver]&amp#27;[39m Waiting up to 0 ms for condition
[debug] &amp#27;[35m[WD Proxy]&amp#27;[39m Matched '/element' to command name 'findElement'
[debug] &amp#27;[35m[WD Proxy]&amp#27;[39m Proxying [POST /element] to [POST http://127.0.0.1:10000/wd/hub/session/b6b613ea-c9d6-4373-8504-6b49cca35dae/element] with body: {"strategy":"xpath","selector":"/hierarchy/android.widget.FrameLayout/android.widget.FrameLayout/android.view.ViewGroup/android.widget.LinearLayout/android.widget.LinearLayout/android.widget.TextView[2]","context":"","multiple":false}
[debug] &amp#27;[35m[AndroidDriver]&amp#27;[39m The overall screen recording duration is 9s so far
[debug] &amp#27;[35m[AndroidDriver]&amp#27;[39m Starting the next 171s-chunk of screen recording in order to achieve 180s total duration
[debug] &amp#27;[35m[ADB]&amp#27;[39m Building screenrecord process with the command line: adb -P 5037 -s emulator-5554 shell screenrecord --time-limit 171 /sdcard/3f7833ee.mp4
[debug] &amp#27;[35m[ADB]&amp#27;[39m Running '/Users/arjunmac/Library/Android/sdk/platform-tools/adb -P 5037 -s emulator-5554 shell "[ -e '/sdcard/3f7833ee.mp4' ] && echo __PASS__"'
&amp#27;[35m[WD Proxy]&amp#27;[39m Got response with status 404: {"sessionId":"b6b613ea-c9d6-4373-8504-6b49cca35dae","value":{"error":"no such element","message":"An element could not be located on the page using the given search parameters","stacktrace":"io.appium.uiautomator2.common.exceptions.ElementNotFoundException: An element could not be located on the page using the given search parameters\n\tat io.appium.uiautomator2.handler.FindElement.findElement(FindElement.java:89)\n\tat io.appium.uiautomator2.handler.FindElement.safeHandle(FindElement.java:66)\n\tat io.appium.uiautomator2.handler.request.SafeRequestHandler.handle(SafeRequestHandler.java:41)\n\tat io.appium.uiautomator2.server.AppiumServlet.handleRequest(AppiumServlet.java:262)\n\tat io.appium.uiautomator2.server.AppiumServlet.handleHttpRequest(AppiumServlet.java:256)\n\tat io.appium.uiautomator2.http.ServerHandler.channelRead(ServerHandler.java:68)\n\tat io.netty.channel.AbstractChannelHandlerContext.invokeChannelRead(AbstractChannelHandlerContext.java:366)\n\tat io.netty.channel.AbstractChannelHandlerCont...
[debug] &amp#27;[35m[W3C]&amp#27;[39m Matched W3C error code 'no such element' to NoSuchElementError
[debug] &amp#27;[35m[W3C (17876c65)]&amp#27;[39m Encountered internal error running command: NoSuchElementError: An element could not be located on the page using the given search parameters.
[debug] &amp#27;[35m[W3C (17876c65)]&amp#27;[39m     at AndroidUiautomator2Driver.findElOrEls (/usr/local/lib/node_modules/appium/node_modules/appium-android-driver/lib/commands/find.js:75:11)
[debug] &amp#27;[35m[W3C (17876c65)]&amp#27;[39m     at runMicrotasks (<anonymous>)
[debug] &amp#27;[35m[W3C (17876c65)]&amp#27;[39m     at processTicksAndRejections (node:internal/process/task_queues:96:5)
[debug] &amp#27;[35m[W3C (17876c65)]&amp#27;[39m     at AndroidUiautomator2Driver.findElOrElsWithProcessing (/usr/local/lib/node_modules/appium/node_modules/appium-base-driver/lib/basedriver/commands/find.js:33:12)
[debug] &amp#27;[35m[W3C (17876c65)]&amp#27;[39m     at AndroidUiautomator2Driver.findElement (/usr/local/lib/node_modules/appium/node_modules/appium-base-driver/lib/basedriver/commands/find.js:53:10)
&amp#27;[35m[HTTP]&amp#27;[39m &amp#27;[37m<-- POST /wd/hub/session/17876c65-bd2d-4377-b322-9c9653165383/element &amp#27;[39m&amp#27;[33m404&amp#27;[39m &amp#27;[90m46 ms - 818&amp#27;[39m
&amp#27;[35m[HTTP]&amp#27;[39m &amp#27;[90m&amp#27;[39m
[debug] &amp#27;[35m[ADB]&amp#27;[39m Running '/Users/arjunmac/Library/Android/sdk/platform-tools/adb -P 5037 -s emulator-5554 shell "[ -e '/sdcard/37a1c11c.mp4' ] && echo __PASS__"'
[debug] &amp#27;[35m[AndroidDriver]&amp#27;[39m The overall screen recording duration is 10s so far
[debug] &amp#27;[35m[AndroidDriver]&amp#27;[39m Starting the next 170s-chunk of screen recording in order to achieve 180s total duration
[debug] &amp#27;[35m[ADB]&amp#27;[39m Building screenrecord process with the command line: adb -P 5037 -s emulator-5554 shell screenrecord --time-limit 170 /sdcard/39810398.mp4
[debug] &amp#27;[35m[ADB]&amp#27;[39m Running '/Users/arjunmac/Library/Android/sdk/platform-tools/adb -P 5037 -s emulator-5554 shell "[ -e '/sdcard/39810398.mp4' ] && echo __PASS__"'
[debug] &amp#27;[35m[ADB]&amp#27;[39m Running '/Users/arjunmac/Library/Android/sdk/platform-tools/adb -P 5037 -s emulator-5554 shell "[ -e '/sdcard/d10b2685.mp4' ] && echo __PASS__"'
[debug] &amp#27;[35m[AndroidDriver]&amp#27;[39m The overall screen recording duration is 10s so far
[debug] &amp#27;[35m[AndroidDriver]&amp#27;[39m Starting the next 170s-chunk of screen recording in order to achieve 180s total duration
[debug] &amp#27;[35m[ADB]&amp#27;[39m Building screenrecord process with the command line: adb -P 5037 -s emulator-5554 shell screenrecord --time-limit 170 /sdcard/9a15fc19.mp4
[debug] &amp#27;[35m[ADB]&amp#27;[39m Running '/Users/arjunmac/Library/Android/sdk/platform-tools/adb -P 5037 -s emulator-5554 shell "[ -e '/sdcard/9a15fc19.mp4' ] && echo __PASS__"'
[debug] &amp#27;[35m[ADB]&amp#27;[39m Running '/Users/arjunmac/Library/Android/sdk/platform-tools/adb -P 5037 -s emulator-5554 shell "[ -e '/sdcard/c4785a48.mp4' ] && echo __PASS__"'
[debug] &amp#27;[35m[AndroidDriver]&amp#27;[39m The overall screen recording duration is 10s so far
[debug] &amp#27;[35m[AndroidDriver]&amp#27;[39m Starting the next 170s-chunk of screen recording in order to achieve 180s total duration
[debug] &amp#27;[35m[ADB]&amp#27;[39m Building screenrecord process with the command line: adb -P 5037 -s emulator-5554 shell screenrecord --time-limit 170 /sdcard/5fb610cd.mp4
[debug] &amp#27;[35m[ADB]&amp#27;[39m Running '/Users/arjunmac/Library/Android/sdk/platform-tools/adb -P 5037 -s emulator-5554 shell "[ -e '/sdcard/5fb610cd.mp4' ] && echo __PASS__"'
[debug] &amp#27;[35m[ADB]&amp#27;[39m Running '/Users/arjunmac/Library/Android/sdk/platform-tools/adb -P 5037 -s emulator-5554 shell "[ -e '/sdcard/3f7833ee.mp4' ] && echo __PASS__"'
[debug] &amp#27;[35m[AndroidDriver]&amp#27;[39m The overall screen recording duration is 10s so far
[debug] &amp#27;[35m[AndroidDriver]&amp#27;[39m Starting the next 170s-chunk of screen recording in order to achieve 180s total duration
[debug] &amp#27;[35m[ADB]&amp#27;[39m Building screenrecord process with the command line: adb -P 5037 -s emulator-5554 shell screenrecord --time-limit 170 /sdcard/563c805a.mp4
[debug] &amp#27;[35m[ADB]&amp#27;[39m Running '/Users/arjunmac/Library/Android/sdk/platform-tools/adb -P 5037 -s emulator-5554 shell "[ -e '/sdcard/563c805a.mp4' ] && echo __PASS__"'
[debug] &amp#27;[35m[ADB]&amp#27;[39m Running '/Users/arjunmac/Library/Android/sdk/platform-tools/adb -P 5037 -s emulator-5554 shell "[ -e '/sdcard/39810398.mp4' ] && echo __PASS__"'
[debug] &amp#27;[35m[AndroidDriver]&amp#27;[39m The overall screen recording duration is 10s so far
[debug] &amp#27;[35m[AndroidDriver]&amp#27;[39m Starting the next 170s-chunk of screen recording in order to achieve 180s total duration
[debug] &amp#27;[35m[ADB]&amp#27;[39m Building screenrecord process with the command line: adb -P 5037 -s emulator-5554 shell screenrecord --time-limit 170 /sdcard/6b83731a.mp4
[debug] &amp#27;[35m[ADB]&amp#27;[39m Running '/Users/arjunmac/Library/Android/sdk/platform-tools/adb -P 5037 -s emulator-5554 shell "[ -e '/sdcard/6b83731a.mp4' ] && echo __PASS__"'
[debug] &amp#27;[35m[ADB]&amp#27;[39m Running '/Users/arjunmac/Library/Android/sdk/platform-tools/adb -P 5037 -s emulator-5554 shell "[ -e '/sdcard/9a15fc19.mp4' ] && echo __PASS__"'
&amp#27;[35m[HTTP]&amp#27;[39m &amp#27;[37m-->&amp#27;[39m &amp#27;[37mPOST&amp#27;[39m &amp#27;[37m/wd/hub/session/17876c65-bd2d-4377-b322-9c9653165383/element&amp#27;[39m
&amp#27;[35m[HTTP]&amp#27;[39m &amp#27;[90m{"using":"xpath","value":"/hierarchy/android.widget.FrameLayout/android.widget.FrameLayout/android.view.ViewGroup/android.widget.LinearLayout/android.widget.LinearLayout/android.widget.TextView[2]"}&amp#27;[39m
[debug] &amp#27;[35m[W3C (17876c65)]&amp#27;[39m Calling AppiumDriver.findElement() with args: ["xpath","/hierarchy/android.widget.FrameLayout/android.widget.FrameLayout/android.view.ViewGroup/android.widget.LinearLayout/android.widget.LinearLayout/android.widget.TextView[2]","17876c65-bd2d-4377-b322-9c9653165383"]
[debug] &amp#27;[35m[BaseDriver]&amp#27;[39m Valid locator strategies for this request: xpath, id, class name, accessibility id, css selector, -android uiautomator
[debug] &amp#27;[35m[BaseDriver]&amp#27;[39m Waiting up to 0 ms for condition
[debug] &amp#27;[35m[WD Proxy]&amp#27;[39m Matched '/element' to command name 'findElement'
[debug] &amp#27;[35m[WD Proxy]&amp#27;[39m Proxying [POST /element] to [POST http://127.0.0.1:10000/wd/hub/session/b6b613ea-c9d6-4373-8504-6b49cca35dae/element] with body: {"strategy":"xpath","selector":"/hierarchy/android.widget.FrameLayout/android.widget.FrameLayout/android.view.ViewGroup/android.widget.LinearLayout/android.widget.LinearLayout/android.widget.TextView[2]","context":"","multiple":false}
[debug] &amp#27;[35m[AndroidDriver]&amp#27;[39m The overall screen recording duration is 10s so far
[debug] &amp#27;[35m[AndroidDriver]&amp#27;[39m Starting the next 170s-chunk of screen recording in order to achieve 180s total duration
[debug] &amp#27;[35m[ADB]&amp#27;[39m Building screenrecord process with the command line: adb -P 5037 -s emulator-5554 shell screenrecord --time-limit 170 /sdcard/1dbff4aa.mp4
[debug] &amp#27;[35m[ADB]&amp#27;[39m Running '/Users/arjunmac/Library/Android/sdk/platform-tools/adb -P 5037 -s emulator-5554 shell "[ -e '/sdcard/1dbff4aa.mp4' ] && echo __PASS__"'
&amp#27;[35m[WD Proxy]&amp#27;[39m Got response with status 404: {"sessionId":"b6b613ea-c9d6-4373-8504-6b49cca35dae","value":{"error":"no such element","message":"An element could not be located on the page using the given search parameters","stacktrace":"io.appium.uiautomator2.common.exceptions.ElementNotFoundException: An element could not be located on the page using the given search parameters\n\tat io.appium.uiautomator2.handler.FindElement.findElement(FindElement.java:89)\n\tat io.appium.uiautomator2.handler.FindElement.safeHandle(FindElement.java:66)\n\tat io.appium.uiautomator2.handler.request.SafeRequestHandler.handle(SafeRequestHandler.java:41)\n\tat io.appium.uiautomator2.server.AppiumServlet.handleRequest(AppiumServlet.java:262)\n\tat io.appium.uiautomator2.server.AppiumServlet.handleHttpRequest(AppiumServlet.java:256)\n\tat io.appium.uiautomator2.http.ServerHandler.channelRead(ServerHandler.java:68)\n\tat io.netty.channel.AbstractChannelHandlerContext.invokeChannelRead(AbstractChannelHandlerContext.java:366)\n\tat io.netty.channel.AbstractChannelHandlerCont...
[debug] &amp#27;[35m[W3C]&amp#27;[39m Matched W3C error code 'no such element' to NoSuchElementError
[debug] &amp#27;[35m[W3C (17876c65)]&amp#27;[39m Encountered internal error running command: NoSuchElementError: An element could not be located on the page using the given search parameters.
[debug] &amp#27;[35m[W3C (17876c65)]&amp#27;[39m     at AndroidUiautomator2Driver.findElOrEls (/usr/local/lib/node_modules/appium/node_modules/appium-android-driver/lib/commands/find.js:75:11)
[debug] &amp#27;[35m[W3C (17876c65)]&amp#27;[39m     at runMicrotasks (<anonymous>)
[debug] &amp#27;[35m[W3C (17876c65)]&amp#27;[39m     at processTicksAndRejections (node:internal/process/task_queues:96:5)
[debug] &amp#27;[35m[W3C (17876c65)]&amp#27;[39m     at AndroidUiautomator2Driver.findElOrElsWithProcessing (/usr/local/lib/node_modules/appium/node_modules/appium-base-driver/lib/basedriver/commands/find.js:33:12)
[debug] &amp#27;[35m[W3C (17876c65)]&amp#27;[39m     at AndroidUiautomator2Driver.findElement (/usr/local/lib/node_modules/appium/node_modules/appium-base-driver/lib/basedriver/commands/find.js:53:10)
&amp#27;[35m[HTTP]&amp#27;[39m &amp#27;[37m<-- POST /wd/hub/session/17876c65-bd2d-4377-b322-9c9653165383/element &amp#27;[39m&amp#27;[33m404&amp#27;[39m &amp#27;[90m38 ms - 818&amp#27;[39m
&amp#27;[35m[HTTP]&amp#27;[39m &amp#27;[90m&amp#27;[39m
[debug] &amp#27;[35m[ADB]&amp#27;[39m Running '/Users/arjunmac/Library/Android/sdk/platform-tools/adb -P 5037 -s emulator-5554 shell "[ -e '/sdcard/5fb610cd.mp4' ] && echo __PASS__"'
[debug] &amp#27;[35m[AndroidDriver]&amp#27;[39m The overall screen recording duration is 10s so far
[debug] &amp#27;[35m[AndroidDriver]&amp#27;[39m Starting the next 170s-chunk of screen recording in order to achieve 180s total duration
[debug] &amp#27;[35m[ADB]&amp#27;[39m Building screenrecord process with the command line: adb -P 5037 -s emulator-5554 shell screenrecord --time-limit 170 /sdcard/042efef3.mp4
[debug] &amp#27;[35m[ADB]&amp#27;[39m Running '/Users/arjunmac/Library/Android/sdk/platform-tools/adb -P 5037 -s emulator-5554 shell "[ -e '/sdcard/042efef3.mp4' ] && echo __PASS__"'
[debug] &amp#27;[35m[ADB]&amp#27;[39m Running '/Users/arjunmac/Library/Android/sdk/platform-tools/adb -P 5037 -s emulator-5554 shell "[ -e '/sdcard/563c805a.mp4' ] && echo __PASS__"'
[debug] &amp#27;[35m[AndroidDriver]&amp#27;[39m The overall screen recording duration is 10s so far
[debug] &amp#27;[35m[AndroidDriver]&amp#27;[39m Starting the next 170s-chunk of screen recording in order to achieve 180s total duration
[debug] &amp#27;[35m[ADB]&amp#27;[39m Building screenrecord process with the command line: adb -P 5037 -s emulator-5554 shell screenrecord --time-limit 170 /sdcard/4597aea5.mp4
[debug] &amp#27;[35m[ADB]&amp#27;[39m Running '/Users/arjunmac/Library/Android/sdk/platform-tools/adb -P 5037 -s emulator-5554 shell "[ -e '/sdcard/4597aea5.mp4' ] && echo __PASS__"'
[debug] &amp#27;[35m[ADB]&amp#27;[39m Running '/Users/arjunmac/Library/Android/sdk/platform-tools/adb -P 5037 -s emulator-5554 shell "[ -e '/sdcard/6b83731a.mp4' ] && echo __PASS__"'
[debug] &amp#27;[35m[AndroidDriver]&amp#27;[39m The overall screen recording duration is 10s so far
[debug] &amp#27;[35m[AndroidDriver]&amp#27;[39m Starting the next 170s-chunk of screen recording in order to achieve 180s total duration
[debug] &amp#27;[35m[ADB]&amp#27;[39m Building screenrecord process with the command line: adb -P 5037 -s emulator-5554 shell screenrecord --time-limit 170 /sdcard/b985ac28.mp4
[debug] &amp#27;[35m[ADB]&amp#27;[39m Running '/Users/arjunmac/Library/Android/sdk/platform-tools/adb -P 5037 -s emulator-5554 shell "[ -e '/sdcard/b985ac28.mp4' ] && echo __PASS__"'
[debug] &amp#27;[35m[ADB]&amp#27;[39m Running '/Users/arjunmac/Library/Android/sdk/platform-tools/adb -P 5037 -s emulator-5554 shell "[ -e '/sdcard/1dbff4aa.mp4' ] && echo __PASS__"'
[debug] &amp#27;[35m[AndroidDriver]&amp#27;[39m The overall screen recording duration is 10s so far
[debug] &amp#27;[35m[AndroidDriver]&amp#27;[39m Starting the next 170s-chunk of screen recording in order to achieve 180s total duration
[debug] &amp#27;[35m[ADB]&amp#27;[39m Building screenrecord process with the command line: adb -P 5037 -s emulator-5554 shell screenrecord --time-limit 170 /sdcard/84fb0e71.mp4
[debug] &amp#27;[35m[ADB]&amp#27;[39m Running '/Users/arjunmac/Library/Android/sdk/platform-tools/adb -P 5037 -s emulator-5554 shell "[ -e '/sdcard/84fb0e71.mp4' ] && echo __PASS__"'
[debug] &amp#27;[35m[ADB]&amp#27;[39m Running '/Users/arjunmac/Library/Android/sdk/platform-tools/adb -P 5037 -s emulator-5554 shell "[ -e '/sdcard/042efef3.mp4' ] && echo __PASS__"'
[debug] &amp#27;[35m[AndroidDriver]&amp#27;[39m The overall screen recording duration is 10s so far
[debug] &amp#27;[35m[AndroidDriver]&amp#27;[39m Starting the next 170s-chunk of screen recording in order to achieve 180s total duration
[debug] &amp#27;[35m[ADB]&amp#27;[39m Building screenrecord process with the command line: adb -P 5037 -s emulator-5554 shell screenrecord --time-limit 170 /sdcard/c8026783.mp4
[debug] &amp#27;[35m[ADB]&amp#27;[39m Running '/Users/arjunmac/Library/Android/sdk/platform-tools/adb -P 5037 -s emulator-5554 shell "[ -e '/sdcard/c8026783.mp4' ] && echo __PASS__"'
[debug] &amp#27;[35m[ADB]&amp#27;[39m Running '/Users/arjunmac/Library/Android/sdk/platform-tools/adb -P 5037 -s emulator-5554 shell "[ -e '/sdcard/4597aea5.mp4' ] && echo __PASS__"'
[debug] &amp#27;[35m[AndroidDriver]&amp#27;[39m The overall screen recording duration is 11s so far
[debug] &amp#27;[35m[AndroidDriver]&amp#27;[39m Starting the next 169s-chunk of screen recording in order to achieve 180s total duration
[debug] &amp#27;[35m[ADB]&amp#27;[39m Building screenrecord process with the command line: adb -P 5037 -s emulator-5554 shell screenrecord --time-limit 169 /sdcard/449d8d87.mp4
[debug] &amp#27;[35m[ADB]&amp#27;[39m Running '/Users/arjunmac/Library/Android/sdk/platform-tools/adb -P 5037 -s emulator-5554 shell "[ -e '/sdcard/449d8d87.mp4' ] && echo __PASS__"'
&amp#27;[35m[HTTP]&amp#27;[39m &amp#27;[37m-->&amp#27;[39m &amp#27;[37mGET&amp#27;[39m &amp#27;[37m/wd/hub/session/17876c65-bd2d-4377-b322-9c9653165383/context&amp#27;[39m
&amp#27;[35m[HTTP]&amp#27;[39m &amp#27;[90m{}&amp#27;[39m
[debug] &amp#27;[35m[W3C (17876c65)]&amp#27;[39m Calling AppiumDriver.getCurrentContext() with args: ["17876c65-bd2d-4377-b322-9c9653165383"]
[debug] &amp#27;[35m[W3C (17876c65)]&amp#27;[39m Responding to client with driver.getCurrentContext() result: "NATIVE_APP"
&amp#27;[35m[HTTP]&amp#27;[39m &amp#27;[37m<-- GET /wd/hub/session/17876c65-bd2d-4377-b322-9c9653165383/context &amp#27;[39m&amp#27;[32m200&amp#27;[39m &amp#27;[90m2 ms - 22&amp#27;[39m
&amp#27;[35m[HTTP]&amp#27;[39m &amp#27;[90m&amp#27;[39m
&amp#27;[35m[HTTP]&amp#27;[39m &amp#27;[37m-->&amp#27;[39m &amp#27;[37mPOST&amp#27;[39m &amp#27;[37m/wd/hub/session/17876c65-bd2d-4377-b322-9c9653165383/element&amp#27;[39m
&amp#27;[35m[HTTP]&amp#27;[39m &amp#27;[90m{"using":"xpath","value":"/hierarchy/android.widget.FrameLayout/android.widget.FrameLayout/android.view.ViewGroup/android.widget.LinearLayout/android.widget.LinearLayout/android.widget.TextView[2]"}&amp#27;[39m
[debug] &amp#27;[35m[W3C (17876c65)]&amp#27;[39m Calling AppiumDriver.findElement() with args: ["xpath","/hierarchy/android.widget.FrameLayout/android.widget.FrameLayout/android.view.ViewGroup/android.widget.LinearLayout/android.widget.LinearLayout/android.widget.TextView[2]","17876c65-bd2d-4377-b322-9c9653165383"]
[debug] &amp#27;[35m[BaseDriver]&amp#27;[39m Valid locator strategies for this request: xpath, id, class name, accessibility id, css selector, -android uiautomator
[debug] &amp#27;[35m[BaseDriver]&amp#27;[39m Waiting up to 0 ms for condition
[debug] &amp#27;[35m[WD Proxy]&amp#27;[39m Matched '/element' to command name 'findElement'
[debug] &amp#27;[35m[WD Proxy]&amp#27;[39m Proxying [POST /element] to [POST http://127.0.0.1:10000/wd/hub/session/b6b613ea-c9d6-4373-8504-6b49cca35dae/element] with body: {"strategy":"xpath","selector":"/hierarchy/android.widget.FrameLayout/android.widget.FrameLayout/android.view.ViewGroup/android.widget.LinearLayout/android.widget.LinearLayout/android.widget.TextView[2]","context":"","multiple":false}
&amp#27;[35m[WD Proxy]&amp#27;[39m Got response with status 404: {"sessionId":"b6b613ea-c9d6-4373-8504-6b49cca35dae","value":{"error":"no such element","message":"An element could not be located on the page using the given search parameters","stacktrace":"io.appium.uiautomator2.common.exceptions.ElementNotFoundException: An element could not be located on the page using the given search parameters\n\tat io.appium.uiautomator2.handler.FindElement.findElement(FindElement.java:89)\n\tat io.appium.uiautomator2.handler.FindElement.safeHandle(FindElement.java:66)\n\tat io.appium.uiautomator2.handler.request.SafeRequestHandler.handle(SafeRequestHandler.java:41)\n\tat io.appium.uiautomator2.server.AppiumServlet.handleRequest(AppiumServlet.java:262)\n\tat io.appium.uiautomator2.server.AppiumServlet.handleHttpRequest(AppiumServlet.java:256)\n\tat io.appium.uiautomator2.http.ServerHandler.channelRead(ServerHandler.java:68)\n\tat io.netty.channel.AbstractChannelHandlerContext.invokeChannelRead(AbstractChannelHandlerContext.java:366)\n\tat io.netty.channel.AbstractChannelHandlerCont...
[debug] &amp#27;[35m[W3C]&amp#27;[39m Matched W3C error code 'no such element' to NoSuchElementError
[debug] &amp#27;[35m[W3C (17876c65)]&amp#27;[39m Encountered internal error running command: NoSuchElementError: An element could not be located on the page using the given search parameters.
[debug] &amp#27;[35m[W3C (17876c65)]&amp#27;[39m     at AndroidUiautomator2Driver.findElOrEls (/usr/local/lib/node_modules/appium/node_modules/appium-android-driver/lib/commands/find.js:75:11)
[debug] &amp#27;[35m[W3C (17876c65)]&amp#27;[39m     at runMicrotasks (<anonymous>)
[debug] &amp#27;[35m[W3C (17876c65)]&amp#27;[39m     at processTicksAndRejections (node:internal/process/task_queues:96:5)
[debug] &amp#27;[35m[W3C (17876c65)]&amp#27;[39m     at AndroidUiautomator2Driver.findElOrElsWithProcessing (/usr/local/lib/node_modules/appium/node_modules/appium-base-driver/lib/basedriver/commands/find.js:33:12)
[debug] &amp#27;[35m[W3C (17876c65)]&amp#27;[39m     at AndroidUiautomator2Driver.findElement (/usr/local/lib/node_modules/appium/node_modules/appium-base-driver/lib/basedriver/commands/find.js:53:10)
&amp#27;[35m[HTTP]&amp#27;[39m &amp#27;[37m<-- POST /wd/hub/session/17876c65-bd2d-4377-b322-9c9653165383/element &amp#27;[39m&amp#27;[33m404&amp#27;[39m &amp#27;[90m38 ms - 818&amp#27;[39m
&amp#27;[35m[HTTP]&amp#27;[39m &amp#27;[90m&amp#27;[39m
[debug] &amp#27;[35m[ADB]&amp#27;[39m Running '/Users/arjunmac/Library/Android/sdk/platform-tools/adb -P 5037 -s emulator-5554 shell "[ -e '/sdcard/b985ac28.mp4' ] && echo __PASS__"'
[debug] &amp#27;[35m[AndroidDriver]&amp#27;[39m The overall screen recording duration is 11s so far
[debug] &amp#27;[35m[AndroidDriver]&amp#27;[39m Starting the next 169s-chunk of screen recording in order to achieve 180s total duration
[debug] &amp#27;[35m[ADB]&amp#27;[39m Building screenrecord process with the command line: adb -P 5037 -s emulator-5554 shell screenrecord --time-limit 169 /sdcard/d7d21c2b.mp4
[debug] &amp#27;[35m[ADB]&amp#27;[39m Running '/Users/arjunmac/Library/Android/sdk/platform-tools/adb -P 5037 -s emulator-5554 shell "[ -e '/sdcard/d7d21c2b.mp4' ] && echo __PASS__"'
[debug] &amp#27;[35m[ADB]&amp#27;[39m Running '/Users/arjunmac/Library/Android/sdk/platform-tools/adb -P 5037 -s emulator-5554 shell "[ -e '/sdcard/84fb0e71.mp4' ] && echo __PASS__"'
[debug] &amp#27;[35m[AndroidDriver]&amp#27;[39m The overall screen recording duration is 11s so far
[debug] &amp#27;[35m[AndroidDriver]&amp#27;[39m Starting the next 169s-chunk of screen recording in order to achieve 180s total duration
[debug] &amp#27;[35m[ADB]&amp#27;[39m Building screenrecord process with the command line: adb -P 5037 -s emulator-5554 shell screenrecord --time-limit 169 /sdcard/124ab760.mp4
[debug] &amp#27;[35m[ADB]&amp#27;[39m Running '/Users/arjunmac/Library/Android/sdk/platform-tools/adb -P 5037 -s emulator-5554 shell "[ -e '/sdcard/124ab760.mp4' ] && echo __PASS__"'
[debug] &amp#27;[35m[ADB]&amp#27;[39m Running '/Users/arjunmac/Library/Android/sdk/platform-tools/adb -P 5037 -s emulator-5554 shell "[ -e '/sdcard/c8026783.mp4' ] && echo __PASS__"'
[debug] &amp#27;[35m[AndroidDriver]&amp#27;[39m The overall screen recording duration is 11s so far
[debug] &amp#27;[35m[AndroidDriver]&amp#27;[39m Starting the next 169s-chunk of screen recording in order to achieve 180s total duration
[debug] &amp#27;[35m[ADB]&amp#27;[39m Building screenrecord process with the command line: adb -P 5037 -s emulator-5554 shell screenrecord --time-limit 169 /sdcard/61f228a3.mp4
[debug] &amp#27;[35m[ADB]&amp#27;[39m Running '/Users/arjunmac/Library/Android/sdk/platform-tools/adb -P 5037 -s emulator-5554 shell "[ -e '/sdcard/61f228a3.mp4' ] && echo __PASS__"'
[debug] &amp#27;[35m[ADB]&amp#27;[39m Running '/Users/arjunmac/Library/Android/sdk/platform-tools/adb -P 5037 -s emulator-5554 shell "[ -e '/sdcard/449d8d87.mp4' ] && echo __PASS__"'
[debug] &amp#27;[35m[AndroidDriver]&amp#27;[39m The overall screen recording duration is 11s so far
[debug] &amp#27;[35m[AndroidDriver]&amp#27;[39m Starting the next 169s-chunk of screen recording in order to achieve 180s total duration
[debug] &amp#27;[35m[ADB]&amp#27;[39m Building screenrecord process with the command line: adb -P 5037 -s emulator-5554 shell screenrecord --time-limit 169 /sdcard/48e9899e.mp4
[debug] &amp#27;[35m[ADB]&amp#27;[39m Running '/Users/arjunmac/Library/Android/sdk/platform-tools/adb -P 5037 -s emulator-5554 shell "[ -e '/sdcard/48e9899e.mp4' ] && echo __PASS__"'
[debug] &amp#27;[35m[ADB]&amp#27;[39m Running '/Users/arjunmac/Library/Android/sdk/platform-tools/adb -P 5037 -s emulator-5554 shell "[ -e '/sdcard/d7d21c2b.mp4' ] && echo __PASS__"'
[debug] &amp#27;[35m[AndroidDriver]&amp#27;[39m The overall screen recording duration is 11s so far
[debug] &amp#27;[35m[AndroidDriver]&amp#27;[39m Starting the next 169s-chunk of screen recording in order to achieve 180s total duration
[debug] &amp#27;[35m[ADB]&amp#27;[39m Building screenrecord process with the command line: adb -P 5037 -s emulator-5554 shell screenrecord --time-limit 169 /sdcard/52d7d261.mp4
[debug] &amp#27;[35m[ADB]&amp#27;[39m Running '/Users/arjunmac/Library/Android/sdk/platform-tools/adb -P 5037 -s emulator-5554 shell "[ -e '/sdcard/52d7d261.mp4' ] && echo __PASS__"'
[debug] &amp#27;[35m[ADB]&amp#27;[39m Running '/Users/arjunmac/Library/Android/sdk/platform-tools/adb -P 5037 -s emulator-5554 shell "[ -e '/sdcard/124ab760.mp4' ] && echo __PASS__"'
[debug] &amp#27;[35m[AndroidDriver]&amp#27;[39m The overall screen recording duration is 11s so far
[debug] &amp#27;[35m[AndroidDriver]&amp#27;[39m Starting the next 169s-chunk of screen recording in order to achieve 180s total duration
[debug] &amp#27;[35m[ADB]&amp#27;[39m Building screenrecord process with the command line: adb -P 5037 -s emulator-5554 shell screenrecord --time-limit 169 /sdcard/249c0d98.mp4
[debug] &amp#27;[35m[ADB]&amp#27;[39m Running '/Users/arjunmac/Library/Android/sdk/platform-tools/adb -P 5037 -s emulator-5554 shell "[ -e '/sdcard/249c0d98.mp4' ] && echo __PASS__"'
&amp#27;[35m[HTTP]&amp#27;[39m &amp#27;[37m-->&amp#27;[39m &amp#27;[37mPOST&amp#27;[39m &amp#27;[37m/wd/hub/session/17876c65-bd2d-4377-b322-9c9653165383/element&amp#27;[39m
&amp#27;[35m[HTTP]&amp#27;[39m &amp#27;[90m{"using":"xpath","value":"/hierarchy/android.widget.FrameLayout/android.widget.FrameLayout/android.view.ViewGroup/android.widget.LinearLayout/android.widget.LinearLayout/android.widget.TextView[2]"}&amp#27;[39m
[debug] &amp#27;[35m[W3C (17876c65)]&amp#27;[39m Calling AppiumDriver.findElement() with args: ["xpath","/hierarchy/android.widget.FrameLayout/android.widget.FrameLayout/android.view.ViewGroup/android.widget.LinearLayout/android.widget.LinearLayout/android.widget.TextView[2]","17876c65-bd2d-4377-b322-9c9653165383"]
[debug] &amp#27;[35m[BaseDriver]&amp#27;[39m Valid locator strategies for this request: xpath, id, class name, accessibility id, css selector, -android uiautomator
[debug] &amp#27;[35m[BaseDriver]&amp#27;[39m Waiting up to 0 ms for condition
[debug] &amp#27;[35m[WD Proxy]&amp#27;[39m Matched '/element' to command name 'findElement'
[debug] &amp#27;[35m[WD Proxy]&amp#27;[39m Proxying [POST /element] to [POST http://127.0.0.1:10000/wd/hub/session/b6b613ea-c9d6-4373-8504-6b49cca35dae/element] with body: {"strategy":"xpath","selector":"/hierarchy/android.widget.FrameLayout/android.widget.FrameLayout/android.view.ViewGroup/android.widget.LinearLayout/android.widget.LinearLayout/android.widget.TextView[2]","context":"","multiple":false}
[debug] &amp#27;[35m[ADB]&amp#27;[39m Running '/Users/arjunmac/Library/Android/sdk/platform-tools/adb -P 5037 -s emulator-5554 shell "[ -e '/sdcard/61f228a3.mp4' ] && echo __PASS__"'
&amp#27;[35m[WD Proxy]&amp#27;[39m Got response with status 404: {"sessionId":"b6b613ea-c9d6-4373-8504-6b49cca35dae","value":{"error":"no such element","message":"An element could not be located on the page using the given search parameters","stacktrace":"io.appium.uiautomator2.common.exceptions.ElementNotFoundException: An element could not be located on the page using the given search parameters\n\tat io.appium.uiautomator2.handler.FindElement.findElement(FindElement.java:89)\n\tat io.appium.uiautomator2.handler.FindElement.safeHandle(FindElement.java:66)\n\tat io.appium.uiautomator2.handler.request.SafeRequestHandler.handle(SafeRequestHandler.java:41)\n\tat io.appium.uiautomator2.server.AppiumServlet.handleRequest(AppiumServlet.java:262)\n\tat io.appium.uiautomator2.server.AppiumServlet.handleHttpRequest(AppiumServlet.java:256)\n\tat io.appium.uiautomator2.http.ServerHandler.channelRead(ServerHandler.java:68)\n\tat io.netty.channel.AbstractChannelHandlerContext.invokeChannelRead(AbstractChannelHandlerContext.java:366)\n\tat io.netty.channel.AbstractChannelHandlerCont...
[debug] &amp#27;[35m[W3C]&amp#27;[39m Matched W3C error code 'no such element' to NoSuchElementError
[debug] &amp#27;[35m[W3C (17876c65)]&amp#27;[39m Encountered internal error running command: NoSuchElementError: An element could not be located on the page using the given search parameters.
[debug] &amp#27;[35m[W3C (17876c65)]&amp#27;[39m     at AndroidUiautomator2Driver.findElOrEls (/usr/local/lib/node_modules/appium/node_modules/appium-android-driver/lib/commands/find.js:75:11)
[debug] &amp#27;[35m[W3C (17876c65)]&amp#27;[39m     at runMicrotasks (<anonymous>)
[debug] &amp#27;[35m[W3C (17876c65)]&amp#27;[39m     at processTicksAndRejections (node:internal/process/task_queues:96:5)
[debug] &amp#27;[35m[W3C (17876c65)]&amp#27;[39m     at AndroidUiautomator2Driver.findElOrElsWithProcessing (/usr/local/lib/node_modules/appium/node_modules/appium-base-driver/lib/basedriver/commands/find.js:33:12)
[debug] &amp#27;[35m[W3C (17876c65)]&amp#27;[39m     at AndroidUiautomator2Driver.findElement (/usr/local/lib/node_modules/appium/node_modules/appium-base-driver/lib/basedriver/commands/find.js:53:10)
&amp#27;[35m[HTTP]&amp#27;[39m &amp#27;[37m<-- POST /wd/hub/session/17876c65-bd2d-4377-b322-9c9653165383/element &amp#27;[39m&amp#27;[33m404&amp#27;[39m &amp#27;[90m38 ms - 818&amp#27;[39m
&amp#27;[35m[HTTP]&amp#27;[39m &amp#27;[90m&amp#27;[39m
[debug] &amp#27;[35m[AndroidDriver]&amp#27;[39m The overall screen recording duration is 11s so far
[debug] &amp#27;[35m[AndroidDriver]&amp#27;[39m Starting the next 169s-chunk of screen recording in order to achieve 180s total duration
[debug] &amp#27;[35m[ADB]&amp#27;[39m Building screenrecord process with the command line: adb -P 5037 -s emulator-5554 shell screenrecord --time-limit 169 /sdcard/67b2d610.mp4
[debug] &amp#27;[35m[ADB]&amp#27;[39m Running '/Users/arjunmac/Library/Android/sdk/platform-tools/adb -P 5037 -s emulator-5554 shell "[ -e '/sdcard/67b2d610.mp4' ] && echo __PASS__"'
[debug] &amp#27;[35m[ADB]&amp#27;[39m Running '/Users/arjunmac/Library/Android/sdk/platform-tools/adb -P 5037 -s emulator-5554 shell "[ -e '/sdcard/48e9899e.mp4' ] && echo __PASS__"'
[debug] &amp#27;[35m[AndroidDriver]&amp#27;[39m The overall screen recording duration is 11s so far
[debug] &amp#27;[35m[AndroidDriver]&amp#27;[39m Starting the next 169s-chunk of screen recording in order to achieve 180s total duration
[debug] &amp#27;[35m[ADB]&amp#27;[39m Building screenrecord process with the command line: adb -P 5037 -s emulator-5554 shell screenrecord --time-limit 169 /sdcard/5813573f.mp4
[debug] &amp#27;[35m[ADB]&amp#27;[39m Running '/Users/arjunmac/Library/Android/sdk/platform-tools/adb -P 5037 -s emulator-5554 shell "[ -e '/sdcard/5813573f.mp4' ] && echo __PASS__"'
[debug] &amp#27;[35m[ADB]&amp#27;[39m Running '/Users/arjunmac/Library/Android/sdk/platform-tools/adb -P 5037 -s emulator-5554 shell "[ -e '/sdcard/52d7d261.mp4' ] && echo __PASS__"'
[debug] &amp#27;[35m[ADB]&amp#27;[39m Running '/Users/arjunmac/Library/Android/sdk/platform-tools/adb -P 5037 -s emulator-5554 shell "[ -e '/sdcard/249c0d98.mp4' ] && echo __PASS__"'
[debug] &amp#27;[35m[AndroidDriver]&amp#27;[39m The overall screen recording duration is 11s so far
[debug] &amp#27;[35m[AndroidDriver]&amp#27;[39m Starting the next 169s-chunk of screen recording in order to achieve 180s total duration
[debug] &amp#27;[35m[ADB]&amp#27;[39m Building screenrecord process with the command line: adb -P 5037 -s emulator-5554 shell screenrecord --time-limit 169 /sdcard/b7912e59.mp4
[debug] &amp#27;[35m[ADB]&amp#27;[39m Running '/Users/arjunmac/Library/Android/sdk/platform-tools/adb -P 5037 -s emulator-5554 shell "[ -e '/sdcard/b7912e59.mp4' ] && echo __PASS__"'
[debug] &amp#27;[35m[ADB]&amp#27;[39m Running '/Users/arjunmac/Library/Android/sdk/platform-tools/adb -P 5037 -s emulator-5554 shell "[ -e '/sdcard/67b2d610.mp4' ] && echo __PASS__"'
[debug] &amp#27;[35m[ADB]&amp#27;[39m Running '/Users/arjunmac/Library/Android/sdk/platform-tools/adb -P 5037 -s emulator-5554 shell "[ -e '/sdcard/5813573f.mp4' ] && echo __PASS__"'
[debug] &amp#27;[35m[AndroidDriver]&amp#27;[39m The overall screen recording duration is 12s so far
[debug] &amp#27;[35m[AndroidDriver]&amp#27;[39m Starting the next 168s-chunk of screen recording in order to achieve 180s total duration
[debug] &amp#27;[35m[ADB]&amp#27;[39m Building screenrecord process with the command line: adb -P 5037 -s emulator-5554 shell screenrecord --time-limit 168 /sdcard/b00a9634.mp4
[debug] &amp#27;[35m[ADB]&amp#27;[39m Running '/Users/arjunmac/Library/Android/sdk/platform-tools/adb -P 5037 -s emulator-5554 shell "[ -e '/sdcard/b00a9634.mp4' ] && echo __PASS__"'
&amp#27;[35m[HTTP]&amp#27;[39m &amp#27;[37m-->&amp#27;[39m &amp#27;[37mPOST&amp#27;[39m &amp#27;[37m/wd/hub/session/17876c65-bd2d-4377-b322-9c9653165383/element&amp#27;[39m
&amp#27;[35m[HTTP]&amp#27;[39m &amp#27;[90m{"using":"xpath","value":"/hierarchy/android.widget.FrameLayout/android.widget.FrameLayout/android.view.ViewGroup/android.widget.LinearLayout/android.widget.LinearLayout/android.widget.TextView[2]"}&amp#27;[39m
[debug] &amp#27;[35m[W3C (17876c65)]&amp#27;[39m Calling AppiumDriver.findElement() with args: ["xpath","/hierarchy/android.widget.FrameLayout/android.widget.FrameLayout/android.view.ViewGroup/android.widget.LinearLayout/android.widget.LinearLayout/android.widget.TextView[2]","17876c65-bd2d-4377-b322-9c9653165383"]
[debug] &amp#27;[35m[BaseDriver]&amp#27;[39m Valid locator strategies for this request: xpath, id, class name, accessibility id, css selector, -android uiautomator
[debug] &amp#27;[35m[BaseDriver]&amp#27;[39m Waiting up to 0 ms for condition
[debug] &amp#27;[35m[WD Proxy]&amp#27;[39m Matched '/element' to command name 'findElement'
[debug] &amp#27;[35m[WD Proxy]&amp#27;[39m Proxying [POST /element] to [POST http://127.0.0.1:10000/wd/hub/session/b6b613ea-c9d6-4373-8504-6b49cca35dae/element] with body: {"strategy":"xpath","selector":"/hierarchy/android.widget.FrameLayout/android.widget.FrameLayout/android.view.ViewGroup/android.widget.LinearLayout/android.widget.LinearLayout/android.widget.TextView[2]","context":"","multiple":false}
&amp#27;[35m[WD Proxy]&amp#27;[39m Got response with status 404: {"sessionId":"b6b613ea-c9d6-4373-8504-6b49cca35dae","value":{"error":"no such element","message":"An element could not be located on the page using the given search parameters","stacktrace":"io.appium.uiautomator2.common.exceptions.ElementNotFoundException: An element could not be located on the page using the given search parameters\n\tat io.appium.uiautomator2.handler.FindElement.findElement(FindElement.java:89)\n\tat io.appium.uiautomator2.handler.FindElement.safeHandle(FindElement.java:66)\n\tat io.appium.uiautomator2.handler.request.SafeRequestHandler.handle(SafeRequestHandler.java:41)\n\tat io.appium.uiautomator2.server.AppiumServlet.handleRequest(AppiumServlet.java:262)\n\tat io.appium.uiautomator2.server.AppiumServlet.handleHttpRequest(AppiumServlet.java:256)\n\tat io.appium.uiautomator2.http.ServerHandler.channelRead(ServerHandler.java:68)\n\tat io.netty.channel.AbstractChannelHandlerContext.invokeChannelRead(AbstractChannelHandlerContext.java:366)\n\tat io.netty.channel.AbstractChannelHandlerCont...
[debug] &amp#27;[35m[W3C]&amp#27;[39m Matched W3C error code 'no such element' to NoSuchElementError
[debug] &amp#27;[35m[W3C (17876c65)]&amp#27;[39m Encountered internal error running command: NoSuchElementError: An element could not be located on the page using the given search parameters.
[debug] &amp#27;[35m[W3C (17876c65)]&amp#27;[39m     at AndroidUiautomator2Driver.findElOrEls (/usr/local/lib/node_modules/appium/node_modules/appium-android-driver/lib/commands/find.js:75:11)
[debug] &amp#27;[35m[W3C (17876c65)]&amp#27;[39m     at runMicrotasks (<anonymous>)
[debug] &amp#27;[35m[W3C (17876c65)]&amp#27;[39m     at processTicksAndRejections (node:internal/process/task_queues:96:5)
[debug] &amp#27;[35m[W3C (17876c65)]&amp#27;[39m     at AndroidUiautomator2Driver.findElOrElsWithProcessing (/usr/local/lib/node_modules/appium/node_modules/appium-base-driver/lib/basedriver/commands/find.js:33:12)
[debug] &amp#27;[35m[W3C (17876c65)]&amp#27;[39m     at AndroidUiautomator2Driver.findElement (/usr/local/lib/node_modules/appium/node_modules/appium-base-driver/lib/basedriver/commands/find.js:53:10)
&amp#27;[35m[HTTP]&amp#27;[39m &amp#27;[37m<-- POST /wd/hub/session/17876c65-bd2d-4377-b322-9c9653165383/element &amp#27;[39m&amp#27;[33m404&amp#27;[39m &amp#27;[90m93 ms - 818&amp#27;[39m
&amp#27;[35m[HTTP]&amp#27;[39m &amp#27;[90m&amp#27;[39m
[debug] &amp#27;[35m[AndroidDriver]&amp#27;[39m The overall screen recording duration is 12s so far
[debug] &amp#27;[35m[AndroidDriver]&amp#27;[39m Starting the next 168s-chunk of screen recording in order to achieve 180s total duration
[debug] &amp#27;[35m[ADB]&amp#27;[39m Building screenrecord process with the command line: adb -P 5037 -s emulator-5554 shell screenrecord --time-limit 168 /sdcard/e033ae49.mp4
[debug] &amp#27;[35m[ADB]&amp#27;[39m Running '/Users/arjunmac/Library/Android/sdk/platform-tools/adb -P 5037 -s emulator-5554 shell "[ -e '/sdcard/b7912e59.mp4' ] && echo __PASS__"'
[debug] &amp#27;[35m[ADB]&amp#27;[39m Running '/Users/arjunmac/Library/Android/sdk/platform-tools/adb -P 5037 -s emulator-5554 shell "[ -e '/sdcard/e033ae49.mp4' ] && echo __PASS__"'
[debug] &amp#27;[35m[AndroidDriver]&amp#27;[39m The overall screen recording duration is 12s so far
[debug] &amp#27;[35m[AndroidDriver]&amp#27;[39m Starting the next 168s-chunk of screen recording in order to achieve 180s total duration
[debug] &amp#27;[35m[ADB]&amp#27;[39m Building screenrecord process with the command line: adb -P 5037 -s emulator-5554 shell screenrecord --time-limit 168 /sdcard/4e25c482.mp4
[debug] &amp#27;[35m[ADB]&amp#27;[39m Running '/Users/arjunmac/Library/Android/sdk/platform-tools/adb -P 5037 -s emulator-5554 shell "[ -e '/sdcard/4e25c482.mp4' ] && echo __PASS__"'
[debug] &amp#27;[35m[ADB]&amp#27;[39m Running '/Users/arjunmac/Library/Android/sdk/platform-tools/adb -P 5037 -s emulator-5554 shell "[ -e '/sdcard/b00a9634.mp4' ] && echo __PASS__"'
[debug] &amp#27;[35m[AndroidDriver]&amp#27;[39m The overall screen recording duration is 12s so far
[debug] &amp#27;[35m[AndroidDriver]&amp#27;[39m Starting the next 168s-chunk of screen recording in order to achieve 180s total duration
[debug] &amp#27;[35m[ADB]&amp#27;[39m Building screenrecord process with the command line: adb -P 5037 -s emulator-5554 shell screenrecord --time-limit 168 /sdcard/288f2e51.mp4
[debug] &amp#27;[35m[ADB]&amp#27;[39m Running '/Users/arjunmac/Library/Android/sdk/platform-tools/adb -P 5037 -s emulator-5554 shell "[ -e '/sdcard/288f2e51.mp4' ] && echo __PASS__"'
[debug] &amp#27;[35m[ADB]&amp#27;[39m Running '/Users/arjunmac/Library/Android/sdk/platform-tools/adb -P 5037 -s emulator-5554 shell "[ -e '/sdcard/e033ae49.mp4' ] && echo __PASS__"'
[debug] &amp#27;[35m[AndroidDriver]&amp#27;[39m The overall screen recording duration is 12s so far
[debug] &amp#27;[35m[AndroidDriver]&amp#27;[39m Starting the next 168s-chunk of screen recording in order to achieve 180s total duration
[debug] &amp#27;[35m[ADB]&amp#27;[39m Building screenrecord process with the command line: adb -P 5037 -s emulator-5554 shell screenrecord --time-limit 168 /sdcard/8c48889b.mp4
[debug] &amp#27;[35m[ADB]&amp#27;[39m Running '/Users/arjunmac/Library/Android/sdk/platform-tools/adb -P 5037 -s emulator-5554 shell "[ -e '/sdcard/8c48889b.mp4' ] && echo __PASS__"'
[debug] &amp#27;[35m[ADB]&amp#27;[39m Running '/Users/arjunmac/Library/Android/sdk/platform-tools/adb -P 5037 -s emulator-5554 shell "[ -e '/sdcard/4e25c482.mp4' ] && echo __PASS__"'
&amp#27;[35m[HTTP]&amp#27;[39m &amp#27;[37m-->&amp#27;[39m &amp#27;[37mPOST&amp#27;[39m &amp#27;[37m/wd/hub/session/17876c65-bd2d-4377-b322-9c9653165383/element&amp#27;[39m
&amp#27;[35m[HTTP]&amp#27;[39m &amp#27;[90m{"using":"xpath","value":"/hierarchy/android.widget.FrameLayout/android.widget.FrameLayout/android.view.ViewGroup/android.widget.LinearLayout/android.widget.LinearLayout/android.widget.TextView[2]"}&amp#27;[39m
[debug] &amp#27;[35m[W3C (17876c65)]&amp#27;[39m Calling AppiumDriver.findElement() with args: ["xpath","/hierarchy/android.widget.FrameLayout/android.widget.FrameLayout/android.view.ViewGroup/android.widget.LinearLayout/android.widget.LinearLayout/android.widget.TextView[2]","17876c65-bd2d-4377-b322-9c9653165383"]
[debug] &amp#27;[35m[BaseDriver]&amp#27;[39m Valid locator strategies for this request: xpath, id, class name, accessibility id, css selector, -android uiautomator
[debug] &amp#27;[35m[BaseDriver]&amp#27;[39m Waiting up to 0 ms for condition
[debug] &amp#27;[35m[WD Proxy]&amp#27;[39m Matched '/element' to command name 'findElement'
[debug] &amp#27;[35m[WD Proxy]&amp#27;[39m Proxying [POST /element] to [POST http://127.0.0.1:10000/wd/hub/session/b6b613ea-c9d6-4373-8504-6b49cca35dae/element] with body: {"strategy":"xpath","selector":"/hierarchy/android.widget.FrameLayout/android.widget.FrameLayout/android.view.ViewGroup/android.widget.LinearLayout/android.widget.LinearLayout/android.widget.TextView[2]","context":"","multiple":false}
[debug] &amp#27;[35m[AndroidDriver]&amp#27;[39m The overall screen recording duration is 12s so far
[debug] &amp#27;[35m[AndroidDriver]&amp#27;[39m Starting the next 168s-chunk of screen recording in order to achieve 180s total duration
[debug] &amp#27;[35m[ADB]&amp#27;[39m Building screenrecord process with the command line: adb -P 5037 -s emulator-5554 shell screenrecord --time-limit 168 /sdcard/045dd0a8.mp4
[debug] &amp#27;[35m[ADB]&amp#27;[39m Running '/Users/arjunmac/Library/Android/sdk/platform-tools/adb -P 5037 -s emulator-5554 shell "[ -e '/sdcard/045dd0a8.mp4' ] && echo __PASS__"'
&amp#27;[35m[WD Proxy]&amp#27;[39m Got response with status 404: {"sessionId":"b6b613ea-c9d6-4373-8504-6b49cca35dae","value":{"error":"no such element","message":"An element could not be located on the page using the given search parameters","stacktrace":"io.appium.uiautomator2.common.exceptions.ElementNotFoundException: An element could not be located on the page using the given search parameters\n\tat io.appium.uiautomator2.handler.FindElement.findElement(FindElement.java:89)\n\tat io.appium.uiautomator2.handler.FindElement.safeHandle(FindElement.java:66)\n\tat io.appium.uiautomator2.handler.request.SafeRequestHandler.handle(SafeRequestHandler.java:41)\n\tat io.appium.uiautomator2.server.AppiumServlet.handleRequest(AppiumServlet.java:262)\n\tat io.appium.uiautomator2.server.AppiumServlet.handleHttpRequest(AppiumServlet.java:256)\n\tat io.appium.uiautomator2.http.ServerHandler.channelRead(ServerHandler.java:68)\n\tat io.netty.channel.AbstractChannelHandlerContext.invokeChannelRead(AbstractChannelHandlerContext.java:366)\n\tat io.netty.channel.AbstractChannelHandlerCont...
[debug] &amp#27;[35m[W3C]&amp#27;[39m Matched W3C error code 'no such element' to NoSuchElementError
[debug] &amp#27;[35m[W3C (17876c65)]&amp#27;[39m Encountered internal error running command: NoSuchElementError: An element could not be located on the page using the given search parameters.
[debug] &amp#27;[35m[W3C (17876c65)]&amp#27;[39m     at AndroidUiautomator2Driver.findElOrEls (/usr/local/lib/node_modules/appium/node_modules/appium-android-driver/lib/commands/find.js:75:11)
[debug] &amp#27;[35m[W3C (17876c65)]&amp#27;[39m     at runMicrotasks (<anonymous>)
[debug] &amp#27;[35m[W3C (17876c65)]&amp#27;[39m     at processTicksAndRejections (node:internal/process/task_queues:96:5)
[debug] &amp#27;[35m[W3C (17876c65)]&amp#27;[39m     at AndroidUiautomator2Driver.findElOrElsWithProcessing (/usr/local/lib/node_modules/appium/node_modules/appium-base-driver/lib/basedriver/commands/find.js:33:12)
[debug] &amp#27;[35m[W3C (17876c65)]&amp#27;[39m     at AndroidUiautomator2Driver.findElement (/usr/local/lib/node_modules/appium/node_modules/appium-base-driver/lib/basedriver/commands/find.js:53:10)
&amp#27;[35m[HTTP]&amp#27;[39m &amp#27;[37m<-- POST /wd/hub/session/17876c65-bd2d-4377-b322-9c9653165383/element &amp#27;[39m&amp#27;[33m404&amp#27;[39m &amp#27;[90m71 ms - 818&amp#27;[39m
&amp#27;[35m[HTTP]&amp#27;[39m &amp#27;[90m&amp#27;[39m
[debug] &amp#27;[35m[ADB]&amp#27;[39m Running '/Users/arjunmac/Library/Android/sdk/platform-tools/adb -P 5037 -s emulator-5554 shell "[ -e '/sdcard/288f2e51.mp4' ] && echo __PASS__"'
[debug] &amp#27;[35m[AndroidDriver]&amp#27;[39m The overall screen recording duration is 12s so far
[debug] &amp#27;[35m[AndroidDriver]&amp#27;[39m Starting the next 168s-chunk of screen recording in order to achieve 180s total duration
[debug] &amp#27;[35m[ADB]&amp#27;[39m Building screenrecord process with the command line: adb -P 5037 -s emulator-5554 shell screenrecord --time-limit 168 /sdcard/458773df.mp4
[debug] &amp#27;[35m[ADB]&amp#27;[39m Running '/Users/arjunmac/Library/Android/sdk/platform-tools/adb -P 5037 -s emulator-5554 shell "[ -e '/sdcard/458773df.mp4' ] && echo __PASS__"'
[debug] &amp#27;[35m[ADB]&amp#27;[39m Running '/Users/arjunmac/Library/Android/sdk/platform-tools/adb -P 5037 -s emulator-5554 shell "[ -e '/sdcard/8c48889b.mp4' ] && echo __PASS__"'
[debug] &amp#27;[35m[AndroidDriver]&amp#27;[39m The overall screen recording duration is 12s so far
[debug] &amp#27;[35m[AndroidDriver]&amp#27;[39m Starting the next 168s-chunk of screen recording in order to achieve 180s total duration
[debug] &amp#27;[35m[ADB]&amp#27;[39m Building screenrecord process with the command line: adb -P 5037 -s emulator-5554 shell screenrecord --time-limit 168 /sdcard/02531fea.mp4
[debug] &amp#27;[35m[ADB]&amp#27;[39m Running '/Users/arjunmac/Library/Android/sdk/platform-tools/adb -P 5037 -s emulator-5554 shell "[ -e '/sdcard/02531fea.mp4' ] && echo __PASS__"'
[debug] &amp#27;[35m[ADB]&amp#27;[39m Running '/Users/arjunmac/Library/Android/sdk/platform-tools/adb -P 5037 -s emulator-5554 shell "[ -e '/sdcard/045dd0a8.mp4' ] && echo __PASS__"'
[debug] &amp#27;[35m[AndroidDriver]&amp#27;[39m The overall screen recording duration is 13s so far
[debug] &amp#27;[35m[AndroidDriver]&amp#27;[39m Starting the next 167s-chunk of screen recording in order to achieve 180s total duration
[debug] &amp#27;[35m[ADB]&amp#27;[39m Building screenrecord process with the command line: adb -P 5037 -s emulator-5554 shell screenrecord --time-limit 167 /sdcard/312d048a.mp4
[debug] &amp#27;[35m[ADB]&amp#27;[39m Running '/Users/arjunmac/Library/Android/sdk/platform-tools/adb -P 5037 -s emulator-5554 shell "[ -e '/sdcard/312d048a.mp4' ] && echo __PASS__"'
[debug] &amp#27;[35m[ADB]&amp#27;[39m Running '/Users/arjunmac/Library/Android/sdk/platform-tools/adb -P 5037 -s emulator-5554 shell "[ -e '/sdcard/458773df.mp4' ] && echo __PASS__"'
&amp#27;[35m[HTTP]&amp#27;[39m &amp#27;[37m-->&amp#27;[39m &amp#27;[37mGET&amp#27;[39m &amp#27;[37m/wd/hub/session/17876c65-bd2d-4377-b322-9c9653165383/context&amp#27;[39m
&amp#27;[35m[HTTP]&amp#27;[39m &amp#27;[90m{}&amp#27;[39m
[debug] &amp#27;[35m[W3C (17876c65)]&amp#27;[39m Calling AppiumDriver.getCurrentContext() with args: ["17876c65-bd2d-4377-b322-9c9653165383"]
[debug] &amp#27;[35m[W3C (17876c65)]&amp#27;[39m Responding to client with driver.getCurrentContext() result: "NATIVE_APP"
&amp#27;[35m[HTTP]&amp#27;[39m &amp#27;[37m<-- GET /wd/hub/session/17876c65-bd2d-4377-b322-9c9653165383/context &amp#27;[39m&amp#27;[32m200&amp#27;[39m &amp#27;[90m1 ms - 22&amp#27;[39m
&amp#27;[35m[HTTP]&amp#27;[39m &amp#27;[90m&amp#27;[39m
&amp#27;[35m[HTTP]&amp#27;[39m &amp#27;[37m-->&amp#27;[39m &amp#27;[37mPOST&amp#27;[39m &amp#27;[37m/wd/hub/session/17876c65-bd2d-4377-b322-9c9653165383/element&amp#27;[39m
&amp#27;[35m[HTTP]&amp#27;[39m &amp#27;[90m{"using":"xpath","value":"/hierarchy/android.widget.FrameLayout/android.widget.FrameLayout/android.view.ViewGroup/android.widget.LinearLayout/android.widget.LinearLayout/android.widget.TextView[2]"}&amp#27;[39m
[debug] &amp#27;[35m[W3C (17876c65)]&amp#27;[39m Calling AppiumDriver.findElement() with args: ["xpath","/hierarchy/android.widget.FrameLayout/android.widget.FrameLayout/android.view.ViewGroup/android.widget.LinearLayout/android.widget.LinearLayout/android.widget.TextView[2]","17876c65-bd2d-4377-b322-9c9653165383"]
[debug] &amp#27;[35m[BaseDriver]&amp#27;[39m Valid locator strategies for this request: xpath, id, class name, accessibility id, css selector, -android uiautomator
[debug] &amp#27;[35m[BaseDriver]&amp#27;[39m Waiting up to 0 ms for condition
[debug] &amp#27;[35m[WD Proxy]&amp#27;[39m Matched '/element' to command name 'findElement'
[debug] &amp#27;[35m[WD Proxy]&amp#27;[39m Proxying [POST /element] to [POST http://127.0.0.1:10000/wd/hub/session/b6b613ea-c9d6-4373-8504-6b49cca35dae/element] with body: {"strategy":"xpath","selector":"/hierarchy/android.widget.FrameLayout/android.widget.FrameLayout/android.view.ViewGroup/android.widget.LinearLayout/android.widget.LinearLayout/android.widget.TextView[2]","context":"","multiple":false}
[debug] &amp#27;[35m[AndroidDriver]&amp#27;[39m The overall screen recording duration is 13s so far
[debug] &amp#27;[35m[AndroidDriver]&amp#27;[39m Starting the next 167s-chunk of screen recording in order to achieve 180s total duration
[debug] &amp#27;[35m[ADB]&amp#27;[39m Building screenrecord process with the command line: adb -P 5037 -s emulator-5554 shell screenrecord --time-limit 167 /sdcard/5a325b7d.mp4
[debug] &amp#27;[35m[ADB]&amp#27;[39m Running '/Users/arjunmac/Library/Android/sdk/platform-tools/adb -P 5037 -s emulator-5554 shell "[ -e '/sdcard/5a325b7d.mp4' ] && echo __PASS__"'
[debug] &amp#27;[35m[ADB]&amp#27;[39m Running '/Users/arjunmac/Library/Android/sdk/platform-tools/adb -P 5037 -s emulator-5554 shell "[ -e '/sdcard/02531fea.mp4' ] && echo __PASS__"'
&amp#27;[35m[WD Proxy]&amp#27;[39m Got response with status 404: {"sessionId":"b6b613ea-c9d6-4373-8504-6b49cca35dae","value":{"error":"no such element","message":"An element could not be located on the page using the given search parameters","stacktrace":"io.appium.uiautomator2.common.exceptions.ElementNotFoundException: An element could not be located on the page using the given search parameters\n\tat io.appium.uiautomator2.handler.FindElement.findElement(FindElement.java:89)\n\tat io.appium.uiautomator2.handler.FindElement.safeHandle(FindElement.java:66)\n\tat io.appium.uiautomator2.handler.request.SafeRequestHandler.handle(SafeRequestHandler.java:41)\n\tat io.appium.uiautomator2.server.AppiumServlet.handleRequest(AppiumServlet.java:262)\n\tat io.appium.uiautomator2.server.AppiumServlet.handleHttpRequest(AppiumServlet.java:256)\n\tat io.appium.uiautomator2.http.ServerHandler.channelRead(ServerHandler.java:68)\n\tat io.netty.channel.AbstractChannelHandlerContext.invokeChannelRead(AbstractChannelHandlerContext.java:366)\n\tat io.netty.channel.AbstractChannelHandlerCont...
[debug] &amp#27;[35m[W3C]&amp#27;[39m Matched W3C error code 'no such element' to NoSuchElementError
[debug] &amp#27;[35m[W3C (17876c65)]&amp#27;[39m Encountered internal error running command: NoSuchElementError: An element could not be located on the page using the given search parameters.
[debug] &amp#27;[35m[W3C (17876c65)]&amp#27;[39m     at AndroidUiautomator2Driver.findElOrEls (/usr/local/lib/node_modules/appium/node_modules/appium-android-driver/lib/commands/find.js:75:11)
[debug] &amp#27;[35m[W3C (17876c65)]&amp#27;[39m     at runMicrotasks (<anonymous>)
[debug] &amp#27;[35m[W3C (17876c65)]&amp#27;[39m     at processTicksAndRejections (node:internal/process/task_queues:96:5)
[debug] &amp#27;[35m[W3C (17876c65)]&amp#27;[39m     at AndroidUiautomator2Driver.findElOrElsWithProcessing (/usr/local/lib/node_modules/appium/node_modules/appium-base-driver/lib/basedriver/commands/find.js:33:12)
[debug] &amp#27;[35m[W3C (17876c65)]&amp#27;[39m     at AndroidUiautomator2Driver.findElement (/usr/local/lib/node_modules/appium/node_modules/appium-base-driver/lib/basedriver/commands/find.js:53:10)
&amp#27;[35m[HTTP]&amp#27;[39m &amp#27;[37m<-- POST /wd/hub/session/17876c65-bd2d-4377-b322-9c9653165383/element &amp#27;[39m&amp#27;[33m404&amp#27;[39m &amp#27;[90m58 ms - 818&amp#27;[39m
&amp#27;[35m[HTTP]&amp#27;[39m &amp#27;[90m&amp#27;[39m
[debug] &amp#27;[35m[AndroidDriver]&amp#27;[39m The overall screen recording duration is 13s so far
[debug] &amp#27;[35m[AndroidDriver]&amp#27;[39m Starting the next 167s-chunk of screen recording in order to achieve 180s total duration
[debug] &amp#27;[35m[ADB]&amp#27;[39m Building screenrecord process with the command line: adb -P 5037 -s emulator-5554 shell screenrecord --time-limit 167 /sdcard/69717ae9.mp4
[debug] &amp#27;[35m[ADB]&amp#27;[39m Running '/Users/arjunmac/Library/Android/sdk/platform-tools/adb -P 5037 -s emulator-5554 shell "[ -e '/sdcard/69717ae9.mp4' ] && echo __PASS__"'
[debug] &amp#27;[35m[ADB]&amp#27;[39m Running '/Users/arjunmac/Library/Android/sdk/platform-tools/adb -P 5037 -s emulator-5554 shell "[ -e '/sdcard/312d048a.mp4' ] && echo __PASS__"'
[debug] &amp#27;[35m[AndroidDriver]&amp#27;[39m The overall screen recording duration is 13s so far
[debug] &amp#27;[35m[AndroidDriver]&amp#27;[39m Starting the next 167s-chunk of screen recording in order to achieve 180s total duration
[debug] &amp#27;[35m[ADB]&amp#27;[39m Building screenrecord process with the command line: adb -P 5037 -s emulator-5554 shell screenrecord --time-limit 167 /sdcard/ed7515dc.mp4
[debug] &amp#27;[35m[ADB]&amp#27;[39m Running '/Users/arjunmac/Library/Android/sdk/platform-tools/adb -P 5037 -s emulator-5554 shell "[ -e '/sdcard/ed7515dc.mp4' ] && echo __PASS__"'
[debug] &amp#27;[35m[AndroidDriver]&amp#27;[39m The overall screen recording duration is 13s so far
[debug] &amp#27;[35m[AndroidDriver]&amp#27;[39m Starting the next 167s-chunk of screen recording in order to achieve 180s total duration
[debug] &amp#27;[35m[ADB]&amp#27;[39m Building screenrecord process with the command line: adb -P 5037 -s emulator-5554 shell screenrecord --time-limit 167 /sdcard/405b733f.mp4
[debug] &amp#27;[35m[ADB]&amp#27;[39m Running '/Users/arjunmac/Library/Android/sdk/platform-tools/adb -P 5037 -s emulator-5554 shell "[ -e '/sdcard/405b733f.mp4' ] && echo __PASS__"'
[debug] &amp#27;[35m[ADB]&amp#27;[39m Running '/Users/arjunmac/Library/Android/sdk/platform-tools/adb -P 5037 -s emulator-5554 shell "[ -e '/sdcard/5a325b7d.mp4' ] && echo __PASS__"'
[debug] &amp#27;[35m[AndroidDriver]&amp#27;[39m The overall screen recording duration is 13s so far
[debug] &amp#27;[35m[AndroidDriver]&amp#27;[39m Starting the next 167s-chunk of screen recording in order to achieve 180s total duration
[debug] &amp#27;[35m[ADB]&amp#27;[39m Building screenrecord process with the command line: adb -P 5037 -s emulator-5554 shell screenrecord --time-limit 167 /sdcard/806d92a5.mp4
[debug] &amp#27;[35m[ADB]&amp#27;[39m Running '/Users/arjunmac/Library/Android/sdk/platform-tools/adb -P 5037 -s emulator-5554 shell "[ -e '/sdcard/806d92a5.mp4' ] && echo __PASS__"'
[debug] &amp#27;[35m[ADB]&amp#27;[39m Running '/Users/arjunmac/Library/Android/sdk/platform-tools/adb -P 5037 -s emulator-5554 shell "[ -e '/sdcard/69717ae9.mp4' ] && echo __PASS__"'
[debug] &amp#27;[35m[AndroidDriver]&amp#27;[39m The overall screen recording duration is 13s so far
[debug] &amp#27;[35m[AndroidDriver]&amp#27;[39m Starting the next 167s-chunk of screen recording in order to achieve 180s total duration
[debug] &amp#27;[35m[ADB]&amp#27;[39m Building screenrecord process with the command line: adb -P 5037 -s emulator-5554 shell screenrecord --time-limit 167 /sdcard/45db6a69.mp4
[debug] &amp#27;[35m[ADB]&amp#27;[39m Running '/Users/arjunmac/Library/Android/sdk/platform-tools/adb -P 5037 -s emulator-5554 shell "[ -e '/sdcard/45db6a69.mp4' ] && echo __PASS__"'
[debug] &amp#27;[35m[ADB]&amp#27;[39m Running '/Users/arjunmac/Library/Android/sdk/platform-tools/adb -P 5037 -s emulator-5554 shell "[ -e '/sdcard/ed7515dc.mp4' ] && echo __PASS__"'
&amp#27;[35m[HTTP]&amp#27;[39m &amp#27;[37m-->&amp#27;[39m &amp#27;[37mPOST&amp#27;[39m &amp#27;[37m/wd/hub/session/17876c65-bd2d-4377-b322-9c9653165383/element&amp#27;[39m
&amp#27;[35m[HTTP]&amp#27;[39m &amp#27;[90m{"using":"xpath","value":"/hierarchy/android.widget.FrameLayout/android.widget.FrameLayout/android.view.ViewGroup/android.widget.LinearLayout/android.widget.LinearLayout/android.widget.TextView[2]"}&amp#27;[39m
[debug] &amp#27;[35m[W3C (17876c65)]&amp#27;[39m Calling AppiumDriver.findElement() with args: ["xpath","/hierarchy/android.widget.FrameLayout/android.widget.FrameLayout/android.view.ViewGroup/android.widget.LinearLayout/android.widget.LinearLayout/android.widget.TextView[2]","17876c65-bd2d-4377-b322-9c9653165383"]
[debug] &amp#27;[35m[BaseDriver]&amp#27;[39m Valid locator strategies for this request: xpath, id, class name, accessibility id, css selector, -android uiautomator
[debug] &amp#27;[35m[BaseDriver]&amp#27;[39m Waiting up to 0 ms for condition
[debug] &amp#27;[35m[WD Proxy]&amp#27;[39m Matched '/element' to command name 'findElement'
[debug] &amp#27;[35m[WD Proxy]&amp#27;[39m Proxying [POST /element] to [POST http://127.0.0.1:10000/wd/hub/session/b6b613ea-c9d6-4373-8504-6b49cca35dae/element] with body: {"strategy":"xpath","selector":"/hierarchy/android.widget.FrameLayout/android.widget.FrameLayout/android.view.ViewGroup/android.widget.LinearLayout/android.widget.LinearLayout/android.widget.TextView[2]","context":"","multiple":false}
[debug] &amp#27;[35m[AndroidDriver]&amp#27;[39m The overall screen recording duration is 13s so far
[debug] &amp#27;[35m[AndroidDriver]&amp#27;[39m Starting the next 167s-chunk of screen recording in order to achieve 180s total duration
[debug] &amp#27;[35m[ADB]&amp#27;[39m Building screenrecord process with the command line: adb -P 5037 -s emulator-5554 shell screenrecord --time-limit 167 /sdcard/1607a018.mp4
[debug] &amp#27;[35m[ADB]&amp#27;[39m Running '/Users/arjunmac/Library/Android/sdk/platform-tools/adb -P 5037 -s emulator-5554 shell "[ -e '/sdcard/1607a018.mp4' ] && echo __PASS__"'
&amp#27;[35m[WD Proxy]&amp#27;[39m Got response with status 404: {"sessionId":"b6b613ea-c9d6-4373-8504-6b49cca35dae","value":{"error":"no such element","message":"An element could not be located on the page using the given search parameters","stacktrace":"io.appium.uiautomator2.common.exceptions.ElementNotFoundException: An element could not be located on the page using the given search parameters\n\tat io.appium.uiautomator2.handler.FindElement.findElement(FindElement.java:89)\n\tat io.appium.uiautomator2.handler.FindElement.safeHandle(FindElement.java:66)\n\tat io.appium.uiautomator2.handler.request.SafeRequestHandler.handle(SafeRequestHandler.java:41)\n\tat io.appium.uiautomator2.server.AppiumServlet.handleRequest(AppiumServlet.java:262)\n\tat io.appium.uiautomator2.server.AppiumServlet.handleHttpRequest(AppiumServlet.java:256)\n\tat io.appium.uiautomator2.http.ServerHandler.channelRead(ServerHandler.java:68)\n\tat io.netty.channel.AbstractChannelHandlerContext.invokeChannelRead(AbstractChannelHandlerContext.java:366)\n\tat io.netty.channel.AbstractChannelHandlerCont...
[debug] &amp#27;[35m[W3C]&amp#27;[39m Matched W3C error code 'no such element' to NoSuchElementError
[debug] &amp#27;[35m[W3C (17876c65)]&amp#27;[39m Encountered internal error running command: NoSuchElementError: An element could not be located on the page using the given search parameters.
[debug] &amp#27;[35m[W3C (17876c65)]&amp#27;[39m     at AndroidUiautomator2Driver.findElOrEls (/usr/local/lib/node_modules/appium/node_modules/appium-android-driver/lib/commands/find.js:75:11)
[debug] &amp#27;[35m[W3C (17876c65)]&amp#27;[39m     at runMicrotasks (<anonymous>)
[debug] &amp#27;[35m[W3C (17876c65)]&amp#27;[39m     at processTicksAndRejections (node:internal/process/task_queues:96:5)
[debug] &amp#27;[35m[W3C (17876c65)]&amp#27;[39m     at AndroidUiautomator2Driver.findElOrElsWithProcessing (/usr/local/lib/node_modules/appium/node_modules/appium-base-driver/lib/basedriver/commands/find.js:33:12)
[debug] &amp#27;[35m[W3C (17876c65)]&amp#27;[39m     at AndroidUiautomator2Driver.findElement (/usr/local/lib/node_modules/appium/node_modules/appium-base-driver/lib/basedriver/commands/find.js:53:10)
&amp#27;[35m[HTTP]&amp#27;[39m &amp#27;[37m<-- POST /wd/hub/session/17876c65-bd2d-4377-b322-9c9653165383/element &amp#27;[39m&amp#27;[33m404&amp#27;[39m &amp#27;[90m40 ms - 818&amp#27;[39m
&amp#27;[35m[HTTP]&amp#27;[39m &amp#27;[90m&amp#27;[39m
[debug] &amp#27;[35m[ADB]&amp#27;[39m Running '/Users/arjunmac/Library/Android/sdk/platform-tools/adb -P 5037 -s emulator-5554 shell "[ -e '/sdcard/405b733f.mp4' ] && echo __PASS__"'
[debug] &amp#27;[35m[AndroidDriver]&amp#27;[39m The overall screen recording duration is 13s so far
[debug] &amp#27;[35m[AndroidDriver]&amp#27;[39m Starting the next 167s-chunk of screen recording in order to achieve 180s total duration
[debug] &amp#27;[35m[ADB]&amp#27;[39m Building screenrecord process with the command line: adb -P 5037 -s emulator-5554 shell screenrecord --time-limit 167 /sdcard/4e954104.mp4
[debug] &amp#27;[35m[ADB]&amp#27;[39m Running '/Users/arjunmac/Library/Android/sdk/platform-tools/adb -P 5037 -s emulator-5554 shell "[ -e '/sdcard/4e954104.mp4' ] && echo __PASS__"'
[debug] &amp#27;[35m[ADB]&amp#27;[39m Running '/Users/arjunmac/Library/Android/sdk/platform-tools/adb -P 5037 -s emulator-5554 shell "[ -e '/sdcard/806d92a5.mp4' ] && echo __PASS__"'
[debug] &amp#27;[35m[AndroidDriver]&amp#27;[39m The overall screen recording duration is 14s so far
[debug] &amp#27;[35m[AndroidDriver]&amp#27;[39m Starting the next 166s-chunk of screen recording in order to achieve 180s total duration
[debug] &amp#27;[35m[ADB]&amp#27;[39m Building screenrecord process with the command line: adb -P 5037 -s emulator-5554 shell screenrecord --time-limit 166 /sdcard/1444272b.mp4
[debug] &amp#27;[35m[ADB]&amp#27;[39m Running '/Users/arjunmac/Library/Android/sdk/platform-tools/adb -P 5037 -s emulator-5554 shell "[ -e '/sdcard/1444272b.mp4' ] && echo __PASS__"'
[debug] &amp#27;[35m[ADB]&amp#27;[39m Running '/Users/arjunmac/Library/Android/sdk/platform-tools/adb -P 5037 -s emulator-5554 shell "[ -e '/sdcard/45db6a69.mp4' ] && echo __PASS__"'
[debug] &amp#27;[35m[AndroidDriver]&amp#27;[39m The overall screen recording duration is 14s so far
[debug] &amp#27;[35m[AndroidDriver]&amp#27;[39m Starting the next 166s-chunk of screen recording in order to achieve 180s total duration
[debug] &amp#27;[35m[ADB]&amp#27;[39m Building screenrecord process with the command line: adb -P 5037 -s emulator-5554 shell screenrecord --time-limit 166 /sdcard/516b3691.mp4
[debug] &amp#27;[35m[ADB]&amp#27;[39m Running '/Users/arjunmac/Library/Android/sdk/platform-tools/adb -P 5037 -s emulator-5554 shell "[ -e '/sdcard/516b3691.mp4' ] && echo __PASS__"'
[debug] &amp#27;[35m[ADB]&amp#27;[39m Running '/Users/arjunmac/Library/Android/sdk/platform-tools/adb -P 5037 -s emulator-5554 shell "[ -e '/sdcard/1607a018.mp4' ] && echo __PASS__"'
[debug] &amp#27;[35m[AndroidDriver]&amp#27;[39m The overall screen recording duration is 14s so far
[debug] &amp#27;[35m[AndroidDriver]&amp#27;[39m Starting the next 166s-chunk of screen recording in order to achieve 180s total duration
[debug] &amp#27;[35m[ADB]&amp#27;[39m Building screenrecord process with the command line: adb -P 5037 -s emulator-5554 shell screenrecord --time-limit 166 /sdcard/5b000132.mp4
[debug] &amp#27;[35m[ADB]&amp#27;[39m Running '/Users/arjunmac/Library/Android/sdk/platform-tools/adb -P 5037 -s emulator-5554 shell "[ -e '/sdcard/5b000132.mp4' ] && echo __PASS__"'
[debug] &amp#27;[35m[ADB]&amp#27;[39m Running '/Users/arjunmac/Library/Android/sdk/platform-tools/adb -P 5037 -s emulator-5554 shell "[ -e '/sdcard/4e954104.mp4' ] && echo __PASS__"'
[debug] &amp#27;[35m[AndroidDriver]&amp#27;[39m The overall screen recording duration is 14s so far
[debug] &amp#27;[35m[AndroidDriver]&amp#27;[39m Starting the next 166s-chunk of screen recording in order to achieve 180s total duration
[debug] &amp#27;[35m[ADB]&amp#27;[39m Building screenrecord process with the command line: adb -P 5037 -s emulator-5554 shell screenrecord --time-limit 166 /sdcard/48703313.mp4
[debug] &amp#27;[35m[ADB]&amp#27;[39m Running '/Users/arjunmac/Library/Android/sdk/platform-tools/adb -P 5037 -s emulator-5554 shell "[ -e '/sdcard/48703313.mp4' ] && echo __PASS__"'
[debug] &amp#27;[35m[AndroidDriver]&amp#27;[39m The overall screen recording duration is 14s so far
[debug] &amp#27;[35m[AndroidDriver]&amp#27;[39m Starting the next 166s-chunk of screen recording in order to achieve 180s total duration
[debug] &amp#27;[35m[ADB]&amp#27;[39m Building screenrecord process with the command line: adb -P 5037 -s emulator-5554 shell screenrecord --time-limit 166 /sdcard/be355f23.mp4
[debug] &amp#27;[35m[ADB]&amp#27;[39m Running '/Users/arjunmac/Library/Android/sdk/platform-tools/adb -P 5037 -s emulator-5554 shell "[ -e '/sdcard/1444272b.mp4' ] && echo __PASS__"'
[debug] &amp#27;[35m[ADB]&amp#27;[39m Running '/Users/arjunmac/Library/Android/sdk/platform-tools/adb -P 5037 -s emulator-5554 shell "[ -e '/sdcard/be355f23.mp4' ] && echo __PASS__"'
&amp#27;[35m[HTTP]&amp#27;[39m &amp#27;[37m-->&amp#27;[39m &amp#27;[37mPOST&amp#27;[39m &amp#27;[37m/wd/hub/session/17876c65-bd2d-4377-b322-9c9653165383/element&amp#27;[39m
&amp#27;[35m[HTTP]&amp#27;[39m &amp#27;[90m{"using":"xpath","value":"/hierarchy/android.widget.FrameLayout/android.widget.FrameLayout/android.view.ViewGroup/android.widget.LinearLayout/android.widget.LinearLayout/android.widget.TextView[2]"}&amp#27;[39m
[debug] &amp#27;[35m[W3C (17876c65)]&amp#27;[39m Calling AppiumDriver.findElement() with args: ["xpath","/hierarchy/android.widget.FrameLayout/android.widget.FrameLayout/android.view.ViewGroup/android.widget.LinearLayout/android.widget.LinearLayout/android.widget.TextView[2]","17876c65-bd2d-4377-b322-9c9653165383"]
[debug] &amp#27;[35m[BaseDriver]&amp#27;[39m Valid locator strategies for this request: xpath, id, class name, accessibility id, css selector, -android uiautomator
[debug] &amp#27;[35m[BaseDriver]&amp#27;[39m Waiting up to 0 ms for condition
[debug] &amp#27;[35m[WD Proxy]&amp#27;[39m Matched '/element' to command name 'findElement'
[debug] &amp#27;[35m[WD Proxy]&amp#27;[39m Proxying [POST /element] to [POST http://127.0.0.1:10000/wd/hub/session/b6b613ea-c9d6-4373-8504-6b49cca35dae/element] with body: {"strategy":"xpath","selector":"/hierarchy/android.widget.FrameLayout/android.widget.FrameLayout/android.view.ViewGroup/android.widget.LinearLayout/android.widget.LinearLayout/android.widget.TextView[2]","context":"","multiple":false}
&amp#27;[35m[WD Proxy]&amp#27;[39m Got response with status 404: {"sessionId":"b6b613ea-c9d6-4373-8504-6b49cca35dae","value":{"error":"no such element","message":"An element could not be located on the page using the given search parameters","stacktrace":"io.appium.uiautomator2.common.exceptions.ElementNotFoundException: An element could not be located on the page using the given search parameters\n\tat io.appium.uiautomator2.handler.FindElement.findElement(FindElement.java:89)\n\tat io.appium.uiautomator2.handler.FindElement.safeHandle(FindElement.java:66)\n\tat io.appium.uiautomator2.handler.request.SafeRequestHandler.handle(SafeRequestHandler.java:41)\n\tat io.appium.uiautomator2.server.AppiumServlet.handleRequest(AppiumServlet.java:262)\n\tat io.appium.uiautomator2.server.AppiumServlet.handleHttpRequest(AppiumServlet.java:256)\n\tat io.appium.uiautomator2.http.ServerHandler.channelRead(ServerHandler.java:68)\n\tat io.netty.channel.AbstractChannelHandlerContext.invokeChannelRead(AbstractChannelHandlerContext.java:366)\n\tat io.netty.channel.AbstractChannelHandlerCont...
[debug] &amp#27;[35m[W3C]&amp#27;[39m Matched W3C error code 'no such element' to NoSuchElementError
[debug] &amp#27;[35m[W3C (17876c65)]&amp#27;[39m Encountered internal error running command: NoSuchElementError: An element could not be located on the page using the given search parameters.
[debug] &amp#27;[35m[W3C (17876c65)]&amp#27;[39m     at AndroidUiautomator2Driver.findElOrEls (/usr/local/lib/node_modules/appium/node_modules/appium-android-driver/lib/commands/find.js:75:11)
[debug] &amp#27;[35m[W3C (17876c65)]&amp#27;[39m     at runMicrotasks (<anonymous>)
[debug] &amp#27;[35m[W3C (17876c65)]&amp#27;[39m     at processTicksAndRejections (node:internal/process/task_queues:96:5)
[debug] &amp#27;[35m[W3C (17876c65)]&amp#27;[39m     at AndroidUiautomator2Driver.findElOrElsWithProcessing (/usr/local/lib/node_modules/appium/node_modules/appium-base-driver/lib/basedriver/commands/find.js:33:12)
[debug] &amp#27;[35m[W3C (17876c65)]&amp#27;[39m     at AndroidUiautomator2Driver.findElement (/usr/local/lib/node_modules/appium/node_modules/appium-base-driver/lib/basedriver/commands/find.js:53:10)
&amp#27;[35m[HTTP]&amp#27;[39m &amp#27;[37m<-- POST /wd/hub/session/17876c65-bd2d-4377-b322-9c9653165383/element &amp#27;[39m&amp#27;[33m404&amp#27;[39m &amp#27;[90m30 ms - 818&amp#27;[39m
&amp#27;[35m[HTTP]&amp#27;[39m &amp#27;[90m&amp#27;[39m
[debug] &amp#27;[35m[ADB]&amp#27;[39m Running '/Users/arjunmac/Library/Android/sdk/platform-tools/adb -P 5037 -s emulator-5554 shell "[ -e '/sdcard/516b3691.mp4' ] && echo __PASS__"'
[debug] &amp#27;[35m[AndroidDriver]&amp#27;[39m The overall screen recording duration is 14s so far
[debug] &amp#27;[35m[AndroidDriver]&amp#27;[39m Starting the next 166s-chunk of screen recording in order to achieve 180s total duration
[debug] &amp#27;[35m[ADB]&amp#27;[39m Building screenrecord process with the command line: adb -P 5037 -s emulator-5554 shell screenrecord --time-limit 166 /sdcard/92013ad3.mp4
[debug] &amp#27;[35m[ADB]&amp#27;[39m Running '/Users/arjunmac/Library/Android/sdk/platform-tools/adb -P 5037 -s emulator-5554 shell "[ -e '/sdcard/92013ad3.mp4' ] && echo __PASS__"'
[debug] &amp#27;[35m[ADB]&amp#27;[39m Running '/Users/arjunmac/Library/Android/sdk/platform-tools/adb -P 5037 -s emulator-5554 shell "[ -e '/sdcard/5b000132.mp4' ] && echo __PASS__"'
[debug] &amp#27;[35m[AndroidDriver]&amp#27;[39m The overall screen recording duration is 14s so far
[debug] &amp#27;[35m[AndroidDriver]&amp#27;[39m Starting the next 166s-chunk of screen recording in order to achieve 180s total duration
[debug] &amp#27;[35m[ADB]&amp#27;[39m Building screenrecord process with the command line: adb -P 5037 -s emulator-5554 shell screenrecord --time-limit 166 /sdcard/06e6f2be.mp4
[debug] &amp#27;[35m[ADB]&amp#27;[39m Running '/Users/arjunmac/Library/Android/sdk/platform-tools/adb -P 5037 -s emulator-5554 shell "[ -e '/sdcard/06e6f2be.mp4' ] && echo __PASS__"'
[debug] &amp#27;[35m[ADB]&amp#27;[39m Running '/Users/arjunmac/Library/Android/sdk/platform-tools/adb -P 5037 -s emulator-5554 shell "[ -e '/sdcard/48703313.mp4' ] && echo __PASS__"'
[debug] &amp#27;[35m[AndroidDriver]&amp#27;[39m The overall screen recording duration is 14s so far
[debug] &amp#27;[35m[AndroidDriver]&amp#27;[39m Starting the next 166s-chunk of screen recording in order to achieve 180s total duration
[debug] &amp#27;[35m[ADB]&amp#27;[39m Building screenrecord process with the command line: adb -P 5037 -s emulator-5554 shell screenrecord --time-limit 166 /sdcard/818f81df.mp4
[debug] &amp#27;[35m[ADB]&amp#27;[39m Running '/Users/arjunmac/Library/Android/sdk/platform-tools/adb -P 5037 -s emulator-5554 shell "[ -e '/sdcard/818f81df.mp4' ] && echo __PASS__"'
[debug] &amp#27;[35m[ADB]&amp#27;[39m Running '/Users/arjunmac/Library/Android/sdk/platform-tools/adb -P 5037 -s emulator-5554 shell "[ -e '/sdcard/be355f23.mp4' ] && echo __PASS__"'
[debug] &amp#27;[35m[AndroidDriver]&amp#27;[39m The overall screen recording duration is 14s so far
[debug] &amp#27;[35m[AndroidDriver]&amp#27;[39m Starting the next 166s-chunk of screen recording in order to achieve 180s total duration
[debug] &amp#27;[35m[ADB]&amp#27;[39m Building screenrecord process with the command line: adb -P 5037 -s emulator-5554 shell screenrecord --time-limit 166 /sdcard/0ecfbcdf.mp4
[debug] &amp#27;[35m[ADB]&amp#27;[39m Running '/Users/arjunmac/Library/Android/sdk/platform-tools/adb -P 5037 -s emulator-5554 shell "[ -e '/sdcard/0ecfbcdf.mp4' ] && echo __PASS__"'
[debug] &amp#27;[35m[ADB]&amp#27;[39m Running '/Users/arjunmac/Library/Android/sdk/platform-tools/adb -P 5037 -s emulator-5554 shell "[ -e '/sdcard/92013ad3.mp4' ] && echo __PASS__"'
[debug] &amp#27;[35m[AndroidDriver]&amp#27;[39m The overall screen recording duration is 14s so far
[debug] &amp#27;[35m[AndroidDriver]&amp#27;[39m Starting the next 166s-chunk of screen recording in order to achieve 180s total duration
[debug] &amp#27;[35m[ADB]&amp#27;[39m Building screenrecord process with the command line: adb -P 5037 -s emulator-5554 shell screenrecord --time-limit 166 /sdcard/43c414e0.mp4
[debug] &amp#27;[35m[ADB]&amp#27;[39m Running '/Users/arjunmac/Library/Android/sdk/platform-tools/adb -P 5037 -s emulator-5554 shell "[ -e '/sdcard/43c414e0.mp4' ] && echo __PASS__"'
[debug] &amp#27;[35m[ADB]&amp#27;[39m Running '/Users/arjunmac/Library/Android/sdk/platform-tools/adb -P 5037 -s emulator-5554 shell "[ -e '/sdcard/06e6f2be.mp4' ] && echo __PASS__"'
[debug] &amp#27;[35m[AndroidDriver]&amp#27;[39m The overall screen recording duration is 14s so far
[debug] &amp#27;[35m[AndroidDriver]&amp#27;[39m Starting the next 166s-chunk of screen recording in order to achieve 180s total duration
[debug] &amp#27;[35m[ADB]&amp#27;[39m Building screenrecord process with the command line: adb -P 5037 -s emulator-5554 shell screenrecord --time-limit 166 /sdcard/48790682.mp4
[debug] &amp#27;[35m[ADB]&amp#27;[39m Running '/Users/arjunmac/Library/Android/sdk/platform-tools/adb -P 5037 -s emulator-5554 shell "[ -e '/sdcard/48790682.mp4' ] && echo __PASS__"'
&amp#27;[35m[HTTP]&amp#27;[39m &amp#27;[37m-->&amp#27;[39m &amp#27;[37mPOST&amp#27;[39m &amp#27;[37m/wd/hub/session/17876c65-bd2d-4377-b322-9c9653165383/element&amp#27;[39m
&amp#27;[35m[HTTP]&amp#27;[39m &amp#27;[90m{"using":"xpath","value":"/hierarchy/android.widget.FrameLayout/android.widget.FrameLayout/android.view.ViewGroup/android.widget.LinearLayout/android.widget.LinearLayout/android.widget.TextView[2]"}&amp#27;[39m
[debug] &amp#27;[35m[W3C (17876c65)]&amp#27;[39m Calling AppiumDriver.findElement() with args: ["xpath","/hierarchy/android.widget.FrameLayout/android.widget.FrameLayout/android.view.ViewGroup/android.widget.LinearLayout/android.widget.LinearLayout/android.widget.TextView[2]","17876c65-bd2d-4377-b322-9c9653165383"]
[debug] &amp#27;[35m[BaseDriver]&amp#27;[39m Valid locator strategies for this request: xpath, id, class name, accessibility id, css selector, -android uiautomator
[debug] &amp#27;[35m[BaseDriver]&amp#27;[39m Waiting up to 0 ms for condition
[debug] &amp#27;[35m[WD Proxy]&amp#27;[39m Matched '/element' to command name 'findElement'
[debug] &amp#27;[35m[WD Proxy]&amp#27;[39m Proxying [POST /element] to [POST http://127.0.0.1:10000/wd/hub/session/b6b613ea-c9d6-4373-8504-6b49cca35dae/element] with body: {"strategy":"xpath","selector":"/hierarchy/android.widget.FrameLayout/android.widget.FrameLayout/android.view.ViewGroup/android.widget.LinearLayout/android.widget.LinearLayout/android.widget.TextView[2]","context":"","multiple":false}
[debug] &amp#27;[35m[ADB]&amp#27;[39m Running '/Users/arjunmac/Library/Android/sdk/platform-tools/adb -P 5037 -s emulator-5554 shell "[ -e '/sdcard/818f81df.mp4' ] && echo __PASS__"'
&amp#27;[35m[WD Proxy]&amp#27;[39m Got response with status 404: {"sessionId":"b6b613ea-c9d6-4373-8504-6b49cca35dae","value":{"error":"no such element","message":"An element could not be located on the page using the given search parameters","stacktrace":"io.appium.uiautomator2.common.exceptions.ElementNotFoundException: An element could not be located on the page using the given search parameters\n\tat io.appium.uiautomator2.handler.FindElement.findElement(FindElement.java:89)\n\tat io.appium.uiautomator2.handler.FindElement.safeHandle(FindElement.java:66)\n\tat io.appium.uiautomator2.handler.request.SafeRequestHandler.handle(SafeRequestHandler.java:41)\n\tat io.appium.uiautomator2.server.AppiumServlet.handleRequest(AppiumServlet.java:262)\n\tat io.appium.uiautomator2.server.AppiumServlet.handleHttpRequest(AppiumServlet.java:256)\n\tat io.appium.uiautomator2.http.ServerHandler.channelRead(ServerHandler.java:68)\n\tat io.netty.channel.AbstractChannelHandlerContext.invokeChannelRead(AbstractChannelHandlerContext.java:366)\n\tat io.netty.channel.AbstractChannelHandlerCont...
[debug] &amp#27;[35m[W3C]&amp#27;[39m Matched W3C error code 'no such element' to NoSuchElementError
[debug] &amp#27;[35m[W3C (17876c65)]&amp#27;[39m Encountered internal error running command: NoSuchElementError: An element could not be located on the page using the given search parameters.
[debug] &amp#27;[35m[W3C (17876c65)]&amp#27;[39m     at AndroidUiautomator2Driver.findElOrEls (/usr/local/lib/node_modules/appium/node_modules/appium-android-driver/lib/commands/find.js:75:11)
[debug] &amp#27;[35m[W3C (17876c65)]&amp#27;[39m     at runMicrotasks (<anonymous>)
[debug] &amp#27;[35m[W3C (17876c65)]&amp#27;[39m     at processTicksAndRejections (node:internal/process/task_queues:96:5)
[debug] &amp#27;[35m[W3C (17876c65)]&amp#27;[39m     at AndroidUiautomator2Driver.findElOrElsWithProcessing (/usr/local/lib/node_modules/appium/node_modules/appium-base-driver/lib/basedriver/commands/find.js:33:12)
[debug] &amp#27;[35m[W3C (17876c65)]&amp#27;[39m     at AndroidUiautomator2Driver.findElement (/usr/local/lib/node_modules/appium/node_modules/appium-base-driver/lib/basedriver/commands/find.js:53:10)
&amp#27;[35m[HTTP]&amp#27;[39m &amp#27;[37m<-- POST /wd/hub/session/17876c65-bd2d-4377-b322-9c9653165383/element &amp#27;[39m&amp#27;[33m404&amp#27;[39m &amp#27;[90m38 ms - 818&amp#27;[39m
&amp#27;[35m[HTTP]&amp#27;[39m &amp#27;[90m&amp#27;[39m
[debug] &amp#27;[35m[AndroidDriver]&amp#27;[39m The overall screen recording duration is 14s so far
[debug] &amp#27;[35m[AndroidDriver]&amp#27;[39m Starting the next 166s-chunk of screen recording in order to achieve 180s to  Then login should fail with an error "Email/Password combination invalid" # com.qa.stepdef.LoginStepDef.loginShouldFailWithAnError(java.lang.String)
tal duration
[debug] &amp#27;[35m[ADB]&amp#27;[39m Building screenrecord process with the command line: adb -P 5037 -s emulator-5554 shell screenrecord --time-limit 166 /sdcard/6227ef77.mp4
      org.openqa.selenium.TimeoutException: Expected condition failed: waiting for visibility of Located by By.chained({By.xpath: /hierarchy/android.widget.FrameLayout/android.widget.FrameLayout/android.view.ViewGroup/android.widget.LinearLayout/android.widget.LinearLayout/android.widget.TextView[2]}) (tried for 10 second(s) with 500 milliseconds interval)
	at org.openqa.selenium.support.ui.WebDriverWait.timeoutException(WebDriverWait.java:95)
	at org.openqa.selenium.support.ui.FluentWait.until(FluentWait.java:272)
	at com.qa.pages.BaseTest.waitForVisibility(BaseTest.java:35)
	at com.qa.pages.BaseTest.getAttribute(BaseTest.java:77)
	at com.qa.pages.BaseTest.getText(BaseTest.java:90)
	at com.qa.pages.LoginPage.getErrTxt(LoginPage.java:49)
	at com.qa.stepdef.LoginStepDef.loginShouldFailWithAnError(LoginStepDef.java:53)
	at ✽.login should fail with an error "Email/Password combination invalid"(file:///Users/arjunmac/Downloads/Cucumber-TestNg/src/test/resources/Login.feature:64)
Caused by: org.openqa.selenium.NoSuchElementException: Can't locate an element by this strategy: By.chained({By.xpath: /hierarchy/android.widget.FrameLayout/android.widget.FrameLayout/android.view.ViewGroup/android.widget.LinearLayout/android.widget.LinearLayout/android.widget.TextView[2]})
	at io.appium.java_client.pagefactory.AppiumElementLocator.findElement(AppiumElementLocator.java:126)
	at io.appium.java_client.pagefactory.interceptors.InterceptorOfASingleElement.intercept(InterceptorOfASingleElement.java:59)
	at io.appium.java_client.android.AndroidElement$$EnhancerByCGLIB$$b598166c.isDisplayed(<generated>)
	at org.openqa.selenium.support.ui.ExpectedConditions.elementIfVisible(ExpectedConditions.java:314)
	at org.openqa.selenium.support.ui.ExpectedConditions.access$000(ExpectedConditions.java:43)
	at org.openqa.selenium.support.ui.ExpectedConditions$10.apply(ExpectedConditions.java:300)
	at org.openqa.selenium.support.ui.ExpectedConditions$10.apply(ExpectedConditions.java:297)
	at org.openqa.selenium.support.ui.FluentWait.until(FluentWait.java:249)
	at com.qa.pages.BaseTest.waitForVisibility(BaseTest.java:35)
	at com.qa.pages.BaseTest.getAttribute(BaseTest.java:77)
	at com.qa.pages.BaseTest.getText(BaseTest.java:90)
	at com.qa.pages.LoginPage.getErrTxt(LoginPage.java:49)
	at com.qa.stepdef.LoginStepDef.loginShouldFailWithAnError(LoginStepDef.java:53)
	at java.base/jdk.internal.reflect.NativeMethodAccessorImpl.invoke0(Native Method)
	at java.base/jdk.internal.reflect.NativeMethodAccessorImpl.invoke(NativeMethodAccessorImpl.java:64)
	at java.base/jdk.internal.reflect.DelegatingMethodAccessorImpl.invoke(DelegatingMethodAccessorImpl.java:43)
	at java.base/java.lang.reflect.Method.invoke(Method.java:564)
	at io.cucumber.java.Invoker.doInvoke(Invoker.java:66)
	at io.cucumber.java.Invoker.invoke(Invoker.java:24)
	at io.cucumber.java.AbstractGlueDefinition.invokeMethod(AbstractGlueDefinition.java:47)
	at io.cucumber.java.JavaStepDefinition.execute(JavaStepDefinition.java:29)
	at io.cucumber.core.runner.CoreStepDefinition.execute(CoreStepDefinition.java:66)
	at io.cucumber.core.runner.PickleStepDefinitionMatch.runStep(PickleStepDefinitionMatch.java:63)
	at io.cucumber.core.runner.ExecutionMode$1.execute(ExecutionMode.java:10)
	at io.cucumber.core.runner.TestStep.executeStep(TestStep.java:92)
	at io.cucumber.core.runner.TestStep.run(TestStep.java:64)
	at io.cucumber.core.runner.PickleStepTestStep.run(PickleStepTestStep.java:51)
	at io.cucumber.core.runner.TestCase.run(TestCase.java:104)
	at io.cucumber.core.runner.Runner.runPickle(Runner.java:73)
	at io.cucumber.testng.TestNGCucumberRunner.lambda$runScenario$0(TestNGCucumberRunner.java:117)
	at io.cucumber.core.runtime.CucumberExecutionContext.runTestCase(CucumberExecutionContext.java:117)
	at io.cucumber.testng.TestNGCucumberRunner.runScenario(TestNGCucumberRunner.java:114)
	at com.qa.runners.RunnerBase.scenario(RunnerBase.java:54)
	at java.base/jdk.internal.reflect.NativeMethodAccessorImpl.invoke0(Native Method)
	at java.base/jdk.internal.reflect.NativeMethodAccessorImpl.invoke(NativeMethodAccessorImpl.java:64)
	at java.base/jdk.internal.reflect.DelegatingMethodAccessorImpl.invoke(DelegatingMethodAccessorImpl.java:43)
	at java.base/java.lang.reflect.Method.invoke(Method.java:564)
	at org.testng.internal.MethodInvocationHelper.invokeMethod(MethodInvocationHelper.java:133)
	at org.testng.internal.TestInvoker.invokeMethod(TestInvoker.java:598)
	at org.testng.internal.TestInvoker.invokeTestMethod(TestInvoker.java:173)
	at org.testng.internal.MethodRunner.runInSequence(MethodRunner.java:46)
	at org.testng.internal.TestInvoker$MethodInvocationAgent.invoke(TestInvoker.java:824)
	at org.testng.internal.TestInvoker.invokeTestMethods(TestInvoker.java:146)
	at org.testng.internal.TestMethodWorker.invokeTestMethods(TestMethodWorker.java:146)
	at org.testng.internal.TestMethodWorker.run(TestMethodWorker.java:128)
	at java.base/java.util.ArrayList.forEach(ArrayList.java:1511)
	at org.testng.TestRunner.privateRun(TestRunner.java:794)
	at org.testng.TestRunner.run(TestRunner.java:596)
	at org.testng.SuiteRunner.runTest(SuiteRunner.java:377)
	at org.testng.SuiteRunner.runSequentially(SuiteRunner.java:371)
	at org.testng.SuiteRunner.privateRun(SuiteRunner.java:332)
	at org.testng.SuiteRunner.run(SuiteRunner.java:276)
	at org.testng.SuiteRunnerWorker.runSuite(SuiteRunnerWorker.java:53)
	at org.testng.SuiteRunnerWorker.run(SuiteRunnerWorker.java:96)
	at org.testng.TestNG.runSuitesSequentially(TestNG.java:1212)
	at org.testng.TestNG.runSuitesLocally(TestNG.java:1134)
	at org.testng.TestNG.runSuites(TestNG.java:1063)
	at org.testng.TestNG.run(TestNG.java:1031)
	at org.apache.maven.surefire.testng.TestNGExecutor.run(TestNGExecutor.java:283)
	at org.apache.maven.surefire.testng.TestNGXmlTestSuite.execute(TestNGXmlTestSuite.java:75)
	at org.apache.maven.surefire.testng.TestNGProvider.invoke(TestNGProvider.java:120)
	at org.apache.maven.surefire.booter.ForkedBooter.invokeProviderInSameClassLoader(ForkedBooter.java:384)
	at org.apache.maven.surefire.booter.ForkedBooter.runSuitesInProcess(ForkedBooter.java:345)
	at org.apache.maven.surefire.booter.ForkedBooter.execute(ForkedBooter.java:126)
	at org.apache.maven.surefire.booter.ForkedBooter.main(ForkedBooter.java:418)
Caused by: org.openqa.selenium.TimeoutException: Expected condition failed: waiting for io.appium.java_client.pagefactory.AppiumElementLocator$WaitingFunction@7f4596d0 (tried for 1 second(s) with 500 milliseconds interval)
	at org.openqa.selenium.support.ui.FluentWait.timeoutException(FluentWait.java:304)
	at org.openqa.selenium.support.ui.FluentWait.until(FluentWait.java:272)
	at io.appium.java_client.pagefactory.AppiumElementLocator.waitFor(AppiumElementLocator.java:99)
	at io.appium.java_client.pagefactory.AppiumElementLocator.findElement(AppiumElementLocator.java:119)
	... 64 more
Caused by: org.openqa.selenium.NoSuchElementException: Cannot locate an element using By.chained({By.xpath: /hierarchy/android.widget.FrameLayout/android.widget.FrameLayout/android.view.ViewGroup/android.widget.LinearLayout/android.widget.LinearLayout/android.widget.TextView[2]})
For documentation on this error, please visit: https://www.seleniumhq.org/exceptions/no_such_element.html
Build info: version: '3.141.59', revision: 'e82be7d358', time: '2018-11-14T08:17:03'
System info: host: 'Arjuns-MBP.net', ip: 'fe80:0:0:0:18e2:43a6:e1e2:6f01%en0', os.name: 'Mac OS X', os.arch: 'x86_64', os.version: '10.16', java.version: '15.0.2'
Driver info: driver.version: AndroidDriver
	at io.appium.java_client.pagefactory.bys.builder.ByChained.findElement(ByChained.java:74)
	at org.openqa.selenium.remote.RemoteWebDriver.findElement(RemoteWebDriver.java:315)
	at io.appium.java_client.DefaultGenericMobileDriver.findElement(DefaultGenericMobileDriver.java:57)
	at io.appium.java_client.AppiumDriver.findElement(AppiumDriver.java:1)
	at io.appium.java_client.android.AndroidDriver.findElement(AndroidDriver.java:1)
	at io.appium.java_client.pagefactory.bys.ContentMappedBy.findElement(ContentMappedBy.java:50)
	at org.openqa.selenium.remote.RemoteWebDriver.findElement(RemoteWebDriver.java:315)
	at io.appium.java_client.DefaultGenericMobileDriver.findElement(DefaultGenericMobileDriver.java:57)
	at io.appium.java_client.AppiumDriver.findElement(AppiumDriver.java:1)
	at io.appium.java_client.android.AndroidDriver.findElement(AndroidDriver.java:1)
	at io.appium.java_client.pagefactory.AppiumElementLocator.lambda$0(AppiumElementLocator.java:120)
	at io.appium.java_client.pagefactory.AppiumElementLocator$WaitingFunction.apply(AppiumElementLocator.java:172)
	at io.appium.java_client.pagefactory.AppiumElementLocator$WaitingFunction.apply(AppiumElementLocator.java:1)
	at org.openqa.selenium.support.ui.FluentWait.until(FluentWait.java:249)
	... 66 more

[debug] &amp#27;[35m[ADB]&amp#27;[39m Running '/Users/arjunmac/Library/Android/sdk/platform-tools/adb -P 5037 -s emulator-5554 shell "[ -e '/sdcard/6227ef77.mp4' ] && echo __PASS__"'
&amp#27;[35m[HTTP]&amp#27;[39m &amp#27;[37m-->&amp#27;[39m &amp#27;[37mGET&amp#27;[39m &amp#27;[37m/wd/hub/session/17876c65-bd2d-4377-b322-9c9653165383/screenshot&amp#27;[39m
&amp#27;[35m[HTTP]&amp#27;[39m &amp#27;[90m{}&amp#27;[39m
[debug] &amp#27;[35m[W3C (17876c65)]&amp#27;[39m Calling AppiumDriver.getScreenshot() with args: ["17876c65-bd2d-4377-b322-9c9653165383"]
[debug] &amp#27;[35m[WD Proxy]&amp#27;[39m Matched '/screenshot' to command name 'getScreenshot'
[debug] &amp#27;[35m[WD Proxy]&amp#27;[39m Proxying [GET /screenshot] to [GET http://127.0.0.1:10000/wd/hub/session/b6b613ea-c9d6-4373-8504-6b49cca35dae/screenshot] with no body
[debug] &amp#27;[35m[ADB]&amp#27;[39m Running '/Users/arjunmac/Library/Android/sdk/platform-tools/adb -P 5037 -s emulator-5554 shell "[ -e '/sdcard/0ecfbcdf.mp4' ] && echo __PASS__"'
[debug] &amp#27;[35m[AndroidDriver]&amp#27;[39m The overall screen recording duration is 15s so far
[debug] &amp#27;[35m[AndroidDriver]&amp#27;[39m Starting the next 165s-chunk of screen recording in order to achieve 180s total duration
[debug] &amp#27;[35m[ADB]&amp#27;[39m Building screenrecord process with the command line: adb -P 5037 -s emulator-5554 shell screenrecord --time-limit 165 /sdcard/00aa8dd4.mp4
[debug] &amp#27;[35m[ADB]&amp#27;[39m Running '/Users/arjunmac/Library/Android/sdk/platform-tools/adb -P 5037 -s emulator-5554 shell "[ -e '/sdcard/00aa8dd4.mp4' ] && echo __PASS__"'
[debug] &amp#27;[35m[ADB]&amp#27;[39m Running '/Users/arjunmac/Library/Android/sdk/platform-tools/adb -P 5037 -s emulator-5554 shell "[ -e '/sdcard/43c414e0.mp4' ] && echo __PASS__"'
[debug] &amp#27;[35m[AndroidDriver]&amp#27;[39m The overall screen recording duration is 15s so far
[debug] &amp#27;[35m[AndroidDriver]&amp#27;[39m Starting the next 165s-chunk of screen recording in order to achieve 180s total duration
[debug] &amp#27;[35m[ADB]&amp#27;[39m Building screenrecord process with the command line: adb -P 5037 -s emulator-5554 shell screenrecord --time-limit 165 /sdcard/5276fa34.mp4
[debug] &amp#27;[35m[ADB]&amp#27;[39m Running '/Users/arjunmac/Library/Android/sdk/platform-tools/adb -P 5037 -s emulator-5554 shell "[ -e '/sdcard/5276fa34.mp4' ] && echo __PASS__"'
[debug] &amp#27;[35m[ADB]&amp#27;[39m Running '/Users/arjunmac/Library/Android/sdk/platform-tools/adb -P 5037 -s emulator-5554 shell "[ -e '/sdcard/48790682.mp4' ] && echo __PASS__"'
[debug] &amp#27;[35m[AndroidDriver]&amp#27;[39m The overall screen recording duration is 15s so far
[debug] &amp#27;[35m[AndroidDriver]&amp#27;[39m Starting the next 165s-chunk of screen recording in order to achieve 180s total duration
[debug] &amp#27;[35m[ADB]&amp#27;[39m Building screenrecord process with the command line: adb -P 5037 -s emulator-5554 shell screenrecord --time-limit 165 /sdcard/94b6239b.mp4
[debug] &amp#27;[35m[ADB]&amp#27;[39m Running '/Users/arjunmac/Library/Android/sdk/platform-tools/adb -P 5037 -s emulator-5554 shell "[ -e '/sdcard/94b6239b.mp4' ] && echo __PASS__"'
[debug] &amp#27;[35m[ADB]&amp#27;[39m Running '/Users/arjunmac/Library/Android/sdk/platform-tools/adb -P 5037 -s emulator-5554 shell "[ -e '/sdcard/6227ef77.mp4' ] && echo __PASS__"'
[debug] &amp#27;[35m[AndroidDriver]&amp#27;[39m The overall screen recording duration is 15s so far
[debug] &amp#27;[35m[AndroidDriver]&amp#27;[39m Starting the next 165s-chunk of screen recording in order to achieve 180s total duration
[debug] &amp#27;[35m[ADB]&amp#27;[39m Building screenrecord process with the command line: adb -P 5037 -s emulator-5554 shell screenrecord --time-limit 165 /sdcard/1f88b0dc.mp4
[debug] &amp#27;[35m[ADB]&amp#27;[39m Running '/Users/arjunmac/Library/Android/sdk/platform-tools/adb -P 5037 -s emulator-5554 shell "[ -e '/sdcard/1f88b0dc.mp4' ] && echo __PASS__"'
[debug] &amp#27;[35m[ADB]&amp#27;[39m Running '/Users/arjunmac/Library/Android/sdk/platform-tools/adb -P 5037 -s emulator-5554 shell "[ -e '/sdcard/00aa8dd4.mp4' ] && echo __PASS__"'
[debug] &amp#27;[35m[AndroidDriver]&amp#27;[39m The overall screen recording duration is 15s so far
[debug] &amp#27;[35m[AndroidDriver]&amp#27;[39m Starting the next 165s-chunk of screen recording in order to achieve 180s total duration
[debug] &amp#27;[35m[ADB]&amp#27;[39m Building screenrecord process with the command line: adb -P 5037 -s emulator-5554 shell screenrecord --time-limit 165 /sdcard/311cbd0a.mp4
[debug] &amp#27;[35m[ADB]&amp#27;[39m Running '/Users/arjunmac/Library/Android/sdk/platform-tools/adb -P 5037 -s emulator-5554 shell "[ -e '/sdcard/311cbd0a.mp4' ] && echo __PASS__"'
[debug] &amp#27;[35m[ADB]&amp#27;[39m Running '/Users/arjunmac/Library/Android/sdk/platform-tools/adb -P 5037 -s emulator-5554 shell "[ -e '/sdcard/5276fa34.mp4' ] && echo __PASS__"'
[debug] &amp#27;[35m[AndroidDriver]&amp#27;[39m The overall screen recording duration is 15s so far
[debug] &amp#27;[35m[AndroidDriver]&amp#27;[39m Starting the next 165s-chunk of screen recording in order to achieve 180s total duration
[debug] &amp#27;[35m[ADB]&amp#27;[39m Building screenrecord process with the command line: adb -P 5037 -s emulator-5554 shell screenrecord --time-limit 165 /sdcard/dcdaaf29.mp4
[debug] &amp#27;[35m[ADB]&amp#27;[39m Running '/Users/arjunmac/Library/Android/sdk/platform-tools/adb -P 5037 -s emulator-5554 shell "[ -e '/sdcard/dcdaaf29.mp4' ] && echo __PASS__"'
[debug] &amp#27;[35m[ADB]&amp#27;[39m Running '/Users/arjunmac/Library/Android/sdk/platform-tools/adb -P 5037 -s emulator-5554 shell "[ -e '/sdcard/94b6239b.mp4' ] && echo __PASS__"'
[debug] &amp#27;[35m[AndroidDriver]&amp#27;[39m The overall screen recording duration is 15s so far
[debug] &amp#27;[35m[AndroidDriver]&amp#27;[39m Starting the next 165s-chunk of screen recording in order to achieve 180s total duration
[debug] &amp#27;[35m[ADB]&amp#27;[39m Building screenrecord process with the command line: adb -P 5037 -s emulator-5554 shell screenrecord --time-limit 165 /sdcard/bb6a37f8.mp4
[debug] &amp#27;[35m[ADB]&amp#27;[39m Running '/Users/arjunmac/Library/Android/sdk/platform-tools/adb -P 5037 -s emulator-5554 shell "[ -e '/sdcard/bb6a37f8.mp4' ] && echo __PASS__"'
[debug] &amp#27;[35m[ADB]&amp#27;[39m Running '/Users/arjunmac/Library/Android/sdk/platform-tools/adb -P 5037 -s emulator-5554 shell "[ -e '/sdcard/1f88b0dc.mp4' ] && echo __PASS__"'
[debug] &amp#27;[35m[AndroidDriver]&amp#27;[39m The overall screen recording duration is 15s so far
[debug] &amp#27;[35m[AndroidDriver]&amp#27;[39m Starting the next 165s-chunk of screen recording in order to achieve 180s total duration
[debug] &amp#27;[35m[ADB]&amp#27;[39m Building screenrecord process with the command line: adb -P 5037 -s emulator-5554 shell screenrecord --time-limit 165 /sdcard/9c6e2b15.mp4
[debug] &amp#27;[35m[ADB]&amp#27;[39m Running '/Users/arjunmac/Library/Android/sdk/platform-tools/adb -P 5037 -s emulator-5554 shell "[ -e '/sdcard/9c6e2b15.mp4' ] && echo __PASS__"'
[debug] &amp#27;[35m[WD Proxy]&amp#27;[39m Got response with status 200: {"sessionId":"b6b613ea-c9d6-4373-8504-6b49cca35dae","value":"iVBORw0KGgoAAAANSUhEUgAABaAAAAvgCAYAAAD3x5X5AAAAAXNSR0IArs4c6QAAAARzQklUCAgI\nCHwIZIgAACAASURBVHic7N15uJTlmSf+u6rOynJkkUUBZXNBloYRxd0m7RL3xD2Z1iTYsemx0+mZ\nJN0Zk0znihmNPWYySbp7MhnT6SwdoxG7XQADCorElQQX5CiLLLLIjnCWOmv9/vB3zljUYTnLyzng\n53NdXEk99dbz3AXFIfm+T91Pqra2NhcAAAAAANDF0t1dAAAAAAAARycBNAAAAAAAiRBAAwAAAACQ\nCAE0AAAAAACJEEADAAAAAJAIATQAAAAAAIkQQAMAAAAAkAgBNAAAAAAAiRBAAwAAAACQCAE0AAAA\nAACJEEADAAAAAJAIATQAAAAAAIkQQAMAAAAAkAgBNAAAAAAAiRBAAwAAAACQCAE0AAAAAACJEEAD\nAAAAAJAIATQAAAAAAIkQQAMAAAAAkAgBNAAAAAAAiRBAAwAAAACQCAE0AAAAAACJEEADAAAAAJAI\nATQAAAAAAIkQQAMAAAAAkAgBNAAAAAAAiRBAAwAAAACQCAE0AAAAAACJEEADAAAAAJAIATQAAAAA\nAIkQQAMAAAAAkAgBNAAAAAAAiRBAAwAAAACQCAE0AAAAAACJEEADAAAAAJAIATQAAAAAAIkQQAMA\nAAAAkAgBNAAAAAAAiRBAAwAAAACQCAE0AAAAAACJEEADAAAAAJAIATQAAAAAAIkQQAMAAAAAkAgB\nNAAAAAAAiRBAAwAAAACQCAE0AAAAAACJEEADAAAAAJAIATQAAAAAAIkQQAMAAAAAkAgBNAAAAAAA\niRBAAwAAAACQCAE0AAAAAACJEEADAAAAAJAIATQAAAAAAIkQQAMAAAAAkAgBNAAAAAAAiRBAAwAA\nAACQCAE0AAAAAACJEEADAAAA...
[debug] &amp#27;[35m[W3C (17876c65)]&amp#27;[39m Responding to client with driver.getScreenshot() result: "iVBORw0KGgoAAAANSUhEUgAABaAAAAvgCAYAAAD3x5X5AAAAAXNSR0IArs4c6QAAAARzQklUCAgI\nCHwIZIgAACAASURBVHic7N15uJTlmSf+u6rOynJkkUUBZXNBloYRxd0m7RL3xD2Z1iTYsemx0+mZ\nJN0Zk0znihmNPWYySbp7MhnT6SwdoxG7XQADCorElQQX5CiLLLLIjnCWOmv9/vB3zljUYTnLyzng\n53NdXEk99dbz3AXFIfm+T91Pqra2NhcAAAAAANDF0t1dAAAAAAAARycBNAAAAAAAiRBAAwAAAACQ\nCAE0AAAAAACJEEADAAAAAJAIATQAAAAAAIkQQAMAAAAAkAgBNAAAAAAAiRBAAwAAAACQCAE0AAAA\nAACJEEADAAAAAJAIATQAAAAAAIkQQAMAAAAAkAgBNAAAAAAAiRBAAwAAAACQCAE0AAAAAACJEEAD\nAAAAAJAIATQAAAAAAIkQQAMAAAAAkAgBNAAAAAAAiRBAAwAAAACQCAE0AAAAAACJEEADAAAAAJAI\nATQAAAAAAIkQQAMAAAAAkAgBNAAAAAAAiRBAAwAAAACQCAE0AAAAAACJEEADAAAAAJAIATQAAAAA\nAIkQQAMAAAAAkAgBNAAAAAAAiRBAAwAAAACQCAE0AAAAAACJEEADAAAAAJAIATQAAAAAAIkQQAMA\nAAAAkAgBNAAAAAAAiRBAAwAAAACQCAE0AAAAAACJEEADAAAAAJAIATQAAAAAAIkQQAMAAAAAkAgB\nNAAAAAAAiRBAAwAAAACQCAE0AAAAAACJEEADAAAAAJAIATQAAAAAAIkQQAMAAAAAkAgBNAAAAAAA\niRBAAwAAAACQCAE0AAAAAACJEEADAAAAAJAIATQAAAAAAIkQQAMAAAAAkAgBNAAAAAAAiRBAAwAA\nAACQCAE0AAAAAACJEEADAAAAAJCIou4uALrS7t27Y9myZbF06dLYsGFD1NTU7Pfafv36xahRo+L0\n00+Pk0...
&amp#27;[35m[HTTP]&amp#27;[39m &amp#27;[37m<-- GET /wd/hub/session/17876c65-bd2d-4377-b322-9c9653165383/screenshot &amp#27;[39m&amp#27;[32m200&amp#27;[39m &amp#27;[90m746 ms - 165746&amp#27;[39m
&amp#27;[35m[HTTP]&amp#27;[39m &amp#27;[90m&amp#27;[39m

    Embedding Login with invalid password [image/png 121113 bytes]

&amp#27;[35m[HTTP]&amp#27;[39m &amp#27;[37m-->&amp#27;[39m &amp#27;[37mPOST&amp#27;[39m &amp#27;[37m/wd/hub/session/17876c65-bd2d-4377-b322-9c9653165383/appium/stop_recording_screen&amp#27;[39m
&amp#27;[35m[HTTP]&amp#27;[39m &amp#27;[90m{}&amp#27;[39m
[debug] &amp#27;[35m[W3C (17876c65)]&amp#27;[39m Calling AppiumDriver.stopRecordingScreen() with args: [null,"17876c65-bd2d-4377-b322-9c9653165383"]
[debug] &amp#27;[35m[ADB]&amp#27;[39m Getting IDs of all 'screenrecord' processes
[debug] &amp#27;[35m[ADB]&amp#27;[39m Running '/Users/arjunmac/Library/Android/sdk/platform-tools/adb -P 5037 -s emulator-5554 shell pgrep -f \(\[\[:blank:\]\]\|\^\)screenrecord\(\[\[:blank:\]\]\|\$\)'
[debug] &amp#27;[35m[ADB]&amp#27;[39m Running '/Users/arjunmac/Library/Android/sdk/platform-tools/adb -P 5037 -s emulator-5554 shell "[ -e '/sdcard/311cbd0a.mp4' ] && echo __PASS__"'
[debug] &amp#27;[35m[ADB]&amp#27;[39m Running '/Users/arjunmac/Library/Android/sdk/platform-tools/adb -P 5037 -s emulator-5554 pull /sdcard/5fb1c9cd.mp4 /var/folders/0m/2272719s5hj2ry3p1cjhc7k00000gn/T/202182-70669-1brei68.g3hxh/5fb1c9cd.mp4'
[debug] &amp#27;[35m[ADB]&amp#27;[39m Running '/Users/arjunmac/Library/Android/sdk/platform-tools/adb -P 5037 -s emulator-5554 shell rm -rf /sdcard/5fb1c9cd.mp4'
[debug] &amp#27;[35m[ADB]&amp#27;[39m Running '/Users/arjunmac/Library/Android/sdk/platform-tools/adb -P 5037 -s emulator-5554 pull /sdcard/5721aa51.mp4 /var/folders/0m/2272719s5hj2ry3p1cjhc7k00000gn/T/202182-70669-1brei68.g3hxh/5721aa51.mp4'
[debug] &amp#27;[35m[ADB]&amp#27;[39m Running '/Users/arjunmac/Library/Android/sdk/platform-tools/adb -P 5037 -s emulator-5554 shell "[ -e '/sdcard/dcdaaf29.mp4' ] && echo __PASS__"'
[debug] &amp#27;[35m[ADB]&amp#27;[39m Running '/Users/arjunmac/Library/Android/sdk/platform-tools/adb -P 5037 -s emulator-5554 shell rm -rf /sdcard/5721aa51.mp4'
[debug] &amp#27;[35m[ADB]&amp#27;[39m Running '/Users/arjunmac/Library/Android/sdk/platform-tools/adb -P 5037 -s emulator-5554 pull /sdcard/b97ba194.mp4 /var/folders/0m/2272719s5hj2ry3p1cjhc7k00000gn/T/202182-70669-1brei68.g3hxh/b97ba194.mp4'
[debug] &amp#27;[35m[ADB]&amp#27;[39m Running '/Users/arjunmac/Library/Android/sdk/platform-tools/adb -P 5037 -s emulator-5554 shell rm -rf /sdcard/b97ba194.mp4'
[debug] &amp#27;[35m[ADB]&amp#27;[39m Running '/Users/arjunmac/Library/Android/sdk/platform-tools/adb -P 5037 -s emulator-5554 pull /sdcard/93554a94.mp4 /var/folders/0m/2272719s5hj2ry3p1cjhc7k00000gn/T/202182-70669-1brei68.g3hxh/93554a94.mp4'
[debug] &amp#27;[35m[ADB]&amp#27;[39m Running '/Users/arjunmac/Library/Android/sdk/platform-tools/adb -P 5037 -s emulator-5554 shell "[ -e '/sdcard/bb6a37f8.mp4' ] && echo __PASS__"'
[debug] &amp#27;[35m[ADB]&amp#27;[39m Running '/Users/arjunmac/Library/Android/sdk/platform-tools/adb -P 5037 -s emulator-5554 shell rm -rf /sdcard/93554a94.mp4'
[debug] &amp#27;[35m[ADB]&amp#27;[39m Running '/Users/arjunmac/Library/Android/sdk/platform-tools/adb -P 5037 -s emulator-5554 pull /sdcard/238ca0da.mp4 /var/folders/0m/2272719s5hj2ry3p1cjhc7k00000gn/T/202182-70669-1brei68.g3hxh/238ca0da.mp4'
[debug] &amp#27;[35m[ADB]&amp#27;[39m Running '/Users/arjunmac/Library/Android/sdk/platform-tools/adb -P 5037 -s emulator-5554 shell rm -rf /sdcard/238ca0da.mp4'
[debug] &amp#27;[35m[ADB]&amp#27;[39m Running '/Users/arjunmac/Library/Android/sdk/platform-tools/adb -P 5037 -s emulator-5554 pull /sdcard/6c51f94d.mp4 /var/folders/0m/2272719s5hj2ry3p1cjhc7k00000gn/T/202182-70669-1brei68.g3hxh/6c51f94d.mp4'
[debug] &amp#27;[35m[ADB]&amp#27;[39m Running '/Users/arjunmac/Library/Android/sdk/platform-tools/adb -P 5037 -s emulator-5554 shell rm -rf /sdcard/6c51f94d.mp4'
[debug] &amp#27;[35m[ADB]&amp#27;[39m Running '/Users/arjunmac/Library/Android/sdk/platform-tools/adb -P 5037 -s emulator-5554 shell "[ -e '/sdcard/9c6e2b15.mp4' ] && echo __PASS__"'
[debug] &amp#27;[35m[ADB]&amp#27;[39m Running '/Users/arjunmac/Library/Android/sdk/platform-tools/adb -P 5037 -s emulator-5554 pull /sdcard/5f784448.mp4 /var/folders/0m/2272719s5hj2ry3p1cjhc7k00000gn/T/202182-70669-1brei68.g3hxh/5f784448.mp4'
[debug] &amp#27;[35m[ADB]&amp#27;[39m Running '/Users/arjunmac/Library/Android/sdk/platform-tools/adb -P 5037 -s emulator-5554 shell rm -rf /sdcard/5f784448.mp4'
[debug] &amp#27;[35m[ADB]&amp#27;[39m Running '/Users/arjunmac/Library/Android/sdk/platform-tools/adb -P 5037 -s emulator-5554 pull /sdcard/dd62e6fd.mp4 /var/folders/0m/2272719s5hj2ry3p1cjhc7k00000gn/T/202182-70669-1brei68.g3hxh/dd62e6fd.mp4'
[debug] &amp#27;[35m[ADB]&amp#27;[39m Running '/Users/arjunmac/Library/Android/sdk/platform-tools/adb -P 5037 -s emulator-5554 shell rm -rf /sdcard/dd62e6fd.mp4'
[debug] &amp#27;[35m[ADB]&amp#27;[39m Running '/Users/arjunmac/Library/Android/sdk/platform-tools/adb -P 5037 -s emulator-5554 pull /sdcard/b4c53133.mp4 /var/folders/0m/2272719s5hj2ry3p1cjhc7k00000gn/T/202182-70669-1brei68.g3hxh/b4c53133.mp4'
[debug] &amp#27;[35m[ADB]&amp#27;[39m Running '/Users/arjunmac/Library/Android/sdk/platform-tools/adb -P 5037 -s emulator-5554 shell rm -rf /sdcard/b4c53133.mp4'
[debug] &amp#27;[35m[ADB]&amp#27;[39m Running '/Users/arjunmac/Library/Android/sdk/platform-tools/adb -P 5037 -s emulator-5554 pull /sdcard/4ac3fb2e.mp4 /var/folders/0m/2272719s5hj2ry3p1cjhc7k00000gn/T/202182-70669-1brei68.g3hxh/4ac3fb2e.mp4'
[debug] &amp#27;[35m[ADB]&amp#27;[39m Running '/Users/arjunmac/Library/Android/sdk/platform-tools/adb -P 5037 -s emulator-5554 shell rm -rf /sdcard/4ac3fb2e.mp4'
[debug] &amp#27;[35m[ADB]&amp#27;[39m Running '/Users/arjunmac/Library/Android/sdk/platform-tools/adb -P 5037 -s emulator-5554 pull /sdcard/0ac0e737.mp4 /var/folders/0m/2272719s5hj2ry3p1cjhc7k00000gn/T/202182-70669-1brei68.g3hxh/0ac0e737.mp4'
[debug] &amp#27;[35m[ADB]&amp#27;[39m Running '/Users/arjunmac/Library/Android/sdk/platform-tools/adb -P 5037 -s emulator-5554 shell rm -rf /sdcard/0ac0e737.mp4'
[debug] &amp#27;[35m[ADB]&amp#27;[39m Running '/Users/arjunmac/Library/Android/sdk/platform-tools/adb -P 5037 -s emulator-5554 pull /sdcard/3b6b8883.mp4 /var/folders/0m/2272719s5hj2ry3p1cjhc7k00000gn/T/202182-70669-1brei68.g3hxh/3b6b8883.mp4'
[debug] &amp#27;[35m[ADB]&amp#27;[39m Running '/Users/arjunmac/Library/Android/sdk/platform-tools/adb -P 5037 -s emulator-5554 shell rm -rf /sdcard/3b6b8883.mp4'
[debug] &amp#27;[35m[ADB]&amp#27;[39m Running '/Users/arjunmac/Library/Android/sdk/platform-tools/adb -P 5037 -s emulator-5554 pull /sdcard/5c7fb44a.mp4 /var/folders/0m/2272719s5hj2ry3p1cjhc7k00000gn/T/202182-70669-1brei68.g3hxh/5c7fb44a.mp4'
[debug] &amp#27;[35m[ADB]&amp#27;[39m Running '/Users/arjunmac/Library/Android/sdk/platform-tools/adb -P 5037 -s emulator-5554 shell rm -rf /sdcard/5c7fb44a.mp4'
[debug] &amp#27;[35m[ADB]&amp#27;[39m Running '/Users/arjunmac/Library/Android/sdk/platform-tools/adb -P 5037 -s emulator-5554 pull /sdcard/b8313f33.mp4 /var/folders/0m/2272719s5hj2ry3p1cjhc7k00000gn/T/202182-70669-1brei68.g3hxh/b8313f33.mp4'
[debug] &amp#27;[35m[ADB]&amp#27;[39m Running '/Users/arjunmac/Library/Android/sdk/platform-tools/adb -P 5037 -s emulator-5554 shell rm -rf /sdcard/b8313f33.mp4'
[debug] &amp#27;[35m[ADB]&amp#27;[39m Running '/Users/arjunmac/Library/Android/sdk/platform-tools/adb -P 5037 -s emulator-5554 pull /sdcard/3fc22c6c.mp4 /var/folders/0m/2272719s5hj2ry3p1cjhc7k00000gn/T/202182-70669-1brei68.g3hxh/3fc22c6c.mp4'
[debug] &amp#27;[35m[ADB]&amp#27;[39m Running '/Users/arjunmac/Library/Android/sdk/platform-tools/adb -P 5037 -s emulator-5554 shell rm -rf /sdcard/3fc22c6c.mp4'
[debug] &amp#27;[35m[ADB]&amp#27;[39m Running '/Users/arjunmac/Library/Android/sdk/platform-tools/adb -P 5037 -s emulator-5554 pull /sdcard/d3d230c9.mp4 /var/folders/0m/2272719s5hj2ry3p1cjhc7k00000gn/T/202182-70669-1brei68.g3hxh/d3d230c9.mp4'
[debug] &amp#27;[35m[ADB]&amp#27;[39m Running '/Users/arjunmac/Library/Android/sdk/platform-tools/adb -P 5037 -s emulator-5554 shell rm -rf /sdcard/d3d230c9.mp4'
[debug] &amp#27;[35m[ADB]&amp#27;[39m Running '/Users/arjunmac/Library/Android/sdk/platform-tools/adb -P 5037 -s emulator-5554 pull /sdcard/da4904ab.mp4 /var/folders/0m/2272719s5hj2ry3p1cjhc7k00000gn/T/202182-70669-1brei68.g3hxh/da4904ab.mp4'
[debug] &amp#27;[35m[ADB]&amp#27;[39m Running '/Users/arjunmac/Library/Android/sdk/platform-tools/adb -P 5037 -s emulator-5554 shell rm -rf /sdcard/da4904ab.mp4'
[debug] &amp#27;[35m[ADB]&amp#27;[39m Running '/Users/arjunmac/Library/Android/sdk/platform-tools/adb -P 5037 -s emulator-5554 pull /sdcard/5c0881e3.mp4 /var/folders/0m/2272719s5hj2ry3p1cjhc7k00000gn/T/202182-70669-1brei68.g3hxh/5c0881e3.mp4'
[debug] &amp#27;[35m[ADB]&amp#27;[39m Running '/Users/arjunmac/Library/Android/sdk/platform-tools/adb -P 5037 -s emulator-5554 shell rm -rf /sdcard/5c0881e3.mp4'
[debug] &amp#27;[35m[ADB]&amp#27;[39m Running '/Users/arjunmac/Library/Android/sdk/platform-tools/adb -P 5037 -s emulator-5554 pull /sdcard/0c721aad.mp4 /var/folders/0m/2272719s5hj2ry3p1cjhc7k00000gn/T/202182-70669-1brei68.g3hxh/0c721aad.mp4'
[debug] &amp#27;[35m[ADB]&amp#27;[39m Running '/Users/arjunmac/Library/Android/sdk/platform-tools/adb -P 5037 -s emulator-5554 shell rm -rf /sdcard/0c721aad.mp4'
[debug] &amp#27;[35m[ADB]&amp#27;[39m Running '/Users/arjunmac/Library/Android/sdk/platform-tools/adb -P 5037 -s emulator-5554 pull /sdcard/46941aa0.mp4 /var/folders/0m/2272719s5hj2ry3p1cjhc7k00000gn/T/202182-70669-1brei68.g3hxh/46941aa0.mp4'
[debug] &amp#27;[35m[ADB]&amp#27;[39m Running '/Users/arjunmac/Library/Android/sdk/platform-tools/adb -P 5037 -s emulator-5554 shell rm -rf /sdcard/46941aa0.mp4'
[debug] &amp#27;[35m[ADB]&amp#27;[39m Running '/Users/arjunmac/Library/Android/sdk/platform-tools/adb -P 5037 -s emulator-5554 pull /sdcard/c035a7da.mp4 /var/folders/0m/2272719s5hj2ry3p1cjhc7k00000gn/T/202182-70669-1brei68.g3hxh/c035a7da.mp4'
[debug] &amp#27;[35m[ADB]&amp#27;[39m Running '/Users/arjunmac/Library/Android/sdk/platform-tools/adb -P 5037 -s emulator-5554 shell rm -rf /sdcard/c035a7da.mp4'
[debug] &amp#27;[35m[ADB]&amp#27;[39m Running '/Users/arjunmac/Library/Android/sdk/platform-tools/adb -P 5037 -s emulator-5554 pull /sdcard/59e53790.mp4 /var/folders/0m/2272719s5hj2ry3p1cjhc7k00000gn/T/202182-70669-1brei68.g3hxh/59e53790.mp4'
[debug] &amp#27;[35m[ADB]&amp#27;[39m Running '/Users/arjunmac/Library/Android/sdk/platform-tools/adb -P 5037 -s emulator-5554 shell rm -rf /sdcard/59e53790.mp4'
[debug] &amp#27;[35m[ADB]&amp#27;[39m Running '/Users/arjunmac/Library/Android/sdk/platform-tools/adb -P 5037 -s emulator-5554 pull /sdcard/d47168ec.mp4 /var/folders/0m/2272719s5hj2ry3p1cjhc7k00000gn/T/202182-70669-1brei68.g3hxh/d47168ec.mp4'
[debug] &amp#27;[35m[ADB]&amp#27;[39m Running '/Users/arjunmac/Library/Android/sdk/platform-tools/adb -P 5037 -s emulator-5554 shell rm -rf /sdcard/d47168ec.mp4'
[debug] &amp#27;[35m[ADB]&amp#27;[39m Running '/Users/arjunmac/Library/Android/sdk/platform-tools/adb -P 5037 -s emulator-5554 pull /sdcard/bf81a426.mp4 /var/folders/0m/2272719s5hj2ry3p1cjhc7k00000gn/T/202182-70669-1brei68.g3hxh/bf81a426.mp4'
[debug] &amp#27;[35m[ADB]&amp#27;[39m Running '/Users/arjunmac/Library/Android/sdk/platform-tools/adb -P 5037 -s emulator-5554 shell rm -rf /sdcard/bf81a426.mp4'
[debug] &amp#27;[35m[ADB]&amp#27;[39m Running '/Users/arjunmac/Library/Android/sdk/platform-tools/adb -P 5037 -s emulator-5554 pull /sdcard/97bc2f05.mp4 /var/folders/0m/2272719s5hj2ry3p1cjhc7k00000gn/T/202182-70669-1brei68.g3hxh/97bc2f05.mp4'
[debug] &amp#27;[35m[ADB]&amp#27;[39m Running '/Users/arjunmac/Library/Android/sdk/platform-tools/adb -P 5037 -s emulator-5554 shell rm -rf /sdcard/97bc2f05.mp4'
[debug] &amp#27;[35m[ADB]&amp#27;[39m Running '/Users/arjunmac/Library/Android/sdk/platform-tools/adb -P 5037 -s emulator-5554 pull /sdcard/520370d7.mp4 /var/folders/0m/2272719s5hj2ry3p1cjhc7k00000gn/T/202182-70669-1brei68.g3hxh/520370d7.mp4'
[debug] &amp#27;[35m[ADB]&amp#27;[39m Running '/Users/arjunmac/Library/Android/sdk/platform-tools/adb -P 5037 -s emulator-5554 shell rm -rf /sdcard/520370d7.mp4'
[debug] &amp#27;[35m[ADB]&amp#27;[39m Running '/Users/arjunmac/Library/Android/sdk/platform-tools/adb -P 5037 -s emulator-5554 pull /sdcard/9a1c9660.mp4 /var/folders/0m/2272719s5hj2ry3p1cjhc7k00000gn/T/202182-70669-1brei68.g3hxh/9a1c9660.mp4'
[debug] &amp#27;[35m[ADB]&amp#27;[39m Running '/Users/arjunmac/Library/Android/sdk/platform-tools/adb -P 5037 -s emulator-5554 shell rm -rf /sdcard/9a1c9660.mp4'
[debug] &amp#27;[35m[ADB]&amp#27;[39m Running '/Users/arjunmac/Library/Android/sdk/platform-tools/adb -P 5037 -s emulator-5554 pull /sdcard/0801416d.mp4 /var/folders/0m/2272719s5hj2ry3p1cjhc7k00000gn/T/202182-70669-1brei68.g3hxh/0801416d.mp4'
[debug] &amp#27;[35m[ADB]&amp#27;[39m Running '/Users/arjunmac/Library/Android/sdk/platform-tools/adb -P 5037 -s emulator-5554 shell rm -rf /sdcard/0801416d.mp4'
[debug] &amp#27;[35m[ADB]&amp#27;[39m Running '/Users/arjunmac/Library/Android/sdk/platform-tools/adb -P 5037 -s emulator-5554 pull /sdcard/37a363a1.mp4 /var/folders/0m/2272719s5hj2ry3p1cjhc7k00000gn/T/202182-70669-1brei68.g3hxh/37a363a1.mp4'
[debug] &amp#27;[35m[ADB]&amp#27;[39m Running '/Users/arjunmac/Library/Android/sdk/platform-tools/adb -P 5037 -s emulator-5554 shell rm -rf /sdcard/37a363a1.mp4'
[debug] &amp#27;[35m[ADB]&amp#27;[39m Running '/Users/arjunmac/Library/Android/sdk/platform-tools/adb -P 5037 -s emulator-5554 pull /sdcard/8be36b0e.mp4 /var/folders/0m/2272719s5hj2ry3p1cjhc7k00000gn/T/202182-70669-1brei68.g3hxh/8be36b0e.mp4'
[debug] &amp#27;[35m[ADB]&amp#27;[39m Running '/Users/arjunmac/Library/Android/sdk/platform-tools/adb -P 5037 -s emulator-5554 shell rm -rf /sdcard/8be36b0e.mp4'
[debug] &amp#27;[35m[ADB]&amp#27;[39m Running '/Users/arjunmac/Library/Android/sdk/platform-tools/adb -P 5037 -s emulator-5554 pull /sdcard/e070eb42.mp4 /var/folders/0m/2272719s5hj2ry3p1cjhc7k00000gn/T/202182-70669-1brei68.g3hxh/e070eb42.mp4'
[debug] &amp#27;[35m[ADB]&amp#27;[39m Running '/Users/arjunmac/Library/Android/sdk/platform-tools/adb -P 5037 -s emulator-5554 shell rm -rf /sdcard/e070eb42.mp4'
[debug] &amp#27;[35m[ADB]&amp#27;[39m Running '/Users/arjunmac/Library/Android/sdk/platform-tools/adb -P 5037 -s emulator-5554 pull /sdcard/37ab1cbe.mp4 /var/folders/0m/2272719s5hj2ry3p1cjhc7k00000gn/T/202182-70669-1brei68.g3hxh/37ab1cbe.mp4'
[debug] &amp#27;[35m[ADB]&amp#27;[39m Running '/Users/arjunmac/Library/Android/sdk/platform-tools/adb -P 5037 -s emulator-5554 shell rm -rf /sdcard/37ab1cbe.mp4'
[debug] &amp#27;[35m[ADB]&amp#27;[39m Running '/Users/arjunmac/Library/Android/sdk/platform-tools/adb -P 5037 -s emulator-5554 pull /sdcard/3c162ddc.mp4 /var/folders/0m/2272719s5hj2ry3p1cjhc7k00000gn/T/202182-70669-1brei68.g3hxh/3c162ddc.mp4'
[debug] &amp#27;[35m[ADB]&amp#27;[39m Running '/Users/arjunmac/Library/Android/sdk/platform-tools/adb -P 5037 -s emulator-5554 shell rm -rf /sdcard/3c162ddc.mp4'
[debug] &amp#27;[35m[ADB]&amp#27;[39m Running '/Users/arjunmac/Library/Android/sdk/platform-tools/adb -P 5037 -s emulator-5554 pull /sdcard/aa75feeb.mp4 /var/folders/0m/2272719s5hj2ry3p1cjhc7k00000gn/T/202182-70669-1brei68.g3hxh/aa75feeb.mp4'
[debug] &amp#27;[35m[ADB]&amp#27;[39m Running '/Users/arjunmac/Library/Android/sdk/platform-tools/adb -P 5037 -s emulator-5554 shell rm -rf /sdcard/aa75feeb.mp4'
[debug] &amp#27;[35m[ADB]&amp#27;[39m Running '/Users/arjunmac/Library/Android/sdk/platform-tools/adb -P 5037 -s emulator-5554 pull /sdcard/c3ffe987.mp4 /var/folders/0m/2272719s5hj2ry3p1cjhc7k00000gn/T/202182-70669-1brei68.g3hxh/c3ffe987.mp4'
[debug] &amp#27;[35m[ADB]&amp#27;[39m Running '/Users/arjunmac/Library/Android/sdk/platform-tools/adb -P 5037 -s emulator-5554 shell rm -rf /sdcard/c3ffe987.mp4'
[debug] &amp#27;[35m[ADB]&amp#27;[39m Running '/Users/arjunmac/Library/Android/sdk/platform-tools/adb -P 5037 -s emulator-5554 pull /sdcard/64bc7339.mp4 /var/folders/0m/2272719s5hj2ry3p1cjhc7k00000gn/T/202182-70669-1brei68.g3hxh/64bc7339.mp4'
[debug] &amp#27;[35m[ADB]&amp#27;[39m Running '/Users/arjunmac/Library/Android/sdk/platform-tools/adb -P 5037 -s emulator-5554 shell rm -rf /sdcard/64bc7339.mp4'
[debug] &amp#27;[35m[ADB]&amp#27;[39m Running '/Users/arjunmac/Library/Android/sdk/platform-tools/adb -P 5037 -s emulator-5554 pull /sdcard/1261f053.mp4 /var/folders/0m/2272719s5hj2ry3p1cjhc7k00000gn/T/202182-70669-1brei68.g3hxh/1261f053.mp4'
[debug] &amp#27;[35m[ADB]&amp#27;[39m Running '/Users/arjunmac/Library/Android/sdk/platform-tools/adb -P 5037 -s emulator-5554 shell rm -rf /sdcard/1261f053.mp4'
[debug] &amp#27;[35m[ADB]&amp#27;[39m Running '/Users/arjunmac/Library/Android/sdk/platform-tools/adb -P 5037 -s emulator-5554 pull /sdcard/c3a5259a.mp4 /var/folders/0m/2272719s5hj2ry3p1cjhc7k00000gn/T/202182-70669-1brei68.g3hxh/c3a5259a.mp4'
[debug] &amp#27;[35m[ADB]&amp#27;[39m Running '/Users/arjunmac/Library/Android/sdk/platform-tools/adb -P 5037 -s emulator-5554 shell rm -rf /sdcard/c3a5259a.mp4'
[debug] &amp#27;[35m[ADB]&amp#27;[39m Running '/Users/arjunmac/Library/Android/sdk/platform-tools/adb -P 5037 -s emulator-5554 pull /sdcard/6f1d4d3e.mp4 /var/folders/0m/2272719s5hj2ry3p1cjhc7k00000gn/T/202182-70669-1brei68.g3hxh/6f1d4d3e.mp4'
[debug] &amp#27;[35m[ADB]&amp#27;[39m Running '/Users/arjunmac/Library/Android/sdk/platform-tools/adb -P 5037 -s emulator-5554 shell rm -rf /sdcard/6f1d4d3e.mp4'
[debug] &amp#27;[35m[ADB]&amp#27;[39m Running '/Users/arjunmac/Library/Android/sdk/platform-tools/adb -P 5037 -s emulator-5554 pull /sdcard/27e5fa1f.mp4 /var/folders/0m/2272719s5hj2ry3p1cjhc7k00000gn/T/202182-70669-1brei68.g3hxh/27e5fa1f.mp4'
[debug] &amp#27;[35m[ADB]&amp#27;[39m Running '/Users/arjunmac/Library/Android/sdk/platform-tools/adb -P 5037 -s emulator-5554 shell rm -rf /sdcard/27e5fa1f.mp4'
[debug] &amp#27;[35m[ADB]&amp#27;[39m Running '/Users/arjunmac/Library/Android/sdk/platform-tools/adb -P 5037 -s emulator-5554 pull /sdcard/028993b7.mp4 /var/folders/0m/2272719s5hj2ry3p1cjhc7k00000gn/T/202182-70669-1brei68.g3hxh/028993b7.mp4'
[debug] &amp#27;[35m[ADB]&amp#27;[39m Running '/Users/arjunmac/Library/Android/sdk/platform-tools/adb -P 5037 -s emulator-5554 shell rm -rf /sdcard/028993b7.mp4'
[debug] &amp#27;[35m[ADB]&amp#27;[39m Running '/Users/arjunmac/Library/Android/sdk/platform-tools/adb -P 5037 -s emulator-5554 pull /sdcard/5a4879a9.mp4 /var/folders/0m/2272719s5hj2ry3p1cjhc7k00000gn/T/202182-70669-1brei68.g3hxh/5a4879a9.mp4'
[debug] &amp#27;[35m[ADB]&amp#27;[39m Running '/Users/arjunmac/Library/Android/sdk/platform-tools/adb -P 5037 -s emulator-5554 shell rm -rf /sdcard/5a4879a9.mp4'
[debug] &amp#27;[35m[ADB]&amp#27;[39m Running '/Users/arjunmac/Library/Android/sdk/platform-tools/adb -P 5037 -s emulator-5554 pull /sdcard/89877c28.mp4 /var/folders/0m/2272719s5hj2ry3p1cjhc7k00000gn/T/202182-70669-1brei68.g3hxh/89877c28.mp4'
[debug] &amp#27;[35m[ADB]&amp#27;[39m Running '/Users/arjunmac/Library/Android/sdk/platform-tools/adb -P 5037 -s emulator-5554 shell rm -rf /sdcard/89877c28.mp4'
[debug] &amp#27;[35m[ADB]&amp#27;[39m Running '/Users/arjunmac/Library/Android/sdk/platform-tools/adb -P 5037 -s emulator-5554 pull /sdcard/342b4aad.mp4 /var/folders/0m/2272719s5hj2ry3p1cjhc7k00000gn/T/202182-70669-1brei68.g3hxh/342b4aad.mp4'
[debug] &amp#27;[35m[ADB]&amp#27;[39m Running '/Users/arjunmac/Library/Android/sdk/platform-tools/adb -P 5037 -s emulator-5554 shell rm -rf /sdcard/342b4aad.mp4'
[debug] &amp#27;[35m[ADB]&amp#27;[39m Running '/Users/arjunmac/Library/Android/sdk/platform-tools/adb -P 5037 -s emulator-5554 pull /sdcard/a2b72aa7.mp4 /var/folders/0m/2272719s5hj2ry3p1cjhc7k00000gn/T/202182-70669-1brei68.g3hxh/a2b72aa7.mp4'
[debug] &amp#27;[35m[ADB]&amp#27;[39m Running '/Users/arjunmac/Library/Android/sdk/platform-tools/adb -P 5037 -s emulator-5554 shell rm -rf /sdcard/a2b72aa7.mp4'
[debug] &amp#27;[35m[ADB]&amp#27;[39m Running '/Users/arjunmac/Library/Android/sdk/platform-tools/adb -P 5037 -s emulator-5554 pull /sdcard/97ee59d9.mp4 /var/folders/0m/2272719s5hj2ry3p1cjhc7k00000gn/T/202182-70669-1brei68.g3hxh/97ee59d9.mp4'
[debug] &amp#27;[35m[ADB]&amp#27;[39m Running '/Users/arjunmac/Library/Android/sdk/platform-tools/adb -P 5037 -s emulator-5554 shell rm -rf /sdcard/97ee59d9.mp4'
[debug] &amp#27;[35m[ADB]&amp#27;[39m Running '/Users/arjunmac/Library/Android/sdk/platform-tools/adb -P 5037 -s emulator-5554 pull /sdcard/37c1af9f.mp4 /var/folders/0m/2272719s5hj2ry3p1cjhc7k00000gn/T/202182-70669-1brei68.g3hxh/37c1af9f.mp4'
[debug] &amp#27;[35m[ADB]&amp#27;[39m Running '/Users/arjunmac/Library/Android/sdk/platform-tools/adb -P 5037 -s emulator-5554 shell rm -rf /sdcard/37c1af9f.mp4'
[debug] &amp#27;[35m[ADB]&amp#27;[39m Running '/Users/arjunmac/Library/Android/sdk/platform-tools/adb -P 5037 -s emulator-5554 pull /sdcard/d5d74177.mp4 /var/folders/0m/2272719s5hj2ry3p1cjhc7k00000gn/T/202182-70669-1brei68.g3hxh/d5d74177.mp4'
[debug] &amp#27;[35m[ADB]&amp#27;[39m Running '/Users/arjunmac/Library/Android/sdk/platform-tools/adb -P 5037 -s emulator-5554 shell rm -rf /sdcard/d5d74177.mp4'
[debug] &amp#27;[35m[ADB]&amp#27;[39m Running '/Users/arjunmac/Library/Android/sdk/platform-tools/adb -P 5037 -s emulator-5554 pull /sdcard/4bb91fe3.mp4 /var/folders/0m/2272719s5hj2ry3p1cjhc7k00000gn/T/202182-70669-1brei68.g3hxh/4bb91fe3.mp4'
[debug] &amp#27;[35m[ADB]&amp#27;[39m Running '/Users/arjunmac/Library/Android/sdk/platform-tools/adb -P 5037 -s emulator-5554 shell rm -rf /sdcard/4bb91fe3.mp4'
[debug] &amp#27;[35m[ADB]&amp#27;[39m Running '/Users/arjunmac/Library/Android/sdk/platform-tools/adb -P 5037 -s emulator-5554 pull /sdcard/a2782f5a.mp4 /var/folders/0m/2272719s5hj2ry3p1cjhc7k00000gn/T/202182-70669-1brei68.g3hxh/a2782f5a.mp4'
[debug] &amp#27;[35m[ADB]&amp#27;[39m Running '/Users/arjunmac/Library/Android/sdk/platform-tools/adb -P 5037 -s emulator-5554 shell rm -rf /sdcard/a2782f5a.mp4'
[debug] &amp#27;[35m[ADB]&amp#27;[39m Running '/Users/arjunmac/Library/Android/sdk/platform-tools/adb -P 5037 -s emulator-5554 pull /sdcard/54d37e8a.mp4 /var/folders/0m/2272719s5hj2ry3p1cjhc7k00000gn/T/202182-70669-1brei68.g3hxh/54d37e8a.mp4'
[debug] &amp#27;[35m[ADB]&amp#27;[39m Running '/Users/arjunmac/Library/Android/sdk/platform-tools/adb -P 5037 -s emulator-5554 shell rm -rf /sdcard/54d37e8a.mp4'
[debug] &amp#27;[35m[ADB]&amp#27;[39m Running '/Users/arjunmac/Library/Android/sdk/platform-tools/adb -P 5037 -s emulator-5554 pull /sdcard/88481143.mp4 /var/folders/0m/2272719s5hj2ry3p1cjhc7k00000gn/T/202182-70669-1brei68.g3hxh/88481143.mp4'
[debug] &amp#27;[35m[ADB]&amp#27;[39m Running '/Users/arjunmac/Library/Android/sdk/platform-tools/adb -P 5037 -s emulator-5554 shell rm -rf /sdcard/88481143.mp4'
[debug] &amp#27;[35m[ADB]&amp#27;[39m Running '/Users/arjunmac/Library/Android/sdk/platform-tools/adb -P 5037 -s emulator-5554 pull /sdcard/d78c1d6f.mp4 /var/folders/0m/2272719s5hj2ry3p1cjhc7k00000gn/T/202182-70669-1brei68.g3hxh/d78c1d6f.mp4'
[debug] &amp#27;[35m[ADB]&amp#27;[39m Running '/Users/arjunmac/Library/Android/sdk/platform-tools/adb -P 5037 -s emulator-5554 shell rm -rf /sdcard/d78c1d6f.mp4'
[debug] &amp#27;[35m[ADB]&amp#27;[39m Running '/Users/arjunmac/Library/Android/sdk/platform-tools/adb -P 5037 -s emulator-5554 pull /sdcard/2c075daa.mp4 /var/folders/0m/2272719s5hj2ry3p1cjhc7k00000gn/T/202182-70669-1brei68.g3hxh/2c075daa.mp4'
[debug] &amp#27;[35m[ADB]&amp#27;[39m Running '/Users/arjunmac/Library/Android/sdk/platform-tools/adb -P 5037 -s emulator-5554 shell rm -rf /sdcard/2c075daa.mp4'
[debug] &amp#27;[35m[ADB]&amp#27;[39m Running '/Users/arjunmac/Library/Android/sdk/platform-tools/adb -P 5037 -s emulator-5554 pull /sdcard/c066d680.mp4 /var/folders/0m/2272719s5hj2ry3p1cjhc7k00000gn/T/202182-70669-1brei68.g3hxh/c066d680.mp4'
[debug] &amp#27;[35m[ADB]&amp#27;[39m Running '/Users/arjunmac/Library/Android/sdk/platform-tools/adb -P 5037 -s emulator-5554 shell rm -rf /sdcard/c066d680.mp4'
[debug] &amp#27;[35m[ADB]&amp#27;[39m Running '/Users/arjunmac/Library/Android/sdk/platform-tools/adb -P 5037 -s emulator-5554 pull /sdcard/0cfc4503.mp4 /var/folders/0m/2272719s5hj2ry3p1cjhc7k00000gn/T/202182-70669-1brei68.g3hxh/0cfc4503.mp4'
[debug] &amp#27;[35m[ADB]&amp#27;[39m Running '/Users/arjunmac/Library/Android/sdk/platform-tools/adb -P 5037 -s emulator-5554 shell rm -rf /sdcard/0cfc4503.mp4'
[debug] &amp#27;[35m[ADB]&amp#27;[39m Running '/Users/arjunmac/Library/Android/sdk/platform-tools/adb -P 5037 -s emulator-5554 pull /sdcard/01753e37.mp4 /var/folders/0m/2272719s5hj2ry3p1cjhc7k00000gn/T/202182-70669-1brei68.g3hxh/01753e37.mp4'
[debug] &amp#27;[35m[ADB]&amp#27;[39m Running '/Users/arjunmac/Library/Android/sdk/platform-tools/adb -P 5037 -s emulator-5554 shell rm -rf /sdcard/01753e37.mp4'
[debug] &amp#27;[35m[ADB]&amp#27;[39m Running '/Users/arjunmac/Library/Android/sdk/platform-tools/adb -P 5037 -s emulator-5554 pull /sdcard/a3a2cb36.mp4 /var/folders/0m/2272719s5hj2ry3p1cjhc7k00000gn/T/202182-70669-1brei68.g3hxh/a3a2cb36.mp4'
[debug] &amp#27;[35m[ADB]&amp#27;[39m Running '/Users/arjunmac/Library/Android/sdk/platform-tools/adb -P 5037 -s emulator-5554 shell rm -rf /sdcard/a3a2cb36.mp4'
[debug] &amp#27;[35m[ADB]&amp#27;[39m Running '/Users/arjunmac/Library/Android/sdk/platform-tools/adb -P 5037 -s emulator-5554 pull /sdcard/82bc588e.mp4 /var/folders/0m/2272719s5hj2ry3p1cjhc7k00000gn/T/202182-70669-1brei68.g3hxh/82bc588e.mp4'
[debug] &amp#27;[35m[ADB]&amp#27;[39m Running '/Users/arjunmac/Library/Android/sdk/platform-tools/adb -P 5037 -s emulator-5554 shell rm -rf /sdcard/82bc588e.mp4'
[debug] &amp#27;[35m[ADB]&amp#27;[39m Running '/Users/arjunmac/Library/Android/sdk/platform-tools/adb -P 5037 -s emulator-5554 pull /sdcard/a54c582a.mp4 /var/folders/0m/2272719s5hj2ry3p1cjhc7k00000gn/T/202182-70669-1brei68.g3hxh/a54c582a.mp4'
[debug] &amp#27;[35m[ADB]&amp#27;[39m Running '/Users/arjunmac/Library/Android/sdk/platform-tools/adb -P 5037 -s emulator-5554 shell rm -rf /sdcard/a54c582a.mp4'
[debug] &amp#27;[35m[ADB]&amp#27;[39m Running '/Users/arjunmac/Library/Android/sdk/platform-tools/adb -P 5037 -s emulator-5554 pull /sdcard/5fff9c00.mp4 /var/folders/0m/2272719s5hj2ry3p1cjhc7k00000gn/T/202182-70669-1brei68.g3hxh/5fff9c00.mp4'
[debug] &amp#27;[35m[ADB]&amp#27;[39m Running '/Users/arjunmac/Library/Android/sdk/platform-tools/adb -P 5037 -s emulator-5554 shell rm -rf /sdcard/5fff9c00.mp4'
[debug] &amp#27;[35m[ADB]&amp#27;[39m Running '/Users/arjunmac/Library/Android/sdk/platform-tools/adb -P 5037 -s emulator-5554 pull /sdcard/8c26253d.mp4 /var/folders/0m/2272719s5hj2ry3p1cjhc7k00000gn/T/202182-70669-1brei68.g3hxh/8c26253d.mp4'
[debug] &amp#27;[35m[ADB]&amp#27;[39m Running '/Users/arjunmac/Library/Android/sdk/platform-tools/adb -P 5037 -s emulator-5554 shell rm -rf /sdcard/8c26253d.mp4'
[debug] &amp#27;[35m[ADB]&amp#27;[39m Running '/Users/arjunmac/Library/Android/sdk/platform-tools/adb -P 5037 -s emulator-5554 pull /sdcard/9fd70cb2.mp4 /var/folders/0m/2272719s5hj2ry3p1cjhc7k00000gn/T/202182-70669-1brei68.g3hxh/9fd70cb2.mp4'
[debug] &amp#27;[35m[ADB]&amp#27;[39m Running '/Users/arjunmac/Library/Android/sdk/platform-tools/adb -P 5037 -s emulator-5554 shell rm -rf /sdcard/9fd70cb2.mp4'
[debug] &amp#27;[35m[ADB]&amp#27;[39m Running '/Users/arjunmac/Library/Android/sdk/platform-tools/adb -P 5037 -s emulator-5554 pull /sdcard/708090a3.mp4 /var/folders/0m/2272719s5hj2ry3p1cjhc7k00000gn/T/202182-70669-1brei68.g3hxh/708090a3.mp4'
[debug] &amp#27;[35m[ADB]&amp#27;[39m Running '/Users/arjunmac/Library/Android/sdk/platform-tools/adb -P 5037 -s emulator-5554 shell rm -rf /sdcard/708090a3.mp4'
[debug] &amp#27;[35m[ADB]&amp#27;[39m Running '/Users/arjunmac/Library/Android/sdk/platform-tools/adb -P 5037 -s emulator-5554 pull /sdcard/1cd9c409.mp4 /var/folders/0m/2272719s5hj2ry3p1cjhc7k00000gn/T/202182-70669-1brei68.g3hxh/1cd9c409.mp4'
[debug] &amp#27;[35m[ADB]&amp#27;[39m Running '/Users/arjunmac/Library/Android/sdk/platform-tools/adb -P 5037 -s emulator-5554 shell rm -rf /sdcard/1cd9c409.mp4'
[debug] &amp#27;[35m[ADB]&amp#27;[39m Running '/Users/arjunmac/Library/Android/sdk/platform-tools/adb -P 5037 -s emulator-5554 pull /sdcard/c9aaff86.mp4 /var/folders/0m/2272719s5hj2ry3p1cjhc7k00000gn/T/202182-70669-1brei68.g3hxh/c9aaff86.mp4'
[debug] &amp#27;[35m[ADB]&amp#27;[39m Running '/Users/arjunmac/Library/Android/sdk/platform-tools/adb -P 5037 -s emulator-5554 shell rm -rf /sdcard/c9aaff86.mp4'
[debug] &amp#27;[35m[ADB]&amp#27;[39m Running '/Users/arjunmac/Library/Android/sdk/platform-tools/adb -P 5037 -s emulator-5554 pull /sdcard/df2b72e8.mp4 /var/folders/0m/2272719s5hj2ry3p1cjhc7k00000gn/T/202182-70669-1brei68.g3hxh/df2b72e8.mp4'
[debug] &amp#27;[35m[ADB]&amp#27;[39m Running '/Users/arjunmac/Library/Android/sdk/platform-tools/adb -P 5037 -s emulator-5554 shell rm -rf /sdcard/df2b72e8.mp4'
[debug] &amp#27;[35m[ADB]&amp#27;[39m Running '/Users/arjunmac/Library/Android/sdk/platform-tools/adb -P 5037 -s emulator-5554 pull /sdcard/37656af6.mp4 /var/folders/0m/2272719s5hj2ry3p1cjhc7k00000gn/T/202182-70669-1brei68.g3hxh/37656af6.mp4'
[debug] &amp#27;[35m[ADB]&amp#27;[39m Running '/Users/arjunmac/Library/Android/sdk/platform-tools/adb -P 5037 -s emulator-5554 shell rm -rf /sdcard/37656af6.mp4'
[debug] &amp#27;[35m[ADB]&amp#27;[39m Running '/Users/arjunmac/Library/Android/sdk/platform-tools/adb -P 5037 -s emulator-5554 pull /sdcard/c87a288f.mp4 /var/folders/0m/2272719s5hj2ry3p1cjhc7k00000gn/T/202182-70669-1brei68.g3hxh/c87a288f.mp4'
[debug] &amp#27;[35m[ADB]&amp#27;[39m Running '/Users/arjunmac/Library/Android/sdk/platform-tools/adb -P 5037 -s emulator-5554 shell rm -rf /sdcard/c87a288f.mp4'
[debug] &amp#27;[35m[ADB]&amp#27;[39m Running '/Users/arjunmac/Library/Android/sdk/platform-tools/adb -P 5037 -s emulator-5554 pull /sdcard/630d1a2d.mp4 /var/folders/0m/2272719s5hj2ry3p1cjhc7k00000gn/T/202182-70669-1brei68.g3hxh/630d1a2d.mp4'
[debug] &amp#27;[35m[ADB]&amp#27;[39m Running '/Users/arjunmac/Library/Android/sdk/platform-tools/adb -P 5037 -s emulator-5554 shell rm -rf /sdcard/630d1a2d.mp4'
[debug] &amp#27;[35m[ADB]&amp#27;[39m Running '/Users/arjunmac/Library/Android/sdk/platform-tools/adb -P 5037 -s emulator-5554 pull /sdcard/9d03c86b.mp4 /var/folders/0m/2272719s5hj2ry3p1cjhc7k00000gn/T/202182-70669-1brei68.g3hxh/9d03c86b.mp4'
[debug] &amp#27;[35m[ADB]&amp#27;[39m Running '/Users/arjunmac/Library/Android/sdk/platform-tools/adb -P 5037 -s emulator-5554 shell rm -rf /sdcard/9d03c86b.mp4'
[debug] &amp#27;[35m[ADB]&amp#27;[39m Running '/Users/arjunmac/Library/Android/sdk/platform-tools/adb -P 5037 -s emulator-5554 pull /sdcard/37073481.mp4 /var/folders/0m/2272719s5hj2ry3p1cjhc7k00000gn/T/202182-70669-1brei68.g3hxh/37073481.mp4'
[debug] &amp#27;[35m[ADB]&amp#27;[39m Running '/Users/arjunmac/Library/Android/sdk/platform-tools/adb -P 5037 -s emulator-5554 shell rm -rf /sdcard/37073481.mp4'
[debug] &amp#27;[35m[ADB]&amp#27;[39m Running '/Users/arjunmac/Library/Android/sdk/platform-tools/adb -P 5037 -s emulator-5554 pull /sdcard/5f5f9c1f.mp4 /var/folders/0m/2272719s5hj2ry3p1cjhc7k00000gn/T/202182-70669-1brei68.g3hxh/5f5f9c1f.mp4'
[debug] &amp#27;[35m[ADB]&amp#27;[39m Running '/Users/arjunmac/Library/Android/sdk/platform-tools/adb -P 5037 -s emulator-5554 shell rm -rf /sdcard/5f5f9c1f.mp4'
[debug] &amp#27;[35m[ADB]&amp#27;[39m Running '/Users/arjunmac/Library/Android/sdk/platform-tools/adb -P 5037 -s emulator-5554 pull /sdcard/cecda3d7.mp4 /var/folders/0m/2272719s5hj2ry3p1cjhc7k00000gn/T/202182-70669-1brei68.g3hxh/cecda3d7.mp4'
[debug] &amp#27;[35m[ADB]&amp#27;[39m Running '/Users/arjunmac/Library/Android/sdk/platform-tools/adb -P 5037 -s emulator-5554 shell rm -rf /sdcard/cecda3d7.mp4'
[debug] &amp#27;[35m[ADB]&amp#27;[39m Running '/Users/arjunmac/Library/Android/sdk/platform-tools/adb -P 5037 -s emulator-5554 pull /sdcard/7a30d507.mp4 /var/folders/0m/2272719s5hj2ry3p1cjhc7k00000gn/T/202182-70669-1brei68.g3hxh/7a30d507.mp4'
[debug] &amp#27;[35m[ADB]&amp#27;[39m Running '/Users/arjunmac/Library/Android/sdk/platform-tools/adb -P 5037 -s emulator-5554 shell rm -rf /sdcard/7a30d507.mp4'
[debug] &amp#27;[35m[ADB]&amp#27;[39m Running '/Users/arjunmac/Library/Android/sdk/platform-tools/adb -P 5037 -s emulator-5554 pull /sdcard/14ecf175.mp4 /var/folders/0m/2272719s5hj2ry3p1cjhc7k00000gn/T/202182-70669-1brei68.g3hxh/14ecf175.mp4'
[debug] &amp#27;[35m[ADB]&amp#27;[39m Running '/Users/arjunmac/Library/Android/sdk/platform-tools/adb -P 5037 -s emulator-5554 shell rm -rf /sdcard/14ecf175.mp4'
[debug] &amp#27;[35m[ADB]&amp#27;[39m Running '/Users/arjunmac/Library/Android/sdk/platform-tools/adb -P 5037 -s emulator-5554 pull /sdcard/2303a629.mp4 /var/folders/0m/2272719s5hj2ry3p1cjhc7k00000gn/T/202182-70669-1brei68.g3hxh/2303a629.mp4'
[debug] &amp#27;[35m[ADB]&amp#27;[39m Running '/Users/arjunmac/Library/Android/sdk/platform-tools/adb -P 5037 -s emulator-5554 shell rm -rf /sdcard/2303a629.mp4'
[debug] &amp#27;[35m[ADB]&amp#27;[39m Running '/Users/arjunmac/Library/Android/sdk/platform-tools/adb -P 5037 -s emulator-5554 pull /sdcard/e59049cc.mp4 /var/folders/0m/2272719s5hj2ry3p1cjhc7k00000gn/T/202182-70669-1brei68.g3hxh/e59049cc.mp4'
[debug] &amp#27;[35m[ADB]&amp#27;[39m Running '/Users/arjunmac/Library/Android/sdk/platform-tools/adb -P 5037 -s emulator-5554 shell rm -rf /sdcard/e59049cc.mp4'
[debug] &amp#27;[35m[ADB]&amp#27;[39m Running '/Users/arjunmac/Library/Android/sdk/platform-tools/adb -P 5037 -s emulator-5554 pull /sdcard/fc837620.mp4 /var/folders/0m/2272719s5hj2ry3p1cjhc7k00000gn/T/202182-70669-1brei68.g3hxh/fc837620.mp4'
[debug] &amp#27;[35m[ADB]&amp#27;[39m Running '/Users/arjunmac/Library/Android/sdk/platform-tools/adb -P 5037 -s emulator-5554 shell rm -rf /sdcard/fc837620.mp4'
[debug] &amp#27;[35m[ADB]&amp#27;[39m Running '/Users/arjunmac/Library/Android/sdk/platform-tools/adb -P 5037 -s emulator-5554 pull /sdcard/91a82097.mp4 /var/folders/0m/2272719s5hj2ry3p1cjhc7k00000gn/T/202182-70669-1brei68.g3hxh/91a82097.mp4'
[debug] &amp#27;[35m[ADB]&amp#27;[39m Running '/Users/arjunmac/Library/Android/sdk/platform-tools/adb -P 5037 -s emulator-5554 shell rm -rf /sdcard/91a82097.mp4'
[debug] &amp#27;[35m[ADB]&amp#27;[39m Running '/Users/arjunmac/Library/Android/sdk/platform-tools/adb -P 5037 -s emulator-5554 pull /sdcard/4620712f.mp4 /var/folders/0m/2272719s5hj2ry3p1cjhc7k00000gn/T/202182-70669-1brei68.g3hxh/4620712f.mp4'
[debug] &amp#27;[35m[ADB]&amp#27;[39m Running '/Users/arjunmac/Library/Android/sdk/platform-tools/adb -P 5037 -s emulator-5554 shell rm -rf /sdcard/4620712f.mp4'
[debug] &amp#27;[35m[ADB]&amp#27;[39m Running '/Users/arjunmac/Library/Android/sdk/platform-tools/adb -P 5037 -s emulator-5554 pull /sdcard/9e2d33d3.mp4 /var/folders/0m/2272719s5hj2ry3p1cjhc7k00000gn/T/202182-70669-1brei68.g3hxh/9e2d33d3.mp4'
[debug] &amp#27;[35m[ADB]&amp#27;[39m Running '/Users/arjunmac/Library/Android/sdk/platform-tools/adb -P 5037 -s emulator-5554 shell rm -rf /sdcard/9e2d33d3.mp4'
[debug] &amp#27;[35m[ADB]&amp#27;[39m Running '/Users/arjunmac/Library/Android/sdk/platform-tools/adb -P 5037 -s emulator-5554 pull /sdcard/02bd4081.mp4 /var/folders/0m/2272719s5hj2ry3p1cjhc7k00000gn/T/202182-70669-1brei68.g3hxh/02bd4081.mp4'
[debug] &amp#27;[35m[ADB]&amp#27;[39m Running '/Users/arjunmac/Library/Android/sdk/platform-tools/adb -P 5037 -s emulator-5554 shell rm -rf /sdcard/02bd4081.mp4'
[debug] &amp#27;[35m[ADB]&amp#27;[39m Running '/Users/arjunmac/Library/Android/sdk/platform-tools/adb -P 5037 -s emulator-5554 pull /sdcard/9207d8b6.mp4 /var/folders/0m/2272719s5hj2ry3p1cjhc7k00000gn/T/202182-70669-1brei68.g3hxh/9207d8b6.mp4'
[debug] &amp#27;[35m[ADB]&amp#27;[39m Running '/Users/arjunmac/Library/Android/sdk/platform-tools/adb -P 5037 -s emulator-5554 shell rm -rf /sdcard/9207d8b6.mp4'
[debug] &amp#27;[35m[ADB]&amp#27;[39m Running '/Users/arjunmac/Library/Android/sdk/platform-tools/adb -P 5037 -s emulator-5554 pull /sdcard/ce29e0e5.mp4 /var/folders/0m/2272719s5hj2ry3p1cjhc7k00000gn/T/202182-70669-1brei68.g3hxh/ce29e0e5.mp4'
[debug] &amp#27;[35m[ADB]&amp#27;[39m Running '/Users/arjunmac/Library/Android/sdk/platform-tools/adb -P 5037 -s emulator-5554 shell rm -rf /sdcard/ce29e0e5.mp4'
[debug] &amp#27;[35m[ADB]&amp#27;[39m Running '/Users/arjunmac/Library/Android/sdk/platform-tools/adb -P 5037 -s emulator-5554 pull /sdcard/b48e18e2.mp4 /var/folders/0m/2272719s5hj2ry3p1cjhc7k00000gn/T/202182-70669-1brei68.g3hxh/b48e18e2.mp4'
[debug] &amp#27;[35m[ADB]&amp#27;[39m Running '/Users/arjunmac/Library/Android/sdk/platform-tools/adb -P 5037 -s emulator-5554 shell rm -rf /sdcard/b48e18e2.mp4'
[debug] &amp#27;[35m[ADB]&amp#27;[39m Running '/Users/arjunmac/Library/Android/sdk/platform-tools/adb -P 5037 -s emulator-5554 pull /sdcard/decbda53.mp4 /var/folders/0m/2272719s5hj2ry3p1cjhc7k00000gn/T/202182-70669-1brei68.g3hxh/decbda53.mp4'
[debug] &amp#27;[35m[ADB]&amp#27;[39m Running '/Users/arjunmac/Library/Android/sdk/platform-tools/adb -P 5037 -s emulator-5554 shell rm -rf /sdcard/decbda53.mp4'
[debug] &amp#27;[35m[ADB]&amp#27;[39m Running '/Users/arjunmac/Library/Android/sdk/platform-tools/adb -P 5037 -s emulator-5554 pull /sdcard/06479d03.mp4 /var/folders/0m/2272719s5hj2ry3p1cjhc7k00000gn/T/202182-70669-1brei68.g3hxh/06479d03.mp4'
[debug] &amp#27;[35m[ADB]&amp#27;[39m Running '/Users/arjunmac/Library/Android/sdk/platform-tools/adb -P 5037 -s emulator-5554 shell rm -rf /sdcard/06479d03.mp4'
[debug] &amp#27;[35m[ADB]&amp#27;[39m Running '/Users/arjunmac/Library/Android/sdk/platform-tools/adb -P 5037 -s emulator-5554 pull /sdcard/25972b69.mp4 /var/folders/0m/2272719s5hj2ry3p1cjhc7k00000gn/T/202182-70669-1brei68.g3hxh/25972b69.mp4'
[debug] &amp#27;[35m[ADB]&amp#27;[39m Running '/Users/arjunmac/Library/Android/sdk/platform-tools/adb -P 5037 -s emulator-5554 shell rm -rf /sdcard/25972b69.mp4'
[debug] &amp#27;[35m[ADB]&amp#27;[39m Running '/Users/arjunmac/Library/Android/sdk/platform-tools/adb -P 5037 -s emulator-5554 pull /sdcard/ea1bc365.mp4 /var/folders/0m/2272719s5hj2ry3p1cjhc7k00000gn/T/202182-70669-1brei68.g3hxh/ea1bc365.mp4'
[debug] &amp#27;[35m[ADB]&amp#27;[39m Running '/Users/arjunmac/Library/Android/sdk/platform-tools/adb -P 5037 -s emulator-5554 shell rm -rf /sdcard/ea1bc365.mp4'
[debug] &amp#27;[35m[ADB]&amp#27;[39m Running '/Users/arjunmac/Library/Android/sdk/platform-tools/adb -P 5037 -s emulator-5554 pull /sdcard/61c6ac02.mp4 /var/folders/0m/2272719s5hj2ry3p1cjhc7k00000gn/T/202182-70669-1brei68.g3hxh/61c6ac02.mp4'
[debug] &amp#27;[35m[ADB]&amp#27;[39m Running '/Users/arjunmac/Library/Android/sdk/platform-tools/adb -P 5037 -s emulator-5554 shell rm -rf /sdcard/61c6ac02.mp4'
[debug] &amp#27;[35m[ADB]&amp#27;[39m Running '/Users/arjunmac/Library/Android/sdk/platform-tools/adb -P 5037 -s emulator-5554 pull /sdcard/44d5e7b8.mp4 /var/folders/0m/2272719s5hj2ry3p1cjhc7k00000gn/T/202182-70669-1brei68.g3hxh/44d5e7b8.mp4'
[debug] &amp#27;[35m[ADB]&amp#27;[39m Running '/Users/arjunmac/Library/Android/sdk/platform-tools/adb -P 5037 -s emulator-5554 shell rm -rf /sdcard/44d5e7b8.mp4'
[debug] &amp#27;[35m[ADB]&amp#27;[39m Running '/Users/arjunmac/Library/Android/sdk/platform-tools/adb -P 5037 -s emulator-5554 pull /sdcard/e93d47cf.mp4 /var/folders/0m/2272719s5hj2ry3p1cjhc7k00000gn/T/202182-70669-1brei68.g3hxh/e93d47cf.mp4'
[debug] &amp#27;[35m[ADB]&amp#27;[39m Running '/Users/arjunmac/Library/Android/sdk/platform-tools/adb -P 5037 -s emulator-5554 shell rm -rf /sdcard/e93d47cf.mp4'
[debug] &amp#27;[35m[ADB]&amp#27;[39m Running '/Users/arjunmac/Library/Android/sdk/platform-tools/adb -P 5037 -s emulator-5554 pull /sdcard/a9b1a4af.mp4 /var/folders/0m/2272719s5hj2ry3p1cjhc7k00000gn/T/202182-70669-1brei68.g3hxh/a9b1a4af.mp4'
[debug] &amp#27;[35m[ADB]&amp#27;[39m Running '/Users/arjunmac/Library/Android/sdk/platform-tools/adb -P 5037 -s emulator-5554 shell rm -rf /sdcard/a9b1a4af.mp4'
[debug] &amp#27;[35m[ADB]&amp#27;[39m Running '/Users/arjunmac/Library/Android/sdk/platform-tools/adb -P 5037 -s emulator-5554 pull /sdcard/73814797.mp4 /var/folders/0m/2272719s5hj2ry3p1cjhc7k00000gn/T/202182-70669-1brei68.g3hxh/73814797.mp4'
[debug] &amp#27;[35m[ADB]&amp#27;[39m Running '/Users/arjunmac/Library/Android/sdk/platform-tools/adb -P 5037 -s emulator-5554 shell rm -rf /sdcard/73814797.mp4'
[debug] &amp#27;[35m[ADB]&amp#27;[39m Running '/Users/arjunmac/Library/Android/sdk/platform-tools/adb -P 5037 -s emulator-5554 pull /sdcard/ae2d04bb.mp4 /var/folders/0m/2272719s5hj2ry3p1cjhc7k00000gn/T/202182-70669-1brei68.g3hxh/ae2d04bb.mp4'
[debug] &amp#27;[35m[ADB]&amp#27;[39m Running '/Users/arjunmac/Library/Android/sdk/platform-tools/adb -P 5037 -s emulator-5554 shell rm -rf /sdcard/ae2d04bb.mp4'
[debug] &amp#27;[35m[ADB]&amp#27;[39m Running '/Users/arjunmac/Library/Android/sdk/platform-tools/adb -P 5037 -s emulator-5554 pull /sdcard/a61aff3e.mp4 /var/folders/0m/2272719s5hj2ry3p1cjhc7k00000gn/T/202182-70669-1brei68.g3hxh/a61aff3e.mp4'
[debug] &amp#27;[35m[ADB]&amp#27;[39m Running '/Users/arjunmac/Library/Android/sdk/platform-tools/adb -P 5037 -s emulator-5554 shell rm -rf /sdcard/a61aff3e.mp4'
[debug] &amp#27;[35m[ADB]&amp#27;[39m Running '/Users/arjunmac/Library/Android/sdk/platform-tools/adb -P 5037 -s emulator-5554 pull /sdcard/5a6a7ae0.mp4 /var/folders/0m/2272719s5hj2ry3p1cjhc7k00000gn/T/202182-70669-1brei68.g3hxh/5a6a7ae0.mp4'
[debug] &amp#27;[35m[ADB]&amp#27;[39m Running '/Users/arjunmac/Library/Android/sdk/platform-tools/adb -P 5037 -s emulator-5554 shell rm -rf /sdcard/5a6a7ae0.mp4'
[debug] &amp#27;[35m[ADB]&amp#27;[39m Running '/Users/arjunmac/Library/Android/sdk/platform-tools/adb -P 5037 -s emulator-5554 pull /sdcard/da2e409f.mp4 /var/folders/0m/2272719s5hj2ry3p1cjhc7k00000gn/T/202182-70669-1brei68.g3hxh/da2e409f.mp4'
[debug] &amp#27;[35m[ADB]&amp#27;[39m Running '/Users/arjunmac/Library/Android/sdk/platform-tools/adb -P 5037 -s emulator-5554 shell rm -rf /sdcard/da2e409f.mp4'
[debug] &amp#27;[35m[ADB]&amp#27;[39m Running '/Users/arjunmac/Library/Android/sdk/platform-tools/adb -P 5037 -s emulator-5554 pull /sdcard/1272b925.mp4 /var/folders/0m/2272719s5hj2ry3p1cjhc7k00000gn/T/202182-70669-1brei68.g3hxh/1272b925.mp4'
[debug] &amp#27;[35m[ADB]&amp#27;[39m Running '/Users/arjunmac/Library/Android/sdk/platform-tools/adb -P 5037 -s emulator-5554 shell rm -rf /sdcard/1272b925.mp4'
[debug] &amp#27;[35m[ADB]&amp#27;[39m Running '/Users/arjunmac/Library/Android/sdk/platform-tools/adb -P 5037 -s emulator-5554 pull /sdcard/2a7b1cf6.mp4 /var/folders/0m/2272719s5hj2ry3p1cjhc7k00000gn/T/202182-70669-1brei68.g3hxh/2a7b1cf6.mp4'
[debug] &amp#27;[35m[ADB]&amp#27;[39m Running '/Users/arjunmac/Library/Android/sdk/platform-tools/adb -P 5037 -s emulator-5554 shell rm -rf /sdcard/2a7b1cf6.mp4'
[debug] &amp#27;[35m[ADB]&amp#27;[39m Running '/Users/arjunmac/Library/Android/sdk/platform-tools/adb -P 5037 -s emulator-5554 pull /sdcard/bcba62a4.mp4 /var/folders/0m/2272719s5hj2ry3p1cjhc7k00000gn/T/202182-70669-1brei68.g3hxh/bcba62a4.mp4'
[debug] &amp#27;[35m[ADB]&amp#27;[39m Running '/Users/arjunmac/Library/Android/sdk/platform-tools/adb -P 5037 -s emulator-5554 shell rm -rf /sdcard/bcba62a4.mp4'
[debug] &amp#27;[35m[ADB]&amp#27;[39m Running '/Users/arjunmac/Library/Android/sdk/platform-tools/adb -P 5037 -s emulator-5554 pull /sdcard/1d43c73e.mp4 /var/folders/0m/2272719s5hj2ry3p1cjhc7k00000gn/T/202182-70669-1brei68.g3hxh/1d43c73e.mp4'
[debug] &amp#27;[35m[ADB]&amp#27;[39m Running '/Users/arjunmac/Library/Android/sdk/platform-tools/adb -P 5037 -s emulator-5554 shell rm -rf /sdcard/1d43c73e.mp4'
[debug] &amp#27;[35m[ADB]&amp#27;[39m Running '/Users/arjunmac/Library/Android/sdk/platform-tools/adb -P 5037 -s emulator-5554 pull /sdcard/4199912e.mp4 /var/folders/0m/2272719s5hj2ry3p1cjhc7k00000gn/T/202182-70669-1brei68.g3hxh/4199912e.mp4'
[debug] &amp#27;[35m[ADB]&amp#27;[39m Running '/Users/arjunmac/Library/Android/sdk/platform-tools/adb -P 5037 -s emulator-5554 shell rm -rf /sdcard/4199912e.mp4'
[debug] &amp#27;[35m[ADB]&amp#27;[39m Running '/Users/arjunmac/Library/Android/sdk/platform-tools/adb -P 5037 -s emulator-5554 pull /sdcard/e2012481.mp4 /var/folders/0m/2272719s5hj2ry3p1cjhc7k00000gn/T/202182-70669-1brei68.g3hxh/e2012481.mp4'
[debug] &amp#27;[35m[ADB]&amp#27;[39m Running '/Users/arjunmac/Library/Android/sdk/platform-tools/adb -P 5037 -s emulator-5554 shell rm -rf /sdcard/e2012481.mp4'
[debug] &amp#27;[35m[ADB]&amp#27;[39m Running '/Users/arjunmac/Library/Android/sdk/platform-tools/adb -P 5037 -s emulator-5554 pull /sdcard/86cd9c92.mp4 /var/folders/0m/2272719s5hj2ry3p1cjhc7k00000gn/T/202182-70669-1brei68.g3hxh/86cd9c92.mp4'
[debug] &amp#27;[35m[ADB]&amp#27;[39m Running '/Users/arjunmac/Library/Android/sdk/platform-tools/adb -P 5037 -s emulator-5554 shell rm -rf /sdcard/86cd9c92.mp4'
[debug] &amp#27;[35m[ADB]&amp#27;[39m Running '/Users/arjunmac/Library/Android/sdk/platform-tools/adb -P 5037 -s emulator-5554 pull /sdcard/ccefdcae.mp4 /var/folders/0m/2272719s5hj2ry3p1cjhc7k00000gn/T/202182-70669-1brei68.g3hxh/ccefdcae.mp4'
[debug] &amp#27;[35m[ADB]&amp#27;[39m Running '/Users/arjunmac/Library/Android/sdk/platform-tools/adb -P 5037 -s emulator-5554 shell rm -rf /sdcard/ccefdcae.mp4'
[debug] &amp#27;[35m[ADB]&amp#27;[39m Running '/Users/arjunmac/Library/Android/sdk/platform-tools/adb -P 5037 -s emulator-5554 pull /sdcard/3d0a59f0.mp4 /var/folders/0m/2272719s5hj2ry3p1cjhc7k00000gn/T/202182-70669-1brei68.g3hxh/3d0a59f0.mp4'
[debug] &amp#27;[35m[ADB]&amp#27;[39m Running '/Users/arjunmac/Library/Android/sdk/platform-tools/adb -P 5037 -s emulator-5554 shell rm -rf /sdcard/3d0a59f0.mp4'
[debug] &amp#27;[35m[ADB]&amp#27;[39m Running '/Users/arjunmac/Library/Android/sdk/platform-tools/adb -P 5037 -s emulator-5554 pull /sdcard/a9dd94fe.mp4 /var/folders/0m/2272719s5hj2ry3p1cjhc7k00000gn/T/202182-70669-1brei68.g3hxh/a9dd94fe.mp4'
[debug] &amp#27;[35m[ADB]&amp#27;[39m Running '/Users/arjunmac/Library/Android/sdk/platform-tools/adb -P 5037 -s emulator-5554 shell rm -rf /sdcard/a9dd94fe.mp4'
[debug] &amp#27;[35m[ADB]&amp#27;[39m Running '/Users/arjunmac/Library/Android/sdk/platform-tools/adb -P 5037 -s emulator-5554 pull /sdcard/3237419f.mp4 /var/folders/0m/2272719s5hj2ry3p1cjhc7k00000gn/T/202182-70669-1brei68.g3hxh/3237419f.mp4'
[debug] &amp#27;[35m[ADB]&amp#27;[39m Running '/Users/arjunmac/Library/Android/sdk/platform-tools/adb -P 5037 -s emulator-5554 shell rm -rf /sdcard/3237419f.mp4'
[debug] &amp#27;[35m[ADB]&amp#27;[39m Running '/Users/arjunmac/Library/Android/sdk/platform-tools/adb -P 5037 -s emulator-5554 pull /sdcard/e51ca65b.mp4 /var/folders/0m/2272719s5hj2ry3p1cjhc7k00000gn/T/202182-70669-1brei68.g3hxh/e51ca65b.mp4'
[debug] &amp#27;[35m[ADB]&amp#27;[39m Running '/Users/arjunmac/Library/Android/sdk/platform-tools/adb -P 5037 -s emulator-5554 shell rm -rf /sdcard/e51ca65b.mp4'
[debug] &amp#27;[35m[ADB]&amp#27;[39m Running '/Users/arjunmac/Library/Android/sdk/platform-tools/adb -P 5037 -s emulator-5554 pull /sdcard/37a1c11c.mp4 /var/folders/0m/2272719s5hj2ry3p1cjhc7k00000gn/T/202182-70669-1brei68.g3hxh/37a1c11c.mp4'
[debug] &amp#27;[35m[ADB]&amp#27;[39m Running '/Users/arjunmac/Library/Android/sdk/platform-tools/adb -P 5037 -s emulator-5554 shell rm -rf /sdcard/37a1c11c.mp4'
[debug] &amp#27;[35m[ADB]&amp#27;[39m Running '/Users/arjunmac/Library/Android/sdk/platform-tools/adb -P 5037 -s emulator-5554 pull /sdcard/d10b2685.mp4 /var/folders/0m/2272719s5hj2ry3p1cjhc7k00000gn/T/202182-70669-1brei68.g3hxh/d10b2685.mp4'
[debug] &amp#27;[35m[ADB]&amp#27;[39m Running '/Users/arjunmac/Library/Android/sdk/platform-tools/adb -P 5037 -s emulator-5554 shell rm -rf /sdcard/d10b2685.mp4'
[debug] &amp#27;[35m[ADB]&amp#27;[39m Running '/Users/arjunmac/Library/Android/sdk/platform-tools/adb -P 5037 -s emulator-5554 pull /sdcard/c4785a48.mp4 /var/folders/0m/2272719s5hj2ry3p1cjhc7k00000gn/T/202182-70669-1brei68.g3hxh/c4785a48.mp4'
[debug] &amp#27;[35m[ADB]&amp#27;[39m Running '/Users/arjunmac/Library/Android/sdk/platform-tools/adb -P 5037 -s emulator-5554 shell rm -rf /sdcard/c4785a48.mp4'
[debug] &amp#27;[35m[ADB]&amp#27;[39m Running '/Users/arjunmac/Library/Android/sdk/platform-tools/adb -P 5037 -s emulator-5554 pull /sdcard/3f7833ee.mp4 /var/folders/0m/2272719s5hj2ry3p1cjhc7k00000gn/T/202182-70669-1brei68.g3hxh/3f7833ee.mp4'
[debug] &amp#27;[35m[ADB]&amp#27;[39m Running '/Users/arjunmac/Library/Android/sdk/platform-tools/adb -P 5037 -s emulator-5554 shell rm -rf /sdcard/3f7833ee.mp4'
[debug] &amp#27;[35m[ADB]&amp#27;[39m Running '/Users/arjunmac/Library/Android/sdk/platform-tools/adb -P 5037 -s emulator-5554 pull /sdcard/39810398.mp4 /var/folders/0m/2272719s5hj2ry3p1cjhc7k00000gn/T/202182-70669-1brei68.g3hxh/39810398.mp4'
[debug] &amp#27;[35m[ADB]&amp#27;[39m Running '/Users/arjunmac/Library/Android/sdk/platform-tools/adb -P 5037 -s emulator-5554 shell rm -rf /sdcard/39810398.mp4'
[debug] &amp#27;[35m[ADB]&amp#27;[39m Running '/Users/arjunmac/Library/Android/sdk/platform-tools/adb -P 5037 -s emulator-5554 pull /sdcard/9a15fc19.mp4 /var/folders/0m/2272719s5hj2ry3p1cjhc7k00000gn/T/202182-70669-1brei68.g3hxh/9a15fc19.mp4'
[debug] &amp#27;[35m[ADB]&amp#27;[39m Running '/Users/arjunmac/Library/Android/sdk/platform-tools/adb -P 5037 -s emulator-5554 shell rm -rf /sdcard/9a15fc19.mp4'
[debug] &amp#27;[35m[ADB]&amp#27;[39m Running '/Users/arjunmac/Library/Android/sdk/platform-tools/adb -P 5037 -s emulator-5554 pull /sdcard/5fb610cd.mp4 /var/folders/0m/2272719s5hj2ry3p1cjhc7k00000gn/T/202182-70669-1brei68.g3hxh/5fb610cd.mp4'
[debug] &amp#27;[35m[ADB]&amp#27;[39m Running '/Users/arjunmac/Library/Android/sdk/platform-tools/adb -P 5037 -s emulator-5554 shell rm -rf /sdcard/5fb610cd.mp4'
[debug] &amp#27;[35m[ADB]&amp#27;[39m Running '/Users/arjunmac/Library/Android/sdk/platform-tools/adb -P 5037 -s emulator-5554 pull /sdcard/563c805a.mp4 /var/folders/0m/2272719s5hj2ry3p1cjhc7k00000gn/T/202182-70669-1brei68.g3hxh/563c805a.mp4'
[debug] &amp#27;[35m[ADB]&amp#27;[39m Running '/Users/arjunmac/Library/Android/sdk/platform-tools/adb -P 5037 -s emulator-5554 shell rm -rf /sdcard/563c805a.mp4'
[debug] &amp#27;[35m[ADB]&amp#27;[39m Running '/Users/arjunmac/Library/Android/sdk/platform-tools/adb -P 5037 -s emulator-5554 pull /sdcard/6b83731a.mp4 /var/folders/0m/2272719s5hj2ry3p1cjhc7k00000gn/T/202182-70669-1brei68.g3hxh/6b83731a.mp4'
[debug] &amp#27;[35m[ADB]&amp#27;[39m Running '/Users/arjunmac/Library/Android/sdk/platform-tools/adb -P 5037 -s emulator-5554 shell rm -rf /sdcard/6b83731a.mp4'
[debug] &amp#27;[35m[ADB]&amp#27;[39m Running '/Users/arjunmac/Library/Android/sdk/platform-tools/adb -P 5037 -s emulator-5554 pull /sdcard/1dbff4aa.mp4 /var/folders/0m/2272719s5hj2ry3p1cjhc7k00000gn/T/202182-70669-1brei68.g3hxh/1dbff4aa.mp4'
[debug] &amp#27;[35m[ADB]&amp#27;[39m Running '/Users/arjunmac/Library/Android/sdk/platform-tools/adb -P 5037 -s emulator-5554 shell rm -rf /sdcard/1dbff4aa.mp4'
[debug] &amp#27;[35m[ADB]&amp#27;[39m Running '/Users/arjunmac/Library/Android/sdk/platform-tools/adb -P 5037 -s emulator-5554 pull /sdcard/042efef3.mp4 /var/folders/0m/2272719s5hj2ry3p1cjhc7k00000gn/T/202182-70669-1brei68.g3hxh/042efef3.mp4'
[debug] &amp#27;[35m[ADB]&amp#27;[39m Running '/Users/arjunmac/Library/Android/sdk/platform-tools/adb -P 5037 -s emulator-5554 shell rm -rf /sdcard/042efef3.mp4'
[debug] &amp#27;[35m[ADB]&amp#27;[39m Running '/Users/arjunmac/Library/Android/sdk/platform-tools/adb -P 5037 -s emulator-5554 pull /sdcard/4597aea5.mp4 /var/folders/0m/2272719s5hj2ry3p1cjhc7k00000gn/T/202182-70669-1brei68.g3hxh/4597aea5.mp4'
[debug] &amp#27;[35m[ADB]&amp#27;[39m Running '/Users/arjunmac/Library/Android/sdk/platform-tools/adb -P 5037 -s emulator-5554 shell rm -rf /sdcard/4597aea5.mp4'
[debug] &amp#27;[35m[ADB]&amp#27;[39m Running '/Users/arjunmac/Library/Android/sdk/platform-tools/adb -P 5037 -s emulator-5554 pull /sdcard/b985ac28.mp4 /var/folders/0m/2272719s5hj2ry3p1cjhc7k00000gn/T/202182-70669-1brei68.g3hxh/b985ac28.mp4'
[debug] &amp#27;[35m[ADB]&amp#27;[39m Running '/Users/arjunmac/Library/Android/sdk/platform-tools/adb -P 5037 -s emulator-5554 shell rm -rf /sdcard/b985ac28.mp4'
[debug] &amp#27;[35m[ADB]&amp#27;[39m Running '/Users/arjunmac/Library/Android/sdk/platform-tools/adb -P 5037 -s emulator-5554 pull /sdcard/84fb0e71.mp4 /var/folders/0m/2272719s5hj2ry3p1cjhc7k00000gn/T/202182-70669-1brei68.g3hxh/84fb0e71.mp4'
[debug] &amp#27;[35m[ADB]&amp#27;[39m Running '/Users/arjunmac/Library/Android/sdk/platform-tools/adb -P 5037 -s emulator-5554 shell rm -rf /sdcard/84fb0e71.mp4'
[debug] &amp#27;[35m[ADB]&amp#27;[39m Running '/Users/arjunmac/Library/Android/sdk/platform-tools/adb -P 5037 -s emulator-5554 pull /sdcard/c8026783.mp4 /var/folders/0m/2272719s5hj2ry3p1cjhc7k00000gn/T/202182-70669-1brei68.g3hxh/c8026783.mp4'
[debug] &amp#27;[35m[ADB]&amp#27;[39m Running '/Users/arjunmac/Library/Android/sdk/platform-tools/adb -P 5037 -s emulator-5554 shell rm -rf /sdcard/c8026783.mp4'
[debug] &amp#27;[35m[ADB]&amp#27;[39m Running '/Users/arjunmac/Library/Android/sdk/platform-tools/adb -P 5037 -s emulator-5554 pull /sdcard/449d8d87.mp4 /var/folders/0m/2272719s5hj2ry3p1cjhc7k00000gn/T/202182-70669-1brei68.g3hxh/449d8d87.mp4'
[debug] &amp#27;[35m[ADB]&amp#27;[39m Running '/Users/arjunmac/Library/Android/sdk/platform-tools/adb -P 5037 -s emulator-5554 shell rm -rf /sdcard/449d8d87.mp4'
[debug] &amp#27;[35m[ADB]&amp#27;[39m Running '/Users/arjunmac/Library/Android/sdk/platform-tools/adb -P 5037 -s emulator-5554 pull /sdcard/d7d21c2b.mp4 /var/folders/0m/2272719s5hj2ry3p1cjhc7k00000gn/T/202182-70669-1brei68.g3hxh/d7d21c2b.mp4'
[debug] &amp#27;[35m[ADB]&amp#27;[39m Running '/Users/arjunmac/Library/Android/sdk/platform-tools/adb -P 5037 -s emulator-5554 shell rm -rf /sdcard/d7d21c2b.mp4'
[debug] &amp#27;[35m[ADB]&amp#27;[39m Running '/Users/arjunmac/Library/Android/sdk/platform-tools/adb -P 5037 -s emulator-5554 pull /sdcard/124ab760.mp4 /var/folders/0m/2272719s5hj2ry3p1cjhc7k00000gn/T/202182-70669-1brei68.g3hxh/124ab760.mp4'
[debug] &amp#27;[35m[ADB]&amp#27;[39m Running '/Users/arjunmac/Library/Android/sdk/platform-tools/adb -P 5037 -s emulator-5554 shell rm -rf /sdcard/124ab760.mp4'
[debug] &amp#27;[35m[ADB]&amp#27;[39m Running '/Users/arjunmac/Library/Android/sdk/platform-tools/adb -P 5037 -s emulator-5554 pull /sdcard/61f228a3.mp4 /var/folders/0m/2272719s5hj2ry3p1cjhc7k00000gn/T/202182-70669-1brei68.g3hxh/61f228a3.mp4'
[debug] &amp#27;[35m[ADB]&amp#27;[39m Running '/Users/arjunmac/Library/Android/sdk/platform-tools/adb -P 5037 -s emulator-5554 shell rm -rf /sdcard/61f228a3.mp4'
[debug] &amp#27;[35m[ADB]&amp#27;[39m Running '/Users/arjunmac/Library/Android/sdk/platform-tools/adb -P 5037 -s emulator-5554 pull /sdcard/48e9899e.mp4 /var/folders/0m/2272719s5hj2ry3p1cjhc7k00000gn/T/202182-70669-1brei68.g3hxh/48e9899e.mp4'
[debug] &amp#27;[35m[ADB]&amp#27;[39m Running '/Users/arjunmac/Library/Android/sdk/platform-tools/adb -P 5037 -s emulator-5554 shell rm -rf /sdcard/48e9899e.mp4'
[debug] &amp#27;[35m[ADB]&amp#27;[39m Running '/Users/arjunmac/Library/Android/sdk/platform-tools/adb -P 5037 -s emulator-5554 pull /sdcard/52d7d261.mp4 /var/folders/0m/2272719s5hj2ry3p1cjhc7k00000gn/T/202182-70669-1brei68.g3hxh/52d7d261.mp4'
[debug] &amp#27;[35m[ADB]&amp#27;[39m Running '/Users/arjunmac/Library/Android/sdk/platform-tools/adb -P 5037 -s emulator-5554 shell rm -rf /sdcard/52d7d261.mp4'
[debug] &amp#27;[35m[ADB]&amp#27;[39m Running '/Users/arjunmac/Library/Android/sdk/platform-tools/adb -P 5037 -s emulator-5554 pull /sdcard/249c0d98.mp4 /var/folders/0m/2272719s5hj2ry3p1cjhc7k00000gn/T/202182-70669-1brei68.g3hxh/249c0d98.mp4'
[debug] &amp#27;[35m[ADB]&amp#27;[39m Running '/Users/arjunmac/Library/Android/sdk/platform-tools/adb -P 5037 -s emulator-5554 shell rm -rf /sdcard/249c0d98.mp4'
[debug] &amp#27;[35m[ADB]&amp#27;[39m Running '/Users/arjunmac/Library/Android/sdk/platform-tools/adb -P 5037 -s emulator-5554 pull /sdcard/67b2d610.mp4 /var/folders/0m/2272719s5hj2ry3p1cjhc7k00000gn/T/202182-70669-1brei68.g3hxh/67b2d610.mp4'
[debug] &amp#27;[35m[ADB]&amp#27;[39m Running '/Users/arjunmac/Library/Android/sdk/platform-tools/adb -P 5037 -s emulator-5554 shell rm -rf /sdcard/67b2d610.mp4'
[debug] &amp#27;[35m[ADB]&amp#27;[39m Running '/Users/arjunmac/Library/Android/sdk/platform-tools/adb -P 5037 -s emulator-5554 pull /sdcard/5813573f.mp4 /var/folders/0m/2272719s5hj2ry3p1cjhc7k00000gn/T/202182-70669-1brei68.g3hxh/5813573f.mp4'
[debug] &amp#27;[35m[ADB]&amp#27;[39m Running '/Users/arjunmac/Library/Android/sdk/platform-tools/adb -P 5037 -s emulator-5554 shell rm -rf /sdcard/5813573f.mp4'
[debug] &amp#27;[35m[ADB]&amp#27;[39m Running '/Users/arjunmac/Library/Android/sdk/platform-tools/adb -P 5037 -s emulator-5554 pull /sdcard/b7912e59.mp4 /var/folders/0m/2272719s5hj2ry3p1cjhc7k00000gn/T/202182-70669-1brei68.g3hxh/b7912e59.mp4'
[debug] &amp#27;[35m[ADB]&amp#27;[39m Running '/Users/arjunmac/Library/Android/sdk/platform-tools/adb -P 5037 -s emulator-5554 shell rm -rf /sdcard/b7912e59.mp4'
[debug] &amp#27;[35m[ADB]&amp#27;[39m Running '/Users/arjunmac/Library/Android/sdk/platform-tools/adb -P 5037 -s emulator-5554 pull /sdcard/b00a9634.mp4 /var/folders/0m/2272719s5hj2ry3p1cjhc7k00000gn/T/202182-70669-1brei68.g3hxh/b00a9634.mp4'
[debug] &amp#27;[35m[ADB]&amp#27;[39m Running '/Users/arjunmac/Library/Android/sdk/platform-tools/adb -P 5037 -s emulator-5554 shell rm -rf /sdcard/b00a9634.mp4'
[debug] &amp#27;[35m[ADB]&amp#27;[39m Running '/Users/arjunmac/Library/Android/sdk/platform-tools/adb -P 5037 -s emulator-5554 pull /sdcard/e033ae49.mp4 /var/folders/0m/2272719s5hj2ry3p1cjhc7k00000gn/T/202182-70669-1brei68.g3hxh/e033ae49.mp4'
[debug] &amp#27;[35m[ADB]&amp#27;[39m Running '/Users/arjunmac/Library/Android/sdk/platform-tools/adb -P 5037 -s emulator-5554 shell rm -rf /sdcard/e033ae49.mp4'
[debug] &amp#27;[35m[ADB]&amp#27;[39m Running '/Users/arjunmac/Library/Android/sdk/platform-tools/adb -P 5037 -s emulator-5554 pull /sdcard/4e25c482.mp4 /var/folders/0m/2272719s5hj2ry3p1cjhc7k00000gn/T/202182-70669-1brei68.g3hxh/4e25c482.mp4'
[debug] &amp#27;[35m[ADB]&amp#27;[39m Running '/Users/arjunmac/Library/Android/sdk/platform-tools/adb -P 5037 -s emulator-5554 shell rm -rf /sdcard/4e25c482.mp4'
[debug] &amp#27;[35m[ADB]&amp#27;[39m Running '/Users/arjunmac/Library/Android/sdk/platform-tools/adb -P 5037 -s emulator-5554 pull /sdcard/288f2e51.mp4 /var/folders/0m/2272719s5hj2ry3p1cjhc7k00000gn/T/202182-70669-1brei68.g3hxh/288f2e51.mp4'
[debug] &amp#27;[35m[ADB]&amp#27;[39m Running '/Users/arjunmac/Library/Android/sdk/platform-tools/adb -P 5037 -s emulator-5554 shell rm -rf /sdcard/288f2e51.mp4'
[debug] &amp#27;[35m[ADB]&amp#27;[39m Running '/Users/arjunmac/Library/Android/sdk/platform-tools/adb -P 5037 -s emulator-5554 pull /sdcard/8c48889b.mp4 /var/folders/0m/2272719s5hj2ry3p1cjhc7k00000gn/T/202182-70669-1brei68.g3hxh/8c48889b.mp4'
[debug] &amp#27;[35m[ADB]&amp#27;[39m Running '/Users/arjunmac/Library/Android/sdk/platform-tools/adb -P 5037 -s emulator-5554 shell rm -rf /sdcard/8c48889b.mp4'
[debug] &amp#27;[35m[ADB]&amp#27;[39m Running '/Users/arjunmac/Library/Android/sdk/platform-tools/adb -P 5037 -s emulator-5554 pull /sdcard/045dd0a8.mp4 /var/folders/0m/2272719s5hj2ry3p1cjhc7k00000gn/T/202182-70669-1brei68.g3hxh/045dd0a8.mp4'
[debug] &amp#27;[35m[ADB]&amp#27;[39m Running '/Users/arjunmac/Library/Android/sdk/platform-tools/adb -P 5037 -s emulator-5554 shell rm -rf /sdcard/045dd0a8.mp4'
[debug] &amp#27;[35m[ADB]&amp#27;[39m Running '/Users/arjunmac/Library/Android/sdk/platform-tools/adb -P 5037 -s emulator-5554 pull /sdcard/458773df.mp4 /var/folders/0m/2272719s5hj2ry3p1cjhc7k00000gn/T/202182-70669-1brei68.g3hxh/458773df.mp4'
[debug] &amp#27;[35m[ADB]&amp#27;[39m Running '/Users/arjunmac/Library/Android/sdk/platform-tools/adb -P 5037 -s emulator-5554 shell rm -rf /sdcard/458773df.mp4'
[debug] &amp#27;[35m[ADB]&amp#27;[39m Running '/Users/arjunmac/Library/Android/sdk/platform-tools/adb -P 5037 -s emulator-5554 pull /sdcard/02531fea.mp4 /var/folders/0m/2272719s5hj2ry3p1cjhc7k00000gn/T/202182-70669-1brei68.g3hxh/02531fea.mp4'
[debug] &amp#27;[35m[ADB]&amp#27;[39m Running '/Users/arjunmac/Library/Android/sdk/platform-tools/adb -P 5037 -s emulator-5554 shell rm -rf /sdcard/02531fea.mp4'
[debug] &amp#27;[35m[ADB]&amp#27;[39m Running '/Users/arjunmac/Library/Android/sdk/platform-tools/adb -P 5037 -s emulator-5554 pull /sdcard/312d048a.mp4 /var/folders/0m/2272719s5hj2ry3p1cjhc7k00000gn/T/202182-70669-1brei68.g3hxh/312d048a.mp4'
[debug] &amp#27;[35m[ADB]&amp#27;[39m Running '/Users/arjunmac/Library/Android/sdk/platform-tools/adb -P 5037 -s emulator-5554 shell rm -rf /sdcard/312d048a.mp4'
[debug] &amp#27;[35m[ADB]&amp#27;[39m Running '/Users/arjunmac/Library/Android/sdk/platform-tools/adb -P 5037 -s emulator-5554 pull /sdcard/5a325b7d.mp4 /var/folders/0m/2272719s5hj2ry3p1cjhc7k00000gn/T/202182-70669-1brei68.g3hxh/5a325b7d.mp4'
[debug] &amp#27;[35m[ADB]&amp#27;[39m Running '/Users/arjunmac/Library/Android/sdk/platform-tools/adb -P 5037 -s emulator-5554 shell rm -rf /sdcard/5a325b7d.mp4'
[debug] &amp#27;[35m[ADB]&amp#27;[39m Running '/Users/arjunmac/Library/Android/sdk/platform-tools/adb -P 5037 -s emulator-5554 pull /sdcard/69717ae9.mp4 /var/folders/0m/2272719s5hj2ry3p1cjhc7k00000gn/T/202182-70669-1brei68.g3hxh/69717ae9.mp4'
[debug] &amp#27;[35m[ADB]&amp#27;[39m Running '/Users/arjunmac/Library/Android/sdk/platform-tools/adb -P 5037 -s emulator-5554 shell rm -rf /sdcard/69717ae9.mp4'
[debug] &amp#27;[35m[ADB]&amp#27;[39m Running '/Users/arjunmac/Library/Android/sdk/platform-tools/adb -P 5037 -s emulator-5554 pull /sdcard/ed7515dc.mp4 /var/folders/0m/2272719s5hj2ry3p1cjhc7k00000gn/T/202182-70669-1brei68.g3hxh/ed7515dc.mp4'
[debug] &amp#27;[35m[ADB]&amp#27;[39m Running '/Users/arjunmac/Library/Android/sdk/platform-tools/adb -P 5037 -s emulator-5554 shell rm -rf /sdcard/ed7515dc.mp4'
[debug] &amp#27;[35m[ADB]&amp#27;[39m Running '/Users/arjunmac/Library/Android/sdk/platform-tools/adb -P 5037 -s emulator-5554 pull /sdcard/405b733f.mp4 /var/folders/0m/2272719s5hj2ry3p1cjhc7k00000gn/T/202182-70669-1brei68.g3hxh/405b733f.mp4'
[debug] &amp#27;[35m[ADB]&amp#27;[39m Running '/Users/arjunmac/Library/Android/sdk/platform-tools/adb -P 5037 -s emulator-5554 shell rm -rf /sdcard/405b733f.mp4'
[debug] &amp#27;[35m[ADB]&amp#27;[39m Running '/Users/arjunmac/Library/Android/sdk/platform-tools/adb -P 5037 -s emulator-5554 pull /sdcard/806d92a5.mp4 /var/folders/0m/2272719s5hj2ry3p1cjhc7k00000gn/T/202182-70669-1brei68.g3hxh/806d92a5.mp4'
[debug] &amp#27;[35m[ADB]&amp#27;[39m Running '/Users/arjunmac/Library/Android/sdk/platform-tools/adb -P 5037 -s emulator-5554 shell rm -rf /sdcard/806d92a5.mp4'
[debug] &amp#27;[35m[ADB]&amp#27;[39m Running '/Users/arjunmac/Library/Android/sdk/platform-tools/adb -P 5037 -s emulator-5554 pull /sdcard/45db6a69.mp4 /var/folders/0m/2272719s5hj2ry3p1cjhc7k00000gn/T/202182-70669-1brei68.g3hxh/45db6a69.mp4'
[debug] &amp#27;[35m[ADB]&amp#27;[39m Running '/Users/arjunmac/Library/Android/sdk/platform-tools/adb -P 5037 -s emulator-5554 shell rm -rf /sdcard/45db6a69.mp4'
[debug] &amp#27;[35m[ADB]&amp#27;[39m Running '/Users/arjunmac/Library/Android/sdk/platform-tools/adb -P 5037 -s emulator-5554 pull /sdcard/1607a018.mp4 /var/folders/0m/2272719s5hj2ry3p1cjhc7k00000gn/T/202182-70669-1brei68.g3hxh/1607a018.mp4'
[debug] &amp#27;[35m[ADB]&amp#27;[39m Running '/Users/arjunmac/Library/Android/sdk/platform-tools/adb -P 5037 -s emulator-5554 shell rm -rf /sdcard/1607a018.mp4'
[debug] &amp#27;[35m[ADB]&amp#27;[39m Running '/Users/arjunmac/Library/Android/sdk/platform-tools/adb -P 5037 -s emulator-5554 pull /sdcard/4e954104.mp4 /var/folders/0m/2272719s5hj2ry3p1cjhc7k00000gn/T/202182-70669-1brei68.g3hxh/4e954104.mp4'
[debug] &amp#27;[35m[ADB]&amp#27;[39m Running '/Users/arjunmac/Library/Android/sdk/platform-tools/adb -P 5037 -s emulator-5554 shell rm -rf /sdcard/4e954104.mp4'
[debug] &amp#27;[35m[ADB]&amp#27;[39m Running '/Users/arjunmac/Library/Android/sdk/platform-tools/adb -P 5037 -s emulator-5554 pull /sdcard/1444272b.mp4 /var/folders/0m/2272719s5hj2ry3p1cjhc7k00000gn/T/202182-70669-1brei68.g3hxh/1444272b.mp4'
[debug] &amp#27;[35m[ADB]&amp#27;[39m Running '/Users/arjunmac/Library/Android/sdk/platform-tools/adb -P 5037 -s emulator-5554 shell rm -rf /sdcard/1444272b.mp4'
[debug] &amp#27;[35m[ADB]&amp#27;[39m Running '/Users/arjunmac/Library/Android/sdk/platform-tools/adb -P 5037 -s emulator-5554 pull /sdcard/516b3691.mp4 /var/folders/0m/2272719s5hj2ry3p1cjhc7k00000gn/T/202182-70669-1brei68.g3hxh/516b3691.mp4'
[debug] &amp#27;[35m[ADB]&amp#27;[39m Running '/Users/arjunmac/Library/Android/sdk/platform-tools/adb -P 5037 -s emulator-5554 shell rm -rf /sdcard/516b3691.mp4'
[debug] &amp#27;[35m[ADB]&amp#27;[39m Running '/Users/arjunmac/Library/Android/sdk/platform-tools/adb -P 5037 -s emulator-5554 pull /sdcard/5b000132.mp4 /var/folders/0m/2272719s5hj2ry3p1cjhc7k00000gn/T/202182-70669-1brei68.g3hxh/5b000132.mp4'
[debug] &amp#27;[35m[ADB]&amp#27;[39m Running '/Users/arjunmac/Library/Android/sdk/platform-tools/adb -P 5037 -s emulator-5554 shell rm -rf /sdcard/5b000132.mp4'
[debug] &amp#27;[35m[ADB]&amp#27;[39m Running '/Users/arjunmac/Library/Android/sdk/platform-tools/adb -P 5037 -s emulator-5554 pull /sdcard/48703313.mp4 /var/folders/0m/2272719s5hj2ry3p1cjhc7k00000gn/T/202182-70669-1brei68.g3hxh/48703313.mp4'
[debug] &amp#27;[35m[ADB]&amp#27;[39m Running '/Users/arjunmac/Library/Android/sdk/platform-tools/adb -P 5037 -s emulator-5554 shell rm -rf /sdcard/48703313.mp4'
[debug] &amp#27;[35m[ADB]&amp#27;[39m Running '/Users/arjunmac/Library/Android/sdk/platform-tools/adb -P 5037 -s emulator-5554 pull /sdcard/be355f23.mp4 /var/folders/0m/2272719s5hj2ry3p1cjhc7k00000gn/T/202182-70669-1brei68.g3hxh/be355f23.mp4'
[debug] &amp#27;[35m[ADB]&amp#27;[39m Running '/Users/arjunmac/Library/Android/sdk/platform-tools/adb -P 5037 -s emulator-5554 shell rm -rf /sdcard/be355f23.mp4'
[debug] &amp#27;[35m[ADB]&amp#27;[39m Running '/Users/arjunmac/Library/Android/sdk/platform-tools/adb -P 5037 -s emulator-5554 pull /sdcard/92013ad3.mp4 /var/folders/0m/2272719s5hj2ry3p1cjhc7k00000gn/T/202182-70669-1brei68.g3hxh/92013ad3.mp4'
[debug] &amp#27;[35m[ADB]&amp#27;[39m Running '/Users/arjunmac/Library/Android/sdk/platform-tools/adb -P 5037 -s emulator-5554 shell rm -rf /sdcard/92013ad3.mp4'
[debug] &amp#27;[35m[ADB]&amp#27;[39m Running '/Users/arjunmac/Library/Android/sdk/platform-tools/adb -P 5037 -s emulator-5554 pull /sdcard/06e6f2be.mp4 /var/folders/0m/2272719s5hj2ry3p1cjhc7k00000gn/T/202182-70669-1brei68.g3hxh/06e6f2be.mp4'
[debug] &amp#27;[35m[ADB]&amp#27;[39m Running '/Users/arjunmac/Library/Android/sdk/platform-tools/adb -P 5037 -s emulator-5554 shell rm -rf /sdcard/06e6f2be.mp4'
[debug] &amp#27;[35m[ADB]&amp#27;[39m Running '/Users/arjunmac/Library/Android/sdk/platform-tools/adb -P 5037 -s emulator-5554 pull /sdcard/818f81df.mp4 /var/folders/0m/2272719s5hj2ry3p1cjhc7k00000gn/T/202182-70669-1brei68.g3hxh/818f81df.mp4'
[debug] &amp#27;[35m[ADB]&amp#27;[39m Running '/Users/arjunmac/Library/Android/sdk/platform-tools/adb -P 5037 -s emulator-5554 shell rm -rf /sdcard/818f81df.mp4'
[debug] &amp#27;[35m[ADB]&amp#27;[39m Running '/Users/arjunmac/Library/Android/sdk/platform-tools/adb -P 5037 -s emulator-5554 pull /sdcard/0ecfbcdf.mp4 /var/folders/0m/2272719s5hj2ry3p1cjhc7k00000gn/T/202182-70669-1brei68.g3hxh/0ecfbcdf.mp4'
[debug] &amp#27;[35m[ADB]&amp#27;[39m Running '/Users/arjunmac/Library/Android/sdk/platform-tools/adb -P 5037 -s emulator-5554 shell rm -rf /sdcard/0ecfbcdf.mp4'
[debug] &amp#27;[35m[ADB]&amp#27;[39m Running '/Users/arjunmac/Library/Android/sdk/platform-tools/adb -P 5037 -s emulator-5554 pull /sdcard/43c414e0.mp4 /var/folders/0m/2272719s5hj2ry3p1cjhc7k00000gn/T/202182-70669-1brei68.g3hxh/43c414e0.mp4'
[debug] &amp#27;[35m[ADB]&amp#27;[39m Running '/Users/arjunmac/Library/Android/sdk/platform-tools/adb -P 5037 -s emulator-5554 shell rm -rf /sdcard/43c414e0.mp4'
[debug] &amp#27;[35m[ADB]&amp#27;[39m Running '/Users/arjunmac/Library/Android/sdk/platform-tools/adb -P 5037 -s emulator-5554 pull /sdcard/48790682.mp4 /var/folders/0m/2272719s5hj2ry3p1cjhc7k00000gn/T/202182-70669-1brei68.g3hxh/48790682.mp4'
[debug] &amp#27;[35m[ADB]&amp#27;[39m Running '/Users/arjunmac/Library/Android/sdk/platform-tools/adb -P 5037 -s emulator-5554 shell rm -rf /sdcard/48790682.mp4'
[debug] &amp#27;[35m[ADB]&amp#27;[39m Running '/Users/arjunmac/Library/Android/sdk/platform-tools/adb -P 5037 -s emulator-5554 pull /sdcard/6227ef77.mp4 /var/folders/0m/2272719s5hj2ry3p1cjhc7k00000gn/T/202182-70669-1brei68.g3hxh/6227ef77.mp4'
[debug] &amp#27;[35m[ADB]&amp#27;[39m Running '/Users/arjunmac/Library/Android/sdk/platform-tools/adb -P 5037 -s emulator-5554 shell rm -rf /sdcard/6227ef77.mp4'
[debug] &amp#27;[35m[ADB]&amp#27;[39m Running '/Users/arjunmac/Library/Android/sdk/platform-tools/adb -P 5037 -s emulator-5554 pull /sdcard/00aa8dd4.mp4 /var/folders/0m/2272719s5hj2ry3p1cjhc7k00000gn/T/202182-70669-1brei68.g3hxh/00aa8dd4.mp4'
[debug] &amp#27;[35m[ADB]&amp#27;[39m Running '/Users/arjunmac/Library/Android/sdk/platform-tools/adb -P 5037 -s emulator-5554 shell rm -rf /sdcard/00aa8dd4.mp4'
[debug] &amp#27;[35m[ADB]&amp#27;[39m Running '/Users/arjunmac/Library/Android/sdk/platform-tools/adb -P 5037 -s emulator-5554 pull /sdcard/5276fa34.mp4 /var/folders/0m/2272719s5hj2ry3p1cjhc7k00000gn/T/202182-70669-1brei68.g3hxh/5276fa34.mp4'
[debug] &amp#27;[35m[ADB]&amp#27;[39m Running '/Users/arjunmac/Library/Android/sdk/platform-tools/adb -P 5037 -s emulator-5554 shell rm -rf /sdcard/5276fa34.mp4'
[debug] &amp#27;[35m[ADB]&amp#27;[39m Running '/Users/arjunmac/Library/Android/sdk/platform-tools/adb -P 5037 -s emulator-5554 pull /sdcard/94b6239b.mp4 /var/folders/0m/2272719s5hj2ry3p1cjhc7k00000gn/T/202182-70669-1brei68.g3hxh/94b6239b.mp4'
[debug] &amp#27;[35m[ADB]&amp#27;[39m Running '/Users/arjunmac/Library/Android/sdk/platform-tools/adb -P 5037 -s emulator-5554 shell rm -rf /sdcard/94b6239b.mp4'
[debug] &amp#27;[35m[ADB]&amp#27;[39m Running '/Users/arjunmac/Library/Android/sdk/platform-tools/adb -P 5037 -s emulator-5554 pull /sdcard/1f88b0dc.mp4 /var/folders/0m/2272719s5hj2ry3p1cjhc7k00000gn/T/202182-70669-1brei68.g3hxh/1f88b0dc.mp4'
[debug] &amp#27;[35m[ADB]&amp#27;[39m Running '/Users/arjunmac/Library/Android/sdk/platform-tools/adb -P 5037 -s emulator-5554 shell rm -rf /sdcard/1f88b0dc.mp4'
[debug] &amp#27;[35m[ADB]&amp#27;[39m Running '/Users/arjunmac/Library/Android/sdk/platform-tools/adb -P 5037 -s emulator-5554 pull /sdcard/311cbd0a.mp4 /var/folders/0m/2272719s5hj2ry3p1cjhc7k00000gn/T/202182-70669-1brei68.g3hxh/311cbd0a.mp4'
[debug] &amp#27;[35m[ADB]&amp#27;[39m Running '/Users/arjunmac/Library/Android/sdk/platform-tools/adb -P 5037 -s emulator-5554 shell rm -rf /sdcard/311cbd0a.mp4'
[debug] &amp#27;[35m[ADB]&amp#27;[39m Running '/Users/arjunmac/Library/Android/sdk/platform-tools/adb -P 5037 -s emulator-5554 pull /sdcard/dcdaaf29.mp4 /var/folders/0m/2272719s5hj2ry3p1cjhc7k00000gn/T/202182-70669-1brei68.g3hxh/dcdaaf29.mp4'
[debug] &amp#27;[35m[ADB]&amp#27;[39m Running '/Users/arjunmac/Library/Android/sdk/platform-tools/adb -P 5037 -s emulator-5554 shell rm -rf /sdcard/dcdaaf29.mp4'
[debug] &amp#27;[35m[ADB]&amp#27;[39m Running '/Users/arjunmac/Library/Android/sdk/platform-tools/adb -P 5037 -s emulator-5554 pull /sdcard/bb6a37f8.mp4 /var/folders/0m/2272719s5hj2ry3p1cjhc7k00000gn/T/202182-70669-1brei68.g3hxh/bb6a37f8.mp4'
[debug] &amp#27;[35m[ADB]&amp#27;[39m Running '/Users/arjunmac/Library/Android/sdk/platform-tools/adb -P 5037 -s emulator-5554 shell rm -rf /sdcard/bb6a37f8.mp4'
[debug] &amp#27;[35m[ADB]&amp#27;[39m Running '/Users/arjunmac/Library/Android/sdk/platform-tools/adb -P 5037 -s emulator-5554 pull /sdcard/9c6e2b15.mp4 /var/folders/0m/2272719s5hj2ry3p1cjhc7k00000gn/T/202182-70669-1brei68.g3hxh/9c6e2b15.mp4'
[debug] &amp#27;[35m[ADB]&amp#27;[39m Running '/Users/arjunmac/Library/Android/sdk/platform-tools/adb -P 5037 -s emulator-5554 shell rm -rf /sdcard/9c6e2b15.mp4'
&amp#27;[35m[AndroidDriver]&amp#27;[39m Got 173 screen recordings. Trying to merge them
[debug] &amp#27;[35m[AndroidDriver]&amp#27;[39m Generated ffmpeg merging config '/var/folders/0m/2272719s5hj2ry3p1cjhc7k00000gn/T/202182-70669-1brei68.g3hxh/config.txt' with items:
[debug] &amp#27;[35m[AndroidDriver]&amp#27;[39m file '/var/folders/0m/2272719s5hj2ry3p1cjhc7k00000gn/T/202182-70669-1brei68.g3hxh/5fb1c9cd.mp4'
[debug] &amp#27;[35m[AndroidDriver]&amp#27;[39m file '/var/folders/0m/2272719s5hj2ry3p1cjhc7k00000gn/T/202182-70669-1brei68.g3hxh/5721aa51.mp4'
[debug] &amp#27;[35m[AndroidDriver]&amp#27;[39m file '/var/folders/0m/2272719s5hj2ry3p1cjhc7k00000gn/T/202182-70669-1brei68.g3hxh/b97ba194.mp4'
[debug] &amp#27;[35m[AndroidDriver]&amp#27;[39m file '/var/folders/0m/2272719s5hj2ry3p1cjhc7k00000gn/T/202182-70669-1brei68.g3hxh/93554a94.mp4'
[debug] &amp#27;[35m[AndroidDriver]&amp#27;[39m file '/var/folders/0m/2272719s5hj2ry3p1cjhc7k00000gn/T/202182-70669-1brei68.g3hxh/238ca0da.mp4'
[debug] &amp#27;[35m[AndroidDriver]&amp#27;[39m file '/var/folders/0m/2272719s5hj2ry3p1cjhc7k00000gn/T/202182-70669-1brei68.g3hxh/6c51f94d.mp4'
[debug] &amp#27;[35m[AndroidDriver]&amp#27;[39m file '/var/folders/0m/2272719s5hj2ry3p1cjhc7k00000gn/T/202182-70669-1brei68.g3hxh/5f784448.mp4'
[debug] &amp#27;[35m[AndroidDriver]&amp#27;[39m file '/var/folders/0m/2272719s5hj2ry3p1cjhc7k00000gn/T/202182-70669-1brei68.g3hxh/dd62e6fd.mp4'
[debug] &amp#27;[35m[AndroidDriver]&amp#27;[39m file '/var/folders/0m/2272719s5hj2ry3p1cjhc7k00000gn/T/202182-70669-1brei68.g3hxh/b4c53133.mp4'
[debug] &amp#27;[35m[AndroidDriver]&amp#27;[39m file '/var/folders/0m/2272719s5hj2ry3p1cjhc7k00000gn/T/202182-70669-1brei68.g3hxh/4ac3fb2e.mp4'
[debug] &amp#27;[35m[AndroidDriver]&amp#27;[39m file '/var/folders/0m/2272719s5hj2ry3p1cjhc7k00000gn/T/202182-70669-1brei68.g3hxh/0ac0e737.mp4'
[debug] &amp#27;[35m[AndroidDriver]&amp#27;[39m file '/var/folders/0m/2272719s5hj2ry3p1cjhc7k00000gn/T/202182-70669-1brei68.g3hxh/3b6b8883.mp4'
[debug] &amp#27;[35m[AndroidDriver]&amp#27;[39m file '/var/folders/0m/2272719s5hj2ry3p1cjhc7k00000gn/T/202182-70669-1brei68.g3hxh/5c7fb44a.mp4'
[debug] &amp#27;[35m[AndroidDriver]&amp#27;[39m file '/var/folders/0m/2272719s5hj2ry3p1cjhc7k00000gn/T/202182-70669-1brei68.g3hxh/b8313f33.mp4'
[debug] &amp#27;[35m[AndroidDriver]&amp#27;[39m file '/var/folders/0m/2272719s5hj2ry3p1cjhc7k00000gn/T/202182-70669-1brei68.g3hxh/3fc22c6c.mp4'
[debug] &amp#27;[35m[AndroidDriver]&amp#27;[39m file '/var/folders/0m/2272719s5hj2ry3p1cjhc7k00000gn/T/202182-70669-1brei68.g3hxh/d3d230c9.mp4'
[debug] &amp#27;[35m[AndroidDriver]&amp#27;[39m file '/var/folders/0m/2272719s5hj2ry3p1cjhc7k00000gn/T/202182-70669-1brei68.g3hxh/da4904ab.mp4'
[debug] &amp#27;[35m[AndroidDriver]&amp#27;[39m file '/var/folders/0m/2272719s5hj2ry3p1cjhc7k00000gn/T/202182-70669-1brei68.g3hxh/5c0881e3.mp4'
[debug] &amp#27;[35m[AndroidDriver]&amp#27;[39m file '/var/folders/0m/2272719s5hj2ry3p1cjhc7k00000gn/T/202182-70669-1brei68.g3hxh/0c721aad.mp4'
[debug] &amp#27;[35m[AndroidDriver]&amp#27;[39m file '/var/folders/0m/2272719s5hj2ry3p1cjhc7k00000gn/T/202182-70669-1brei68.g3hxh/46941aa0.mp4'
[debug] &amp#27;[35m[AndroidDriver]&amp#27;[39m file '/var/folders/0m/2272719s5hj2ry3p1cjhc7k00000gn/T/202182-70669-1brei68.g3hxh/c035a7da.mp4'
[debug] &amp#27;[35m[AndroidDriver]&amp#27;[39m file '/var/folders/0m/2272719s5hj2ry3p1cjhc7k00000gn/T/202182-70669-1brei68.g3hxh/59e53790.mp4'
[debug] &amp#27;[35m[AndroidDriver]&amp#27;[39m file '/var/folders/0m/2272719s5hj2ry3p1cjhc7k00000gn/T/202182-70669-1brei68.g3hxh/d47168ec.mp4'
[debug] &amp#27;[35m[AndroidDriver]&amp#27;[39m file '/var/folders/0m/2272719s5hj2ry3p1cjhc7k00000gn/T/202182-70669-1brei68.g3hxh/bf81a426.mp4'
[debug] &amp#27;[35m[AndroidDriver]&amp#27;[39m file '/var/folders/0m/2272719s5hj2ry3p1cjhc7k00000gn/T/202182-70669-1brei68.g3hxh/97bc2f05.mp4'
[debug] &amp#27;[35m[AndroidDriver]&amp#27;[39m file '/var/folders/0m/2272719s5hj2ry3p1cjhc7k00000gn/T/202182-70669-1brei68.g3hxh/520370d7.mp4'
[debug] &amp#27;[35m[AndroidDriver]&amp#27;[39m file '/var/folders/0m/2272719s5hj2ry3p1cjhc7k00000gn/T/202182-70669-1brei68.g3hxh/9a1c9660.mp4'
[debug] &amp#27;[35m[AndroidDriver]&amp#27;[39m file '/var/folders/0m/2272719s5hj2ry3p1cjhc7k00000gn/T/202182-70669-1brei68.g3hxh/0801416d.mp4'
[debug] &amp#27;[35m[AndroidDriver]&amp#27;[39m file '/var/folders/0m/2272719s5hj2ry3p1cjhc7k00000gn/T/202182-70669-1brei68.g3hxh/37a363a1.mp4'
[debug] &amp#27;[35m[AndroidDriver]&amp#27;[39m file '/var/folders/0m/2272719s5hj2ry3p1cjhc7k00000gn/T/202182-70669-1brei68.g3hxh/8be36b0e.mp4'
[debug] &amp#27;[35m[AndroidDriver]&amp#27;[39m file '/var/folders/0m/2272719s5hj2ry3p1cjhc7k00000gn/T/202182-70669-1brei68.g3hxh/e070eb42.mp4'
[debug] &amp#27;[35m[AndroidDriver]&amp#27;[39m file '/var/folders/0m/2272719s5hj2ry3p1cjhc7k00000gn/T/202182-70669-1brei68.g3hxh/37ab1cbe.mp4'
[debug] &amp#27;[35m[AndroidDriver]&amp#27;[39m file '/var/folders/0m/2272719s5hj2ry3p1cjhc7k00000gn/T/202182-70669-1brei68.g3hxh/3c162ddc.mp4'
[debug] &amp#27;[35m[AndroidDriver]&amp#27;[39m file '/var/folders/0m/2272719s5hj2ry3p1cjhc7k00000gn/T/202182-70669-1brei68.g3hxh/aa75feeb.mp4'
[debug] &amp#27;[35m[AndroidDriver]&amp#27;[39m file '/var/folders/0m/2272719s5hj2ry3p1cjhc7k00000gn/T/202182-70669-1brei68.g3hxh/c3ffe987.mp4'
[debug] &amp#27;[35m[AndroidDriver]&amp#27;[39m file '/var/folders/0m/2272719s5hj2ry3p1cjhc7k00000gn/T/202182-70669-1brei68.g3hxh/64bc7339.mp4'
[debug] &amp#27;[35m[AndroidDriver]&amp#27;[39m file '/var/folders/0m/2272719s5hj2ry3p1cjhc7k00000gn/T/202182-70669-1brei68.g3hxh/1261f053.mp4'
[debug] &amp#27;[35m[AndroidDriver]&amp#27;[39m file '/var/folders/0m/2272719s5hj2ry3p1cjhc7k00000gn/T/202182-70669-1brei68.g3hxh/c3a5259a.mp4'
[debug] &amp#27;[35m[AndroidDriver]&amp#27;[39m file '/var/folders/0m/2272719s5hj2ry3p1cjhc7k00000gn/T/202182-70669-1brei68.g3hxh/6f1d4d3e.mp4'
[debug] &amp#27;[35m[AndroidDriver]&amp#27;[39m file '/var/folders/0m/2272719s5hj2ry3p1cjhc7k00000gn/T/202182-70669-1brei68.g3hxh/27e5fa1f.mp4'
[debug] &amp#27;[35m[AndroidDriver]&amp#27;[39m file '/var/folders/0m/2272719s5hj2ry3p1cjhc7k00000gn/T/202182-70669-1brei68.g3hxh/028993b7.mp4'
[debug] &amp#27;[35m[AndroidDriver]&amp#27;[39m file '/var/folders/0m/2272719s5hj2ry3p1cjhc7k00000gn/T/202182-70669-1brei68.g3hxh/5a4879a9.mp4'
[debug] &amp#27;[35m[AndroidDriver]&amp#27;[39m file '/var/folders/0m/2272719s5hj2ry3p1cjhc7k00000gn/T/202182-70669-1brei68.g3hxh/89877c28.mp4'
[debug] &amp#27;[35m[AndroidDriver]&amp#27;[39m file '/var/folders/0m/2272719s5hj2ry3p1cjhc7k00000gn/T/202182-70669-1brei68.g3hxh/342b4aad.mp4'
[debug] &amp#27;[35m[AndroidDriver]&amp#27;[39m file '/var/folders/0m/2272719s5hj2ry3p1cjhc7k00000gn/T/202182-70669-1brei68.g3hxh/a2b72aa7.mp4'
[debug] &amp#27;[35m[AndroidDriver]&amp#27;[39m file '/var/folders/0m/2272719s5hj2ry3p1cjhc7k00000gn/T/202182-70669-1brei68.g3hxh/97ee59d9.mp4'
[debug] &amp#27;[35m[AndroidDriver]&amp#27;[39m file '/var/folders/0m/2272719s5hj2ry3p1cjhc7k00000gn/T/202182-70669-1brei68.g3hxh/37c1af9f.mp4'
[debug] &amp#27;[35m[AndroidDriver]&amp#27;[39m file '/var/folders/0m/2272719s5hj2ry3p1cjhc7k00000gn/T/202182-70669-1brei68.g3hxh/d5d74177.mp4'
[debug] &amp#27;[35m[AndroidDriver]&amp#27;[39m file '/var/folders/0m/2272719s5hj2ry3p1cjhc7k00000gn/T/202182-70669-1brei68.g3hxh/4bb91fe3.mp4'
[debug] &amp#27;[35m[AndroidDriver]&amp#27;[39m file '/var/folders/0m/2272719s5hj2ry3p1cjhc7k00000gn/T/202182-70669-1brei68.g3hxh/a2782f5a.mp4'
[debug] &amp#27;[35m[AndroidDriver]&amp#27;[39m file '/var/folders/0m/2272719s5hj2ry3p1cjhc7k00000gn/T/202182-70669-1brei68.g3hxh/54d37e8a.mp4'
[debug] &amp#27;[35m[AndroidDriver]&amp#27;[39m file '/var/folders/0m/2272719s5hj2ry3p1cjhc7k00000gn/T/202182-70669-1brei68.g3hxh/88481143.mp4'
[debug] &amp#27;[35m[AndroidDriver]&amp#27;[39m file '/var/folders/0m/2272719s5hj2ry3p1cjhc7k00000gn/T/202182-70669-1brei68.g3hxh/d78c1d6f.mp4'
[debug] &amp#27;[35m[AndroidDriver]&amp#27;[39m file '/var/folders/0m/2272719s5hj2ry3p1cjhc7k00000gn/T/202182-70669-1brei68.g3hxh/2c075daa.mp4'
[debug] &amp#27;[35m[AndroidDriver]&amp#27;[39m file '/var/folders/0m/2272719s5hj2ry3p1cjhc7k00000gn/T/202182-70669-1brei68.g3hxh/c066d680.mp4'
[debug] &amp#27;[35m[AndroidDriver]&amp#27;[39m file '/var/folders/0m/2272719s5hj2ry3p1cjhc7k00000gn/T/202182-70669-1brei68.g3hxh/0cfc4503.mp4'
[debug] &amp#27;[35m[AndroidDriver]&amp#27;[39m file '/var/folders/0m/2272719s5hj2ry3p1cjhc7k00000gn/T/202182-70669-1brei68.g3hxh/01753e37.mp4'
[debug] &amp#27;[35m[AndroidDriver]&amp#27;[39m file '/var/folders/0m/2272719s5hj2ry3p1cjhc7k00000gn/T/202182-70669-1brei68.g3hxh/a3a2cb36.mp4'
[debug] &amp#27;[35m[AndroidDriver]&amp#27;[39m file '/var/folders/0m/2272719s5hj2ry3p1cjhc7k00000gn/T/202182-70669-1brei68.g3hxh/82bc588e.mp4'
[debug] &amp#27;[35m[AndroidDriver]&amp#27;[39m file '/var/folders/0m/2272719s5hj2ry3p1cjhc7k00000gn/T/202182-70669-1brei68.g3hxh/a54c582a.mp4'
[debug] &amp#27;[35m[AndroidDriver]&amp#27;[39m file '/var/folders/0m/2272719s5hj2ry3p1cjhc7k00000gn/T/202182-70669-1brei68.g3hxh/5fff9c00.mp4'
[debug] &amp#27;[35m[AndroidDriver]&amp#27;[39m file '/var/folders/0m/2272719s5hj2ry3p1cjhc7k00000gn/T/202182-70669-1brei68.g3hxh/8c26253d.mp4'
[debug] &amp#27;[35m[AndroidDriver]&amp#27;[39m file '/var/folders/0m/2272719s5hj2ry3p1cjhc7k00000gn/T/202182-70669-1brei68.g3hxh/9fd70cb2.mp4'
[debug] &amp#27;[35m[AndroidDriver]&amp#27;[39m file '/var/folders/0m/2272719s5hj2ry3p1cjhc7k00000gn/T/202182-70669-1brei68.g3hxh/708090a3.mp4'
[debug] &amp#27;[35m[AndroidDriver]&amp#27;[39m file '/var/folders/0m/2272719s5hj2ry3p1cjhc7k00000gn/T/202182-70669-1brei68.g3hxh/1cd9c409.mp4'
[debug] &amp#27;[35m[AndroidDriver]&amp#27;[39m file '/var/folders/0m/2272719s5hj2ry3p1cjhc7k00000gn/T/202182-70669-1brei68.g3hxh/c9aaff86.mp4'
[debug] &amp#27;[35m[AndroidDriver]&amp#27;[39m file '/var/folders/0m/2272719s5hj2ry3p1cjhc7k00000gn/T/202182-70669-1brei68.g3hxh/df2b72e8.mp4'
[debug] &amp#27;[35m[AndroidDriver]&amp#27;[39m file '/var/folders/0m/2272719s5hj2ry3p1cjhc7k00000gn/T/202182-70669-1brei68.g3hxh/37656af6.mp4'
[debug] &amp#27;[35m[AndroidDriver]&amp#27;[39m file '/var/folders/0m/2272719s5hj2ry3p1cjhc7k00000gn/T/202182-70669-1brei68.g3hxh/c87a288f.mp4'
[debug] &amp#27;[35m[AndroidDriver]&amp#27;[39m file '/var/folders/0m/2272719s5hj2ry3p1cjhc7k00000gn/T/202182-70669-1brei68.g3hxh/630d1a2d.mp4'
[debug] &amp#27;[35m[AndroidDriver]&amp#27;[39m file '/var/folders/0m/2272719s5hj2ry3p1cjhc7k00000gn/T/202182-70669-1brei68.g3hxh/9d03c86b.mp4'
[debug] &amp#27;[35m[AndroidDriver]&amp#27;[39m file '/var/folders/0m/2272719s5hj2ry3p1cjhc7k00000gn/T/202182-70669-1brei68.g3hxh/37073481.mp4'
[debug] &amp#27;[35m[AndroidDriver]&amp#27;[39m file '/var/folders/0m/2272719s5hj2ry3p1cjhc7k00000gn/T/202182-70669-1brei68.g3hxh/5f5f9c1f.mp4'
[debug] &amp#27;[35m[AndroidDriver]&amp#27;[39m file '/var/folders/0m/2272719s5hj2ry3p1cjhc7k00000gn/T/202182-70669-1brei68.g3hxh/cecda3d7.mp4'
[debug] &amp#27;[35m[AndroidDriver]&amp#27;[39m file '/var/folders/0m/2272719s5hj2ry3p1cjhc7k00000gn/T/202182-70669-1brei68.g3hxh/7a30d507.mp4'
[debug] &amp#27;[35m[AndroidDriver]&amp#27;[39m file '/var/folders/0m/2272719s5hj2ry3p1cjhc7k00000gn/T/202182-70669-1brei68.g3hxh/14ecf175.mp4'
[debug] &amp#27;[35m[AndroidDriver]&amp#27;[39m file '/var/folders/0m/2272719s5hj2ry3p1cjhc7k00000gn/T/202182-70669-1brei68.g3hxh/2303a629.mp4'
[debug] &amp#27;[35m[AndroidDriver]&amp#27;[39m file '/var/folders/0m/2272719s5hj2ry3p1cjhc7k00000gn/T/202182-70669-1brei68.g3hxh/e59049cc.mp4'
[debug] &amp#27;[35m[AndroidDriver]&amp#27;[39m file '/var/folders/0m/2272719s5hj2ry3p1cjhc7k00000gn/T/202182-70669-1brei68.g3hxh/fc837620.mp4'
[debug] &amp#27;[35m[AndroidDriver]&amp#27;[39m file '/var/folders/0m/2272719s5hj2ry3p1cjhc7k00000gn/T/202182-70669-1brei68.g3hxh/91a82097.mp4'
[debug] &amp#27;[35m[AndroidDriver]&amp#27;[39m file '/var/folders/0m/2272719s5hj2ry3p1cjhc7k00000gn/T/202182-70669-1brei68.g3hxh/4620712f.mp4'
[debug] &amp#27;[35m[AndroidDriver]&amp#27;[39m file '/var/folders/0m/2272719s5hj2ry3p1cjhc7k00000gn/T/202182-70669-1brei68.g3hxh/9e2d33d3.mp4'
[debug] &amp#27;[35m[AndroidDriver]&amp#27;[39m file '/var/folders/0m/2272719s5hj2ry3p1cjhc7k00000gn/T/202182-70669-1brei68.g3hxh/02bd4081.mp4'
[debug] &amp#27;[35m[AndroidDriver]&amp#27;[39m file '/var/folders/0m/2272719s5hj2ry3p1cjhc7k00000gn/T/202182-70669-1brei68.g3hxh/9207d8b6.mp4'
[debug] &amp#27;[35m[AndroidDriver]&amp#27;[39m file '/var/folders/0m/2272719s5hj2ry3p1cjhc7k00000gn/T/202182-70669-1brei68.g3hxh/ce29e0e5.mp4'
[debug] &amp#27;[35m[AndroidDriver]&amp#27;[39m file '/var/folders/0m/2272719s5hj2ry3p1cjhc7k00000gn/T/202182-70669-1brei68.g3hxh/b48e18e2.mp4'
[debug] &amp#27;[35m[AndroidDriver]&amp#27;[39m file '/var/folders/0m/2272719s5hj2ry3p1cjhc7k00000gn/T/202182-70669-1brei68.g3hxh/decbda53.mp4'
[debug] &amp#27;[35m[AndroidDriver]&amp#27;[39m file '/var/folders/0m/2272719s5hj2ry3p1cjhc7k00000gn/T/202182-70669-1brei68.g3hxh/06479d03.mp4'
[debug] &amp#27;[35m[AndroidDriver]&amp#27;[39m file '/var/folders/0m/2272719s5hj2ry3p1cjhc7k00000gn/T/202182-70669-1brei68.g3hxh/25972b69.mp4'
[debug] &amp#27;[35m[AndroidDriver]&amp#27;[39m file '/var/folders/0m/2272719s5hj2ry3p1cjhc7k00000gn/T/202182-70669-1brei68.g3hxh/ea1bc365.mp4'
[debug] &amp#27;[35m[AndroidDriver]&amp#27;[39m file '/var/folders/0m/2272719s5hj2ry3p1cjhc7k00000gn/T/202182-70669-1brei68.g3hxh/61c6ac02.mp4'
[debug] &amp#27;[35m[AndroidDriver]&amp#27;[39m file '/var/folders/0m/2272719s5hj2ry3p1cjhc7k00000gn/T/202182-70669-1brei68.g3hxh/44d5e7b8.mp4'
[debug] &amp#27;[35m[AndroidDriver]&amp#27;[39m file '/var/folders/0m/2272719s5hj2ry3p1cjhc7k00000gn/T/202182-70669-1brei68.g3hxh/e93d47cf.mp4'
[debug] &amp#27;[35m[AndroidDriver]&amp#27;[39m file '/var/folders/0m/2272719s5hj2ry3p1cjhc7k00000gn/T/202182-70669-1brei68.g3hxh/a9b1a4af.mp4'
[debug] &amp#27;[35m[AndroidDriver]&amp#27;[39m file '/var/folders/0m/2272719s5hj2ry3p1cjhc7k00000gn/T/202182-70669-1brei68.g3hxh/73814797.mp4'
[debug] &amp#27;[35m[AndroidDriver]&amp#27;[39m file '/var/folders/0m/2272719s5hj2ry3p1cjhc7k00000gn/T/202182-70669-1brei68.g3hxh/ae2d04bb.mp4'
[debug] &amp#27;[35m[AndroidDriver]&amp#27;[39m file '/var/folders/0m/2272719s5hj2ry3p1cjhc7k00000gn/T/202182-70669-1brei68.g3hxh/a61aff3e.mp4'
[debug] &amp#27;[35m[AndroidDriver]&amp#27;[39m file '/var/folders/0m/2272719s5hj2ry3p1cjhc7k00000gn/T/202182-70669-1brei68.g3hxh/5a6a7ae0.mp4'
[debug] &amp#27;[35m[AndroidDriver]&amp#27;[39m file '/var/folders/0m/2272719s5hj2ry3p1cjhc7k00000gn/T/202182-70669-1brei68.g3hxh/da2e409f.mp4'
[debug] &amp#27;[35m[AndroidDriver]&amp#27;[39m file '/var/folders/0m/2272719s5hj2ry3p1cjhc7k00000gn/T/202182-70669-1brei68.g3hxh/1272b925.mp4'
[debug] &amp#27;[35m[AndroidDriver]&amp#27;[39m file '/var/folders/0m/2272719s5hj2ry3p1cjhc7k00000gn/T/202182-70669-1brei68.g3hxh/2a7b1cf6.mp4'
[debug] &amp#27;[35m[AndroidDriver]&amp#27;[39m file '/var/folders/0m/2272719s5hj2ry3p1cjhc7k00000gn/T/202182-70669-1brei68.g3hxh/bcba62a4.mp4'
[debug] &amp#27;[35m[AndroidDriver]&amp#27;[39m file '/var/folders/0m/2272719s5hj2ry3p1cjhc7k00000gn/T/202182-70669-1brei68.g3hxh/1d43c73e.mp4'
[debug] &amp#27;[35m[AndroidDriver]&amp#27;[39m file '/var/folders/0m/2272719s5hj2ry3p1cjhc7k00000gn/T/202182-70669-1brei68.g3hxh/4199912e.mp4'
[debug] &amp#27;[35m[AndroidDriver]&amp#27;[39m file '/var/folders/0m/2272719s5hj2ry3p1cjhc7k00000gn/T/202182-70669-1brei68.g3hxh/e2012481.mp4'
[debug] &amp#27;[35m[AndroidDriver]&amp#27;[39m file '/var/folders/0m/2272719s5hj2ry3p1cjhc7k00000gn/T/202182-70669-1brei68.g3hxh/86cd9c92.mp4'
[debug] &amp#27;[35m[AndroidDriver]&amp#27;[39m file '/var/folders/0m/2272719s5hj2ry3p1cjhc7k00000gn/T/202182-70669-1brei68.g3hxh/ccefdcae.mp4'
[debug] &amp#27;[35m[AndroidDriver]&amp#27;[39m file '/var/folders/0m/2272719s5hj2ry3p1cjhc7k00000gn/T/202182-70669-1brei68.g3hxh/3d0a59f0.mp4'
[debug] &amp#27;[35m[AndroidDriver]&amp#27;[39m file '/var/folders/0m/2272719s5hj2ry3p1cjhc7k00000gn/T/202182-70669-1brei68.g3hxh/a9dd94fe.mp4'
[debug] &amp#27;[35m[AndroidDriver]&amp#27;[39m file '/var/folders/0m/2272719s5hj2ry3p1cjhc7k00000gn/T/202182-70669-1brei68.g3hxh/3237419f.mp4'
[debug] &amp#27;[35m[AndroidDriver]&amp#27;[39m file '/var/folders/0m/2272719s5hj2ry3p1cjhc7k00000gn/T/202182-70669-1brei68.g3hxh/e51ca65b.mp4'
[debug] &amp#27;[35m[AndroidDriver]&amp#27;[39m file '/var/folders/0m/2272719s5hj2ry3p1cjhc7k00000gn/T/202182-70669-1brei68.g3hxh/37a1c11c.mp4'
[debug] &amp#27;[35m[AndroidDriver]&amp#27;[39m file '/var/folders/0m/2272719s5hj2ry3p1cjhc7k00000gn/T/202182-70669-1brei68.g3hxh/d10b2685.mp4'
[debug] &amp#27;[35m[AndroidDriver]&amp#27;[39m file '/var/folders/0m/2272719s5hj2ry3p1cjhc7k00000gn/T/202182-70669-1brei68.g3hxh/c4785a48.mp4'
[debug] &amp#27;[35m[AndroidDriver]&amp#27;[39m file '/var/folders/0m/2272719s5hj2ry3p1cjhc7k00000gn/T/202182-70669-1brei68.g3hxh/3f7833ee.mp4'
[debug] &amp#27;[35m[AndroidDriver]&amp#27;[39m file '/var/folders/0m/2272719s5hj2ry3p1cjhc7k00000gn/T/202182-70669-1brei68.g3hxh/39810398.mp4'
[debug] &amp#27;[35m[AndroidDriver]&amp#27;[39m file '/var/folders/0m/2272719s5hj2ry3p1cjhc7k00000gn/T/202182-70669-1brei68.g3hxh/9a15fc19.mp4'
[debug] &amp#27;[35m[AndroidDriver]&amp#27;[39m file '/var/folders/0m/2272719s5hj2ry3p1cjhc7k00000gn/T/202182-70669-1brei68.g3hxh/5fb610cd.mp4'
[debug] &amp#27;[35m[AndroidDriver]&amp#27;[39m file '/var/folders/0m/2272719s5hj2ry3p1cjhc7k00000gn/T/202182-70669-1brei68.g3hxh/563c805a.mp4'
[debug] &amp#27;[35m[AndroidDriver]&amp#27;[39m file '/var/folders/0m/2272719s5hj2ry3p1cjhc7k00000gn/T/202182-70669-1brei68.g3hxh/6b83731a.mp4'
[debug] &amp#27;[35m[AndroidDriver]&amp#27;[39m file '/var/folders/0m/2272719s5hj2ry3p1cjhc7k00000gn/T/202182-70669-1brei68.g3hxh/1dbff4aa.mp4'
[debug] &amp#27;[35m[AndroidDriver]&amp#27;[39m file '/var/folders/0m/2272719s5hj2ry3p1cjhc7k00000gn/T/202182-70669-1brei68.g3hxh/042efef3.mp4'
[debug] &amp#27;[35m[AndroidDriver]&amp#27;[39m file '/var/folders/0m/2272719s5hj2ry3p1cjhc7k00000gn/T/202182-70669-1brei68.g3hxh/4597aea5.mp4'
[debug] &amp#27;[35m[AndroidDriver]&amp#27;[39m file '/var/folders/0m/2272719s5hj2ry3p1cjhc7k00000gn/T/202182-70669-1brei68.g3hxh/b985ac28.mp4'
[debug] &amp#27;[35m[AndroidDriver]&amp#27;[39m file '/var/folders/0m/2272719s5hj2ry3p1cjhc7k00000gn/T/202182-70669-1brei68.g3hxh/84fb0e71.mp4'
[debug] &amp#27;[35m[AndroidDriver]&amp#27;[39m file '/var/folders/0m/2272719s5hj2ry3p1cjhc7k00000gn/T/202182-70669-1brei68.g3hxh/c8026783.mp4'
[debug] &amp#27;[35m[AndroidDriver]&amp#27;[39m file '/var/folders/0m/2272719s5hj2ry3p1cjhc7k00000gn/T/202182-70669-1brei68.g3hxh/449d8d87.mp4'
[debug] &amp#27;[35m[AndroidDriver]&amp#27;[39m file '/var/folders/0m/2272719s5hj2ry3p1cjhc7k00000gn/T/202182-70669-1brei68.g3hxh/d7d21c2b.mp4'
[debug] &amp#27;[35m[AndroidDriver]&amp#27;[39m file '/var/folders/0m/2272719s5hj2ry3p1cjhc7k00000gn/T/202182-70669-1brei68.g3hxh/124ab760.mp4'
[debug] &amp#27;[35m[AndroidDriver]&amp#27;[39m file '/var/folders/0m/2272719s5hj2ry3p1cjhc7k00000gn/T/202182-70669-1brei68.g3hxh/61f228a3.mp4'
[debug] &amp#27;[35m[AndroidDriver]&amp#27;[39m file '/var/folders/0m/2272719s5hj2ry3p1cjhc7k00000gn/T/202182-70669-1brei68.g3hxh/48e9899e.mp4'
[debug] &amp#27;[35m[AndroidDriver]&amp#27;[39m file '/var/folders/0m/2272719s5hj2ry3p1cjhc7k00000gn/T/202182-70669-1brei68.g3hxh/52d7d261.mp4'
[debug] &amp#27;[35m[AndroidDriver]&amp#27;[39m file '/var/folders/0m/2272719s5hj2ry3p1cjhc7k00000gn/T/202182-70669-1brei68.g3hxh/249c0d98.mp4'
[debug] &amp#27;[35m[AndroidDriver]&amp#27;[39m file '/var/folders/0m/2272719s5hj2ry3p1cjhc7k00000gn/T/202182-70669-1brei68.g3hxh/67b2d610.mp4'
[debug] &amp#27;[35m[AndroidDriver]&amp#27;[39m file '/var/folders/0m/2272719s5hj2ry3p1cjhc7k00000gn/T/202182-70669-1brei68.g3hxh/5813573f.mp4'
[debug] &amp#27;[35m[AndroidDriver]&amp#27;[39m file '/var/folders/0m/2272719s5hj2ry3p1cjhc7k00000gn/T/202182-70669-1brei68.g3hxh/b7912e59.mp4'
[debug] &amp#27;[35m[AndroidDriver]&amp#27;[39m file '/var/folders/0m/2272719s5hj2ry3p1cjhc7k00000gn/T/202182-70669-1brei68.g3hxh/b00a9634.mp4'
[debug] &amp#27;[35m[AndroidDriver]&amp#27;[39m file '/var/folders/0m/2272719s5hj2ry3p1cjhc7k00000gn/T/202182-70669-1brei68.g3hxh/e033ae49.mp4'
[debug] &amp#27;[35m[AndroidDriver]&amp#27;[39m file '/var/folders/0m/2272719s5hj2ry3p1cjhc7k00000gn/T/202182-70669-1brei68.g3hxh/4e25c482.mp4'
[debug] &amp#27;[35m[AndroidDriver]&amp#27;[39m file '/var/folders/0m/2272719s5hj2ry3p1cjhc7k00000gn/T/202182-70669-1brei68.g3hxh/288f2e51.mp4'
[debug] &amp#27;[35m[AndroidDriver]&amp#27;[39m file '/var/folders/0m/2272719s5hj2ry3p1cjhc7k00000gn/T/202182-70669-1brei68.g3hxh/8c48889b.mp4'
[debug] &amp#27;[35m[AndroidDriver]&amp#27;[39m file '/var/folders/0m/2272719s5hj2ry3p1cjhc7k00000gn/T/202182-70669-1brei68.g3hxh/045dd0a8.mp4'
[debug] &amp#27;[35m[AndroidDriver]&amp#27;[39m file '/var/folders/0m/2272719s5hj2ry3p1cjhc7k00000gn/T/202182-70669-1brei68.g3hxh/458773df.mp4'
[debug] &amp#27;[35m[AndroidDriver]&amp#27;[39m file '/var/folders/0m/2272719s5hj2ry3p1cjhc7k00000gn/T/202182-70669-1brei68.g3hxh/02531fea.mp4'
[debug] &amp#27;[35m[AndroidDriver]&amp#27;[39m file '/var/folders/0m/2272719s5hj2ry3p1cjhc7k00000gn/T/202182-70669-1brei68.g3hxh/312d048a.mp4'
[debug] &amp#27;[35m[AndroidDriver]&amp#27;[39m file '/var/folders/0m/2272719s5hj2ry3p1cjhc7k00000gn/T/202182-70669-1brei68.g3hxh/5a325b7d.mp4'
[debug] &amp#27;[35m[AndroidDriver]&amp#27;[39m file '/var/folders/0m/2272719s5hj2ry3p1cjhc7k00000gn/T/202182-70669-1brei68.g3hxh/69717ae9.mp4'
[debug] &amp#27;[35m[AndroidDriver]&amp#27;[39m file '/var/folders/0m/2272719s5hj2ry3p1cjhc7k00000gn/T/202182-70669-1brei68.g3hxh/ed7515dc.mp4'
[debug] &amp#27;[35m[AndroidDriver]&amp#27;[39m file '/var/folders/0m/2272719s5hj2ry3p1cjhc7k00000gn/T/202182-70669-1brei68.g3hxh/405b733f.mp4'
[debug] &amp#27;[35m[AndroidDriver]&amp#27;[39m file '/var/folders/0m/2272719s5hj2ry3p1cjhc7k00000gn/T/202182-70669-1brei68.g3hxh/806d92a5.mp4'
[debug] &amp#27;[35m[AndroidDriver]&amp#27;[39m file '/var/folders/0m/2272719s5hj2ry3p1cjhc7k00000gn/T/202182-70669-1brei68.g3hxh/45db6a69.mp4'
[debug] &amp#27;[35m[AndroidDriver]&amp#27;[39m file '/var/folders/0m/2272719s5hj2ry3p1cjhc7k00000gn/T/202182-70669-1brei68.g3hxh/1607a018.mp4'
[debug] &amp#27;[35m[AndroidDriver]&amp#27;[39m file '/var/folders/0m/2272719s5hj2ry3p1cjhc7k00000gn/T/202182-70669-1brei68.g3hxh/4e954104.mp4'
[debug] &amp#27;[35m[AndroidDriver]&amp#27;[39m file '/var/folders/0m/2272719s5hj2ry3p1cjhc7k00000gn/T/202182-70669-1brei68.g3hxh/1444272b.mp4'
[debug] &amp#27;[35m[AndroidDriver]&amp#27;[39m file '/var/folders/0m/2272719s5hj2ry3p1cjhc7k00000gn/T/202182-70669-1brei68.g3hxh/516b3691.mp4'
[debug] &amp#27;[35m[AndroidDriver]&amp#27;[39m file '/var/folders/0m/2272719s5hj2ry3p1cjhc7k00000gn/T/202182-70669-1brei68.g3hxh/5b000132.mp4'
[debug] &amp#27;[35m[AndroidDriver]&amp#27;[39m file '/var/folders/0m/2272719s5hj2ry3p1cjhc7k00000gn/T/202182-70669-1brei68.g3hxh/48703313.mp4'
[debug] &amp#27;[35m[AndroidDriver]&amp#27;[39m file '/var/folders/0m/2272719s5hj2ry3p1cjhc7k00000gn/T/202182-70669-1brei68.g3hxh/be355f23.mp4'
[debug] &amp#27;[35m[AndroidDriver]&amp#27;[39m file '/var/folders/0m/2272719s5hj2ry3p1cjhc7k00000gn/T/202182-70669-1brei68.g3hxh/92013ad3.mp4'
[debug] &amp#27;[35m[AndroidDriver]&amp#27;[39m file '/var/folders/0m/2272719s5hj2ry3p1cjhc7k00000gn/T/202182-70669-1brei68.g3hxh/06e6f2be.mp4'
[debug] &amp#27;[35m[AndroidDriver]&amp#27;[39m file '/var/folders/0m/2272719s5hj2ry3p1cjhc7k00000gn/T/202182-70669-1brei68.g3hxh/818f81df.mp4'
[debug] &amp#27;[35m[AndroidDriver]&amp#27;[39m file '/var/folders/0m/2272719s5hj2ry3p1cjhc7k00000gn/T/202182-70669-1brei68.g3hxh/0ecfbcdf.mp4'
[debug] &amp#27;[35m[AndroidDriver]&amp#27;[39m file '/var/folders/0m/2272719s5hj2ry3p1cjhc7k00000gn/T/202182-70669-1brei68.g3hxh/43c414e0.mp4'
[debug] &amp#27;[35m[AndroidDriver]&amp#27;[39m file '/var/folders/0m/2272719s5hj2ry3p1cjhc7k00000gn/T/202182-70669-1brei68.g3hxh/48790682.mp4'
[debug] &amp#27;[35m[AndroidDriver]&amp#27;[39m file '/var/folders/0m/2272719s5hj2ry3p1cjhc7k00000gn/T/202182-70669-1brei68.g3hxh/6227ef77.mp4'
[debug] &amp#27;[35m[AndroidDriver]&amp#27;[39m file '/var/folders/0m/2272719s5hj2ry3p1cjhc7k00000gn/T/202182-70669-1brei68.g3hxh/00aa8dd4.mp4'
[debug] &amp#27;[35m[AndroidDriver]&amp#27;[39m file '/var/folders/0m/2272719s5hj2ry3p1cjhc7k00000gn/T/202182-70669-1brei68.g3hxh/5276fa34.mp4'
[debug] &amp#27;[35m[AndroidDriver]&amp#27;[39m file '/var/folders/0m/2272719s5hj2ry3p1cjhc7k00000gn/T/202182-70669-1brei68.g3hxh/94b6239b.mp4'
[debug] &amp#27;[35m[AndroidDriver]&amp#27;[39m file '/var/folders/0m/2272719s5hj2ry3p1cjhc7k00000gn/T/202182-70669-1brei68.g3hxh/1f88b0dc.mp4'
[debug] &amp#27;[35m[AndroidDriver]&amp#27;[39m file '/var/folders/0m/2272719s5hj2ry3p1cjhc7k00000gn/T/202182-70669-1brei68.g3hxh/311cbd0a.mp4'
[debug] &amp#27;[35m[AndroidDriver]&amp#27;[39m file '/var/folders/0m/2272719s5hj2ry3p1cjhc7k00000gn/T/202182-70669-1brei68.g3hxh/dcdaaf29.mp4'
[debug] &amp#27;[35m[AndroidDriver]&amp#27;[39m file '/var/folders/0m/2272719s5hj2ry3p1cjhc7k00000gn/T/202182-70669-1brei68.g3hxh/bb6a37f8.mp4'
[debug] &amp#27;[35m[AndroidDriver]&amp#27;[39m file '/var/folders/0m/2272719s5hj2ry3p1cjhc7k00000gn/T/202182-70669-1brei68.g3hxh/9c6e2b15.mp4'
&amp#27;[35m[AndroidDriver]&amp#27;[39m Initiating screen records merging using the command 'ffmpeg -safe 0 -f concat -i /var/folders/0m/2272719s5hj2ry3p1cjhc7k00000gn/T/202182-70669-1brei68.g3hxh/config.txt -c copy /var/folders/0m/2272719s5hj2ry3p1cjhc7k00000gn/T/202182-70669-1brei68.g3hxh/merge_1630574373840.mp4'
&amp#27;[35m[AndroidDriver]&amp#27;[39m Cannot merge the recorded files. The most recent screen recording is going to be returned as the result. Original error: Command 'ffmpeg -safe 0 -f concat -i /var/folders/0m/2272719s5hj2ry3p1cjhc7k00000gn/T/202182-70669-1brei68.g3hxh/config.txt -c copy /var/folders/0m/2272719s5hj2ry3p1cjhc7k00000gn/T/202182-70669-1brei68.g3hxh/merge_1630574373840.mp4' exited with code 1
[debug] &amp#27;[35m[AndroidDriver]&amp#27;[39m The size of the resulting screen recording is 0 B
[debug] &amp#27;[35m[W3C (17876c65)]&amp#27;[39m Responding to client with driver.stopRecordingScreen() result: ""
&amp#27;[35m[HTTP]&amp#27;[39m &amp#27;[37m<-- POST /wd/hub/session/17876c65-bd2d-4377-b322-9c9653165383/appium/stop_recording_screen &amp#27;[39m&amp#27;[32m200&amp#27;[39m &amp#27;[90m6586 ms - 12&amp#27;[39m
&amp#27;[35m[HTTP]&amp#27;[39m &amp#27;[90m&amp#27;[39m
[INFO ] 2021-09-02 12:19:34.000 com.qa.utils.VideoManager:35 - video path: Android_Pixel4A/Videos/Login with invalid password.mp4
]]></system-out>
  </testcase>
  <testcase name="scenario" classname="com.qa.runners.Pixel4ATestNGRunner" time="6.227"/>
</testsuite>